<?xml version="1.0" encoding="UTF-8"?>
<coverage generated="1553063532276" clover="3.2.0">
  <project timestamp="1553063532276" name="All files">
    <metrics statements="508" coveredstatements="126" conditionals="378" coveredconditionals="177" methods="196" coveredmethods="4" elements="1082" coveredelements="307" complexity="0" loc="508" ncloc="508" packages="23" files="23" classes="23">
      <package name="src">
        <metrics statements="14" coveredstatements="0" conditionals="4" coveredconditionals="0" methods="1" coveredmethods="0"/>
        <file name="index.js" path="/Users/nico/bootcamp/collab/skylab-bootcamp-201901/staff/nicolas-martin/startlab/startlab-app/src/index.js">
          <metrics statements="14" coveredstatements="0" conditionals="4" coveredconditionals="0" methods="1" coveredmethods="0"/>
          <line num="1" count="0" type="stmt"/>
          <line num="2" count="0" type="stmt"/>
          <line num="3" count="0" type="stmt"/>
          <line num="5" count="0" type="stmt"/>
          <line num="6" count="0" type="stmt"/>
          <line num="8" count="0" type="stmt"/>
          <line num="10" count="0" type="stmt"/>
          <line num="11" count="0" type="cond" truecount="0" falsecount="4"/>
          <line num="13" count="0" type="stmt"/>
          <line num="17" count="0" type="stmt"/>
          <line num="21" count="0" type="stmt"/>
          <line num="27" count="0" type="stmt"/>
          <line num="31" count="0" type="stmt"/>
          <line num="36" count="0" type="stmt"/>
        </file>
      </package>
      <package name="src.components.ActiveExercise">
        <metrics statements="4" coveredstatements="0" conditionals="4" coveredconditionals="0" methods="2" coveredmethods="0"/>
        <file name="index.jsx" path="/Users/nico/bootcamp/collab/skylab-bootcamp-201901/staff/nicolas-martin/startlab/startlab-app/src/components/ActiveExercise/index.jsx">
          <metrics statements="4" coveredstatements="0" conditionals="4" coveredconditionals="0" methods="2" coveredmethods="0"/>
          <line num="1" count="0" type="stmt"/>
          <line num="2" count="0" type="cond" truecount="0" falsecount="4"/>
          <line num="5" count="0" type="stmt"/>
          <line num="12" count="0" type="stmt"/>
        </file>
      </package>
      <package name="src.components.AnswerForm">
        <metrics statements="9" coveredstatements="0" conditionals="4" coveredconditionals="0" methods="4" coveredmethods="0"/>
        <file name="index.jsx" path="/Users/nico/bootcamp/collab/skylab-bootcamp-201901/staff/nicolas-martin/startlab/startlab-app/src/components/AnswerForm/index.jsx">
          <metrics statements="9" coveredstatements="0" conditionals="4" coveredconditionals="0" methods="4" coveredmethods="0"/>
          <line num="1" count="0" type="stmt"/>
          <line num="3" count="0" type="stmt"/>
          <line num="4" count="0" type="stmt"/>
          <line num="5" count="0" type="stmt"/>
          <line num="6" count="0" type="cond" truecount="0" falsecount="4"/>
          <line num="9" count="0" type="stmt"/>
          <line num="14" count="0" type="stmt"/>
          <line num="15" count="0" type="stmt"/>
          <line num="29" count="0" type="stmt"/>
        </file>
      </package>
      <package name="src.components.App">
        <metrics statements="55" coveredstatements="0" conditionals="22" coveredconditionals="0" methods="29" coveredmethods="0"/>
        <file name="index.jsx" path="/Users/nico/bootcamp/collab/skylab-bootcamp-201901/staff/nicolas-martin/startlab/startlab-app/src/components/App/index.jsx">
          <metrics statements="55" coveredstatements="0" conditionals="22" coveredconditionals="0" methods="29" coveredmethods="0"/>
          <line num="1" count="0" type="stmt"/>
          <line num="8" count="0" type="stmt"/>
          <line num="9" count="0" type="stmt"/>
          <line num="10" count="0" type="stmt"/>
          <line num="11" count="0" type="stmt"/>
          <line num="12" count="0" type="stmt"/>
          <line num="13" count="0" type="stmt"/>
          <line num="14" count="0" type="stmt"/>
          <line num="15" count="0" type="stmt"/>
          <line num="16" count="0" type="stmt"/>
          <line num="18" count="0" type="stmt"/>
          <line num="19" count="0" type="cond" truecount="0" falsecount="4"/>
          <line num="21" count="0" type="stmt"/>
          <line num="28" count="0" type="stmt"/>
          <line num="29" count="0" type="stmt"/>
          <line num="31" count="0" type="stmt"/>
          <line num="32" count="0" type="stmt"/>
          <line num="34" count="0" type="stmt"/>
          <line num="35" count="0" type="stmt"/>
          <line num="36" count="0" type="stmt"/>
          <line num="41" count="0" type="stmt"/>
          <line num="42" count="0" type="stmt"/>
          <line num="44" count="0" type="stmt"/>
          <line num="45" count="0" type="stmt"/>
          <line num="47" count="0" type="stmt"/>
          <line num="48" count="0" type="stmt"/>
          <line num="49" count="0" type="stmt"/>
          <line num="53" count="0" type="stmt"/>
          <line num="63" count="0" type="stmt"/>
          <line num="64" count="0" type="stmt"/>
          <line num="65" count="0" type="stmt"/>
          <line num="66" count="0" type="stmt"/>
          <line num="69" count="0" type="stmt"/>
          <line num="70" count="0" type="stmt"/>
          <line num="72" count="0" type="stmt"/>
          <line num="75" count="0" type="stmt"/>
          <line num="76" count="0" type="stmt"/>
          <line num="80" count="0" type="stmt"/>
          <line num="81" count="0" type="stmt"/>
          <line num="84" count="0" type="stmt"/>
          <line num="86" count="0" type="stmt"/>
          <line num="88" count="0" type="stmt"/>
          <line num="90" count="0" type="stmt"/>
          <line num="104" count="0" type="stmt"/>
          <line num="106" count="0" type="stmt"/>
          <line num="110" count="0" type="cond" truecount="0" falsecount="2"/>
          <line num="113" count="0" type="cond" truecount="0" falsecount="2"/>
          <line num="114" count="0" type="cond" truecount="0" falsecount="2"/>
          <line num="116" count="0" type="cond" truecount="0" falsecount="2"/>
          <line num="117" count="0" type="cond" truecount="0" falsecount="2"/>
          <line num="118" count="0" type="cond" truecount="0" falsecount="2"/>
          <line num="120" count="0" type="cond" truecount="0" falsecount="2"/>
          <line num="121" count="0" type="cond" truecount="0" falsecount="2"/>
          <line num="122" count="0" type="cond" truecount="0" falsecount="2"/>
          <line num="128" count="0" type="stmt"/>
        </file>
      </package>
      <package name="src.components.ExerciseForm">
        <metrics statements="36" coveredstatements="0" conditionals="8" coveredconditionals="0" methods="20" coveredmethods="0"/>
        <file name="index.jsx" path="/Users/nico/bootcamp/collab/skylab-bootcamp-201901/staff/nicolas-martin/startlab/startlab-app/src/components/ExerciseForm/index.jsx">
          <metrics statements="36" coveredstatements="0" conditionals="8" coveredconditionals="0" methods="20" coveredmethods="0"/>
          <line num="1" count="0" type="stmt"/>
          <line num="4" count="0" type="stmt"/>
          <line num="6" count="0" type="stmt"/>
          <line num="7" count="0" type="stmt"/>
          <line num="8" count="0" type="stmt"/>
          <line num="9" count="0" type="cond" truecount="0" falsecount="4"/>
          <line num="13" count="0" type="stmt"/>
          <line num="51" count="0" type="stmt"/>
          <line num="60" count="0" type="stmt"/>
          <line num="62" count="0" type="stmt"/>
          <line num="64" count="0" type="stmt"/>
          <line num="66" count="0" type="stmt"/>
          <line num="69" count="0" type="stmt"/>
          <line num="70" count="0" type="cond" truecount="0" falsecount="2"/>
          <line num="71" count="0" type="stmt"/>
          <line num="72" count="0" type="stmt"/>
          <line num="76" count="0" type="stmt"/>
          <line num="77" count="0" type="stmt"/>
          <line num="78" count="0" type="stmt"/>
          <line num="79" count="0" type="stmt"/>
          <line num="80" count="0" type="stmt"/>
          <line num="81" count="0" type="stmt"/>
          <line num="82" count="0" type="stmt"/>
          <line num="87" count="0" type="stmt"/>
          <line num="88" count="0" type="stmt"/>
          <line num="89" count="0" type="stmt"/>
          <line num="91" count="0" type="stmt"/>
          <line num="93" count="0" type="stmt"/>
          <line num="94" count="0" type="stmt"/>
          <line num="95" count="0" type="stmt"/>
          <line num="97" count="0" type="cond" truecount="0" falsecount="2"/>
          <line num="118" count="0" type="stmt"/>
          <line num="120" count="0" type="stmt"/>
          <line num="157" count="0" type="stmt"/>
          <line num="158" count="0" type="stmt"/>
          <line num="202" count="0" type="stmt"/>
        </file>
      </package>
      <package name="src.components.ExerciseItem">
        <metrics statements="6" coveredstatements="0" conditionals="4" coveredconditionals="0" methods="4" coveredmethods="0"/>
        <file name="index.jsx" path="/Users/nico/bootcamp/collab/skylab-bootcamp-201901/staff/nicolas-martin/startlab/startlab-app/src/components/ExerciseItem/index.jsx">
          <metrics statements="6" coveredstatements="0" conditionals="4" coveredconditionals="0" methods="4" coveredmethods="0"/>
          <line num="1" count="0" type="cond" truecount="0" falsecount="4"/>
          <line num="2" count="0" type="stmt"/>
          <line num="5" count="0" type="stmt"/>
          <line num="15" count="0" type="stmt"/>
          <line num="26" count="0" type="stmt"/>
          <line num="35" count="0" type="stmt"/>
        </file>
      </package>
      <package name="src.components.ExerciseList">
        <metrics statements="17" coveredstatements="0" conditionals="4" coveredconditionals="0" methods="13" coveredmethods="0"/>
        <file name="index.jsx" path="/Users/nico/bootcamp/collab/skylab-bootcamp-201901/staff/nicolas-martin/startlab/startlab-app/src/components/ExerciseList/index.jsx">
          <metrics statements="17" coveredstatements="0" conditionals="4" coveredconditionals="0" methods="13" coveredmethods="0"/>
          <line num="1" count="0" type="stmt"/>
          <line num="2" count="0" type="stmt"/>
          <line num="4" count="0" type="stmt"/>
          <line num="5" count="0" type="cond" truecount="0" falsecount="4"/>
          <line num="7" count="0" type="stmt"/>
          <line num="18" count="0" type="stmt"/>
          <line num="28" count="0" type="stmt"/>
          <line num="30" count="0" type="stmt"/>
          <line num="32" count="0" type="stmt"/>
          <line num="33" count="0" type="stmt"/>
          <line num="35" count="0" type="stmt"/>
          <line num="37" count="0" type="stmt"/>
          <line num="38" count="0" type="stmt"/>
          <line num="41" count="0" type="stmt"/>
          <line num="42" count="0" type="stmt"/>
          <line num="50" count="0" type="stmt"/>
          <line num="54" count="0" type="stmt"/>
        </file>
      </package>
      <package name="src.components.Feedback">
        <metrics statements="3" coveredstatements="0" conditionals="4" coveredconditionals="0" methods="2" coveredmethods="0"/>
        <file name="index.jsx" path="/Users/nico/bootcamp/collab/skylab-bootcamp-201901/staff/nicolas-martin/startlab/startlab-app/src/components/Feedback/index.jsx">
          <metrics statements="3" coveredstatements="0" conditionals="4" coveredconditionals="0" methods="2" coveredmethods="0"/>
          <line num="1" count="0" type="cond" truecount="0" falsecount="4"/>
          <line num="4" count="0" type="stmt"/>
          <line num="5" count="0" type="stmt"/>
        </file>
      </package>
      <package name="src.components.FinalMessage">
        <metrics statements="4" coveredstatements="0" conditionals="4" coveredconditionals="0" methods="2" coveredmethods="0"/>
        <file name="index.jsx" path="/Users/nico/bootcamp/collab/skylab-bootcamp-201901/staff/nicolas-martin/startlab/startlab-app/src/components/FinalMessage/index.jsx">
          <metrics statements="4" coveredstatements="0" conditionals="4" coveredconditionals="0" methods="2" coveredmethods="0"/>
          <line num="1" count="0" type="stmt"/>
          <line num="2" count="0" type="cond" truecount="0" falsecount="4"/>
          <line num="5" count="0" type="stmt"/>
          <line num="18" count="0" type="stmt"/>
        </file>
      </package>
      <package name="src.components.Header">
        <metrics statements="6" coveredstatements="0" conditionals="17" coveredconditionals="0" methods="2" coveredmethods="0"/>
        <file name="index.jsx" path="/Users/nico/bootcamp/collab/skylab-bootcamp-201901/staff/nicolas-martin/startlab/startlab-app/src/components/Header/index.jsx">
          <metrics statements="6" coveredstatements="0" conditionals="17" coveredconditionals="0" methods="2" coveredmethods="0"/>
          <line num="1" count="0" type="stmt"/>
          <line num="2" count="0" type="stmt"/>
          <line num="3" count="0" type="cond" truecount="0" falsecount="4"/>
          <line num="5" count="0" type="stmt"/>
          <line num="7" count="0" type="stmt"/>
          <line num="30" count="0" type="stmt"/>
        </file>
      </package>
      <package name="src.components.Home">
        <metrics statements="4" coveredstatements="0" conditionals="4" coveredconditionals="0" methods="2" coveredmethods="0"/>
        <file name="index.jsx" path="/Users/nico/bootcamp/collab/skylab-bootcamp-201901/staff/nicolas-martin/startlab/startlab-app/src/components/Home/index.jsx">
          <metrics statements="4" coveredstatements="0" conditionals="4" coveredconditionals="0" methods="2" coveredmethods="0"/>
          <line num="1" count="0" type="cond" truecount="0" falsecount="4"/>
          <line num="6" count="0" type="stmt"/>
          <line num="8" count="0" type="stmt"/>
          <line num="20" count="0" type="stmt"/>
        </file>
      </package>
      <package name="src.components.InvitationForm">
        <metrics statements="28" coveredstatements="0" conditionals="8" coveredconditionals="0" methods="15" coveredmethods="0"/>
        <file name="index.jsx" path="/Users/nico/bootcamp/collab/skylab-bootcamp-201901/staff/nicolas-martin/startlab/startlab-app/src/components/InvitationForm/index.jsx">
          <metrics statements="28" coveredstatements="0" conditionals="8" coveredconditionals="0" methods="15" coveredmethods="0"/>
          <line num="1" count="0" type="stmt"/>
          <line num="2" count="0" type="stmt"/>
          <line num="4" count="0" type="cond" truecount="0" falsecount="4"/>
          <line num="6" count="0" type="stmt"/>
          <line num="23" count="0" type="stmt"/>
          <line num="32" count="0" type="stmt"/>
          <line num="35" count="0" type="stmt"/>
          <line num="36" count="0" type="cond" truecount="0" falsecount="2"/>
          <line num="37" count="0" type="stmt"/>
          <line num="38" count="0" type="stmt"/>
          <line num="43" count="0" type="stmt"/>
          <line num="44" count="0" type="stmt"/>
          <line num="45" count="0" type="stmt"/>
          <line num="46" count="0" type="stmt"/>
          <line num="47" count="0" type="stmt"/>
          <line num="48" count="0" type="stmt"/>
          <line num="49" count="0" type="stmt"/>
          <line num="54" count="0" type="stmt"/>
          <line num="55" count="0" type="stmt"/>
          <line num="56" count="0" type="stmt"/>
          <line num="58" count="0" type="stmt"/>
          <line num="60" count="0" type="stmt"/>
          <line num="61" count="0" type="stmt"/>
          <line num="62" count="0" type="stmt"/>
          <line num="64" count="0" type="cond" truecount="0" falsecount="2"/>
          <line num="67" count="0" type="stmt"/>
          <line num="69" count="0" type="stmt"/>
          <line num="84" count="0" type="stmt"/>
        </file>
      </package>
      <package name="src.components.InvitationItem">
        <metrics statements="5" coveredstatements="0" conditionals="4" coveredconditionals="0" methods="4" coveredmethods="0"/>
        <file name="index.jsx" path="/Users/nico/bootcamp/collab/skylab-bootcamp-201901/staff/nicolas-martin/startlab/startlab-app/src/components/InvitationItem/index.jsx">
          <metrics statements="5" coveredstatements="0" conditionals="4" coveredconditionals="0" methods="4" coveredmethods="0"/>
          <line num="1" count="0" type="cond" truecount="0" falsecount="4"/>
          <line num="4" count="0" type="stmt"/>
          <line num="12" count="0" type="stmt"/>
          <line num="17" count="0" type="stmt"/>
          <line num="26" count="0" type="stmt"/>
        </file>
      </package>
      <package name="src.components.InvitationList">
        <metrics statements="21" coveredstatements="0" conditionals="4" coveredconditionals="0" methods="17" coveredmethods="0"/>
        <file name="index.jsx" path="/Users/nico/bootcamp/collab/skylab-bootcamp-201901/staff/nicolas-martin/startlab/startlab-app/src/components/InvitationList/index.jsx">
          <metrics statements="21" coveredstatements="0" conditionals="4" coveredconditionals="0" methods="17" coveredmethods="0"/>
          <line num="1" count="0" type="stmt"/>
          <line num="2" count="0" type="stmt"/>
          <line num="4" count="0" type="stmt"/>
          <line num="5" count="0" type="cond" truecount="0" falsecount="4"/>
          <line num="7" count="0" type="stmt"/>
          <line num="18" count="0" type="stmt"/>
          <line num="28" count="0" type="stmt"/>
          <line num="30" count="0" type="stmt"/>
          <line num="32" count="0" type="stmt"/>
          <line num="33" count="0" type="stmt"/>
          <line num="35" count="0" type="stmt"/>
          <line num="37" count="0" type="stmt"/>
          <line num="42" count="0" type="stmt"/>
          <line num="44" count="0" type="stmt"/>
          <line num="46" count="0" type="stmt"/>
          <line num="48" count="0" type="stmt"/>
          <line num="50" count="0" type="stmt"/>
          <line num="53" count="0" type="stmt"/>
          <line num="55" count="0" type="stmt"/>
          <line num="64" count="0" type="stmt"/>
          <line num="75" count="0" type="stmt"/>
        </file>
      </package>
      <package name="src.components.Login">
        <metrics statements="10" coveredstatements="0" conditionals="4" coveredconditionals="0" methods="6" coveredmethods="0"/>
        <file name="index.jsx" path="/Users/nico/bootcamp/collab/skylab-bootcamp-201901/staff/nicolas-martin/startlab/startlab-app/src/components/Login/index.jsx">
          <metrics statements="10" coveredstatements="0" conditionals="4" coveredconditionals="0" methods="6" coveredmethods="0"/>
          <line num="1" count="0" type="cond" truecount="0" falsecount="4"/>
          <line num="3" count="0" type="stmt"/>
          <line num="6" count="0" type="stmt"/>
          <line num="7" count="0" type="stmt"/>
          <line num="10" count="0" type="stmt"/>
          <line num="12" count="0" type="stmt"/>
          <line num="14" count="0" type="stmt"/>
          <line num="18" count="0" type="stmt"/>
          <line num="19" count="0" type="stmt"/>
          <line num="33" count="0" type="stmt"/>
        </file>
      </package>
      <package name="src.components.NotFound">
        <metrics statements="4" coveredstatements="0" conditionals="4" coveredconditionals="0" methods="2" coveredmethods="0"/>
        <file name="index.jsx" path="/Users/nico/bootcamp/collab/skylab-bootcamp-201901/staff/nicolas-martin/startlab/startlab-app/src/components/NotFound/index.jsx">
          <metrics statements="4" coveredstatements="0" conditionals="4" coveredconditionals="0" methods="2" coveredmethods="0"/>
          <line num="1" count="0" type="cond" truecount="0" falsecount="4"/>
          <line num="3" count="0" type="stmt"/>
          <line num="4" count="0" type="stmt"/>
          <line num="6" count="0" type="stmt"/>
        </file>
      </package>
      <package name="src.components.Register">
        <metrics statements="13" coveredstatements="0" conditionals="4" coveredconditionals="0" methods="9" coveredmethods="0"/>
        <file name="index.jsx" path="/Users/nico/bootcamp/collab/skylab-bootcamp-201901/staff/nicolas-martin/startlab/startlab-app/src/components/Register/index.jsx">
          <metrics statements="13" coveredstatements="0" conditionals="4" coveredconditionals="0" methods="9" coveredmethods="0"/>
          <line num="1" count="0" type="cond" truecount="0" falsecount="4"/>
          <line num="3" count="0" type="stmt"/>
          <line num="6" count="0" type="stmt"/>
          <line num="7" count="0" type="stmt"/>
          <line num="8" count="0" type="stmt"/>
          <line num="9" count="0" type="stmt"/>
          <line num="10" count="0" type="stmt"/>
          <line num="13" count="0" type="stmt"/>
          <line num="18" count="0" type="stmt"/>
          <line num="20" count="0" type="stmt"/>
          <line num="32" count="0" type="stmt"/>
          <line num="34" count="0" type="stmt"/>
          <line num="50" count="0" type="stmt"/>
        </file>
      </package>
      <package name="src.components.ResultsTest">
        <metrics statements="7" coveredstatements="0" conditionals="6" coveredconditionals="0" methods="3" coveredmethods="0"/>
        <file name="index.jsx" path="/Users/nico/bootcamp/collab/skylab-bootcamp-201901/staff/nicolas-martin/startlab/startlab-app/src/components/ResultsTest/index.jsx">
          <metrics statements="7" coveredstatements="0" conditionals="6" coveredconditionals="0" methods="3" coveredmethods="0"/>
          <line num="1" count="0" type="cond" truecount="0" falsecount="4"/>
          <line num="5" count="0" type="stmt"/>
          <line num="10" count="0" type="stmt"/>
          <line num="11" count="0" type="stmt"/>
          <line num="13" count="0" type="cond" truecount="0" falsecount="2"/>
          <line num="14" count="0" type="stmt"/>
          <line num="22" count="0" type="stmt"/>
        </file>
      </package>
      <package name="src.components.Start">
        <metrics statements="43" coveredstatements="0" conditionals="17" coveredconditionals="0" methods="17" coveredmethods="0"/>
        <file name="index.jsx" path="/Users/nico/bootcamp/collab/skylab-bootcamp-201901/staff/nicolas-martin/startlab/startlab-app/src/components/Start/index.jsx">
          <metrics statements="43" coveredstatements="0" conditionals="17" coveredconditionals="0" methods="17" coveredmethods="0"/>
          <line num="1" count="0" type="stmt"/>
          <line num="2" count="0" type="stmt"/>
          <line num="4" count="0" type="stmt"/>
          <line num="5" count="0" type="stmt"/>
          <line num="6" count="0" type="stmt"/>
          <line num="7" count="0" type="stmt"/>
          <line num="8" count="0" type="stmt"/>
          <line num="9" count="0" type="cond" truecount="0" falsecount="4"/>
          <line num="11" count="0" type="stmt"/>
          <line num="29" count="0" type="stmt"/>
          <line num="31" count="0" type="stmt"/>
          <line num="32" count="0" type="stmt"/>
          <line num="34" count="0" type="stmt"/>
          <line num="38" count="0" type="stmt"/>
          <line num="39" count="0" type="stmt"/>
          <line num="41" count="0" type="stmt"/>
          <line num="42" count="0" type="stmt"/>
          <line num="43" count="0" type="stmt"/>
          <line num="45" count="0" type="stmt"/>
          <line num="46" count="0" type="stmt"/>
          <line num="47" count="0" type="stmt"/>
          <line num="49" count="0" type="stmt"/>
          <line num="50" count="0" type="stmt"/>
          <line num="55" count="0" type="stmt"/>
          <line num="57" count="0" type="cond" truecount="0" falsecount="2"/>
          <line num="58" count="0" type="stmt"/>
          <line num="59" count="0" type="stmt"/>
          <line num="61" count="0" type="stmt"/>
          <line num="62" count="0" type="stmt"/>
          <line num="64" count="0" type="stmt"/>
          <line num="65" count="0" type="stmt"/>
          <line num="66" count="0" type="stmt"/>
          <line num="69" count="0" type="stmt"/>
          <line num="70" count="0" type="stmt"/>
          <line num="71" count="0" type="stmt"/>
          <line num="72" count="0" type="stmt"/>
          <line num="77" count="0" type="stmt"/>
          <line num="79" count="0" type="stmt"/>
          <line num="88" count="0" type="stmt"/>
          <line num="94" count="0" type="stmt"/>
          <line num="99" count="0" type="stmt"/>
          <line num="101" count="0" type="stmt"/>
          <line num="118" count="0" type="stmt"/>
        </file>
      </package>
      <package name="src.components.StartIntro">
        <metrics statements="4" coveredstatements="0" conditionals="10" coveredconditionals="0" methods="3" coveredmethods="0"/>
        <file name="index.jsx" path="/Users/nico/bootcamp/collab/skylab-bootcamp-201901/staff/nicolas-martin/startlab/startlab-app/src/components/StartIntro/index.jsx">
          <metrics statements="4" coveredstatements="0" conditionals="10" coveredconditionals="0" methods="3" coveredmethods="0"/>
          <line num="1" count="0" type="cond" truecount="0" falsecount="4"/>
          <line num="5" count="0" type="stmt"/>
          <line num="10" count="0" type="cond" truecount="0" falsecount="4"/>
          <line num="18" count="0" type="stmt"/>
        </file>
      </package>
      <package name="src.logic">
        <metrics statements="65" coveredstatements="39" conditionals="78" coveredconditionals="59" methods="7" coveredmethods="0"/>
        <file name="index.js" path="/Users/nico/bootcamp/collab/skylab-bootcamp-201901/staff/nicolas-martin/startlab/startlab-app/src/logic/index.js">
          <metrics statements="65" coveredstatements="39" conditionals="78" coveredconditionals="59" methods="7" coveredmethods="0"/>
          <line num="6" count="1" type="stmt"/>
          <line num="20" count="11" type="cond" truecount="2" falsecount="0"/>
          <line num="21" count="10" type="cond" truecount="2" falsecount="0"/>
          <line num="23" count="9" type="cond" truecount="2" falsecount="0"/>
          <line num="24" count="8" type="cond" truecount="2" falsecount="0"/>
          <line num="26" count="7" type="cond" truecount="2" falsecount="0"/>
          <line num="27" count="6" type="cond" truecount="2" falsecount="0"/>
          <line num="29" count="5" type="cond" truecount="2" falsecount="0"/>
          <line num="30" count="3" type="cond" truecount="2" falsecount="0"/>
          <line num="32" count="1" type="cond" truecount="1" falsecount="1"/>
          <line num="33" count="1" type="cond" truecount="1" falsecount="1"/>
          <line num="34" count="1" type="cond" truecount="1" falsecount="1"/>
          <line num="36" count="0" type="cond" truecount="0" falsecount="2"/>
          <line num="38" count="0" type="stmt"/>
          <line num="49" count="4" type="cond" truecount="2" falsecount="0"/>
          <line num="50" count="3" type="cond" truecount="2" falsecount="0"/>
          <line num="52" count="2" type="cond" truecount="2" falsecount="0"/>
          <line num="53" count="1" type="cond" truecount="1" falsecount="1"/>
          <line num="55" count="0" type="stmt"/>
          <line num="57" count="0" type="stmt"/>
          <line num="58" count="0" type="stmt"/>
          <line num="66" count="1" type="cond" truecount="2" falsecount="0"/>
          <line num="73" count="0" type="stmt"/>
          <line num="74" count="0" type="stmt"/>
          <line num="81" count="1" type="stmt"/>
          <line num="85" count="0" type="stmt"/>
          <line num="86" count="0" type="stmt"/>
          <line num="90" count="2" type="cond" truecount="2" falsecount="0"/>
          <line num="91" count="1" type="cond" truecount="1" falsecount="1"/>
          <line num="93" count="0" type="stmt"/>
          <line num="97" count="2" type="cond" truecount="2" falsecount="0"/>
          <line num="98" count="1" type="cond" truecount="1" falsecount="1"/>
          <line num="100" count="0" type="stmt"/>
          <line num="104" count="1" type="cond" truecount="1" falsecount="1"/>
          <line num="106" count="0" type="stmt"/>
          <line num="110" count="1" type="cond" truecount="1" falsecount="1"/>
          <line num="111" count="0" type="stmt"/>
          <line num="115" count="4" type="cond" truecount="2" falsecount="0"/>
          <line num="116" count="3" type="cond" truecount="2" falsecount="0"/>
          <line num="118" count="2" type="cond" truecount="2" falsecount="0"/>
          <line num="119" count="1" type="cond" truecount="1" falsecount="1"/>
          <line num="121" count="0" type="stmt"/>
          <line num="123" count="0" type="cond" truecount="0" falsecount="2"/>
          <line num="124" count="0" type="stmt"/>
          <line num="129" count="4" type="cond" truecount="2" falsecount="0"/>
          <line num="130" count="3" type="cond" truecount="2" falsecount="0"/>
          <line num="132" count="2" type="cond" truecount="2" falsecount="0"/>
          <line num="133" count="1" type="cond" truecount="1" falsecount="1"/>
          <line num="135" count="0" type="stmt"/>
          <line num="140" count="0" type="stmt"/>
          <line num="141" count="0" type="stmt"/>
          <line num="145" count="0" type="stmt"/>
          <line num="146" count="0" type="stmt"/>
          <line num="150" count="2" type="cond" truecount="2" falsecount="0"/>
          <line num="151" count="1" type="cond" truecount="1" falsecount="1"/>
          <line num="153" count="0" type="stmt"/>
          <line num="157" count="2" type="cond" truecount="2" falsecount="0"/>
          <line num="158" count="1" type="cond" truecount="1" falsecount="1"/>
          <line num="160" count="0" type="stmt"/>
          <line num="164" count="1" type="cond" truecount="1" falsecount="1"/>
          <line num="166" count="0" type="stmt"/>
          <line num="170" count="1" type="cond" truecount="1" falsecount="1"/>
          <line num="172" count="0" type="stmt"/>
          <line num="176" count="1" type="cond" truecount="1" falsecount="1"/>
          <line num="178" count="0" type="stmt"/>
        </file>
      </package>
      <package name="src.skylab-api">
        <metrics statements="131" coveredstatements="75" conditionals="158" coveredconditionals="117" methods="32" coveredmethods="4"/>
        <file name="index.js" path="/Users/nico/bootcamp/collab/skylab-bootcamp-201901/staff/nicolas-martin/startlab/startlab-app/src/skylab-api/index.js">
          <metrics statements="131" coveredstatements="75" conditionals="158" coveredconditionals="117" methods="32" coveredmethods="4"/>
          <line num="1" count="2" type="stmt"/>
          <line num="2" count="2" type="stmt"/>
          <line num="3" count="2" type="stmt"/>
          <line num="7" count="12" type="cond" truecount="2" falsecount="0"/>
          <line num="8" count="11" type="cond" truecount="2" falsecount="0"/>
          <line num="10" count="10" type="cond" truecount="2" falsecount="0"/>
          <line num="11" count="9" type="cond" truecount="2" falsecount="0"/>
          <line num="13" count="8" type="cond" truecount="2" falsecount="0"/>
          <line num="14" count="7" type="cond" truecount="2" falsecount="0"/>
          <line num="16" count="6" type="cond" truecount="2" falsecount="0"/>
          <line num="17" count="5" type="cond" truecount="2" falsecount="0"/>
          <line num="19" count="4" type="cond" truecount="2" falsecount="0"/>
          <line num="20" count="3" type="cond" truecount="2" falsecount="0"/>
          <line num="22" count="2" type="cond" truecount="2" falsecount="0"/>
          <line num="24" count="1" type="stmt"/>
          <line num="31" count="1" type="stmt"/>
          <line num="33" count="1" type="cond" truecount="1" falsecount="1"/>
          <line num="35" count="1" type="stmt"/>
          <line num="40" count="16" type="cond" truecount="2" falsecount="0"/>
          <line num="41" count="15" type="cond" truecount="2" falsecount="0"/>
          <line num="43" count="14" type="cond" truecount="2" falsecount="0"/>
          <line num="44" count="13" type="cond" truecount="2" falsecount="0"/>
          <line num="46" count="12" type="stmt"/>
          <line num="53" count="12" type="stmt"/>
          <line num="55" count="12" type="cond" truecount="2" falsecount="0"/>
          <line num="57" count="7" type="stmt"/>
          <line num="62" count="2" type="cond" truecount="2" falsecount="0"/>
          <line num="63" count="1" type="cond" truecount="1" falsecount="1"/>
          <line num="65" count="0" type="stmt"/>
          <line num="70" count="0" type="stmt"/>
          <line num="72" count="0" type="cond" truecount="0" falsecount="2"/>
          <line num="73" count="0" type="stmt"/>
          <line num="78" count="4" type="cond" truecount="2" falsecount="0"/>
          <line num="79" count="3" type="cond" truecount="2" falsecount="0"/>
          <line num="81" count="2" type="cond" truecount="2" falsecount="0"/>
          <line num="82" count="1" type="cond" truecount="1" falsecount="1"/>
          <line num="84" count="0" type="stmt"/>
          <line num="90" count="0" type="stmt"/>
          <line num="92" count="0" type="cond" truecount="0" falsecount="2"/>
          <line num="93" count="0" type="stmt"/>
          <line num="98" count="4" type="cond" truecount="2" falsecount="0"/>
          <line num="99" count="3" type="cond" truecount="2" falsecount="0"/>
          <line num="101" count="2" type="cond" truecount="2" falsecount="0"/>
          <line num="102" count="1" type="cond" truecount="1" falsecount="1"/>
          <line num="104" count="0" type="stmt"/>
          <line num="109" count="0" type="stmt"/>
          <line num="111" count="0" type="cond" truecount="0" falsecount="2"/>
          <line num="112" count="0" type="stmt"/>
          <line num="118" count="3" type="cond" truecount="2" falsecount="0"/>
          <line num="120" count="2" type="cond" truecount="2" falsecount="0"/>
          <line num="121" count="1" type="cond" truecount="1" falsecount="1"/>
          <line num="123" count="0" type="stmt"/>
          <line num="131" count="0" type="stmt"/>
          <line num="133" count="0" type="cond" truecount="0" falsecount="2"/>
          <line num="135" count="0" type="stmt"/>
          <line num="140" count="3" type="cond" truecount="2" falsecount="0"/>
          <line num="142" count="2" type="cond" truecount="2" falsecount="0"/>
          <line num="143" count="1" type="cond" truecount="1" falsecount="1"/>
          <line num="145" count="0" type="stmt"/>
          <line num="153" count="0" type="stmt"/>
          <line num="155" count="0" type="cond" truecount="0" falsecount="2"/>
          <line num="157" count="0" type="stmt"/>
          <line num="163" count="6" type="cond" truecount="2" falsecount="0"/>
          <line num="164" count="5" type="cond" truecount="2" falsecount="0"/>
          <line num="166" count="4" type="cond" truecount="2" falsecount="0"/>
          <line num="167" count="3" type="cond" truecount="2" falsecount="0"/>
          <line num="169" count="2" type="cond" truecount="2" falsecount="0"/>
          <line num="170" count="1" type="cond" truecount="1" falsecount="1"/>
          <line num="172" count="0" type="stmt"/>
          <line num="180" count="0" type="stmt"/>
          <line num="182" count="0" type="stmt"/>
          <line num="183" count="0" type="cond" truecount="0" falsecount="2"/>
          <line num="185" count="0" type="stmt"/>
          <line num="191" count="6" type="cond" truecount="2" falsecount="0"/>
          <line num="192" count="5" type="cond" truecount="2" falsecount="0"/>
          <line num="194" count="4" type="cond" truecount="2" falsecount="0"/>
          <line num="195" count="3" type="cond" truecount="2" falsecount="0"/>
          <line num="197" count="2" type="cond" truecount="2" falsecount="0"/>
          <line num="198" count="1" type="cond" truecount="1" falsecount="1"/>
          <line num="200" count="0" type="stmt"/>
          <line num="208" count="0" type="stmt"/>
          <line num="210" count="0" type="cond" truecount="0" falsecount="2"/>
          <line num="211" count="0" type="stmt"/>
          <line num="217" count="2" type="cond" truecount="2" falsecount="0"/>
          <line num="218" count="1" type="cond" truecount="1" falsecount="1"/>
          <line num="220" count="0" type="stmt"/>
          <line num="225" count="0" type="stmt"/>
          <line num="227" count="0" type="cond" truecount="0" falsecount="2"/>
          <line num="228" count="0" type="stmt"/>
          <line num="233" count="4" type="cond" truecount="2" falsecount="0"/>
          <line num="234" count="3" type="cond" truecount="2" falsecount="0"/>
          <line num="236" count="2" type="cond" truecount="2" falsecount="0"/>
          <line num="237" count="1" type="cond" truecount="1" falsecount="1"/>
          <line num="239" count="0" type="stmt"/>
          <line num="245" count="0" type="stmt"/>
          <line num="247" count="0" type="cond" truecount="0" falsecount="2"/>
          <line num="248" count="0" type="stmt"/>
          <line num="254" count="2" type="cond" truecount="2" falsecount="0"/>
          <line num="255" count="1" type="cond" truecount="1" falsecount="1"/>
          <line num="257" count="0" type="stmt"/>
          <line num="262" count="0" type="stmt"/>
          <line num="264" count="0" type="cond" truecount="0" falsecount="2"/>
          <line num="265" count="0" type="stmt"/>
          <line num="270" count="4" type="cond" truecount="2" falsecount="0"/>
          <line num="271" count="3" type="cond" truecount="2" falsecount="0"/>
          <line num="273" count="2" type="cond" truecount="2" falsecount="0"/>
          <line num="274" count="1" type="cond" truecount="1" falsecount="1"/>
          <line num="276" count="0" type="stmt"/>
          <line num="281" count="0" type="stmt"/>
          <line num="283" count="0" type="cond" truecount="0" falsecount="2"/>
          <line num="284" count="0" type="stmt"/>
          <line num="290" count="3" type="cond" truecount="2" falsecount="0"/>
          <line num="292" count="2" type="cond" truecount="2" falsecount="0"/>
          <line num="293" count="1" type="cond" truecount="1" falsecount="1"/>
          <line num="295" count="0" type="stmt"/>
          <line num="303" count="0" type="stmt"/>
          <line num="305" count="0" type="cond" truecount="0" falsecount="2"/>
          <line num="307" count="0" type="stmt"/>
          <line num="312" count="3" type="cond" truecount="2" falsecount="0"/>
          <line num="314" count="2" type="cond" truecount="2" falsecount="0"/>
          <line num="315" count="1" type="cond" truecount="1" falsecount="1"/>
          <line num="317" count="0" type="stmt"/>
          <line num="325" count="0" type="stmt"/>
          <line num="327" count="0" type="cond" truecount="0" falsecount="2"/>
          <line num="329" count="0" type="stmt"/>
          <line num="336" count="3" type="cond" truecount="2" falsecount="0"/>
          <line num="337" count="2" type="cond" truecount="2" falsecount="0"/>
          <line num="339" count="1" type="cond" truecount="1" falsecount="1"/>
          <line num="341" count="0" type="stmt"/>
          <line num="349" count="0" type="stmt"/>
          <line num="350" count="0" type="stmt"/>
        </file>
      </package>
      <package name="src.token-helper">
        <metrics statements="19" coveredstatements="12" conditionals="2" coveredconditionals="1" methods="0" coveredmethods="0"/>
        <file name="index.js" path="/Users/nico/bootcamp/collab/skylab-bootcamp-201901/staff/nicolas-martin/startlab/startlab-app/src/token-helper/index.js">
          <metrics statements="19" coveredstatements="12" conditionals="2" coveredconditionals="1" methods="0" coveredmethods="0"/>
          <line num="3" count="1" type="stmt"/>
          <line num="5" count="1" type="stmt"/>
          <line num="7" count="1" type="stmt"/>
          <line num="11" count="1" type="stmt"/>
          <line num="15" count="1" type="stmt"/>
          <line num="17" count="1" type="cond" truecount="1" falsecount="1"/>
          <line num="19" count="1" type="stmt"/>
          <line num="23" count="0" type="stmt"/>
          <line num="25" count="0" type="stmt"/>
          <line num="27" count="0" type="stmt"/>
          <line num="28" count="0" type="stmt"/>
          <line num="30" count="0" type="stmt"/>
          <line num="32" count="0" type="stmt"/>
          <line num="35" count="0" type="stmt"/>
          <line num="39" count="1" type="stmt"/>
          <line num="41" count="1" type="stmt"/>
          <line num="42" count="1" type="stmt"/>
          <line num="43" count="1" type="stmt"/>
          <line num="45" count="1" type="stmt"/>
        </file>
      </package>
    </metrics>
  </project>
</coverage>
