{"/Users/nico/bootcamp/collab/skylab-bootcamp-201901/staff/nicolas-martin/startlab/startlab-app/src/index.js": {"path":"/Users/nico/bootcamp/collab/skylab-bootcamp-201901/staff/nicolas-martin/startlab/startlab-app/src/index.js","statementMap":{"0":{"start":{"line":1,"column":32},"end":{"line":1,"column":140}},"1":{"start":{"line":1,"column":154},"end":{"line":1,"column":170}},"2":{"start":{"line":1,"column":185},"end":{"line":1,"column":215}},"3":{"start":{"line":2,"column":16},"end":{"line":2,"column":36}},"4":{"start":{"line":2,"column":54},"end":{"line":2,"column":87}},"5":{"start":{"line":3,"column":11},"end":{"line":3,"column":39}},"6":{"start":{"line":3,"column":52},"end":{"line":3,"column":80}},"7":{"start":{"line":5,"column":0},"end":{"line":5,"column":25}},"8":{"start":{"line":6,"column":0},"end":{"line":6,"column":27}},"9":{"start":{"line":8,"column":0},"end":{"line":8,"column":27}},"10":{"start":{"line":10,"column":22},"end":{"line":10,"column":49}},"11":{"start":{"line":11,"column":13},"end":{"line":11,"column":31}},"12":{"start":{"line":11,"column":46},"end":{"line":11,"column":76}},"13":{"start":{"line":11,"column":115},"end":{"line":11,"column":169}},"14":{"start":{"line":13,"column":0},"end":{"line":32,"column":15}},"15":{"start":{"line":17,"column":12},"end":{"line":17,"column":62}},"16":{"start":{"line":21,"column":12},"end":{"line":21,"column":62}},"17":{"start":{"line":27,"column":12},"end":{"line":27,"column":59}},"18":{"start":{"line":31,"column":12},"end":{"line":31,"column":57}},"19":{"start":{"line":36,"column":0},"end":{"line":37,"column":292}}},"fnMap":{"0":{"name":"_interopRequireDefault","decl":{"start":{"line":11,"column":86},"end":{"line":11,"column":108}},"loc":{"start":{"line":11,"column":114},"end":{"line":11,"column":170}},"line":11}},"branchMap":{"0":{"loc":{"start":{"line":11,"column":122},"end":{"line":11,"column":168}},"type":"cond-expr","locations":[{"start":{"line":11,"column":146},"end":{"line":11,"column":149}},{"start":{"line":11,"column":152},"end":{"line":11,"column":168}}],"line":11},"1":{"loc":{"start":{"line":11,"column":122},"end":{"line":11,"column":143}},"type":"binary-expr","locations":[{"start":{"line":11,"column":122},"end":{"line":11,"column":125}},{"start":{"line":11,"column":129},"end":{"line":11,"column":143}}],"line":11}},"s":{"0":0,"1":0,"2":0,"3":0,"4":0,"5":0,"6":0,"7":0,"8":0,"9":0,"10":0,"11":0,"12":0,"13":0,"14":0,"15":0,"16":0,"17":0,"18":0,"19":0},"f":{"0":0},"b":{"0":[0,0],"1":[0,0]}}
,"/Users/nico/bootcamp/collab/skylab-bootcamp-201901/staff/nicolas-martin/startlab/startlab-app/src/components/ActiveExercise/index.jsx": {"path":"/Users/nico/bootcamp/collab/skylab-bootcamp-201901/staff/nicolas-martin/startlab/startlab-app/src/components/ActiveExercise/index.jsx","statementMap":{"0":{"start":{"line":1,"column":13},"end":{"line":1,"column":75}},"1":{"start":{"line":1,"column":94},"end":{"line":1,"column":229}},"2":{"start":{"line":1,"column":243},"end":{"line":1,"column":259}},"3":{"start":{"line":1,"column":274},"end":{"line":1,"column":304}},"4":{"start":{"line":2,"column":21},"end":{"line":2,"column":46}},"5":{"start":{"line":2,"column":69},"end":{"line":2,"column":107}},"6":{"start":{"line":2,"column":146},"end":{"line":2,"column":200}},"7":{"start":{"line":5,"column":4},"end":{"line":8,"column":222}},"8":{"start":{"line":12,"column":1},"end":{"line":14,"column":15}}},"fnMap":{"0":{"name":"_interopRequireDefault","decl":{"start":{"line":2,"column":117},"end":{"line":2,"column":139}},"loc":{"start":{"line":2,"column":145},"end":{"line":2,"column":201}},"line":2},"1":{"name":"ActiveExercise","decl":{"start":{"line":4,"column":9},"end":{"line":4,"column":23}},"loc":{"start":{"line":4,"column":78},"end":{"line":12,"column":1}},"line":4}},"branchMap":{"0":{"loc":{"start":{"line":2,"column":153},"end":{"line":2,"column":199}},"type":"cond-expr","locations":[{"start":{"line":2,"column":177},"end":{"line":2,"column":180}},{"start":{"line":2,"column":183},"end":{"line":2,"column":199}}],"line":2},"1":{"loc":{"start":{"line":2,"column":153},"end":{"line":2,"column":174}},"type":"binary-expr","locations":[{"start":{"line":2,"column":153},"end":{"line":2,"column":156}},{"start":{"line":2,"column":160},"end":{"line":2,"column":174}}],"line":2}},"s":{"0":0,"1":0,"2":0,"3":0,"4":0,"5":0,"6":0,"7":0,"8":0},"f":{"0":0,"1":0},"b":{"0":[0,0],"1":[0,0]}}
,"/Users/nico/bootcamp/collab/skylab-bootcamp-201901/staff/nicolas-martin/startlab/startlab-app/src/components/AnswerForm/index.jsx": {"path":"/Users/nico/bootcamp/collab/skylab-bootcamp-201901/staff/nicolas-martin/startlab/startlab-app/src/components/AnswerForm/index.jsx","statementMap":{"0":{"start":{"line":1,"column":13},"end":{"line":1,"column":75}},"1":{"start":{"line":1,"column":94},"end":{"line":1,"column":225}},"2":{"start":{"line":1,"column":239},"end":{"line":1,"column":255}},"3":{"start":{"line":1,"column":270},"end":{"line":1,"column":300}},"4":{"start":{"line":3,"column":29},"end":{"line":3,"column":64}},"5":{"start":{"line":3,"column":95},"end":{"line":3,"column":141}},"6":{"start":{"line":4,"column":17},"end":{"line":4,"column":57}},"7":{"start":{"line":5,"column":0},"end":{"line":5,"column":42}},"8":{"start":{"line":6,"column":0},"end":{"line":6,"column":47}},"9":{"start":{"line":6,"column":85},"end":{"line":6,"column":139}},"10":{"start":{"line":9,"column":4},"end":{"line":26,"column":193}},"11":{"start":{"line":14,"column":41},"end":{"line":14,"column":61}},"12":{"start":{"line":15,"column":37},"end":{"line":15,"column":95}},"13":{"start":{"line":29,"column":1},"end":{"line":31,"column":11}}},"fnMap":{"0":{"name":"_interopRequireDefault","decl":{"start":{"line":6,"column":56},"end":{"line":6,"column":78}},"loc":{"start":{"line":6,"column":84},"end":{"line":6,"column":140}},"line":6},"1":{"name":"AnswerForm","decl":{"start":{"line":8,"column":9},"end":{"line":8,"column":19}},"loc":{"start":{"line":8,"column":60},"end":{"line":29,"column":1}},"line":8},"2":{"name":"(anonymous_2)","decl":{"start":{"line":14,"column":31},"end":{"line":14,"column":32}},"loc":{"start":{"line":14,"column":41},"end":{"line":14,"column":61}},"line":14},"3":{"name":"(anonymous_3)","decl":{"start":{"line":15,"column":27},"end":{"line":15,"column":28}},"loc":{"start":{"line":15,"column":37},"end":{"line":15,"column":95}},"line":15}},"branchMap":{"0":{"loc":{"start":{"line":6,"column":92},"end":{"line":6,"column":138}},"type":"cond-expr","locations":[{"start":{"line":6,"column":116},"end":{"line":6,"column":119}},{"start":{"line":6,"column":122},"end":{"line":6,"column":138}}],"line":6},"1":{"loc":{"start":{"line":6,"column":92},"end":{"line":6,"column":113}},"type":"binary-expr","locations":[{"start":{"line":6,"column":92},"end":{"line":6,"column":95}},{"start":{"line":6,"column":99},"end":{"line":6,"column":113}}],"line":6}},"s":{"0":0,"1":0,"2":0,"3":0,"4":0,"5":0,"6":0,"7":0,"8":0,"9":0,"10":0,"11":0,"12":0,"13":0},"f":{"0":0,"1":0,"2":0,"3":0},"b":{"0":[0,0],"1":[0,0]}}
,"/Users/nico/bootcamp/collab/skylab-bootcamp-201901/staff/nicolas-martin/startlab/startlab-app/src/components/App/index.jsx": {"path":"/Users/nico/bootcamp/collab/skylab-bootcamp-201901/staff/nicolas-martin/startlab/startlab-app/src/components/App/index.jsx","statementMap":{"0":{"start":{"line":1,"column":13},"end":{"line":1,"column":75}},"1":{"start":{"line":1,"column":94},"end":{"line":1,"column":218}},"2":{"start":{"line":8,"column":13},"end":{"line":8,"column":29}},"3":{"start":{"line":8,"column":44},"end":{"line":8,"column":74}},"4":{"start":{"line":8,"column":97},"end":{"line":8,"column":124}},"5":{"start":{"line":8,"column":146},"end":{"line":8,"column":171}},"6":{"start":{"line":8,"column":172},"end":{"line":8,"column":225}},"7":{"start":{"line":8,"column":239},"end":{"line":8,"column":259}},"8":{"start":{"line":8,"column":275},"end":{"line":8,"column":306}},"9":{"start":{"line":9,"column":12},"end":{"line":9,"column":30}},"10":{"start":{"line":9,"column":44},"end":{"line":9,"column":73}},"11":{"start":{"line":10,"column":16},"end":{"line":10,"column":38}},"12":{"start":{"line":10,"column":56},"end":{"line":10,"column":89}},"13":{"start":{"line":11,"column":13},"end":{"line":11,"column":32}},"14":{"start":{"line":11,"column":47},"end":{"line":11,"column":77}},"15":{"start":{"line":12,"column":20},"end":{"line":12,"column":46}},"16":{"start":{"line":12,"column":68},"end":{"line":12,"column":105}},"17":{"start":{"line":13,"column":20},"end":{"line":13,"column":46}},"18":{"start":{"line":13,"column":68},"end":{"line":13,"column":105}},"19":{"start":{"line":14,"column":22},"end":{"line":14,"column":50}},"20":{"start":{"line":14,"column":74},"end":{"line":14,"column":113}},"21":{"start":{"line":15,"column":13},"end":{"line":15,"column":32}},"22":{"start":{"line":15,"column":47},"end":{"line":15,"column":77}},"23":{"start":{"line":16,"column":16},"end":{"line":16,"column":38}},"24":{"start":{"line":16,"column":56},"end":{"line":16,"column":89}},"25":{"start":{"line":18,"column":13},"end":{"line":18,"column":35}},"26":{"start":{"line":18,"column":50},"end":{"line":18,"column":80}},"27":{"start":{"line":19,"column":22},"end":{"line":19,"column":50}},"28":{"start":{"line":19,"column":74},"end":{"line":19,"column":113}},"29":{"start":{"line":19,"column":152},"end":{"line":19,"column":206}},"30":{"start":{"line":21,"column":68},"end":{"line":90,"column":65}},"31":{"start":{"line":28,"column":6},"end":{"line":37,"column":7}},"32":{"start":{"line":29,"column":8},"end":{"line":34,"column":68}},"33":{"start":{"line":31,"column":10},"end":{"line":31,"column":64}},"34":{"start":{"line":32,"column":10},"end":{"line":32,"column":44}},"35":{"start":{"line":34,"column":31},"end":{"line":34,"column":66}},"36":{"start":{"line":35,"column":36},"end":{"line":35,"column":48}},"37":{"start":{"line":36,"column":8},"end":{"line":36,"column":44}},"38":{"start":{"line":41,"column":6},"end":{"line":50,"column":7}},"39":{"start":{"line":42,"column":8},"end":{"line":47,"column":68}},"40":{"start":{"line":44,"column":10},"end":{"line":44,"column":61}},"41":{"start":{"line":45,"column":10},"end":{"line":45,"column":106}},"42":{"start":{"line":47,"column":31},"end":{"line":47,"column":66}},"43":{"start":{"line":48,"column":37},"end":{"line":48,"column":50}},"44":{"start":{"line":49,"column":8},"end":{"line":49,"column":44}},"45":{"start":{"line":53,"column":39},"end":{"line":59,"column":24}},"46":{"start":{"line":63,"column":6},"end":{"line":63,"column":29}},"47":{"start":{"line":64,"column":6},"end":{"line":64,"column":35}},"48":{"start":{"line":65,"column":6},"end":{"line":65,"column":59}},"49":{"start":{"line":66,"column":6},"end":{"line":66,"column":35}},"50":{"start":{"line":69,"column":27},"end":{"line":69,"column":75}},"51":{"start":{"line":70,"column":29},"end":{"line":70,"column":79}},"52":{"start":{"line":72,"column":18},"end":{"line":72,"column":64}},"53":{"start":{"line":75,"column":6},"end":{"line":75,"column":44}},"54":{"start":{"line":76,"column":6},"end":{"line":76,"column":50}},"55":{"start":{"line":80,"column":6},"end":{"line":80,"column":44}},"56":{"start":{"line":81,"column":6},"end":{"line":81,"column":52}},"57":{"start":{"line":84,"column":28},"end":{"line":84,"column":76}},"58":{"start":{"line":86,"column":29},"end":{"line":86,"column":79}},"59":{"start":{"line":88,"column":19},"end":{"line":88,"column":67}},"60":{"start":{"line":90,"column":24},"end":{"line":90,"column":57}},"61":{"start":{"line":104,"column":4},"end":{"line":104,"column":14}},"62":{"start":{"line":104,"column":34},"end":{"line":104,"column":51}},"63":{"start":{"line":104,"column":62},"end":{"line":104,"column":76}},"64":{"start":{"line":104,"column":94},"end":{"line":104,"column":113}},"65":{"start":{"line":104,"column":128},"end":{"line":104,"column":144}},"66":{"start":{"line":104,"column":160},"end":{"line":104,"column":177}},"67":{"start":{"line":104,"column":187},"end":{"line":104,"column":198}},"68":{"start":{"line":104,"column":207},"end":{"line":104,"column":217}},"69":{"start":{"line":104,"column":230},"end":{"line":104,"column":244}},"70":{"start":{"line":104,"column":263},"end":{"line":104,"column":283}},"71":{"start":{"line":104,"column":298},"end":{"line":104,"column":314}},"72":{"start":{"line":104,"column":334},"end":{"line":104,"column":355}},"73":{"start":{"line":104,"column":378},"end":{"line":104,"column":402}},"74":{"start":{"line":106,"column":4},"end":{"line":125,"column":144}},"75":{"start":{"line":110,"column":103},"end":{"line":110,"column":404}},"76":{"start":{"line":113,"column":112},"end":{"line":113,"column":416}},"77":{"start":{"line":114,"column":108},"end":{"line":114,"column":403}},"78":{"start":{"line":116,"column":118},"end":{"line":116,"column":432}},"79":{"start":{"line":117,"column":121},"end":{"line":117,"column":415}},"80":{"start":{"line":118,"column":132},"end":{"line":118,"column":443}},"81":{"start":{"line":120,"column":120},"end":{"line":120,"column":476}},"82":{"start":{"line":121,"column":123},"end":{"line":121,"column":439}},"83":{"start":{"line":122,"column":136},"end":{"line":122,"column":451}},"84":{"start":{"line":128,"column":4},"end":{"line":131,"column":37}}},"fnMap":{"0":{"name":"_interopRequireDefault","decl":{"start":{"line":19,"column":123},"end":{"line":19,"column":145}},"loc":{"start":{"line":19,"column":151},"end":{"line":19,"column":207}},"line":19},"1":{"name":"(anonymous_1)","decl":{"start":{"line":21,"column":36},"end":{"line":21,"column":37}},"loc":{"start":{"line":21,"column":57},"end":{"line":90,"column":66}},"line":21},"2":{"name":"(anonymous_2)","decl":{"start":{"line":27,"column":21},"end":{"line":27,"column":22}},"loc":{"start":{"line":27,"column":79},"end":{"line":38,"column":5}},"line":27},"3":{"name":"(anonymous_3)","decl":{"start":{"line":30,"column":13},"end":{"line":30,"column":14}},"loc":{"start":{"line":30,"column":19},"end":{"line":33,"column":9}},"line":30},"4":{"name":"(anonymous_4)","decl":{"start":{"line":34,"column":14},"end":{"line":34,"column":15}},"loc":{"start":{"line":34,"column":31},"end":{"line":34,"column":66}},"line":34},"5":{"name":"(anonymous_5)","decl":{"start":{"line":40,"column":18},"end":{"line":40,"column":19}},"loc":{"start":{"line":40,"column":39},"end":{"line":51,"column":5}},"line":40},"6":{"name":"(anonymous_6)","decl":{"start":{"line":43,"column":13},"end":{"line":43,"column":14}},"loc":{"start":{"line":43,"column":19},"end":{"line":46,"column":9}},"line":43},"7":{"name":"(anonymous_7)","decl":{"start":{"line":47,"column":14},"end":{"line":47,"column":15}},"loc":{"start":{"line":47,"column":31},"end":{"line":47,"column":66}},"line":47},"8":{"name":"(anonymous_8)","decl":{"start":{"line":53,"column":19},"end":{"line":53,"column":20}},"loc":{"start":{"line":53,"column":39},"end":{"line":59,"column":24}},"line":53},"9":{"name":"(anonymous_9)","decl":{"start":{"line":62,"column":19},"end":{"line":62,"column":20}},"loc":{"start":{"line":62,"column":28},"end":{"line":67,"column":5}},"line":62},"10":{"name":"(anonymous_10)","decl":{"start":{"line":69,"column":21},"end":{"line":69,"column":22}},"loc":{"start":{"line":69,"column":27},"end":{"line":69,"column":75}},"line":69},"11":{"name":"(anonymous_11)","decl":{"start":{"line":70,"column":23},"end":{"line":70,"column":24}},"loc":{"start":{"line":70,"column":29},"end":{"line":70,"column":79}},"line":70},"12":{"name":"(anonymous_12)","decl":{"start":{"line":72,"column":12},"end":{"line":72,"column":13}},"loc":{"start":{"line":72,"column":18},"end":{"line":72,"column":64}},"line":72},"13":{"name":"(anonymous_13)","decl":{"start":{"line":74,"column":16},"end":{"line":74,"column":17}},"loc":{"start":{"line":74,"column":27},"end":{"line":77,"column":5}},"line":74},"14":{"name":"(anonymous_14)","decl":{"start":{"line":79,"column":26},"end":{"line":79,"column":27}},"loc":{"start":{"line":79,"column":37},"end":{"line":82,"column":5}},"line":79},"15":{"name":"(anonymous_15)","decl":{"start":{"line":84,"column":22},"end":{"line":84,"column":23}},"loc":{"start":{"line":84,"column":28},"end":{"line":84,"column":76}},"line":84},"16":{"name":"(anonymous_16)","decl":{"start":{"line":86,"column":23},"end":{"line":86,"column":24}},"loc":{"start":{"line":86,"column":29},"end":{"line":86,"column":79}},"line":86},"17":{"name":"(anonymous_17)","decl":{"start":{"line":88,"column":13},"end":{"line":88,"column":14}},"loc":{"start":{"line":88,"column":19},"end":{"line":88,"column":67}},"line":88},"18":{"name":"(anonymous_18)","decl":{"start":{"line":90,"column":18},"end":{"line":90,"column":19}},"loc":{"start":{"line":90,"column":24},"end":{"line":90,"column":57}},"line":90},"19":{"name":"(anonymous_19)","decl":{"start":{"line":92,"column":2},"end":{"line":92,"column":3}},"loc":{"start":{"line":92,"column":11},"end":{"line":128,"column":3}},"line":92},"20":{"name":"(anonymous_20)","decl":{"start":{"line":110,"column":97},"end":{"line":110,"column":98}},"loc":{"start":{"line":110,"column":103},"end":{"line":110,"column":404}},"line":110},"21":{"name":"(anonymous_21)","decl":{"start":{"line":113,"column":106},"end":{"line":113,"column":107}},"loc":{"start":{"line":113,"column":112},"end":{"line":113,"column":416}},"line":113},"22":{"name":"(anonymous_22)","decl":{"start":{"line":114,"column":102},"end":{"line":114,"column":103}},"loc":{"start":{"line":114,"column":108},"end":{"line":114,"column":403}},"line":114},"23":{"name":"(anonymous_23)","decl":{"start":{"line":116,"column":112},"end":{"line":116,"column":113}},"loc":{"start":{"line":116,"column":118},"end":{"line":116,"column":432}},"line":116},"24":{"name":"(anonymous_24)","decl":{"start":{"line":117,"column":115},"end":{"line":117,"column":116}},"loc":{"start":{"line":117,"column":121},"end":{"line":117,"column":415}},"line":117},"25":{"name":"(anonymous_25)","decl":{"start":{"line":118,"column":123},"end":{"line":118,"column":124}},"loc":{"start":{"line":118,"column":132},"end":{"line":118,"column":443}},"line":118},"26":{"name":"(anonymous_26)","decl":{"start":{"line":120,"column":114},"end":{"line":120,"column":115}},"loc":{"start":{"line":120,"column":120},"end":{"line":120,"column":476}},"line":120},"27":{"name":"(anonymous_27)","decl":{"start":{"line":121,"column":117},"end":{"line":121,"column":118}},"loc":{"start":{"line":121,"column":123},"end":{"line":121,"column":439}},"line":121},"28":{"name":"(anonymous_28)","decl":{"start":{"line":122,"column":127},"end":{"line":122,"column":128}},"loc":{"start":{"line":122,"column":136},"end":{"line":122,"column":451}},"line":122}},"branchMap":{"0":{"loc":{"start":{"line":19,"column":159},"end":{"line":19,"column":205}},"type":"cond-expr","locations":[{"start":{"line":19,"column":183},"end":{"line":19,"column":186}},{"start":{"line":19,"column":189},"end":{"line":19,"column":205}}],"line":19},"1":{"loc":{"start":{"line":19,"column":159},"end":{"line":19,"column":180}},"type":"binary-expr","locations":[{"start":{"line":19,"column":159},"end":{"line":19,"column":162}},{"start":{"line":19,"column":166},"end":{"line":19,"column":180}}],"line":19},"2":{"loc":{"start":{"line":110,"column":103},"end":{"line":110,"column":404}},"type":"cond-expr","locations":[{"start":{"line":110,"column":116},"end":{"line":110,"column":256}},{"start":{"line":110,"column":259},"end":{"line":110,"column":404}}],"line":110},"3":{"loc":{"start":{"line":113,"column":112},"end":{"line":113,"column":416}},"type":"cond-expr","locations":[{"start":{"line":113,"column":126},"end":{"line":113,"column":276}},{"start":{"line":113,"column":279},"end":{"line":113,"column":416}}],"line":113},"4":{"loc":{"start":{"line":114,"column":108},"end":{"line":114,"column":403}},"type":"cond-expr","locations":[{"start":{"line":114,"column":122},"end":{"line":114,"column":263}},{"start":{"line":114,"column":266},"end":{"line":114,"column":403}}],"line":114},"5":{"loc":{"start":{"line":116,"column":118},"end":{"line":116,"column":432}},"type":"cond-expr","locations":[{"start":{"line":116,"column":128},"end":{"line":116,"column":292}},{"start":{"line":116,"column":295},"end":{"line":116,"column":432}}],"line":116},"6":{"loc":{"start":{"line":117,"column":121},"end":{"line":117,"column":415}},"type":"cond-expr","locations":[{"start":{"line":117,"column":131},"end":{"line":117,"column":275}},{"start":{"line":117,"column":278},"end":{"line":117,"column":415}}],"line":117},"7":{"loc":{"start":{"line":118,"column":132},"end":{"line":118,"column":443}},"type":"cond-expr","locations":[{"start":{"line":118,"column":142},"end":{"line":118,"column":303}},{"start":{"line":118,"column":306},"end":{"line":118,"column":443}}],"line":118},"8":{"loc":{"start":{"line":120,"column":120},"end":{"line":120,"column":476}},"type":"cond-expr","locations":[{"start":{"line":120,"column":130},"end":{"line":120,"column":336}},{"start":{"line":120,"column":339},"end":{"line":120,"column":476}}],"line":120},"9":{"loc":{"start":{"line":121,"column":123},"end":{"line":121,"column":439}},"type":"cond-expr","locations":[{"start":{"line":121,"column":133},"end":{"line":121,"column":299}},{"start":{"line":121,"column":302},"end":{"line":121,"column":439}}],"line":121},"10":{"loc":{"start":{"line":122,"column":136},"end":{"line":122,"column":451}},"type":"cond-expr","locations":[{"start":{"line":122,"column":146},"end":{"line":122,"column":311}},{"start":{"line":122,"column":314},"end":{"line":122,"column":451}}],"line":122}},"s":{"0":0,"1":0,"2":0,"3":0,"4":0,"5":0,"6":0,"7":0,"8":0,"9":0,"10":0,"11":0,"12":0,"13":0,"14":0,"15":0,"16":0,"17":0,"18":0,"19":0,"20":0,"21":0,"22":0,"23":0,"24":0,"25":0,"26":0,"27":0,"28":0,"29":0,"30":0,"31":0,"32":0,"33":0,"34":0,"35":0,"36":0,"37":0,"38":0,"39":0,"40":0,"41":0,"42":0,"43":0,"44":0,"45":0,"46":0,"47":0,"48":0,"49":0,"50":0,"51":0,"52":0,"53":0,"54":0,"55":0,"56":0,"57":0,"58":0,"59":0,"60":0,"61":0,"62":0,"63":0,"64":0,"65":0,"66":0,"67":0,"68":0,"69":0,"70":0,"71":0,"72":0,"73":0,"74":0,"75":0,"76":0,"77":0,"78":0,"79":0,"80":0,"81":0,"82":0,"83":0,"84":0},"f":{"0":0,"1":0,"2":0,"3":0,"4":0,"5":0,"6":0,"7":0,"8":0,"9":0,"10":0,"11":0,"12":0,"13":0,"14":0,"15":0,"16":0,"17":0,"18":0,"19":0,"20":0,"21":0,"22":0,"23":0,"24":0,"25":0,"26":0,"27":0,"28":0},"b":{"0":[0,0],"1":[0,0],"2":[0,0],"3":[0,0],"4":[0,0],"5":[0,0],"6":[0,0],"7":[0,0],"8":[0,0],"9":[0,0],"10":[0,0]}}
,"/Users/nico/bootcamp/collab/skylab-bootcamp-201901/staff/nicolas-martin/startlab/startlab-app/src/components/ExerciseForm/index.jsx": {"path":"/Users/nico/bootcamp/collab/skylab-bootcamp-201901/staff/nicolas-martin/startlab/startlab-app/src/components/ExerciseForm/index.jsx","statementMap":{"0":{"start":{"line":1,"column":13},"end":{"line":1,"column":75}},"1":{"start":{"line":1,"column":94},"end":{"line":1,"column":227}},"2":{"start":{"line":4,"column":13},"end":{"line":4,"column":29}},"3":{"start":{"line":4,"column":44},"end":{"line":4,"column":74}},"4":{"start":{"line":4,"column":96},"end":{"line":4,"column":121}},"5":{"start":{"line":4,"column":135},"end":{"line":4,"column":157}},"6":{"start":{"line":4,"column":172},"end":{"line":4,"column":202}},"7":{"start":{"line":6,"column":29},"end":{"line":6,"column":64}},"8":{"start":{"line":6,"column":95},"end":{"line":6,"column":141}},"9":{"start":{"line":7,"column":17},"end":{"line":7,"column":57}},"10":{"start":{"line":8,"column":0},"end":{"line":8,"column":42}},"11":{"start":{"line":9,"column":0},"end":{"line":9,"column":47}},"12":{"start":{"line":9,"column":85},"end":{"line":9,"column":139}},"13":{"start":{"line":13,"column":77},"end":{"line":97,"column":17}},"14":{"start":{"line":51,"column":43},"end":{"line":57,"column":30}},"15":{"start":{"line":60,"column":36},"end":{"line":60,"column":80}},"16":{"start":{"line":62,"column":38},"end":{"line":62,"column":84}},"17":{"start":{"line":64,"column":35},"end":{"line":64,"column":78}},"18":{"start":{"line":66,"column":36},"end":{"line":66,"column":94}},"19":{"start":{"line":69,"column":12},"end":{"line":69,"column":35}},"20":{"start":{"line":70,"column":12},"end":{"line":71,"column":39}},"21":{"start":{"line":71,"column":12},"end":{"line":71,"column":39}},"22":{"start":{"line":72,"column":12},"end":{"line":72,"column":29}},"23":{"start":{"line":76,"column":12},"end":{"line":83,"column":13}},"24":{"start":{"line":77,"column":16},"end":{"line":77,"column":26}},"25":{"start":{"line":77,"column":41},"end":{"line":77,"column":53}},"26":{"start":{"line":77,"column":64},"end":{"line":77,"column":78}},"27":{"start":{"line":77,"column":86},"end":{"line":77,"column":97}},"28":{"start":{"line":77,"column":103},"end":{"line":77,"column":112}},"29":{"start":{"line":77,"column":121},"end":{"line":77,"column":133}},"30":{"start":{"line":77,"column":142},"end":{"line":77,"column":154}},"31":{"start":{"line":78,"column":16},"end":{"line":80,"column":76}},"32":{"start":{"line":79,"column":32},"end":{"line":79,"column":69}},"33":{"start":{"line":80,"column":39},"end":{"line":80,"column":74}},"34":{"start":{"line":81,"column":42},"end":{"line":81,"column":54}},"35":{"start":{"line":82,"column":16},"end":{"line":82,"column":52}},"36":{"start":{"line":87,"column":12},"end":{"line":96,"column":13}},"37":{"start":{"line":88,"column":16},"end":{"line":88,"column":26}},"38":{"start":{"line":88,"column":41},"end":{"line":88,"column":54}},"39":{"start":{"line":88,"column":65},"end":{"line":88,"column":80}},"40":{"start":{"line":88,"column":88},"end":{"line":88,"column":100}},"41":{"start":{"line":88,"column":109},"end":{"line":88,"column":122}},"42":{"start":{"line":88,"column":131},"end":{"line":88,"column":144}},"43":{"start":{"line":88,"column":153},"end":{"line":88,"column":169}},"44":{"start":{"line":89,"column":16},"end":{"line":93,"column":76}},"45":{"start":{"line":91,"column":20},"end":{"line":91,"column":35}},"46":{"start":{"line":93,"column":39},"end":{"line":93,"column":74}},"47":{"start":{"line":94,"column":43},"end":{"line":94,"column":56}},"48":{"start":{"line":95,"column":16},"end":{"line":95,"column":52}},"49":{"start":{"line":97,"column":40},"end":{"line":97,"column":525}},"50":{"start":{"line":97,"column":74},"end":{"line":97,"column":524}},"51":{"start":{"line":97,"column":79},"end":{"line":97,"column":442}},"52":{"start":{"line":97,"column":145},"end":{"line":97,"column":191}},"53":{"start":{"line":97,"column":191},"end":{"line":97,"column":385}},"54":{"start":{"line":97,"column":405},"end":{"line":97,"column":440}},"55":{"start":{"line":97,"column":473},"end":{"line":97,"column":486}},"56":{"start":{"line":97,"column":487},"end":{"line":97,"column":523}},"57":{"start":{"line":118,"column":8},"end":{"line":118,"column":18}},"58":{"start":{"line":118,"column":37},"end":{"line":118,"column":54}},"59":{"start":{"line":118,"column":63},"end":{"line":118,"column":76}},"60":{"start":{"line":118,"column":87},"end":{"line":118,"column":102}},"61":{"start":{"line":118,"column":110},"end":{"line":118,"column":122}},"62":{"start":{"line":118,"column":131},"end":{"line":118,"column":144}},"63":{"start":{"line":118,"column":164},"end":{"line":118,"column":185}},"64":{"start":{"line":118,"column":205},"end":{"line":118,"column":226}},"65":{"start":{"line":118,"column":248},"end":{"line":118,"column":271}},"66":{"start":{"line":118,"column":291},"end":{"line":118,"column":312}},"67":{"start":{"line":120,"column":8},"end":{"line":176,"column":127}},"68":{"start":{"line":157,"column":55},"end":{"line":157,"column":78}},"69":{"start":{"line":158,"column":53},"end":{"line":158,"column":111}},"70":{"start":{"line":202,"column":6},"end":{"line":205,"column":13}}},"fnMap":{"0":{"name":"_interopRequireDefault","decl":{"start":{"line":9,"column":56},"end":{"line":9,"column":78}},"loc":{"start":{"line":9,"column":84},"end":{"line":9,"column":140}},"line":9},"1":{"name":"(anonymous_1)","decl":{"start":{"line":13,"column":45},"end":{"line":13,"column":46}},"loc":{"start":{"line":13,"column":66},"end":{"line":97,"column":18}},"line":13},"2":{"name":"(anonymous_2)","decl":{"start":{"line":51,"column":23},"end":{"line":51,"column":24}},"loc":{"start":{"line":51,"column":43},"end":{"line":57,"column":30}},"line":51},"3":{"name":"(anonymous_3)","decl":{"start":{"line":60,"column":27},"end":{"line":60,"column":28}},"loc":{"start":{"line":60,"column":36},"end":{"line":60,"column":80}},"line":60},"4":{"name":"(anonymous_4)","decl":{"start":{"line":62,"column":29},"end":{"line":62,"column":30}},"loc":{"start":{"line":62,"column":38},"end":{"line":62,"column":84}},"line":62},"5":{"name":"(anonymous_5)","decl":{"start":{"line":64,"column":26},"end":{"line":64,"column":27}},"loc":{"start":{"line":64,"column":35},"end":{"line":64,"column":78}},"line":64},"6":{"name":"(anonymous_6)","decl":{"start":{"line":66,"column":27},"end":{"line":66,"column":28}},"loc":{"start":{"line":66,"column":36},"end":{"line":66,"column":94}},"line":66},"7":{"name":"(anonymous_7)","decl":{"start":{"line":68,"column":27},"end":{"line":68,"column":28}},"loc":{"start":{"line":68,"column":36},"end":{"line":73,"column":9}},"line":68},"8":{"name":"(anonymous_8)","decl":{"start":{"line":75,"column":23},"end":{"line":75,"column":24}},"loc":{"start":{"line":75,"column":29},"end":{"line":84,"column":9}},"line":75},"9":{"name":"(anonymous_9)","decl":{"start":{"line":79,"column":21},"end":{"line":79,"column":22}},"loc":{"start":{"line":79,"column":32},"end":{"line":79,"column":69}},"line":79},"10":{"name":"(anonymous_10)","decl":{"start":{"line":80,"column":22},"end":{"line":80,"column":23}},"loc":{"start":{"line":80,"column":39},"end":{"line":80,"column":74}},"line":80},"11":{"name":"(anonymous_11)","decl":{"start":{"line":86,"column":20},"end":{"line":86,"column":21}},"loc":{"start":{"line":86,"column":26},"end":{"line":97,"column":9}},"line":86},"12":{"name":"(anonymous_12)","decl":{"start":{"line":90,"column":21},"end":{"line":90,"column":22}},"loc":{"start":{"line":90,"column":32},"end":{"line":92,"column":17}},"line":90},"13":{"name":"(anonymous_13)","decl":{"start":{"line":93,"column":22},"end":{"line":93,"column":23}},"loc":{"start":{"line":93,"column":39},"end":{"line":93,"column":74}},"line":93},"14":{"name":"(anonymous_14)","decl":{"start":{"line":97,"column":18},"end":{"line":97,"column":19}},"loc":{"start":{"line":97,"column":39},"end":{"line":97,"column":526}},"line":97},"15":{"name":"(anonymous_15)","decl":{"start":{"line":97,"column":132},"end":{"line":97,"column":133}},"loc":{"start":{"line":97,"column":144},"end":{"line":97,"column":386}},"line":97},"16":{"name":"(anonymous_16)","decl":{"start":{"line":97,"column":394},"end":{"line":97,"column":395}},"loc":{"start":{"line":97,"column":405},"end":{"line":97,"column":440}},"line":97},"17":{"name":"(anonymous_17)","decl":{"start":{"line":115,"column":4},"end":{"line":115,"column":5}},"loc":{"start":{"line":115,"column":13},"end":{"line":202,"column":5}},"line":115},"18":{"name":"(anonymous_18)","decl":{"start":{"line":157,"column":47},"end":{"line":157,"column":48}},"loc":{"start":{"line":157,"column":55},"end":{"line":157,"column":78}},"line":157},"19":{"name":"(anonymous_19)","decl":{"start":{"line":158,"column":43},"end":{"line":158,"column":44}},"loc":{"start":{"line":158,"column":53},"end":{"line":158,"column":111}},"line":158}},"branchMap":{"0":{"loc":{"start":{"line":9,"column":92},"end":{"line":9,"column":138}},"type":"cond-expr","locations":[{"start":{"line":9,"column":116},"end":{"line":9,"column":119}},{"start":{"line":9,"column":122},"end":{"line":9,"column":138}}],"line":9},"1":{"loc":{"start":{"line":9,"column":92},"end":{"line":9,"column":113}},"type":"binary-expr","locations":[{"start":{"line":9,"column":92},"end":{"line":9,"column":95}},{"start":{"line":9,"column":99},"end":{"line":9,"column":113}}],"line":9},"2":{"loc":{"start":{"line":70,"column":12},"end":{"line":71,"column":39}},"type":"if","locations":[{"start":{"line":70,"column":12},"end":{"line":71,"column":39}},{"start":{"line":70,"column":12},"end":{"line":71,"column":39}}],"line":70},"3":{"loc":{"start":{"line":97,"column":40},"end":{"line":97,"column":525}},"type":"if","locations":[{"start":{"line":97,"column":40},"end":{"line":97,"column":525}},{"start":{"line":97,"column":40},"end":{"line":97,"column":525}}],"line":97}},"s":{"0":0,"1":0,"2":0,"3":0,"4":0,"5":0,"6":0,"7":0,"8":0,"9":0,"10":0,"11":0,"12":0,"13":0,"14":0,"15":0,"16":0,"17":0,"18":0,"19":0,"20":0,"21":0,"22":0,"23":0,"24":0,"25":0,"26":0,"27":0,"28":0,"29":0,"30":0,"31":0,"32":0,"33":0,"34":0,"35":0,"36":0,"37":0,"38":0,"39":0,"40":0,"41":0,"42":0,"43":0,"44":0,"45":0,"46":0,"47":0,"48":0,"49":0,"50":0,"51":0,"52":0,"53":0,"54":0,"55":0,"56":0,"57":0,"58":0,"59":0,"60":0,"61":0,"62":0,"63":0,"64":0,"65":0,"66":0,"67":0,"68":0,"69":0,"70":0},"f":{"0":0,"1":0,"2":0,"3":0,"4":0,"5":0,"6":0,"7":0,"8":0,"9":0,"10":0,"11":0,"12":0,"13":0,"14":0,"15":0,"16":0,"17":0,"18":0,"19":0},"b":{"0":[0,0],"1":[0,0],"2":[0,0],"3":[0,0]}}
,"/Users/nico/bootcamp/collab/skylab-bootcamp-201901/staff/nicolas-martin/startlab/startlab-app/src/components/ExerciseItem/index.jsx": {"path":"/Users/nico/bootcamp/collab/skylab-bootcamp-201901/staff/nicolas-martin/startlab/startlab-app/src/components/ExerciseItem/index.jsx","statementMap":{"0":{"start":{"line":1,"column":13},"end":{"line":1,"column":75}},"1":{"start":{"line":1,"column":94},"end":{"line":1,"column":227}},"2":{"start":{"line":1,"column":241},"end":{"line":1,"column":257}},"3":{"start":{"line":1,"column":272},"end":{"line":1,"column":302}},"4":{"start":{"line":1,"column":341},"end":{"line":1,"column":395}},"5":{"start":{"line":2,"column":22},"end":{"line":2,"column":47}},"6":{"start":{"line":5,"column":4},"end":{"line":32,"column":122}},"7":{"start":{"line":15,"column":127},"end":{"line":15,"column":139}},"8":{"start":{"line":26,"column":130},"end":{"line":26,"column":140}},"9":{"start":{"line":35,"column":1},"end":{"line":37,"column":13}}},"fnMap":{"0":{"name":"_interopRequireDefault","decl":{"start":{"line":1,"column":312},"end":{"line":1,"column":334}},"loc":{"start":{"line":1,"column":340},"end":{"line":1,"column":396}},"line":1},"1":{"name":"ExerciseItem","decl":{"start":{"line":4,"column":9},"end":{"line":4,"column":21}},"loc":{"start":{"line":4,"column":98},"end":{"line":35,"column":1}},"line":4},"2":{"name":"(anonymous_2)","decl":{"start":{"line":15,"column":121},"end":{"line":15,"column":122}},"loc":{"start":{"line":15,"column":127},"end":{"line":15,"column":139}},"line":15},"3":{"name":"(anonymous_3)","decl":{"start":{"line":26,"column":124},"end":{"line":26,"column":125}},"loc":{"start":{"line":26,"column":130},"end":{"line":26,"column":140}},"line":26}},"branchMap":{"0":{"loc":{"start":{"line":1,"column":348},"end":{"line":1,"column":394}},"type":"cond-expr","locations":[{"start":{"line":1,"column":372},"end":{"line":1,"column":375}},{"start":{"line":1,"column":378},"end":{"line":1,"column":394}}],"line":1},"1":{"loc":{"start":{"line":1,"column":348},"end":{"line":1,"column":369}},"type":"binary-expr","locations":[{"start":{"line":1,"column":348},"end":{"line":1,"column":351}},{"start":{"line":1,"column":355},"end":{"line":1,"column":369}}],"line":1}},"s":{"0":0,"1":0,"2":0,"3":0,"4":0,"5":0,"6":0,"7":0,"8":0,"9":0},"f":{"0":0,"1":0,"2":0,"3":0},"b":{"0":[0,0],"1":[0,0]}}
,"/Users/nico/bootcamp/collab/skylab-bootcamp-201901/staff/nicolas-martin/startlab/startlab-app/src/components/ExerciseList/index.jsx": {"path":"/Users/nico/bootcamp/collab/skylab-bootcamp-201901/staff/nicolas-martin/startlab/startlab-app/src/components/ExerciseList/index.jsx","statementMap":{"0":{"start":{"line":1,"column":13},"end":{"line":1,"column":75}},"1":{"start":{"line":1,"column":94},"end":{"line":1,"column":227}},"2":{"start":{"line":1,"column":241},"end":{"line":1,"column":257}},"3":{"start":{"line":1,"column":272},"end":{"line":1,"column":302}},"4":{"start":{"line":2,"column":21},"end":{"line":2,"column":46}},"5":{"start":{"line":4,"column":13},"end":{"line":4,"column":45}},"6":{"start":{"line":4,"column":60},"end":{"line":4,"column":90}},"7":{"start":{"line":5,"column":13},"end":{"line":5,"column":35}},"8":{"start":{"line":5,"column":50},"end":{"line":5,"column":80}},"9":{"start":{"line":5,"column":119},"end":{"line":5,"column":173}},"10":{"start":{"line":7,"column":77},"end":{"line":38,"column":17}},"11":{"start":{"line":18,"column":43},"end":{"line":24,"column":30}},"12":{"start":{"line":28,"column":12},"end":{"line":37,"column":66}},"13":{"start":{"line":30,"column":12},"end":{"line":35,"column":65}},"14":{"start":{"line":32,"column":16},"end":{"line":32,"column":54}},"15":{"start":{"line":33,"column":16},"end":{"line":33,"column":45}},"16":{"start":{"line":35,"column":29},"end":{"line":35,"column":64}},"17":{"start":{"line":37,"column":29},"end":{"line":37,"column":64}},"18":{"start":{"line":38,"column":39},"end":{"line":38,"column":175}},"19":{"start":{"line":38,"column":89},"end":{"line":38,"column":118}},"20":{"start":{"line":38,"column":138},"end":{"line":38,"column":173}},"21":{"start":{"line":41,"column":20},"end":{"line":41,"column":40}},"22":{"start":{"line":41,"column":56},"end":{"line":41,"column":73}},"23":{"start":{"line":41,"column":87},"end":{"line":41,"column":97}},"24":{"start":{"line":41,"column":117},"end":{"line":41,"column":134}},"25":{"start":{"line":41,"column":147},"end":{"line":41,"column":163}},"26":{"start":{"line":42,"column":8},"end":{"line":50,"column":253}},"27":{"start":{"line":50,"column":55},"end":{"line":50,"column":248}},"28":{"start":{"line":54,"column":6},"end":{"line":57,"column":13}}},"fnMap":{"0":{"name":"_interopRequireDefault","decl":{"start":{"line":5,"column":90},"end":{"line":5,"column":112}},"loc":{"start":{"line":5,"column":118},"end":{"line":5,"column":174}},"line":5},"1":{"name":"(anonymous_1)","decl":{"start":{"line":7,"column":45},"end":{"line":7,"column":46}},"loc":{"start":{"line":7,"column":66},"end":{"line":38,"column":18}},"line":7},"2":{"name":"(anonymous_2)","decl":{"start":{"line":18,"column":23},"end":{"line":18,"column":24}},"loc":{"start":{"line":18,"column":43},"end":{"line":24,"column":30}},"line":18},"3":{"name":"(anonymous_3)","decl":{"start":{"line":27,"column":23},"end":{"line":27,"column":24}},"loc":{"start":{"line":27,"column":29},"end":{"line":38,"column":9}},"line":27},"4":{"name":"(anonymous_4)","decl":{"start":{"line":29,"column":17},"end":{"line":29,"column":18}},"loc":{"start":{"line":30,"column":12},"end":{"line":35,"column":65}},"line":30},"5":{"name":"(anonymous_5)","decl":{"start":{"line":31,"column":17},"end":{"line":31,"column":18}},"loc":{"start":{"line":31,"column":30},"end":{"line":34,"column":13}},"line":31},"6":{"name":"(anonymous_6)","decl":{"start":{"line":35,"column":18},"end":{"line":35,"column":19}},"loc":{"start":{"line":35,"column":29},"end":{"line":35,"column":64}},"line":35},"7":{"name":"(anonymous_7)","decl":{"start":{"line":37,"column":18},"end":{"line":37,"column":19}},"loc":{"start":{"line":37,"column":29},"end":{"line":37,"column":64}},"line":37},"8":{"name":"(anonymous_8)","decl":{"start":{"line":38,"column":18},"end":{"line":38,"column":19}},"loc":{"start":{"line":38,"column":38},"end":{"line":38,"column":176}},"line":38},"9":{"name":"(anonymous_9)","decl":{"start":{"line":38,"column":75},"end":{"line":38,"column":76}},"loc":{"start":{"line":38,"column":88},"end":{"line":38,"column":119}},"line":38},"10":{"name":"(anonymous_10)","decl":{"start":{"line":38,"column":127},"end":{"line":38,"column":128}},"loc":{"start":{"line":38,"column":138},"end":{"line":38,"column":173}},"line":38},"11":{"name":"(anonymous_11)","decl":{"start":{"line":40,"column":4},"end":{"line":40,"column":5}},"loc":{"start":{"line":40,"column":13},"end":{"line":54,"column":5}},"line":40},"12":{"name":"(anonymous_12)","decl":{"start":{"line":50,"column":34},"end":{"line":50,"column":35}},"loc":{"start":{"line":50,"column":55},"end":{"line":50,"column":248}},"line":50}},"branchMap":{"0":{"loc":{"start":{"line":5,"column":126},"end":{"line":5,"column":172}},"type":"cond-expr","locations":[{"start":{"line":5,"column":150},"end":{"line":5,"column":153}},{"start":{"line":5,"column":156},"end":{"line":5,"column":172}}],"line":5},"1":{"loc":{"start":{"line":5,"column":126},"end":{"line":5,"column":147}},"type":"binary-expr","locations":[{"start":{"line":5,"column":126},"end":{"line":5,"column":129}},{"start":{"line":5,"column":133},"end":{"line":5,"column":147}}],"line":5}},"s":{"0":0,"1":0,"2":0,"3":0,"4":0,"5":0,"6":0,"7":0,"8":0,"9":0,"10":0,"11":0,"12":0,"13":0,"14":0,"15":0,"16":0,"17":0,"18":0,"19":0,"20":0,"21":0,"22":0,"23":0,"24":0,"25":0,"26":0,"27":0,"28":0},"f":{"0":0,"1":0,"2":0,"3":0,"4":0,"5":0,"6":0,"7":0,"8":0,"9":0,"10":0,"11":0,"12":0},"b":{"0":[0,0],"1":[0,0]}}
,"/Users/nico/bootcamp/collab/skylab-bootcamp-201901/staff/nicolas-martin/startlab/startlab-app/src/components/Feedback/index.jsx": {"path":"/Users/nico/bootcamp/collab/skylab-bootcamp-201901/staff/nicolas-martin/startlab/startlab-app/src/components/Feedback/index.jsx","statementMap":{"0":{"start":{"line":1,"column":13},"end":{"line":1,"column":75}},"1":{"start":{"line":1,"column":94},"end":{"line":1,"column":223}},"2":{"start":{"line":1,"column":237},"end":{"line":1,"column":253}},"3":{"start":{"line":1,"column":268},"end":{"line":1,"column":298}},"4":{"start":{"line":1,"column":337},"end":{"line":1,"column":391}},"5":{"start":{"line":4,"column":4},"end":{"line":4,"column":132}},"6":{"start":{"line":5,"column":1},"end":{"line":7,"column":9}}},"fnMap":{"0":{"name":"_interopRequireDefault","decl":{"start":{"line":1,"column":308},"end":{"line":1,"column":330}},"loc":{"start":{"line":1,"column":336},"end":{"line":1,"column":392}},"line":1},"1":{"name":"Feedback","decl":{"start":{"line":3,"column":9},"end":{"line":3,"column":17}},"loc":{"start":{"line":3,"column":31},"end":{"line":5,"column":1}},"line":3}},"branchMap":{"0":{"loc":{"start":{"line":1,"column":344},"end":{"line":1,"column":390}},"type":"cond-expr","locations":[{"start":{"line":1,"column":368},"end":{"line":1,"column":371}},{"start":{"line":1,"column":374},"end":{"line":1,"column":390}}],"line":1},"1":{"loc":{"start":{"line":1,"column":344},"end":{"line":1,"column":365}},"type":"binary-expr","locations":[{"start":{"line":1,"column":344},"end":{"line":1,"column":347}},{"start":{"line":1,"column":351},"end":{"line":1,"column":365}}],"line":1}},"s":{"0":0,"1":0,"2":0,"3":0,"4":0,"5":0,"6":0},"f":{"0":0,"1":0},"b":{"0":[0,0],"1":[0,0]}}
,"/Users/nico/bootcamp/collab/skylab-bootcamp-201901/staff/nicolas-martin/startlab/startlab-app/src/components/FinalMessage/index.jsx": {"path":"/Users/nico/bootcamp/collab/skylab-bootcamp-201901/staff/nicolas-martin/startlab/startlab-app/src/components/FinalMessage/index.jsx","statementMap":{"0":{"start":{"line":1,"column":13},"end":{"line":1,"column":75}},"1":{"start":{"line":1,"column":94},"end":{"line":1,"column":227}},"2":{"start":{"line":1,"column":241},"end":{"line":1,"column":257}},"3":{"start":{"line":1,"column":272},"end":{"line":1,"column":302}},"4":{"start":{"line":2,"column":20},"end":{"line":2,"column":68}},"5":{"start":{"line":2,"column":90},"end":{"line":2,"column":127}},"6":{"start":{"line":2,"column":166},"end":{"line":2,"column":220}},"7":{"start":{"line":5,"column":2},"end":{"line":14,"column":116}},"8":{"start":{"line":18,"column":1},"end":{"line":20,"column":13}}},"fnMap":{"0":{"name":"_interopRequireDefault","decl":{"start":{"line":2,"column":137},"end":{"line":2,"column":159}},"loc":{"start":{"line":2,"column":165},"end":{"line":2,"column":221}},"line":2},"1":{"name":"FinalMessage","decl":{"start":{"line":4,"column":9},"end":{"line":4,"column":21}},"loc":{"start":{"line":4,"column":24},"end":{"line":18,"column":1}},"line":4}},"branchMap":{"0":{"loc":{"start":{"line":2,"column":173},"end":{"line":2,"column":219}},"type":"cond-expr","locations":[{"start":{"line":2,"column":197},"end":{"line":2,"column":200}},{"start":{"line":2,"column":203},"end":{"line":2,"column":219}}],"line":2},"1":{"loc":{"start":{"line":2,"column":173},"end":{"line":2,"column":194}},"type":"binary-expr","locations":[{"start":{"line":2,"column":173},"end":{"line":2,"column":176}},{"start":{"line":2,"column":180},"end":{"line":2,"column":194}}],"line":2}},"s":{"0":0,"1":0,"2":0,"3":0,"4":0,"5":0,"6":0,"7":0,"8":0},"f":{"0":0,"1":0},"b":{"0":[0,0],"1":[0,0]}}
,"/Users/nico/bootcamp/collab/skylab-bootcamp-201901/staff/nicolas-martin/startlab/startlab-app/src/components/Header/index.jsx": {"path":"/Users/nico/bootcamp/collab/skylab-bootcamp-201901/staff/nicolas-martin/startlab/startlab-app/src/components/Header/index.jsx","statementMap":{"0":{"start":{"line":1,"column":13},"end":{"line":1,"column":75}},"1":{"start":{"line":1,"column":94},"end":{"line":1,"column":221}},"2":{"start":{"line":1,"column":235},"end":{"line":1,"column":251}},"3":{"start":{"line":1,"column":266},"end":{"line":1,"column":296}},"4":{"start":{"line":2,"column":22},"end":{"line":2,"column":49}},"5":{"start":{"line":3,"column":19},"end":{"line":3,"column":65}},"6":{"start":{"line":3,"column":86},"end":{"line":3,"column":122}},"7":{"start":{"line":3,"column":161},"end":{"line":3,"column":215}},"8":{"start":{"line":5,"column":15},"end":{"line":30,"column":1}},"9":{"start":{"line":7,"column":2},"end":{"line":26,"column":341}},"10":{"start":{"line":30,"column":2},"end":{"line":32,"column":7}}},"fnMap":{"0":{"name":"_interopRequireDefault","decl":{"start":{"line":3,"column":132},"end":{"line":3,"column":154}},"loc":{"start":{"line":3,"column":160},"end":{"line":3,"column":216}},"line":3},"1":{"name":"(anonymous_1)","decl":{"start":{"line":5,"column":15},"end":{"line":5,"column":16}},"loc":{"start":{"line":5,"column":54},"end":{"line":30,"column":1}},"line":5}},"branchMap":{"0":{"loc":{"start":{"line":3,"column":168},"end":{"line":3,"column":214}},"type":"cond-expr","locations":[{"start":{"line":3,"column":192},"end":{"line":3,"column":195}},{"start":{"line":3,"column":198},"end":{"line":3,"column":214}}],"line":3},"1":{"loc":{"start":{"line":3,"column":168},"end":{"line":3,"column":189}},"type":"binary-expr","locations":[{"start":{"line":3,"column":168},"end":{"line":3,"column":171}},{"start":{"line":3,"column":175},"end":{"line":3,"column":189}}],"line":3},"2":{"loc":{"start":{"line":16,"column":121},"end":{"line":16,"column":334}},"type":"binary-expr","locations":[{"start":{"line":16,"column":121},"end":{"line":16,"column":129}},{"start":{"line":16,"column":133},"end":{"line":16,"column":143}},{"start":{"line":16,"column":147},"end":{"line":16,"column":334}}],"line":16},"3":{"loc":{"start":{"line":18,"column":121},"end":{"line":18,"column":322}},"type":"binary-expr","locations":[{"start":{"line":18,"column":121},"end":{"line":18,"column":132}},{"start":{"line":18,"column":136},"end":{"line":18,"column":322}}],"line":18},"4":{"loc":{"start":{"line":20,"column":121},"end":{"line":20,"column":316}},"type":"binary-expr","locations":[{"start":{"line":20,"column":121},"end":{"line":20,"column":132}},{"start":{"line":20,"column":136},"end":{"line":20,"column":316}}],"line":20},"5":{"loc":{"start":{"line":22,"column":121},"end":{"line":22,"column":339}},"type":"binary-expr","locations":[{"start":{"line":22,"column":121},"end":{"line":22,"column":128}},{"start":{"line":22,"column":132},"end":{"line":22,"column":339}}],"line":22},"6":{"loc":{"start":{"line":24,"column":121},"end":{"line":24,"column":343}},"type":"binary-expr","locations":[{"start":{"line":24,"column":121},"end":{"line":24,"column":128}},{"start":{"line":24,"column":132},"end":{"line":24,"column":343}}],"line":24},"7":{"loc":{"start":{"line":26,"column":121},"end":{"line":26,"column":336}},"type":"binary-expr","locations":[{"start":{"line":26,"column":121},"end":{"line":26,"column":131}},{"start":{"line":26,"column":135},"end":{"line":26,"column":336}}],"line":26}},"s":{"0":0,"1":0,"2":0,"3":0,"4":0,"5":0,"6":0,"7":0,"8":0,"9":0,"10":0},"f":{"0":0,"1":0},"b":{"0":[0,0],"1":[0,0],"2":[0,0,0],"3":[0,0],"4":[0,0],"5":[0,0],"6":[0,0],"7":[0,0]}}
,"/Users/nico/bootcamp/collab/skylab-bootcamp-201901/staff/nicolas-martin/startlab/startlab-app/src/components/Home/index.jsx": {"path":"/Users/nico/bootcamp/collab/skylab-bootcamp-201901/staff/nicolas-martin/startlab/startlab-app/src/components/Home/index.jsx","statementMap":{"0":{"start":{"line":1,"column":13},"end":{"line":1,"column":75}},"1":{"start":{"line":1,"column":94},"end":{"line":1,"column":219}},"2":{"start":{"line":1,"column":233},"end":{"line":1,"column":249}},"3":{"start":{"line":1,"column":264},"end":{"line":1,"column":294}},"4":{"start":{"line":1,"column":333},"end":{"line":1,"column":387}},"5":{"start":{"line":6,"column":14},"end":{"line":6,"column":32}},"6":{"start":{"line":8,"column":4},"end":{"line":16,"column":193}},"7":{"start":{"line":20,"column":4},"end":{"line":23,"column":5}}},"fnMap":{"0":{"name":"_interopRequireDefault","decl":{"start":{"line":1,"column":304},"end":{"line":1,"column":326}},"loc":{"start":{"line":1,"column":332},"end":{"line":1,"column":388}},"line":1},"1":{"name":"(anonymous_1)","decl":{"start":{"line":5,"column":2},"end":{"line":5,"column":3}},"loc":{"start":{"line":5,"column":11},"end":{"line":20,"column":3}},"line":5}},"branchMap":{"0":{"loc":{"start":{"line":1,"column":340},"end":{"line":1,"column":386}},"type":"cond-expr","locations":[{"start":{"line":1,"column":364},"end":{"line":1,"column":367}},{"start":{"line":1,"column":370},"end":{"line":1,"column":386}}],"line":1},"1":{"loc":{"start":{"line":1,"column":340},"end":{"line":1,"column":361}},"type":"binary-expr","locations":[{"start":{"line":1,"column":340},"end":{"line":1,"column":343}},{"start":{"line":1,"column":347},"end":{"line":1,"column":361}}],"line":1}},"s":{"0":0,"1":0,"2":0,"3":0,"4":0,"5":0,"6":0,"7":0},"f":{"0":0,"1":0},"b":{"0":[0,0],"1":[0,0]}}
,"/Users/nico/bootcamp/collab/skylab-bootcamp-201901/staff/nicolas-martin/startlab/startlab-app/src/components/InvitationForm/index.jsx": {"path":"/Users/nico/bootcamp/collab/skylab-bootcamp-201901/staff/nicolas-martin/startlab/startlab-app/src/components/InvitationForm/index.jsx","statementMap":{"0":{"start":{"line":1,"column":13},"end":{"line":1,"column":75}},"1":{"start":{"line":1,"column":94},"end":{"line":1,"column":229}},"2":{"start":{"line":1,"column":243},"end":{"line":1,"column":259}},"3":{"start":{"line":1,"column":274},"end":{"line":1,"column":304}},"4":{"start":{"line":2,"column":21},"end":{"line":2,"column":46}},"5":{"start":{"line":4,"column":13},"end":{"line":4,"column":35}},"6":{"start":{"line":4,"column":50},"end":{"line":4,"column":80}},"7":{"start":{"line":4,"column":119},"end":{"line":4,"column":173}},"8":{"start":{"line":6,"column":79},"end":{"line":64,"column":13}},"9":{"start":{"line":23,"column":39},"end":{"line":29,"column":24}},"10":{"start":{"line":32,"column":32},"end":{"line":32,"column":76}},"11":{"start":{"line":35,"column":6},"end":{"line":35,"column":29}},"12":{"start":{"line":36,"column":6},"end":{"line":37,"column":33}},"13":{"start":{"line":37,"column":6},"end":{"line":37,"column":33}},"14":{"start":{"line":38,"column":6},"end":{"line":38,"column":23}},"15":{"start":{"line":43,"column":6},"end":{"line":50,"column":7}},"16":{"start":{"line":44,"column":8},"end":{"line":44,"column":18}},"17":{"start":{"line":44,"column":30},"end":{"line":44,"column":39}},"18":{"start":{"line":44,"column":48},"end":{"line":44,"column":60}},"19":{"start":{"line":44,"column":70},"end":{"line":44,"column":83}},"20":{"start":{"line":45,"column":8},"end":{"line":47,"column":62}},"21":{"start":{"line":46,"column":24},"end":{"line":46,"column":61}},"22":{"start":{"line":47,"column":25},"end":{"line":47,"column":60}},"23":{"start":{"line":48,"column":36},"end":{"line":48,"column":48}},"24":{"start":{"line":49,"column":8},"end":{"line":49,"column":44}},"25":{"start":{"line":54,"column":6},"end":{"line":63,"column":7}},"26":{"start":{"line":55,"column":16},"end":{"line":55,"column":32}},"27":{"start":{"line":55,"column":51},"end":{"line":55,"column":77}},"28":{"start":{"line":56,"column":8},"end":{"line":60,"column":62}},"29":{"start":{"line":58,"column":10},"end":{"line":58,"column":35}},"30":{"start":{"line":60,"column":25},"end":{"line":60,"column":60}},"31":{"start":{"line":61,"column":37},"end":{"line":61,"column":50}},"32":{"start":{"line":62,"column":8},"end":{"line":62,"column":44}},"33":{"start":{"line":64,"column":35},"end":{"line":64,"column":350}},"34":{"start":{"line":64,"column":55},"end":{"line":64,"column":349}},"35":{"start":{"line":64,"column":60},"end":{"line":64,"column":267}},"36":{"start":{"line":64,"column":143},"end":{"line":64,"column":210}},"37":{"start":{"line":64,"column":230},"end":{"line":64,"column":265}},"38":{"start":{"line":64,"column":298},"end":{"line":64,"column":311}},"39":{"start":{"line":64,"column":312},"end":{"line":64,"column":348}},"40":{"start":{"line":67,"column":4},"end":{"line":67,"column":14}},"41":{"start":{"line":67,"column":33},"end":{"line":67,"column":50}},"42":{"start":{"line":67,"column":59},"end":{"line":67,"column":72}},"43":{"start":{"line":67,"column":92},"end":{"line":67,"column":113}},"44":{"start":{"line":67,"column":133},"end":{"line":67,"column":154}},"45":{"start":{"line":69,"column":4},"end":{"line":80,"column":207}},"46":{"start":{"line":84,"column":4},"end":{"line":87,"column":15}}},"fnMap":{"0":{"name":"_interopRequireDefault","decl":{"start":{"line":4,"column":90},"end":{"line":4,"column":112}},"loc":{"start":{"line":4,"column":118},"end":{"line":4,"column":174}},"line":4},"1":{"name":"(anonymous_1)","decl":{"start":{"line":6,"column":47},"end":{"line":6,"column":48}},"loc":{"start":{"line":6,"column":68},"end":{"line":64,"column":14}},"line":6},"2":{"name":"(anonymous_2)","decl":{"start":{"line":23,"column":19},"end":{"line":23,"column":20}},"loc":{"start":{"line":23,"column":39},"end":{"line":29,"column":24}},"line":23},"3":{"name":"(anonymous_3)","decl":{"start":{"line":32,"column":23},"end":{"line":32,"column":24}},"loc":{"start":{"line":32,"column":32},"end":{"line":32,"column":76}},"line":32},"4":{"name":"(anonymous_4)","decl":{"start":{"line":34,"column":23},"end":{"line":34,"column":24}},"loc":{"start":{"line":34,"column":32},"end":{"line":39,"column":5}},"line":34},"5":{"name":"(anonymous_5)","decl":{"start":{"line":42,"column":19},"end":{"line":42,"column":20}},"loc":{"start":{"line":42,"column":25},"end":{"line":51,"column":5}},"line":42},"6":{"name":"(anonymous_6)","decl":{"start":{"line":46,"column":13},"end":{"line":46,"column":14}},"loc":{"start":{"line":46,"column":24},"end":{"line":46,"column":61}},"line":46},"7":{"name":"(anonymous_7)","decl":{"start":{"line":47,"column":14},"end":{"line":47,"column":15}},"loc":{"start":{"line":47,"column":25},"end":{"line":47,"column":60}},"line":47},"8":{"name":"(anonymous_8)","decl":{"start":{"line":53,"column":16},"end":{"line":53,"column":17}},"loc":{"start":{"line":53,"column":22},"end":{"line":64,"column":5}},"line":53},"9":{"name":"(anonymous_9)","decl":{"start":{"line":57,"column":13},"end":{"line":57,"column":14}},"loc":{"start":{"line":57,"column":24},"end":{"line":59,"column":9}},"line":57},"10":{"name":"(anonymous_10)","decl":{"start":{"line":60,"column":14},"end":{"line":60,"column":15}},"loc":{"start":{"line":60,"column":25},"end":{"line":60,"column":60}},"line":60},"11":{"name":"(anonymous_11)","decl":{"start":{"line":64,"column":14},"end":{"line":64,"column":15}},"loc":{"start":{"line":64,"column":34},"end":{"line":64,"column":351}},"line":64},"12":{"name":"(anonymous_12)","decl":{"start":{"line":64,"column":115},"end":{"line":64,"column":116}},"loc":{"start":{"line":64,"column":142},"end":{"line":64,"column":211}},"line":64},"13":{"name":"(anonymous_13)","decl":{"start":{"line":64,"column":219},"end":{"line":64,"column":220}},"loc":{"start":{"line":64,"column":230},"end":{"line":64,"column":265}},"line":64},"14":{"name":"(anonymous_14)","decl":{"start":{"line":66,"column":2},"end":{"line":66,"column":3}},"loc":{"start":{"line":66,"column":11},"end":{"line":84,"column":3}},"line":66}},"branchMap":{"0":{"loc":{"start":{"line":4,"column":126},"end":{"line":4,"column":172}},"type":"cond-expr","locations":[{"start":{"line":4,"column":150},"end":{"line":4,"column":153}},{"start":{"line":4,"column":156},"end":{"line":4,"column":172}}],"line":4},"1":{"loc":{"start":{"line":4,"column":126},"end":{"line":4,"column":147}},"type":"binary-expr","locations":[{"start":{"line":4,"column":126},"end":{"line":4,"column":129}},{"start":{"line":4,"column":133},"end":{"line":4,"column":147}}],"line":4},"2":{"loc":{"start":{"line":36,"column":6},"end":{"line":37,"column":33}},"type":"if","locations":[{"start":{"line":36,"column":6},"end":{"line":37,"column":33}},{"start":{"line":36,"column":6},"end":{"line":37,"column":33}}],"line":36},"3":{"loc":{"start":{"line":64,"column":35},"end":{"line":64,"column":350}},"type":"if","locations":[{"start":{"line":64,"column":35},"end":{"line":64,"column":350}},{"start":{"line":64,"column":35},"end":{"line":64,"column":350}}],"line":64}},"s":{"0":0,"1":0,"2":0,"3":0,"4":0,"5":0,"6":0,"7":0,"8":0,"9":0,"10":0,"11":0,"12":0,"13":0,"14":0,"15":0,"16":0,"17":0,"18":0,"19":0,"20":0,"21":0,"22":0,"23":0,"24":0,"25":0,"26":0,"27":0,"28":0,"29":0,"30":0,"31":0,"32":0,"33":0,"34":0,"35":0,"36":0,"37":0,"38":0,"39":0,"40":0,"41":0,"42":0,"43":0,"44":0,"45":0,"46":0},"f":{"0":0,"1":0,"2":0,"3":0,"4":0,"5":0,"6":0,"7":0,"8":0,"9":0,"10":0,"11":0,"12":0,"13":0,"14":0},"b":{"0":[0,0],"1":[0,0],"2":[0,0],"3":[0,0]}}
,"/Users/nico/bootcamp/collab/skylab-bootcamp-201901/staff/nicolas-martin/startlab/startlab-app/src/components/InvitationItem/index.jsx": {"path":"/Users/nico/bootcamp/collab/skylab-bootcamp-201901/staff/nicolas-martin/startlab/startlab-app/src/components/InvitationItem/index.jsx","statementMap":{"0":{"start":{"line":1,"column":13},"end":{"line":1,"column":75}},"1":{"start":{"line":1,"column":94},"end":{"line":1,"column":229}},"2":{"start":{"line":1,"column":243},"end":{"line":1,"column":259}},"3":{"start":{"line":1,"column":274},"end":{"line":1,"column":304}},"4":{"start":{"line":1,"column":343},"end":{"line":1,"column":397}},"5":{"start":{"line":4,"column":4},"end":{"line":21,"column":171}},"6":{"start":{"line":12,"column":127},"end":{"line":12,"column":139}},"7":{"start":{"line":17,"column":130},"end":{"line":17,"column":162}},"8":{"start":{"line":26,"column":1},"end":{"line":28,"column":15}}},"fnMap":{"0":{"name":"_interopRequireDefault","decl":{"start":{"line":1,"column":314},"end":{"line":1,"column":336}},"loc":{"start":{"line":1,"column":342},"end":{"line":1,"column":398}},"line":1},"1":{"name":"InvitationItem","decl":{"start":{"line":3,"column":9},"end":{"line":3,"column":23}},"loc":{"start":{"line":3,"column":100},"end":{"line":26,"column":1}},"line":3},"2":{"name":"(anonymous_2)","decl":{"start":{"line":12,"column":121},"end":{"line":12,"column":122}},"loc":{"start":{"line":12,"column":127},"end":{"line":12,"column":139}},"line":12},"3":{"name":"(anonymous_3)","decl":{"start":{"line":17,"column":124},"end":{"line":17,"column":125}},"loc":{"start":{"line":17,"column":130},"end":{"line":17,"column":162}},"line":17}},"branchMap":{"0":{"loc":{"start":{"line":1,"column":350},"end":{"line":1,"column":396}},"type":"cond-expr","locations":[{"start":{"line":1,"column":374},"end":{"line":1,"column":377}},{"start":{"line":1,"column":380},"end":{"line":1,"column":396}}],"line":1},"1":{"loc":{"start":{"line":1,"column":350},"end":{"line":1,"column":371}},"type":"binary-expr","locations":[{"start":{"line":1,"column":350},"end":{"line":1,"column":353}},{"start":{"line":1,"column":357},"end":{"line":1,"column":371}}],"line":1}},"s":{"0":0,"1":0,"2":0,"3":0,"4":0,"5":0,"6":0,"7":0,"8":0},"f":{"0":0,"1":0,"2":0,"3":0},"b":{"0":[0,0],"1":[0,0]}}
,"/Users/nico/bootcamp/collab/skylab-bootcamp-201901/staff/nicolas-martin/startlab/startlab-app/src/components/InvitationList/index.jsx": {"path":"/Users/nico/bootcamp/collab/skylab-bootcamp-201901/staff/nicolas-martin/startlab/startlab-app/src/components/InvitationList/index.jsx","statementMap":{"0":{"start":{"line":1,"column":13},"end":{"line":1,"column":75}},"1":{"start":{"line":1,"column":94},"end":{"line":1,"column":229}},"2":{"start":{"line":1,"column":243},"end":{"line":1,"column":259}},"3":{"start":{"line":1,"column":274},"end":{"line":1,"column":304}},"4":{"start":{"line":2,"column":21},"end":{"line":2,"column":46}},"5":{"start":{"line":4,"column":22},"end":{"line":4,"column":50}},"6":{"start":{"line":4,"column":74},"end":{"line":4,"column":113}},"7":{"start":{"line":5,"column":13},"end":{"line":5,"column":35}},"8":{"start":{"line":5,"column":50},"end":{"line":5,"column":80}},"9":{"start":{"line":5,"column":119},"end":{"line":5,"column":173}},"10":{"start":{"line":7,"column":79},"end":{"line":50,"column":13}},"11":{"start":{"line":18,"column":39},"end":{"line":24,"column":24}},"12":{"start":{"line":28,"column":6},"end":{"line":37,"column":60}},"13":{"start":{"line":30,"column":6},"end":{"line":35,"column":59}},"14":{"start":{"line":32,"column":8},"end":{"line":32,"column":46}},"15":{"start":{"line":33,"column":8},"end":{"line":33,"column":39}},"16":{"start":{"line":35,"column":23},"end":{"line":35,"column":58}},"17":{"start":{"line":37,"column":23},"end":{"line":37,"column":58}},"18":{"start":{"line":42,"column":6},"end":{"line":49,"column":9}},"19":{"start":{"line":44,"column":8},"end":{"line":48,"column":62}},"20":{"start":{"line":46,"column":10},"end":{"line":46,"column":50}},"21":{"start":{"line":48,"column":25},"end":{"line":48,"column":60}},"22":{"start":{"line":50,"column":35},"end":{"line":50,"column":177}},"23":{"start":{"line":50,"column":89},"end":{"line":50,"column":120}},"24":{"start":{"line":50,"column":140},"end":{"line":50,"column":175}},"25":{"start":{"line":53,"column":18},"end":{"line":53,"column":40}},"26":{"start":{"line":53,"column":56},"end":{"line":53,"column":73}},"27":{"start":{"line":53,"column":102},"end":{"line":53,"column":132}},"28":{"start":{"line":53,"column":155},"end":{"line":53,"column":185}},"29":{"start":{"line":55,"column":4},"end":{"line":68,"column":136}},"30":{"start":{"line":64,"column":49},"end":{"line":68,"column":131}},"31":{"start":{"line":75,"column":4},"end":{"line":78,"column":15}}},"fnMap":{"0":{"name":"_interopRequireDefault","decl":{"start":{"line":5,"column":90},"end":{"line":5,"column":112}},"loc":{"start":{"line":5,"column":118},"end":{"line":5,"column":174}},"line":5},"1":{"name":"(anonymous_1)","decl":{"start":{"line":7,"column":47},"end":{"line":7,"column":48}},"loc":{"start":{"line":7,"column":68},"end":{"line":50,"column":14}},"line":7},"2":{"name":"(anonymous_2)","decl":{"start":{"line":18,"column":19},"end":{"line":18,"column":20}},"loc":{"start":{"line":18,"column":39},"end":{"line":24,"column":24}},"line":18},"3":{"name":"(anonymous_3)","decl":{"start":{"line":27,"column":19},"end":{"line":27,"column":20}},"loc":{"start":{"line":27,"column":25},"end":{"line":38,"column":5}},"line":27},"4":{"name":"(anonymous_4)","decl":{"start":{"line":29,"column":11},"end":{"line":29,"column":12}},"loc":{"start":{"line":30,"column":6},"end":{"line":35,"column":59}},"line":30},"5":{"name":"(anonymous_5)","decl":{"start":{"line":31,"column":11},"end":{"line":31,"column":12}},"loc":{"start":{"line":31,"column":26},"end":{"line":34,"column":7}},"line":31},"6":{"name":"(anonymous_6)","decl":{"start":{"line":35,"column":12},"end":{"line":35,"column":13}},"loc":{"start":{"line":35,"column":23},"end":{"line":35,"column":58}},"line":35},"7":{"name":"(anonymous_7)","decl":{"start":{"line":37,"column":12},"end":{"line":37,"column":13}},"loc":{"start":{"line":37,"column":23},"end":{"line":37,"column":58}},"line":37},"8":{"name":"(anonymous_8)","decl":{"start":{"line":40,"column":32},"end":{"line":40,"column":33}},"loc":{"start":{"line":40,"column":47},"end":{"line":50,"column":5}},"line":40},"9":{"name":"(anonymous_9)","decl":{"start":{"line":43,"column":11},"end":{"line":43,"column":12}},"loc":{"start":{"line":43,"column":22},"end":{"line":49,"column":7}},"line":43},"10":{"name":"(anonymous_10)","decl":{"start":{"line":45,"column":13},"end":{"line":45,"column":14}},"loc":{"start":{"line":45,"column":28},"end":{"line":47,"column":9}},"line":45},"11":{"name":"(anonymous_11)","decl":{"start":{"line":48,"column":14},"end":{"line":48,"column":15}},"loc":{"start":{"line":48,"column":25},"end":{"line":48,"column":60}},"line":48},"12":{"name":"(anonymous_12)","decl":{"start":{"line":50,"column":14},"end":{"line":50,"column":15}},"loc":{"start":{"line":50,"column":34},"end":{"line":50,"column":178}},"line":50},"13":{"name":"(anonymous_13)","decl":{"start":{"line":50,"column":73},"end":{"line":50,"column":74}},"loc":{"start":{"line":50,"column":88},"end":{"line":50,"column":121}},"line":50},"14":{"name":"(anonymous_14)","decl":{"start":{"line":50,"column":129},"end":{"line":50,"column":130}},"loc":{"start":{"line":50,"column":140},"end":{"line":50,"column":175}},"line":50},"15":{"name":"(anonymous_15)","decl":{"start":{"line":52,"column":2},"end":{"line":52,"column":3}},"loc":{"start":{"line":52,"column":11},"end":{"line":75,"column":3}},"line":52},"16":{"name":"(anonymous_16)","decl":{"start":{"line":64,"column":26},"end":{"line":64,"column":27}},"loc":{"start":{"line":64,"column":49},"end":{"line":68,"column":131}},"line":64}},"branchMap":{"0":{"loc":{"start":{"line":5,"column":126},"end":{"line":5,"column":172}},"type":"cond-expr","locations":[{"start":{"line":5,"column":150},"end":{"line":5,"column":153}},{"start":{"line":5,"column":156},"end":{"line":5,"column":172}}],"line":5},"1":{"loc":{"start":{"line":5,"column":126},"end":{"line":5,"column":147}},"type":"binary-expr","locations":[{"start":{"line":5,"column":126},"end":{"line":5,"column":129}},{"start":{"line":5,"column":133},"end":{"line":5,"column":147}}],"line":5}},"s":{"0":0,"1":0,"2":0,"3":0,"4":0,"5":0,"6":0,"7":0,"8":0,"9":0,"10":0,"11":0,"12":0,"13":0,"14":0,"15":0,"16":0,"17":0,"18":0,"19":0,"20":0,"21":0,"22":0,"23":0,"24":0,"25":0,"26":0,"27":0,"28":0,"29":0,"30":0,"31":0},"f":{"0":0,"1":0,"2":0,"3":0,"4":0,"5":0,"6":0,"7":0,"8":0,"9":0,"10":0,"11":0,"12":0,"13":0,"14":0,"15":0,"16":0},"b":{"0":[0,0],"1":[0,0]}}
,"/Users/nico/bootcamp/collab/skylab-bootcamp-201901/staff/nicolas-martin/startlab/startlab-app/src/components/Login/index.jsx": {"path":"/Users/nico/bootcamp/collab/skylab-bootcamp-201901/staff/nicolas-martin/startlab/startlab-app/src/components/Login/index.jsx","statementMap":{"0":{"start":{"line":1,"column":13},"end":{"line":1,"column":75}},"1":{"start":{"line":1,"column":94},"end":{"line":1,"column":220}},"2":{"start":{"line":1,"column":234},"end":{"line":1,"column":250}},"3":{"start":{"line":1,"column":265},"end":{"line":1,"column":295}},"4":{"start":{"line":1,"column":334},"end":{"line":1,"column":388}},"5":{"start":{"line":3,"column":70},"end":{"line":15,"column":17}},"6":{"start":{"line":6,"column":36},"end":{"line":6,"column":80}},"7":{"start":{"line":7,"column":39},"end":{"line":7,"column":86}},"8":{"start":{"line":10,"column":12},"end":{"line":10,"column":35}},"9":{"start":{"line":12,"column":12},"end":{"line":12,"column":22}},"10":{"start":{"line":12,"column":37},"end":{"line":12,"column":49}},"11":{"start":{"line":12,"column":61},"end":{"line":12,"column":76}},"12":{"start":{"line":12,"column":87},"end":{"line":12,"column":105}},"13":{"start":{"line":14,"column":12},"end":{"line":14,"column":37}},"14":{"start":{"line":18,"column":27},"end":{"line":18,"column":48}},"15":{"start":{"line":18,"column":68},"end":{"line":18,"column":89}},"16":{"start":{"line":18,"column":112},"end":{"line":18,"column":136}},"17":{"start":{"line":19,"column":8},"end":{"line":29,"column":173}},"18":{"start":{"line":33,"column":6},"end":{"line":35,"column":6}}},"fnMap":{"0":{"name":"_interopRequireDefault","decl":{"start":{"line":1,"column":305},"end":{"line":1,"column":327}},"loc":{"start":{"line":1,"column":333},"end":{"line":1,"column":389}},"line":1},"1":{"name":"(anonymous_1)","decl":{"start":{"line":3,"column":38},"end":{"line":3,"column":39}},"loc":{"start":{"line":3,"column":59},"end":{"line":15,"column":18}},"line":3},"2":{"name":"(anonymous_2)","decl":{"start":{"line":6,"column":27},"end":{"line":6,"column":28}},"loc":{"start":{"line":6,"column":36},"end":{"line":6,"column":80}},"line":6},"3":{"name":"(anonymous_3)","decl":{"start":{"line":7,"column":30},"end":{"line":7,"column":31}},"loc":{"start":{"line":7,"column":39},"end":{"line":7,"column":86}},"line":7},"4":{"name":"(anonymous_4)","decl":{"start":{"line":9,"column":27},"end":{"line":9,"column":28}},"loc":{"start":{"line":9,"column":36},"end":{"line":15,"column":9}},"line":9},"5":{"name":"(anonymous_5)","decl":{"start":{"line":17,"column":4},"end":{"line":17,"column":5}},"loc":{"start":{"line":17,"column":13},"end":{"line":33,"column":5}},"line":17}},"branchMap":{"0":{"loc":{"start":{"line":1,"column":341},"end":{"line":1,"column":387}},"type":"cond-expr","locations":[{"start":{"line":1,"column":365},"end":{"line":1,"column":368}},{"start":{"line":1,"column":371},"end":{"line":1,"column":387}}],"line":1},"1":{"loc":{"start":{"line":1,"column":341},"end":{"line":1,"column":362}},"type":"binary-expr","locations":[{"start":{"line":1,"column":341},"end":{"line":1,"column":344}},{"start":{"line":1,"column":348},"end":{"line":1,"column":362}}],"line":1}},"s":{"0":0,"1":0,"2":0,"3":0,"4":0,"5":0,"6":0,"7":0,"8":0,"9":0,"10":0,"11":0,"12":0,"13":0,"14":0,"15":0,"16":0,"17":0,"18":0},"f":{"0":0,"1":0,"2":0,"3":0,"4":0,"5":0},"b":{"0":[0,0],"1":[0,0]}}
,"/Users/nico/bootcamp/collab/skylab-bootcamp-201901/staff/nicolas-martin/startlab/startlab-app/src/components/NotFound/index.jsx": {"path":"/Users/nico/bootcamp/collab/skylab-bootcamp-201901/staff/nicolas-martin/startlab/startlab-app/src/components/NotFound/index.jsx","statementMap":{"0":{"start":{"line":1,"column":13},"end":{"line":1,"column":75}},"1":{"start":{"line":1,"column":94},"end":{"line":1,"column":223}},"2":{"start":{"line":1,"column":237},"end":{"line":1,"column":253}},"3":{"start":{"line":1,"column":268},"end":{"line":1,"column":298}},"4":{"start":{"line":1,"column":337},"end":{"line":1,"column":391}},"5":{"start":{"line":3,"column":17},"end":{"line":6,"column":132}},"6":{"start":{"line":4,"column":0},"end":{"line":6,"column":132}},"7":{"start":{"line":6,"column":133},"end":{"line":10,"column":9}}},"fnMap":{"0":{"name":"_interopRequireDefault","decl":{"start":{"line":1,"column":308},"end":{"line":1,"column":330}},"loc":{"start":{"line":1,"column":336},"end":{"line":1,"column":392}},"line":1},"1":{"name":"(anonymous_1)","decl":{"start":{"line":3,"column":17},"end":{"line":3,"column":18}},"loc":{"start":{"line":4,"column":0},"end":{"line":6,"column":132}},"line":4}},"branchMap":{"0":{"loc":{"start":{"line":1,"column":344},"end":{"line":1,"column":390}},"type":"cond-expr","locations":[{"start":{"line":1,"column":368},"end":{"line":1,"column":371}},{"start":{"line":1,"column":374},"end":{"line":1,"column":390}}],"line":1},"1":{"loc":{"start":{"line":1,"column":344},"end":{"line":1,"column":365}},"type":"binary-expr","locations":[{"start":{"line":1,"column":344},"end":{"line":1,"column":347}},{"start":{"line":1,"column":351},"end":{"line":1,"column":365}}],"line":1}},"s":{"0":0,"1":0,"2":0,"3":0,"4":0,"5":0,"6":0,"7":0},"f":{"0":0,"1":0},"b":{"0":[0,0],"1":[0,0]}}
,"/Users/nico/bootcamp/collab/skylab-bootcamp-201901/staff/nicolas-martin/startlab/startlab-app/src/components/Register/index.jsx": {"path":"/Users/nico/bootcamp/collab/skylab-bootcamp-201901/staff/nicolas-martin/startlab/startlab-app/src/components/Register/index.jsx","statementMap":{"0":{"start":{"line":1,"column":13},"end":{"line":1,"column":75}},"1":{"start":{"line":1,"column":94},"end":{"line":1,"column":223}},"2":{"start":{"line":1,"column":237},"end":{"line":1,"column":253}},"3":{"start":{"line":1,"column":268},"end":{"line":1,"column":298}},"4":{"start":{"line":1,"column":337},"end":{"line":1,"column":391}},"5":{"start":{"line":3,"column":73},"end":{"line":22,"column":17}},"6":{"start":{"line":6,"column":35},"end":{"line":6,"column":78}},"7":{"start":{"line":7,"column":38},"end":{"line":7,"column":84}},"8":{"start":{"line":8,"column":36},"end":{"line":8,"column":80}},"9":{"start":{"line":9,"column":39},"end":{"line":9,"column":86}},"10":{"start":{"line":10,"column":51},"end":{"line":10,"column":110}},"11":{"start":{"line":13,"column":12},"end":{"line":13,"column":35}},"12":{"start":{"line":18,"column":12},"end":{"line":18,"column":22}},"13":{"start":{"line":18,"column":36},"end":{"line":18,"column":47}},"14":{"start":{"line":18,"column":58},"end":{"line":18,"column":72}},"15":{"start":{"line":18,"column":81},"end":{"line":18,"column":93}},"16":{"start":{"line":18,"column":105},"end":{"line":18,"column":120}},"17":{"start":{"line":18,"column":144},"end":{"line":18,"column":171}},"18":{"start":{"line":18,"column":185},"end":{"line":18,"column":206}},"19":{"start":{"line":20,"column":12},"end":{"line":20,"column":77}},"20":{"start":{"line":32,"column":8},"end":{"line":32,"column":28}},"21":{"start":{"line":32,"column":50},"end":{"line":32,"column":73}},"22":{"start":{"line":32,"column":93},"end":{"line":32,"column":114}},"23":{"start":{"line":32,"column":137},"end":{"line":32,"column":161}},"24":{"start":{"line":32,"column":181},"end":{"line":32,"column":202}},"25":{"start":{"line":32,"column":237},"end":{"line":32,"column":273}},"26":{"start":{"line":34,"column":8},"end":{"line":46,"column":171}},"27":{"start":{"line":50,"column":6},"end":{"line":53,"column":9}}},"fnMap":{"0":{"name":"_interopRequireDefault","decl":{"start":{"line":1,"column":308},"end":{"line":1,"column":330}},"loc":{"start":{"line":1,"column":336},"end":{"line":1,"column":392}},"line":1},"1":{"name":"(anonymous_1)","decl":{"start":{"line":3,"column":41},"end":{"line":3,"column":42}},"loc":{"start":{"line":3,"column":62},"end":{"line":22,"column":18}},"line":3},"2":{"name":"(anonymous_2)","decl":{"start":{"line":6,"column":26},"end":{"line":6,"column":27}},"loc":{"start":{"line":6,"column":35},"end":{"line":6,"column":78}},"line":6},"3":{"name":"(anonymous_3)","decl":{"start":{"line":7,"column":29},"end":{"line":7,"column":30}},"loc":{"start":{"line":7,"column":38},"end":{"line":7,"column":84}},"line":7},"4":{"name":"(anonymous_4)","decl":{"start":{"line":8,"column":27},"end":{"line":8,"column":28}},"loc":{"start":{"line":8,"column":36},"end":{"line":8,"column":80}},"line":8},"5":{"name":"(anonymous_5)","decl":{"start":{"line":9,"column":30},"end":{"line":9,"column":31}},"loc":{"start":{"line":9,"column":39},"end":{"line":9,"column":86}},"line":9},"6":{"name":"(anonymous_6)","decl":{"start":{"line":10,"column":42},"end":{"line":10,"column":43}},"loc":{"start":{"line":10,"column":51},"end":{"line":10,"column":110}},"line":10},"7":{"name":"(anonymous_7)","decl":{"start":{"line":12,"column":27},"end":{"line":12,"column":28}},"loc":{"start":{"line":12,"column":36},"end":{"line":22,"column":9}},"line":12},"8":{"name":"(anonymous_8)","decl":{"start":{"line":24,"column":4},"end":{"line":24,"column":5}},"loc":{"start":{"line":24,"column":13},"end":{"line":50,"column":5}},"line":24}},"branchMap":{"0":{"loc":{"start":{"line":1,"column":344},"end":{"line":1,"column":390}},"type":"cond-expr","locations":[{"start":{"line":1,"column":368},"end":{"line":1,"column":371}},{"start":{"line":1,"column":374},"end":{"line":1,"column":390}}],"line":1},"1":{"loc":{"start":{"line":1,"column":344},"end":{"line":1,"column":365}},"type":"binary-expr","locations":[{"start":{"line":1,"column":344},"end":{"line":1,"column":347}},{"start":{"line":1,"column":351},"end":{"line":1,"column":365}}],"line":1}},"s":{"0":0,"1":0,"2":0,"3":0,"4":0,"5":0,"6":0,"7":0,"8":0,"9":0,"10":0,"11":0,"12":0,"13":0,"14":0,"15":0,"16":0,"17":0,"18":0,"19":0,"20":0,"21":0,"22":0,"23":0,"24":0,"25":0,"26":0,"27":0},"f":{"0":0,"1":0,"2":0,"3":0,"4":0,"5":0,"6":0,"7":0,"8":0},"b":{"0":[0,0],"1":[0,0]}}
,"/Users/nico/bootcamp/collab/skylab-bootcamp-201901/staff/nicolas-martin/startlab/startlab-app/src/components/ResultsTest/index.jsx": {"path":"/Users/nico/bootcamp/collab/skylab-bootcamp-201901/staff/nicolas-martin/startlab/startlab-app/src/components/ResultsTest/index.jsx","statementMap":{"0":{"start":{"line":1,"column":13},"end":{"line":1,"column":75}},"1":{"start":{"line":1,"column":94},"end":{"line":1,"column":226}},"2":{"start":{"line":1,"column":240},"end":{"line":1,"column":256}},"3":{"start":{"line":1,"column":271},"end":{"line":1,"column":301}},"4":{"start":{"line":1,"column":340},"end":{"line":1,"column":394}},"5":{"start":{"line":5,"column":4},"end":{"line":17,"column":22}},"6":{"start":{"line":10,"column":34},"end":{"line":10,"column":61}},"7":{"start":{"line":11,"column":40},"end":{"line":11,"column":61}},"8":{"start":{"line":13,"column":20},"end":{"line":13,"column":90}},"9":{"start":{"line":14,"column":20},"end":{"line":15,"column":57}},"10":{"start":{"line":22,"column":1},"end":{"line":24,"column":12}}},"fnMap":{"0":{"name":"_interopRequireDefault","decl":{"start":{"line":1,"column":311},"end":{"line":1,"column":333}},"loc":{"start":{"line":1,"column":339},"end":{"line":1,"column":395}},"line":1},"1":{"name":"ResultsTest","decl":{"start":{"line":3,"column":9},"end":{"line":3,"column":20}},"loc":{"start":{"line":3,"column":35},"end":{"line":22,"column":1}},"line":3},"2":{"name":"(anonymous_2)","decl":{"start":{"line":9,"column":29},"end":{"line":9,"column":30}},"loc":{"start":{"line":9,"column":46},"end":{"line":17,"column":17}},"line":9}},"branchMap":{"0":{"loc":{"start":{"line":1,"column":347},"end":{"line":1,"column":393}},"type":"cond-expr","locations":[{"start":{"line":1,"column":371},"end":{"line":1,"column":374}},{"start":{"line":1,"column":377},"end":{"line":1,"column":393}}],"line":1},"1":{"loc":{"start":{"line":1,"column":347},"end":{"line":1,"column":368}},"type":"binary-expr","locations":[{"start":{"line":1,"column":347},"end":{"line":1,"column":350}},{"start":{"line":1,"column":354},"end":{"line":1,"column":368}}],"line":1},"2":{"loc":{"start":{"line":13,"column":36},"end":{"line":13,"column":89}},"type":"cond-expr","locations":[{"start":{"line":13,"column":59},"end":{"line":13,"column":73}},{"start":{"line":13,"column":76},"end":{"line":13,"column":89}}],"line":13}},"s":{"0":0,"1":0,"2":0,"3":0,"4":0,"5":0,"6":0,"7":0,"8":0,"9":0,"10":0},"f":{"0":0,"1":0,"2":0},"b":{"0":[0,0],"1":[0,0],"2":[0,0]}}
[...]
line":62,"column":8},"end":{"line":62,"column":82}},{"start":{"line":62,"column":8},"end":{"line":62,"column":82}}],"line":62},"18":{"loc":{"start":{"line":63,"column":8},"end":{"line":63,"column":70}},"type":"if","locations":[{"start":{"line":63,"column":8},"end":{"line":63,"column":70}},{"start":{"line":63,"column":8},"end":{"line":63,"column":70}}],"line":63},"19":{"loc":{"start":{"line":72,"column":16},"end":{"line":72,"column":63}},"type":"if","locations":[{"start":{"line":72,"column":16},"end":{"line":72,"column":63}},{"start":{"line":72,"column":16},"end":{"line":72,"column":63}}],"line":72},"20":{"loc":{"start":{"line":78,"column":8},"end":{"line":78,"column":76}},"type":"if","locations":[{"start":{"line":78,"column":8},"end":{"line":78,"column":76}},{"start":{"line":78,"column":8},"end":{"line":78,"column":76}}],"line":78},"21":{"loc":{"start":{"line":79,"column":8},"end":{"line":79,"column":64}},"type":"if","locations":[{"start":{"line":79,"column":8},"end":{"line":79,"column":64}},{"start":{"line":79,"column":8},"end":{"line":79,"column":64}}],"line":79},"22":{"loc":{"start":{"line":81,"column":8},"end":{"line":81,"column":82}},"type":"if","locations":[{"start":{"line":81,"column":8},"end":{"line":81,"column":82}},{"start":{"line":81,"column":8},"end":{"line":81,"column":82}}],"line":81},"23":{"loc":{"start":{"line":82,"column":8},"end":{"line":82,"column":70}},"type":"if","locations":[{"start":{"line":82,"column":8},"end":{"line":82,"column":70}},{"start":{"line":82,"column":8},"end":{"line":82,"column":70}}],"line":82},"24":{"loc":{"start":{"line":92,"column":16},"end":{"line":92,"column":63}},"type":"if","locations":[{"start":{"line":92,"column":16},"end":{"line":92,"column":63}},{"start":{"line":92,"column":16},"end":{"line":92,"column":63}}],"line":92},"25":{"loc":{"start":{"line":98,"column":8},"end":{"line":98,"column":92}},"type":"if","locations":[{"start":{"line":98,"column":8},"end":{"line":98,"column":92}},{"start":{"line":98,"column":8},"end":{"line":98,"column":92}}],"line":98},"26":{"loc":{"start":{"line":99,"column":8},"end":{"line":99,"column":80}},"type":"if","locations":[{"start":{"line":99,"column":8},"end":{"line":99,"column":80}},{"start":{"line":99,"column":8},"end":{"line":99,"column":80}}],"line":99},"27":{"loc":{"start":{"line":101,"column":8},"end":{"line":101,"column":82}},"type":"if","locations":[{"start":{"line":101,"column":8},"end":{"line":101,"column":82}},{"start":{"line":101,"column":8},"end":{"line":101,"column":82}}],"line":101},"28":{"loc":{"start":{"line":102,"column":8},"end":{"line":102,"column":70}},"type":"if","locations":[{"start":{"line":102,"column":8},"end":{"line":102,"column":70}},{"start":{"line":102,"column":8},"end":{"line":102,"column":70}}],"line":102},"29":{"loc":{"start":{"line":111,"column":16},"end":{"line":111,"column":63}},"type":"if","locations":[{"start":{"line":111,"column":16},"end":{"line":111,"column":63}},{"start":{"line":111,"column":16},"end":{"line":111,"column":63}}],"line":111},"30":{"loc":{"start":{"line":118,"column":8},"end":{"line":118,"column":92}},"type":"if","locations":[{"start":{"line":118,"column":8},"end":{"line":118,"column":92}},{"start":{"line":118,"column":8},"end":{"line":118,"column":92}}],"line":118},"31":{"loc":{"start":{"line":120,"column":8},"end":{"line":120,"column":82}},"type":"if","locations":[{"start":{"line":120,"column":8},"end":{"line":120,"column":82}},{"start":{"line":120,"column":8},"end":{"line":120,"column":82}}],"line":120},"32":{"loc":{"start":{"line":121,"column":8},"end":{"line":121,"column":70}},"type":"if","locations":[{"start":{"line":121,"column":8},"end":{"line":121,"column":70}},{"start":{"line":121,"column":8},"end":{"line":121,"column":70}}],"line":121},"33":{"loc":{"start":{"line":133,"column":16},"end":{"line":133,"column":45}},"type":"if","locations":[{"start":{"line":133,"column":16},"end":{"line":133,"column":45}},{"start":{"line":133,"column":16},"end":{"line":133,"column":45}}],"line":133},"34":{"loc":{"start":{"line":140,"column":8},"end":{"line":140,"column":92}},"type":"if","locations":[{"start":{"line":140,"column":8},"end":{"line":140,"column":92}},{"start":{"line":140,"column":8},"end":{"line":140,"column":92}}],"line":140},"35":{"loc":{"start":{"line":142,"column":8},"end":{"line":142,"column":82}},"type":"if","locations":[{"start":{"line":142,"column":8},"end":{"line":142,"column":82}},{"start":{"line":142,"column":8},"end":{"line":142,"column":82}}],"line":142},"36":{"loc":{"start":{"line":143,"column":8},"end":{"line":143,"column":70}},"type":"if","locations":[{"start":{"line":143,"column":8},"end":{"line":143,"column":70}},{"start":{"line":143,"column":8},"end":{"line":143,"column":70}}],"line":143},"37":{"loc":{"start":{"line":155,"column":16},"end":{"line":155,"column":45}},"type":"if","locations":[{"start":{"line":155,"column":16},"end":{"line":155,"column":45}},{"start":{"line":155,"column":16},"end":{"line":155,"column":45}}],"line":155},"38":{"loc":{"start":{"line":163,"column":8},"end":{"line":163,"column":84}},"type":"if","locations":[{"start":{"line":163,"column":8},"end":{"line":163,"column":84}},{"start":{"line":163,"column":8},"end":{"line":163,"column":84}}],"line":163},"39":{"loc":{"start":{"line":164,"column":8},"end":{"line":164,"column":72}},"type":"if","locations":[{"start":{"line":164,"column":8},"end":{"line":164,"column":72}},{"start":{"line":164,"column":8},"end":{"line":164,"column":72}}],"line":164},"40":{"loc":{"start":{"line":166,"column":8},"end":{"line":166,"column":82}},"type":"if","locations":[{"start":{"line":166,"column":8},"end":{"line":166,"column":82}},{"start":{"line":166,"column":8},"end":{"line":166,"column":82}}],"line":166},"41":{"loc":{"start":{"line":167,"column":8},"end":{"line":167,"column":70}},"type":"if","locations":[{"start":{"line":167,"column":8},"end":{"line":167,"column":70}},{"start":{"line":167,"column":8},"end":{"line":167,"column":70}}],"line":167},"42":{"loc":{"start":{"line":169,"column":8},"end":{"line":169,"column":92}},"type":"if","locations":[{"start":{"line":169,"column":8},"end":{"line":169,"column":92}},{"start":{"line":169,"column":8},"end":{"line":169,"column":92}}],"line":169},"43":{"loc":{"start":{"line":170,"column":8},"end":{"line":170,"column":80}},"type":"if","locations":[{"start":{"line":170,"column":8},"end":{"line":170,"column":80}},{"start":{"line":170,"column":8},"end":{"line":170,"column":80}}],"line":170},"44":{"loc":{"start":{"line":183,"column":16},"end":{"line":183,"column":63}},"type":"if","locations":[{"start":{"line":183,"column":16},"end":{"line":183,"column":63}},{"start":{"line":183,"column":16},"end":{"line":183,"column":63}}],"line":183},"45":{"loc":{"start":{"line":191,"column":8},"end":{"line":191,"column":96}},"type":"if","locations":[{"start":{"line":191,"column":8},"end":{"line":191,"column":96}},{"start":{"line":191,"column":8},"end":{"line":191,"column":96}}],"line":191},"46":{"loc":{"start":{"line":192,"column":8},"end":{"line":192,"column":84}},"type":"if","locations":[{"start":{"line":192,"column":8},"end":{"line":192,"column":84}},{"start":{"line":192,"column":8},"end":{"line":192,"column":84}}],"line":192},"47":{"loc":{"start":{"line":194,"column":8},"end":{"line":194,"column":84}},"type":"if","locations":[{"start":{"line":194,"column":8},"end":{"line":194,"column":84}},{"start":{"line":194,"column":8},"end":{"line":194,"column":84}}],"line":194},"48":{"loc":{"start":{"line":195,"column":8},"end":{"line":195,"column":72}},"type":"if","locations":[{"start":{"line":195,"column":8},"end":{"line":195,"column":72}},{"start":{"line":195,"column":8},"end":{"line":195,"column":72}}],"line":195},"49":{"loc":{"start":{"line":197,"column":8},"end":{"line":197,"column":82}},"type":"if","locations":[{"start":{"line":197,"column":8},"end":{"line":197,"column":82}},{"start":{"line":197,"column":8},"end":{"line":197,"column":82}}],"line":197},"50":{"loc":{"start":{"line":198,"column":8},"end":{"line":198,"column":70}},"type":"if","locations":[{"start":{"line":198,"column":8},"end":{"line":198,"column":70}},{"start":{"line":198,"column":8},"end":{"line":198,"column":70}}],"line":198},"51":{"loc":{"start":{"line":210,"column":16},"end":{"line":210,"column":63}},"type":"if","locations":[{"start":{"line":210,"column":16},"end":{"line":210,"column":63}},{"start":{"line":210,"column":16},"end":{"line":210,"column":63}}],"line":210},"52":{"loc":{"start":{"line":217,"column":8},"end":{"line":217,"column":82}},"type":"if","locations":[{"start":{"line":217,"column":8},"end":{"line":217,"column":82}},{"start":{"line":217,"column":8},"end":{"line":217,"column":82}}],"line":217},"53":{"loc":{"start":{"line":218,"column":8},"end":{"line":218,"column":70}},"type":"if","locations":[{"start":{"line":218,"column":8},"end":{"line":218,"column":70}},{"start":{"line":218,"column":8},"end":{"line":218,"column":70}}],"line":218},"54":{"loc":{"start":{"line":227,"column":16},"end":{"line":227,"column":63}},"type":"if","locations":[{"start":{"line":227,"column":16},"end":{"line":227,"column":63}},{"start":{"line":227,"column":16},"end":{"line":227,"column":63}}],"line":227},"55":{"loc":{"start":{"line":233,"column":8},"end":{"line":233,"column":76}},"type":"if","locations":[{"start":{"line":233,"column":8},"end":{"line":233,"column":76}},{"start":{"line":233,"column":8},"end":{"line":233,"column":76}}],"line":233},"56":{"loc":{"start":{"line":234,"column":8},"end":{"line":234,"column":74}},"type":"if","locations":[{"start":{"line":234,"column":8},"end":{"line":234,"column":74}},{"start":{"line":234,"column":8},"end":{"line":234,"column":74}}],"line":234},"57":{"loc":{"start":{"line":236,"column":8},"end":{"line":236,"column":82}},"type":"if","locations":[{"start":{"line":236,"column":8},"end":{"line":236,"column":82}},{"start":{"line":236,"column":8},"end":{"line":236,"column":82}}],"line":236},"58":{"loc":{"start":{"line":237,"column":8},"end":{"line":237,"column":70}},"type":"if","locations":[{"start":{"line":237,"column":8},"end":{"line":237,"column":70}},{"start":{"line":237,"column":8},"end":{"line":237,"column":70}}],"line":237},"59":{"loc":{"start":{"line":247,"column":16},"end":{"line":247,"column":63}},"type":"if","locations":[{"start":{"line":247,"column":16},"end":{"line":247,"column":63}},{"start":{"line":247,"column":16},"end":{"line":247,"column":63}}],"line":247},"60":{"loc":{"start":{"line":254,"column":8},"end":{"line":254,"column":82}},"type":"if","locations":[{"start":{"line":254,"column":8},"end":{"line":254,"column":82}},{"start":{"line":254,"column":8},"end":{"line":254,"column":82}}],"line":254},"61":{"loc":{"start":{"line":255,"column":8},"end":{"line":255,"column":70}},"type":"if","locations":[{"start":{"line":255,"column":8},"end":{"line":255,"column":70}},{"start":{"line":255,"column":8},"end":{"line":255,"column":70}}],"line":255},"62":{"loc":{"start":{"line":264,"column":16},"end":{"line":264,"column":63}},"type":"if","locations":[{"start":{"line":264,"column":16},"end":{"line":264,"column":63}},{"start":{"line":264,"column":16},"end":{"line":264,"column":63}}],"line":264},"63":{"loc":{"start":{"line":270,"column":8},"end":{"line":270,"column":96}},"type":"if","locations":[{"start":{"line":270,"column":8},"end":{"line":270,"column":96}},{"start":{"line":270,"column":8},"end":{"line":270,"column":96}}],"line":270},"64":{"loc":{"start":{"line":271,"column":8},"end":{"line":271,"column":84}},"type":"if","locations":[{"start":{"line":271,"column":8},"end":{"line":271,"column":84}},{"start":{"line":271,"column":8},"end":{"line":271,"column":84}}],"line":271},"65":{"loc":{"start":{"line":273,"column":8},"end":{"line":273,"column":82}},"type":"if","locations":[{"start":{"line":273,"column":8},"end":{"line":273,"column":82}},{"start":{"line":273,"column":8},"end":{"line":273,"column":82}}],"line":273},"66":{"loc":{"start":{"line":274,"column":8},"end":{"line":274,"column":70}},"type":"if","locations":[{"start":{"line":274,"column":8},"end":{"line":274,"column":70}},{"start":{"line":274,"column":8},"end":{"line":274,"column":70}}],"line":274},"67":{"loc":{"start":{"line":283,"column":16},"end":{"line":283,"column":63}},"type":"if","locations":[{"start":{"line":283,"column":16},"end":{"line":283,"column":63}},{"start":{"line":283,"column":16},"end":{"line":283,"column":63}}],"line":283},"68":{"loc":{"start":{"line":290,"column":8},"end":{"line":290,"column":96}},"type":"if","locations":[{"start":{"line":290,"column":8},"end":{"line":290,"column":96}},{"start":{"line":290,"column":8},"end":{"line":290,"column":96}}],"line":290},"69":{"loc":{"start":{"line":292,"column":8},"end":{"line":292,"column":82}},"type":"if","locations":[{"start":{"line":292,"column":8},"end":{"line":292,"column":82}},{"start":{"line":292,"column":8},"end":{"line":292,"column":82}}],"line":292},"70":{"loc":{"start":{"line":293,"column":8},"end":{"line":293,"column":70}},"type":"if","locations":[{"start":{"line":293,"column":8},"end":{"line":293,"column":70}},{"start":{"line":293,"column":8},"end":{"line":293,"column":70}}],"line":293},"71":{"loc":{"start":{"line":305,"column":16},"end":{"line":305,"column":45}},"type":"if","locations":[{"start":{"line":305,"column":16},"end":{"line":305,"column":45}},{"start":{"line":305,"column":16},"end":{"line":305,"column":45}}],"line":305},"72":{"loc":{"start":{"line":312,"column":8},"end":{"line":312,"column":96}},"type":"if","locations":[{"start":{"line":312,"column":8},"end":{"line":312,"column":96}},{"start":{"line":312,"column":8},"end":{"line":312,"column":96}}],"line":312},"73":{"loc":{"start":{"line":314,"column":8},"end":{"line":314,"column":82}},"type":"if","locations":[{"start":{"line":314,"column":8},"end":{"line":314,"column":82}},{"start":{"line":314,"column":8},"end":{"line":314,"column":82}}],"line":314},"74":{"loc":{"start":{"line":315,"column":8},"end":{"line":315,"column":70}},"type":"if","locations":[{"start":{"line":315,"column":8},"end":{"line":315,"column":70}},{"start":{"line":315,"column":8},"end":{"line":315,"column":70}}],"line":315},"75":{"loc":{"start":{"line":327,"column":16},"end":{"line":327,"column":45}},"type":"if","locations":[{"start":{"line":327,"column":16},"end":{"line":327,"column":45}},{"start":{"line":327,"column":16},"end":{"line":327,"column":45}}],"line":327},"76":{"loc":{"start":{"line":336,"column":8},"end":{"line":336,"column":82}},"type":"if","locations":[{"start":{"line":336,"column":8},"end":{"line":336,"column":82}},{"start":{"line":336,"column":8},"end":{"line":336,"column":82}}],"line":336},"77":{"loc":{"start":{"line":337,"column":8},"end":{"line":337,"column":70}},"type":"if","locations":[{"start":{"line":337,"column":8},"end":{"line":337,"column":70}},{"start":{"line":337,"column":8},"end":{"line":337,"column":70}}],"line":337},"78":{"loc":{"start":{"line":339,"column":8},"end":{"line":339,"column":96}},"type":"if","locations":[{"start":{"line":339,"column":8},"end":{"line":339,"column":96}},{"start":{"line":339,"column":8},"end":{"line":339,"column":96}}],"line":339}},"s":{"0":2,"1":2,"2":2,"3":12,"4":1,"5":11,"6":1,"7":10,"8":1,"9":9,"10":1,"11":8,"12":1,"13":7,"14":1,"15":6,"16":1,"17":5,"18":1,"19":4,"20":1,"21":3,"22":1,"23":2,"24":1,"25":1,"26":1,"27":1,"28":0,"29":1,"30":16,"31":1,"32":15,"33":1,"34":14,"35":1,"36":13,"37":1,"38":12,"39":12,"40":12,"41":5,"42":7,"43":2,"44":1,"45":1,"46":1,"47":0,"48":0,"49":0,"50":0,"51":0,"52":4,"53":1,"54":3,"55":1,"56":2,"57":1,"58":1,"59":1,"60":0,"61":0,"62":0,"63":0,"64":0,"65":4,"66":1,"67":3,"68":1,"69":2,"70":1,"71":1,"72":1,"73":0,"74":0,"75":0,"76":0,"77":0,"78":3,"79":1,"80":2,"81":1,"82":1,"83":1,"84":0,"85":0,"86":0,"87":0,"88":0,"89":3,"90":1,"91":2,"92":1,"93":1,"94":1,"95":0,"96":0,"97":0,"98":0,"99":0,"100":6,"101":1,"102":5,"103":1,"104":4,"105":1,"106":3,"107":1,"108":2,"109":1,"110":1,"111":1,"112":0,"113":0,"114":0,"115":0,"116":0,"117":0,"118":6,"119":1,"120":5,"121":1,"122":4,"123":1,"124":3,"125":1,"126":2,"127":1,"128":1,"129":1,"130":0,"131":0,"132":0,"133":0,"134":0,"135":2,"136":1,"137":1,"138":1,"139":0,"140":0,"141":0,"142":0,"143":0,"144":4,"145":1,"146":3,"147":1,"148":2,"149":1,"150":1,"151":1,"152":0,"153":0,"154":0,"155":0,"156":0,"157":2,"158":1,"159":1,"160":1,"161":0,"162":0,"163":0,"164":0,"165":0,"166":4,"167":1,"168":3,"169":1,"170":2,"171":1,"172":1,"173":1,"174":0,"175":0,"176":0,"177":0,"178":0,"179":3,"180":1,"181":2,"182":1,"183":1,"184":1,"185":0,"186":0,"187":0,"188":0,"189":0,"190":3,"191":1,"192":2,"193":1,"194":1,"195":1,"196":0,"197":0,"198":0,"199":0,"200":0,"201":3,"202":1,"203":2,"204":1,"205":1,"206":1,"207":0,"208":0,"209":0},"f":{"0":1,"1":1,"2":12,"3":12,"4":0,"5":0,"6":0,"7":0,"8":0,"9":0,"10":0,"11":0,"12":0,"13":0,"14":0,"15":0,"16":0,"17":0,"18":0,"19":0,"20":0,"21":0,"22":0,"23":0,"24":0,"25":0,"26":0,"27":0,"28":0,"29":0,"30":0,"31":0},"b":{"0":[1,11],"1":[1,10],"2":[1,9],"3":[1,8],"4":[1,7],"5":[1,6],"6":[1,5],"7":[1,4],"8":[1,3],"9":[1,2],"10":[1,1],"11":[0,1],"12":[1,15],"13":[1,14],"14":[1,13],"15":[1,12],"16":[5,7],"17":[1,1],"18":[1,0],"19":[0,0],"20":[1,3],"21":[1,2],"22":[1,1],"23":[1,0],"24":[0,0],"25":[1,3],"26":[1,2],"27":[1,1],"28":[1,0],"29":[0,0],"30":[1,2],"31":[1,1],"32":[1,0],"33":[0,0],"34":[1,2],"35":[1,1],"36":[1,0],"37":[0,0],"38":[1,5],"39":[1,4],"40":[1,3],"41":[1,2],"42":[1,1],"43":[1,0],"44":[0,0],"45":[1,5],"46":[1,4],"47":[1,3],"48":[1,2],"49":[1,1],"50":[1,0],"51":[0,0],"52":[1,1],"53":[1,0],"54":[0,0],"55":[1,3],"56":[1,2],"57":[1,1],"58":[1,0],"59":[0,0],"60":[1,1],"61":[1,0],"62":[0,0],"63":[1,3],"64":[1,2],"65":[1,1],"66":[1,0],"67":[0,0],"68":[1,2],"69":[1,1],"70":[1,0],"71":[0,0],"72":[1,2],"73":[1,1],"74":[1,0],"75":[0,0],"76":[1,2],"77":[1,1],"78":[1,0]},"_coverageSchema":"332fd63041d2c1bcb487cc26dd0d5f7d97098a6c","hash":"05704f0e5d217adeeffd4ae15ed1cda6fe0502d5"}
,"/Users/nico/bootcamp/collab/skylab-bootcamp-201901/staff/nicolas-martin/startlab/startlab-app/src/token-helper/index.js": {"path":"/Users/nico/bootcamp/collab/skylab-bootcamp-201901/staff/nicolas-martin/startlab/startlab-app/src/token-helper/index.js","statementMap":{"0":{"start":{"line":3,"column":12},"end":{"line":3,"column":35}},"1":{"start":{"line":5,"column":16},"end":{"line":5,"column":23}},"2":{"start":{"line":7,"column":20},"end":{"line":37,"column":1}},"3":{"start":{"line":11,"column":8},"end":{"line":11,"column":78}},"4":{"start":{"line":15,"column":24},"end":{"line":15,"column":57}},"5":{"start":{"line":17,"column":8},"end":{"line":17,"column":70}},"6":{"start":{"line":17,"column":18},"end":{"line":17,"column":70}},"7":{"start":{"line":19,"column":8},"end":{"line":19,"column":18}},"8":{"start":{"line":23,"column":47},"end":{"line":23,"column":50}},"9":{"start":{"line":25,"column":22},"end":{"line":25,"column":48}},"10":{"start":{"line":27,"column":8},"end":{"line":33,"column":9}},"11":{"start":{"line":28,"column":27},"end":{"line":28,"column":50}},"12":{"start":{"line":30,"column":12},"end":{"line":30,"column":31}},"13":{"start":{"line":32,"column":12},"end":{"line":32,"column":59}},"14":{"start":{"line":35,"column":8},"end":{"line":35,"column":14}},"15":{"start":{"line":39,"column":62},"end":{"line":39,"column":73}},"16":{"start":{"line":41,"column":0},"end":{"line":41,"column":55}},"17":{"start":{"line":42,"column":0},"end":{"line":42,"column":55}},"18":{"start":{"line":43,"column":0},"end":{"line":43,"column":79}},"19":{"start":{"line":45,"column":0},"end":{"line":45,"column":28}}},"fnMap":{},"branchMap":{"0":{"loc":{"start":{"line":17,"column":8},"end":{"line":17,"column":70}},"type":"if","locations":[{"start":{"line":17,"column":8},"end":{"line":17,"column":70}},{"start":{"line":17,"column":8},"end":{"line":17,"column":70}}],"line":17}},"s":{"0":1,"1":1,"2":1,"3":1,"4":1,"5":1,"6":0,"7":1,"8":0,"9":0,"10":0,"11":0,"12":0,"13":0,"14":0,"15":1,"16":1,"17":1,"18":1,"19":1},"f":{},"b":{"0":[0,1]},"_coverageSchema":"332fd63041d2c1bcb487cc26dd0d5f7d97098a6c","hash":"344c5c3b01f8bc2c87fa7be9a69091f8fc203cd7"}
}
