TN:
SF:/Users/nico/bootcamp/collab/skylab-bootcamp-201901/staff/nicolas-martin/startlab/startlab-app/src/index.js
FN:11,_interopRequireDefault
FNF:1
FNH:0
FNDA:0,_interopRequireDefault
DA:1,0
DA:2,0
DA:3,0
DA:5,0
DA:6,0
DA:8,0
DA:10,0
DA:11,0
DA:13,0
DA:17,0
DA:21,0
DA:27,0
DA:31,0
DA:36,0
LF:14
LH:0
BRDA:11,0,0,0
BRDA:11,0,1,0
BRDA:11,1,0,0
BRDA:11,1,1,0
BRF:4
BRH:0
end_of_record
TN:
SF:/Users/nico/bootcamp/collab/skylab-bootcamp-201901/staff/nicolas-martin/startlab/startlab-app/src/components/ActiveExercise/index.jsx
FN:2,_interopRequireDefault
FN:4,ActiveExercise
FNF:2
FNH:0
FNDA:0,_interopRequireDefault
FNDA:0,ActiveExercise
DA:1,0
DA:2,0
DA:5,0
DA:12,0
LF:4
LH:0
BRDA:2,0,0,0
BRDA:2,0,1,0
BRDA:2,1,0,0
BRDA:2,1,1,0
BRF:4
BRH:0
end_of_record
TN:
SF:/Users/nico/bootcamp/collab/skylab-bootcamp-201901/staff/nicolas-martin/startlab/startlab-app/src/components/AnswerForm/index.jsx
FN:6,_interopRequireDefault
FN:8,AnswerForm
FN:14,(anonymous_2)
FN:15,(anonymous_3)
FNF:4
FNH:0
FNDA:0,_interopRequireDefault
FNDA:0,AnswerForm
FNDA:0,(anonymous_2)
FNDA:0,(anonymous_3)
DA:1,0
DA:3,0
DA:4,0
DA:5,0
DA:6,0
DA:9,0
DA:14,0
DA:15,0
DA:29,0
LF:9
LH:0
BRDA:6,0,0,0
BRDA:6,0,1,0
BRDA:6,1,0,0
BRDA:6,1,1,0
BRF:4
BRH:0
end_of_record
TN:
SF:/Users/nico/bootcamp/collab/skylab-bootcamp-201901/staff/nicolas-martin/startlab/startlab-app/src/components/App/index.jsx
FN:19,_interopRequireDefault
FN:21,(anonymous_1)
FN:27,(anonymous_2)
FN:30,(anonymous_3)
FN:34,(anonymous_4)
FN:40,(anonymous_5)
FN:43,(anonymous_6)
FN:47,(anonymous_7)
FN:53,(anonymous_8)
FN:62,(anonymous_9)
FN:69,(anonymous_10)
FN:70,(anonymous_11)
FN:72,(anonymous_12)
FN:74,(anonymous_13)
FN:79,(anonymous_14)
FN:84,(anonymous_15)
FN:86,(anonymous_16)
FN:88,(anonymous_17)
FN:90,(anonymous_18)
FN:92,(anonymous_19)
FN:110,(anonymous_20)
FN:113,(anonymous_21)
FN:114,(anonymous_22)
FN:116,(anonymous_23)
FN:117,(anonymous_24)
FN:118,(anonymous_25)
FN:120,(anonymous_26)
FN:121,(anonymous_27)
FN:122,(anonymous_28)
FNF:29
FNH:0
FNDA:0,_interopRequireDefault
FNDA:0,(anonymous_1)
FNDA:0,(anonymous_2)
FNDA:0,(anonymous_3)
FNDA:0,(anonymous_4)
FNDA:0,(anonymous_5)
FNDA:0,(anonymous_6)
FNDA:0,(anonymous_7)
FNDA:0,(anonymous_8)
FNDA:0,(anonymous_9)
FNDA:0,(anonymous_10)
FNDA:0,(anonymous_11)
FNDA:0,(anonymous_12)
FNDA:0,(anonymous_13)
FNDA:0,(anonymous_14)
FNDA:0,(anonymous_15)
FNDA:0,(anonymous_16)
FNDA:0,(anonymous_17)
FNDA:0,(anonymous_18)
FNDA:0,(anonymous_19)
FNDA:0,(anonymous_20)
FNDA:0,(anonymous_21)
FNDA:0,(anonymous_22)
FNDA:0,(anonymous_23)
FNDA:0,(anonymous_24)
FNDA:0,(anonymous_25)
FNDA:0,(anonymous_26)
FNDA:0,(anonymous_27)
FNDA:0,(anonymous_28)
DA:1,0
DA:8,0
DA:9,0
DA:10,0
DA:11,0
DA:12,0
DA:13,0
DA:14,0
DA:15,0
DA:16,0
DA:18,0
DA:19,0
DA:21,0
DA:28,0
DA:29,0
DA:31,0
DA:32,0
DA:34,0
DA:35,0
DA:36,0
DA:41,0
DA:42,0
DA:44,0
DA:45,0
DA:47,0
DA:48,0
DA:49,0
DA:53,0
DA:63,0
DA:64,0
DA:65,0
DA:66,0
DA:69,0
DA:70,0
DA:72,0
DA:75,0
DA:76,0
DA:80,0
DA:81,0
DA:84,0
DA:86,0
DA:88,0
DA:90,0
DA:104,0
DA:106,0
DA:110,0
DA:113,0
DA:114,0
DA:116,0
DA:117,0
DA:118,0
DA:120,0
DA:121,0
DA:122,0
DA:128,0
LF:55
LH:0
BRDA:19,0,0,0
BRDA:19,0,1,0
BRDA:19,1,0,0
BRDA:19,1,1,0
BRDA:110,2,0,0
BRDA:110,2,1,0
BRDA:113,3,0,0
BRDA:113,3,1,0
BRDA:114,4,0,0
BRDA:114,4,1,0
BRDA:116,5,0,0
BRDA:116,5,1,0
BRDA:117,6,0,0
BRDA:117,6,1,0
BRDA:118,7,0,0
BRDA:118,7,1,0
BRDA:120,8,0,0
BRDA:120,8,1,0
BRDA:121,9,0,0
BRDA:121,9,1,0
BRDA:122,10,0,0
BRDA:122,10,1,0
BRF:22
BRH:0
end_of_record
TN:
SF:/Users/nico/bootcamp/collab/skylab-bootcamp-201901/staff/nicolas-martin/startlab/startlab-app/src/components/ExerciseForm/index.jsx
FN:9,_interopRequireDefault
FN:13,(anonymous_1)
FN:51,(anonymous_2)
FN:60,(anonymous_3)
FN:62,(anonymous_4)
FN:64,(anonymous_5)
FN:66,(anonymous_6)
FN:68,(anonymous_7)
FN:75,(anonymous_8)
FN:79,(anonymous_9)
FN:80,(anonymous_10)
FN:86,(anonymous_11)
FN:90,(anonymous_12)
FN:93,(anonymous_13)
FN:97,(anonymous_14)
FN:97,(anonymous_15)
FN:97,(anonymous_16)
FN:115,(anonymous_17)
FN:157,(anonymous_18)
FN:158,(anonymous_19)
FNF:20
FNH:0
FNDA:0,_interopRequireDefault
FNDA:0,(anonymous_1)
FNDA:0,(anonymous_2)
FNDA:0,(anonymous_3)
FNDA:0,(anonymous_4)
FNDA:0,(anonymous_5)
FNDA:0,(anonymous_6)
FNDA:0,(anonymous_7)
FNDA:0,(anonymous_8)
FNDA:0,(anonymous_9)
FNDA:0,(anonymous_10)
FNDA:0,(anonymous_11)
FNDA:0,(anonymous_12)
FNDA:0,(anonymous_13)
FNDA:0,(anonymous_14)
FNDA:0,(anonymous_15)
FNDA:0,(anonymous_16)
FNDA:0,(anonymous_17)
FNDA:0,(anonymous_18)
FNDA:0,(anonymous_19)
DA:1,0
DA:4,0
DA:6,0
DA:7,0
DA:8,0
DA:9,0
DA:13,0
DA:51,0
DA:60,0
DA:62,0
DA:64,0
DA:66,0
DA:69,0
DA:70,0
DA:71,0
DA:72,0
DA:76,0
DA:77,0
DA:78,0
DA:79,0
DA:80,0
DA:81,0
DA:82,0
DA:87,0
DA:88,0
DA:89,0
DA:91,0
DA:93,0
DA:94,0
DA:95,0
DA:97,0
DA:118,0
DA:120,0
DA:157,0
DA:158,0
DA:202,0
LF:36
LH:0
BRDA:9,0,0,0
BRDA:9,0,1,0
BRDA:9,1,0,0
BRDA:9,1,1,0
BRDA:70,2,0,0
BRDA:70,2,1,0
BRDA:97,3,0,0
BRDA:97,3,1,0
BRF:8
BRH:0
end_of_record
TN:
SF:/Users/nico/bootcamp/collab/skylab-bootcamp-201901/staff/nicolas-martin/startlab/startlab-app/src/components/ExerciseItem/index.jsx
FN:1,_interopRequireDefault
FN:4,ExerciseItem
FN:15,(anonymous_2)
FN:26,(anonymous_3)
FNF:4
FNH:0
FNDA:0,_interopRequireDefault
FNDA:0,ExerciseItem
FNDA:0,(anonymous_2)
FNDA:0,(anonymous_3)
DA:1,0
DA:2,0
DA:5,0
DA:15,0
DA:26,0
DA:35,0
LF:6
LH:0
BRDA:1,0,0,0
BRDA:1,0,1,0
BRDA:1,1,0,0
BRDA:1,1,1,0
BRF:4
BRH:0
end_of_record
TN:
SF:/Users/nico/bootcamp/collab/skylab-bootcamp-201901/staff/nicolas-martin/startlab/startlab-app/src/components/ExerciseList/index.jsx
FN:5,_interopRequireDefault
FN:7,(anonymous_1)
FN:18,(anonymous_2)
FN:27,(anonymous_3)
FN:29,(anonymous_4)
FN:31,(anonymous_5)
FN:35,(anonymous_6)
FN:37,(anonymous_7)
FN:38,(anonymous_8)
FN:38,(anonymous_9)
FN:38,(anonymous_10)
FN:40,(anonymous_11)
FN:50,(anonymous_12)
FNF:13
FNH:0
FNDA:0,_interopRequireDefault
FNDA:0,(anonymous_1)
FNDA:0,(anonymous_2)
FNDA:0,(anonymous_3)
FNDA:0,(anonymous_4)
FNDA:0,(anonymous_5)
FNDA:0,(anonymous_6)
FNDA:0,(anonymous_7)
FNDA:0,(anonymous_8)
FNDA:0,(anonymous_9)
FNDA:0,(anonymous_10)
FNDA:0,(anonymous_11)
FNDA:0,(anonymous_12)
DA:1,0
DA:2,0
DA:4,0
DA:5,0
DA:7,0
DA:18,0
DA:28,0
DA:30,0
DA:32,0
DA:33,0
DA:35,0
DA:37,0
DA:38,0
DA:41,0
DA:42,0
DA:50,0
DA:54,0
LF:17
LH:0
BRDA:5,0,0,0
BRDA:5,0,1,0
BRDA:5,1,0,0
BRDA:5,1,1,0
BRF:4
BRH:0
end_of_record
TN:
SF:/Users/nico/bootcamp/collab/skylab-bootcamp-201901/staff/nicolas-martin/startlab/startlab-app/src/components/Feedback/index.jsx
FN:1,_interopRequireDefault
FN:3,Feedback
FNF:2
FNH:0
FNDA:0,_interopRequireDefault
FNDA:0,Feedback
DA:1,0
DA:4,0
DA:5,0
LF:3
LH:0
BRDA:1,0,0,0
BRDA:1,0,1,0
BRDA:1,1,0,0
BRDA:1,1,1,0
BRF:4
BRH:0
end_of_record
TN:
SF:/Users/nico/bootcamp/collab/skylab-bootcamp-201901/staff/nicolas-martin/startlab/startlab-app/src/components/FinalMessage/index.jsx
FN:2,_interopRequireDefault
FN:4,FinalMessage
FNF:2
FNH:0
FNDA:0,_interopRequireDefault
FNDA:0,FinalMessage
DA:1,0
DA:2,0
DA:5,0
DA:18,0
LF:4
LH:0
BRDA:2,0,0,0
BRDA:2,0,1,0
BRDA:2,1,0,0
BRDA:2,1,1,0
BRF:4
BRH:0
end_of_record
TN:
SF:/Users/nico/bootcamp/collab/skylab-bootcamp-201901/staff/nicolas-martin/startlab/startlab-app/src/components/Header/index.jsx
FN:3,_interopRequireDefault
FN:5,(anonymous_1)
FNF:2
FNH:0
FNDA:0,_interopRequireDefault
FNDA:0,(anonymous_1)
DA:1,0
DA:2,0
DA:3,0
DA:5,0
DA:7,0
DA:30,0
LF:6
LH:0
BRDA:3,0,0,0
BRDA:3,0,1,0
BRDA:3,1,0,0
BRDA:3,1,1,0
BRDA:16,2,0,0
BRDA:16,2,1,0
BRDA:16,2,2,0
BRDA:18,3,0,0
BRDA:18,3,1,0
BRDA:20,4,0,0
BRDA:20,4,1,0
BRDA:22,5,0,0
BRDA:22,5,1,0
BRDA:24,6,0,0
BRDA:24,6,1,0
BRDA:26,7,0,0
BRDA:26,7,1,0
BRF:17
BRH:0
end_of_record
TN:
SF:/Users/nico/bootcamp/collab/skylab-bootcamp-201901/staff/nicolas-martin/startlab/startlab-app/src/components/Home/index.jsx
FN:1,_interopRequireDefault
FN:5,(anonymous_1)
FNF:2
FNH:0
FNDA:0,_interopRequireDefault
FNDA:0,(anonymous_1)
DA:1,0
DA:6,0
DA:8,0
DA:20,0
LF:4
LH:0
BRDA:1,0,0,0
BRDA:1,0,1,0
BRDA:1,1,0,0
BRDA:1,1,1,0
BRF:4
BRH:0
end_of_record
TN:
SF:/Users/nico/bootcamp/collab/skylab-bootcamp-201901/staff/nicolas-martin/startlab/startlab-app/src/components/InvitationForm/index.jsx
FN:4,_interopRequireDefault
FN:6,(anonymous_1)
FN:23,(anonymous_2)
FN:32,(anonymous_3)
FN:34,(anonymous_4)
FN:42,(anonymous_5)
FN:46,(anonymous_6)
FN:47,(anonymous_7)
FN:53,(anonymous_8)
FN:57,(anonymous_9)
FN:60,(anonymous_10)
FN:64,(anonymous_11)
FN:64,(anonymous_12)
FN:64,(anonymous_13)
FN:66,(anonymous_14)
FNF:15
FNH:0
FNDA:0,_interopRequireDefault
FNDA:0,(anonymous_1)
FNDA:0,(anonymous_2)
FNDA:0,(anonymous_3)
FNDA:0,(anonymous_4)
FNDA:0,(anonymous_5)
FNDA:0,(anonymous_6)
FNDA:0,(anonymous_7)
FNDA:0,(anonymous_8)
FNDA:0,(anonymous_9)
FNDA:0,(anonymous_10)
FNDA:0,(anonymous_11)
FNDA:0,(anonymous_12)
FNDA:0,(anonymous_13)
FNDA:0,(anonymous_14)
DA:1,0
DA:2,0
DA:4,0
DA:6,0
DA:23,0
DA:32,0
DA:35,0
DA:36,0
DA:37,0
DA:38,0
DA:43,0
DA:44,0
DA:45,0
DA:46,0
DA:47,0
DA:48,0
DA:49,0
DA:54,0
DA:55,0
DA:56,0
DA:58,0
DA:60,0
DA:61,0
DA:62,0
DA:64,0
DA:67,0
DA:69,0
DA:84,0
LF:28
LH:0
BRDA:4,0,0,0
BRDA:4,0,1,0
BRDA:4,1,0,0
BRDA:4,1,1,0
BRDA:36,2,0,0
BRDA:36,2,1,0
BRDA:64,3,0,0
BRDA:64,3,1,0
BRF:8
BRH:0
end_of_record
TN:
SF:/Users/nico/bootcamp/collab/skylab-bootcamp-201901/staff/nicolas-martin/startlab/startlab-app/src/components/InvitationItem/index.jsx
FN:1,_interopRequireDefault
FN:3,InvitationItem
FN:12,(anonymous_2)
FN:17,(anonymous_3)
FNF:4
FNH:0
FNDA:0,_interopRequireDefault
FNDA:0,InvitationItem
FNDA:0,(anonymous_2)
FNDA:0,(anonymous_3)
DA:1,0
DA:4,0
DA:12,0
DA:17,0
DA:26,0
LF:5
LH:0
BRDA:1,0,0,0
BRDA:1,0,1,0
BRDA:1,1,0,0
BRDA:1,1,1,0
BRF:4
BRH:0
end_of_record
TN:
SF:/Users/nico/bootcamp/collab/skylab-bootcamp-201901/staff/nicolas-martin/startlab/startlab-app/src/components/InvitationList/index.jsx
FN:5,_interopRequireDefault
FN:7,(anonymous_1)
FN:18,(anonymous_2)
FN:27,(anonymous_3)
FN:29,(anonymous_4)
FN:31,(anonymous_5)
FN:35,(anonymous_6)
FN:37,(anonymous_7)
FN:40,(anonymous_8)
FN:43,(anonymous_9)
FN:45,(anonymous_10)
FN:48,(anonymous_11)
FN:50,(anonymous_12)
FN:50,(anonymous_13)
FN:50,(anonymous_14)
FN:52,(anonymous_15)
FN:64,(anonymous_16)
FNF:17
FNH:0
FNDA:0,_interopRequireDefault
FNDA:0,(anonymous_1)
FNDA:0,(anonymous_2)
FNDA:0,(anonymous_3)
FNDA:0,(anonymous_4)
FNDA:0,(anonymous_5)
FNDA:0,(anonymous_6)
FNDA:0,(anonymous_7)
FNDA:0,(anonymous_8)
FNDA:0,(anonymous_9)
FNDA:0,(anonymous_10)
FNDA:0,(anonymous_11)
FNDA:0,(anonymous_12)
FNDA:0,(anonymous_13)
FNDA:0,(anonymous_14)
FNDA:0,(anonymous_15)
FNDA:0,(anonymous_16)
DA:1,0
DA:2,0
DA:4,0
DA:5,0
DA:7,0
DA:18,0
DA:28,0
DA:30,0
DA:32,0
DA:33,0
DA:35,0
DA:37,0
DA:42,0
DA:44,0
DA:46,0
DA:48,0
DA:50,0
DA:53,0
DA:55,0
DA:64,0
DA:75,0
LF:21
LH:0
BRDA:5,0,0,0
BRDA:5,0,1,0
BRDA:5,1,0,0
BRDA:5,1,1,0
BRF:4
BRH:0
end_of_record
TN:
SF:/Users/nico/bootcamp/collab/skylab-bootcamp-201901/staff/nicolas-martin/startlab/startlab-app/src/components/Login/index.jsx
FN:1,_interopRequireDefault
FN:3,(anonymous_1)
FN:6,(anonymous_2)
FN:7,(anonymous_3)
FN:9,(anonymous_4)
FN:17,(anonymous_5)
FNF:6
FNH:0
FNDA:0,_interopRequireDefault
FNDA:0,(anonymous_1)
FNDA:0,(anonymous_2)
FNDA:0,(anonymous_3)
FNDA:0,(anonymous_4)
FNDA:0,(anonymous_5)
DA:1,0
DA:3,0
DA:6,0
DA:7,0
DA:10,0
DA:12,0
DA:14,0
DA:18,0
DA:19,0
DA:33,0
LF:10
LH:0
BRDA:1,0,0,0
BRDA:1,0,1,0
BRDA:1,1,0,0
BRDA:1,1,1,0
BRF:4
BRH:0
end_of_record
TN:
SF:/Users/nico/bootcamp/collab/skylab-bootcamp-201901/staff/nicolas-martin/startlab/startlab-app/src/components/NotFound/index.jsx
FN:1,_interopRequireDefault
FN:3,(anonymous_1)
FNF:2
FNH:0
FNDA:0,_interopRequireDefault
FNDA:0,(anonymous_1)
DA:1,0
DA:3,0
DA:4,0
DA:6,0
LF:4
LH:0
BRDA:1,0,0,0
BRDA:1,0,1,0
BRDA:1,1,0,0
BRDA:1,1,1,0
BRF:4
BRH:0
end_of_record
TN:
SF:/Users/nico/bootcamp/collab/skylab-bootcamp-201901/staff/nicolas-martin/startlab/startlab-app/src/components/Register/index.jsx
FN:1,_interopRequireDefault
FN:3,(anonymous_1)
FN:6,(anonymous_2)
FN:7,(anonymous_3)
FN:8,(anonymous_4)
FN:9,(anonymous_5)
FN:10,(anonymous_6)
FN:12,(anonymous_7)
FN:24,(anonymous_8)
FNF:9
FNH:0
FNDA:0,_interopRequireDefault
FNDA:0,(anonymous_1)
FNDA:0,(anonymous_2)
FNDA:0,(anonymous_3)
FNDA:0,(anonymous_4)
FNDA:0,(anonymous_5)
FNDA:0,(anonymous_6)
FNDA:0,(anonymous_7)
FNDA:0,(anonymous_8)
DA:1,0
DA:3,0
DA:6,0
DA:7,0
DA:8,0
DA:9,0
DA:10,0
DA:13,0
DA:18,0
DA:20,0
DA:32,0
DA:34,0
DA:50,0
LF:13
LH:0
BRDA:1,0,0,0
BRDA:1,0,1,0
BRDA:1,1,0,0
BRDA:1,1,1,0
BRF:4
BRH:0
end_of_record
TN:
SF:/Users/nico/bootcamp/collab/skylab-bootcamp-201901/staff/nicolas-martin/startlab/startlab-app/src/components/ResultsTest/index.jsx
FN:1,_interopRequireDefault
FN:3,ResultsTest
FN:9,(anonymous_2)
FNF:3
FNH:0
FNDA:0,_interopRequireDefault
FNDA:0,ResultsTest
FNDA:0,(anonymous_2)
DA:1,0
DA:5,0
DA:10,0
DA:11,0
DA:13,0
DA:14,0
DA:22,0
LF:7
LH:0
BRDA:1,0,0,0
BRDA:1,0,1,0
BRDA:1,1,0,0
BRDA:1,1,1,0
BRDA:13,2,0,0
BRDA:13,2,1,0
BRF:6
BRH:0
end_of_record
TN:
SF:/Users/nico/bootcamp/collab/skylab-bootcamp-201901/staff/nicolas-martin/startlab/startlab-app/src/components/Start/index.jsx
FN:9,_interopRequireDefault
FN:11,(anonymous_1)
FN:28,(anonymous_2)
FN:30,(anonymous_3)
FN:31,(anonymous_4)
FN:34,(anonymous_5)
FN:37,(anonymous_6)
FN:43,(anonymous_7)
FN:44,(anonymous_8)
FN:54,(anonymous_9)
FN:60,(anonymous_10)
FN:64,(anonymous_11)
FN:77,(anonymous_12)
FN:79,(anonymous_13)
FN:88,(anonymous_14)
FN:94,(anonymous_15)
FN:97,(anonymous_16)
FNF:17
FNH:0
FNDA:0,_interopRequireDefault
FNDA:0,(anonymous_1)
FNDA:0,(anonymous_2)
FNDA:0,(anonymous_3)
FNDA:0,(anonymous_4)
FNDA:0,(anonymous_5)
FNDA:0,(anonymous_6)
FNDA:0,(anonymous_7)
FNDA:0,(anonymous_8)
FNDA:0,(anonymous_9)
FNDA:0,(anonymous_10)
FNDA:0,(anonymous_11)
FNDA:0,(anonymous_12)
FNDA:0,(anonymous_13)
FNDA:0,(anonymous_14)
FNDA:0,(anonymous_15)
FNDA:0,(anonymous_16)
DA:1,0
DA:2,0
DA:4,0
DA:5,0
DA:6,0
DA:7,0
DA:8,0
DA:9,0
DA:11,0
DA:29,0
DA:31,0
DA:32,0
DA:34,0
DA:38,0
DA:39,0
DA:41,0
DA:42,0
DA:43,0
DA:45,0
DA:46,0
DA:47,0
DA:49,0
DA:50,0
DA:55,0
DA:57,0
DA:58,0
DA:59,0
DA:61,0
DA:62,0
DA:64,0
DA:65,0
DA:66,0
DA:69,0
DA:70,0
DA:71,0
DA:72,0
DA:77,0
DA:79,0
DA:88,0
DA:94,0
DA:99,0
DA:101,0
DA:118,0
LF:43
LH:0
BRDA:9,0,0,0
BRDA:9,0,1,0
BRDA:9,1,0,0
BRDA:9,1,1,0
BRDA:57,2,0,0
BRDA:57,2,1,0
BRDA:104,3,0,0
BRDA:104,3,1,0
BRDA:106,4,0,0
BRDA:106,4,1,0
BRDA:108,5,0,0
BRDA:108,5,1,0
BRDA:112,6,0,0
BRDA:112,6,1,0
BRDA:112,6,2,0
BRDA:114,7,0,0
BRDA:114,7,1,0
BRF:17
BRH:0
end_of_record
TN:
SF:/Users/nico/bootcamp/collab/skylab-bootcamp-201901/staff/nicolas-martin/startlab/startlab-app/src/components/StartIntro/index.jsx
FN:1,_interopRequireDefault
FN:3,StartIntro
FN:9,(anonymous_2)
FNF:3
FNH:0
FNDA:0,_interopRequireDefault
FNDA:0,StartIntro
FNDA:0,(anonymous_2)
DA:1,0
DA:5,0
DA:10,0
DA:18,0
LF:4
LH:0
BRDA:1,0,0,0
BRDA:1,0,1,0
BRDA:1,1,0,0
BRDA:1,1,1,0
BRDA:10,2,0,0
BRDA:10,2,1,0
BRDA:10,3,0,0
BRDA:10,3,1,0
BRDA:12,4,0,0
BRDA:12,4,1,0
BRF:10
BRH:0
end_of_record
TN:
SF:/Users/nico/bootcamp/collab/skylab-bootcamp-201901/staff/nicolas-martin/startlab/startlab-app/src/logic/index.js
FN:39,(anonymous_0)
FN:56,(anonymous_1)
FN:86,(anonymous_2)
FN:122,(anonymous_3)
FN:136,(anonymous_4)
FN:141,(anonymous_5)
FN:146,(anonymous_6)
FNF:7
FNH:0
FNDA:0,(anonymous_0)
FNDA:0,(anonymous_1)
FNDA:0,(anonymous_2)
FNDA:0,(anonymous_3)
FNDA:0,(anonymous_4)
FNDA:0,(anonymous_5)
FNDA:0,(anonymous_6)
DA:6,1
DA:20,11
DA:21,10
DA:23,9
DA:24,8
DA:26,7
DA:27,6
DA:29,5
DA:30,3
DA:32,1
DA:33,1
DA:34,1
DA:36,0
DA:38,0
DA:49,4
DA:50,3
DA:52,2
DA:53,1
DA:55,0
DA:57,0
DA:58,0
DA:66,1
DA:73,0
DA:74,0
DA:81,1
DA:85,0
DA:86,0
DA:90,2
DA:91,1
DA:93,0
DA:97,2
DA:98,1
DA:100,0
DA:104,1
DA:106,0
DA:110,1
DA:111,0
DA:115,4
DA:116,3
DA:118,2
DA:119,1
DA:121,0
DA:123,0
DA:124,0
DA:129,4
DA:130,3
DA:132,2
DA:133,1
DA:135,0
DA:140,0
DA:141,0
DA:145,0
DA:146,0
DA:150,2
DA:151,1
DA:153,0
DA:157,2
DA:158,1
DA:160,0
DA:164,1
DA:166,0
DA:170,1
DA:172,0
DA:176,1
DA:178,0
LF:65
LH:39
BRDA:20,0,0,1
BRDA:20,0,1,10
BRDA:21,1,0,1
BRDA:21,1,1,9
BRDA:23,2,0,1
BRDA:23,2,1,8
BRDA:24,3,0,1
BRDA:24,3,1,7
BRDA:26,4,0,1
BRDA:26,4,1,6
BRDA:27,5,0,1
BRDA:27,5,1,5
BRDA:29,6,0,2
BRDA:29,6,1,3
BRDA:30,7,0,2
BRDA:30,7,1,1
BRDA:32,8,0,0
BRDA:32,8,1,1
BRDA:33,9,0,0
BRDA:33,9,1,1
BRDA:34,10,0,1
BRDA:34,10,1,0
BRDA:36,11,0,0
BRDA:36,11,1,0
BRDA:49,12,0,1
BRDA:49,12,1,3
BRDA:50,13,0,1
BRDA:50,13,1,2
BRDA:52,14,0,1
BRDA:52,14,1,1
BRDA:53,15,0,1
BRDA:53,15,1,0
BRDA:66,16,0,1
BRDA:66,16,1,1
BRDA:90,17,0,1
BRDA:90,17,1,1
BRDA:91,18,0,1
BRDA:91,18,1,0
BRDA:97,19,0,1
BRDA:97,19,1,1
BRDA:98,20,0,1
BRDA:98,20,1,0
BRDA:104,21,0,1
BRDA:104,21,1,0
BRDA:110,22,0,1
BRDA:110,22,1,0
BRDA:115,23,0,1
BRDA:115,23,1,3
BRDA:116,24,0,1
BRDA:116,24,1,2
BRDA:118,25,0,1
BRDA:118,25,1,1
BRDA:119,26,0,1
BRDA:119,26,1,0
BRDA:123,27,0,0
BRDA:123,27,1,0
BRDA:129,28,0,1
BRDA:129,28,1,3
BRDA:130,29,0,1
BRDA:130,29,1,2
BRDA:132,30,0,1
BRDA:132,30,1,1
BRDA:133,31,0,1
BRDA:133,31,1,0
BRDA:150,32,0,1
BRDA:150,32,1,1
BRDA:151,33,0,1
BRDA:151,33,1,0
BRDA:157,34,0,1
BRDA:157,34,1,1
BRDA:158,35,0,1
BRDA:158,35,1,0
BRDA:164,36,0,1
BRDA:164,36,1,0
BRDA:170,37,0,1
BRDA:170,37,1,0
BRDA:176,38,0,1
BRDA:176,38,1,0
BRF:78
BRH:59
end_of_record
TN:
SF:/Users/nico/bootcamp/collab/skylab-bootcamp-201901/staff/nicolas-martin/startlab/startlab-app/src/skylab-api/index.js
FN:31,(anonymous_0)
FN:32,(anonymous_1)
FN:53,(anonymous_2)
FN:54,(anonymous_3)
FN:70,(anonymous_4)
FN:71,(anonymous_5)
FN:90,(anonymous_6)
FN:91,(anonymous_7)
FN:109,(anonymous_8)
FN:110,(anonymous_9)
FN:131,(anonymous_10)
FN:132,(anonymous_11)
FN:153,(anonymous_12)
FN:154,(anonymous_13)
FN:180,(anonymous_14)
FN:181,(anonymous_15)
FN:208,(anonymous_16)
FN:209,(anonymous_17)
FN:225,(anonymous_18)
FN:226,(anonymous_19)
FN:245,(anonymous_20)
FN:246,(anonymous_21)
FN:262,(anonymous_22)
FN:263,(anonymous_23)
FN:281,(anonymous_24)
FN:282,(anonymous_25)
FN:303,(anonymous_26)
FN:304,(anonymous_27)
FN:325,(anonymous_28)
FN:326,(anonymous_29)
FN:349,(anonymous_30)
FN:350,(anonymous_31)
FNF:32
FNH:4
FNDA:1,(anonymous_0)
FNDA:1,(anonymous_1)
FNDA:12,(anonymous_2)
FNDA:12,(anonymous_3)
FNDA:0,(anonymous_4)
FNDA:0,(anonymous_5)
FNDA:0,(anonymous_6)
FNDA:0,(anonymous_7)
FNDA:0,(anonymous_8)
FNDA:0,(anonymous_9)
FNDA:0,(anonymous_10)
FNDA:0,(anonymous_11)
FNDA:0,(anonymous_12)
FNDA:0,(anonymous_13)
FNDA:0,(anonymous_14)
FNDA:0,(anonymous_15)
FNDA:0,(anonymous_16)
FNDA:0,(anonymous_17)
FNDA:0,(anonymous_18)
FNDA:0,(anonymous_19)
FNDA:0,(anonymous_20)
FNDA:0,(anonymous_21)
FNDA:0,(anonymous_22)
FNDA:0,(anonymous_23)
FNDA:0,(anonymous_24)
FNDA:0,(anonymous_25)
FNDA:0,(anonymous_26)
FNDA:0,(anonymous_27)
FNDA:0,(anonymous_28)
FNDA:0,(anonymous_29)
FNDA:0,(anonymous_30)
FNDA:0,(anonymous_31)
DA:1,2
DA:2,2
DA:3,2
DA:7,12
DA:8,11
DA:10,10
DA:11,9
DA:13,8
DA:14,7
DA:16,6
DA:17,5
DA:19,4
DA:20,3
DA:22,2
DA:24,1
DA:31,1
DA:33,1
DA:35,1
DA:40,16
DA:41,15
DA:43,14
DA:44,13
DA:46,12
DA:53,12
DA:55,12
DA:57,7
DA:62,2
DA:63,1
DA:65,0
DA:70,0
DA:72,0
DA:73,0
DA:78,4
DA:79,3
DA:81,2
DA:82,1
DA:84,0
DA:90,0
DA:92,0
DA:93,0
DA:98,4
DA:99,3
DA:101,2
DA:102,1
DA:104,0
DA:109,0
DA:111,0
DA:112,0
DA:118,3
DA:120,2
DA:121,1
DA:123,0
DA:131,0
DA:133,0
DA:135,0
DA:140,3
DA:142,2
DA:143,1
DA:145,0
DA:153,0
DA:155,0
DA:157,0
DA:163,6
DA:164,5
DA:166,4
DA:167,3
DA:169,2
DA:170,1
DA:172,0
DA:180,0
DA:182,0
DA:183,0
DA:185,0
DA:191,6
DA:192,5
DA:194,4
DA:195,3
DA:197,2
DA:198,1
DA:200,0
DA:208,0
DA:210,0
DA:211,0
DA:217,2
DA:218,1
DA:220,0
DA:225,0
DA:227,0
DA:228,0
DA:233,4
DA:234,3
DA:236,2
DA:237,1
DA:239,0
DA:245,0
DA:247,0
DA:248,0
DA:254,2
DA:255,1
DA:257,0
DA:262,0
DA:264,0
DA:265,0
DA:270,4
DA:271,3
DA:273,2
DA:274,1
DA:276,0
DA:281,0
DA:283,0
DA:284,0
DA:290,3
DA:292,2
DA:293,1
DA:295,0
DA:303,0
DA:305,0
DA:307,0
DA:312,3
DA:314,2
DA:315,1
DA:317,0
DA:325,0
DA:327,0
DA:329,0
DA:336,3
DA:337,2
DA:339,1
DA:341,0
DA:349,0
DA:350,0
LF:131
LH:75
BRDA:7,0,0,1
BRDA:7,0,1,11
BRDA:8,1,0,1
BRDA:8,1,1,10
BRDA:10,2,0,1
BRDA:10,2,1,9
BRDA:11,3,0,1
BRDA:11,3,1,8
BRDA:13,4,0,1
BRDA:13,4,1,7
BRDA:14,5,0,1
BRDA:14,5,1,6
BRDA:16,6,0,1
BRDA:16,6,1,5
BRDA:17,7,0,1
BRDA:17,7,1,4
BRDA:19,8,0,1
BRDA:19,8,1,3
BRDA:20,9,0,1
BRDA:20,9,1,2
BRDA:22,10,0,1
BRDA:22,10,1,1
BRDA:33,11,0,0
BRDA:33,11,1,1
BRDA:40,12,0,1
BRDA:40,12,1,15
BRDA:41,13,0,1
BRDA:41,13,1,14
BRDA:43,14,0,1
BRDA:43,14,1,13
BRDA:44,15,0,1
BRDA:44,15,1,12
BRDA:55,16,0,5
BRDA:55,16,1,7
BRDA:62,17,0,1
BRDA:62,17,1,1
BRDA:63,18,0,1
BRDA:63,18,1,0
BRDA:72,19,0,0
BRDA:72,19,1,0
BRDA:78,20,0,1
BRDA:78,20,1,3
BRDA:79,21,0,1
BRDA:79,21,1,2
BRDA:81,22,0,1
BRDA:81,22,1,1
BRDA:82,23,0,1
BRDA:82,23,1,0
BRDA:92,24,0,0
BRDA:92,24,1,0
BRDA:98,25,0,1
BRDA:98,25,1,3
BRDA:99,26,0,1
BRDA:99,26,1,2
BRDA:101,27,0,1
BRDA:101,27,1,1
BRDA:102,28,0,1
BRDA:102,28,1,0
BRDA:111,29,0,0
BRDA:111,29,1,0
BRDA:118,30,0,1
BRDA:118,30,1,2
BRDA:120,31,0,1
BRDA:120,31,1,1
BRDA:121,32,0,1
BRDA:121,32,1,0
BRDA:133,33,0,0
BRDA:133,33,1,0
BRDA:140,34,0,1
BRDA:140,34,1,2
BRDA:142,35,0,1
BRDA:142,35,1,1
BRDA:143,36,0,1
BRDA:143,36,1,0
BRDA:155,37,0,0
BRDA:155,37,1,0
BRDA:163,38,0,1
BRDA:163,38,1,5
BRDA:164,39,0,1
BRDA:164,39,1,4
BRDA:166,40,0,1
BRDA:166,40,1,3
BRDA:167,41,0,1
BRDA:167,41,1,2
BRDA:169,42,0,1
BRDA:169,42,1,1
BRDA:170,43,0,1
BRDA:170,43,1,0
BRDA:183,44,0,0
BRDA:183,44,1,0
BRDA:191,45,0,1
BRDA:191,45,1,5
BRDA:192,46,0,1
BRDA:192,46,1,4
BRDA:194,47,0,1
BRDA:194,47,1,3
BRDA:195,48,0,1
BRDA:195,48,1,2
BRDA:197,49,0,1
BRDA:197,49,1,1
BRDA:198,50,0,1
BRDA:198,50,1,0
BRDA:210,51,0,0
BRDA:210,51,1,0
BRDA:217,52,0,1
BRDA:217,52,1,1
BRDA:218,53,0,1
BRDA:218,53,1,0
BRDA:227,54,0,0
BRDA:227,54,1,0
BRDA:233,55,0,1
BRDA:233,55,1,3
BRDA:234,56,0,1
BRDA:234,56,1,2
BRDA:236,57,0,1
BRDA:236,57,1,1
BRDA:237,58,0,1
BRDA:237,58,1,0
BRDA:247,59,0,0
BRDA:247,59,1,0
BRDA:254,60,0,1
BRDA:254,60,1,1
BRDA:255,61,0,1
BRDA:255,61,1,0
BRDA:264,62,0,0
BRDA:264,62,1,0
BRDA:270,63,0,1
BRDA:270,63,1,3
BRDA:271,64,0,1
BRDA:271,64,1,2
BRDA:273,65,0,1
BRDA:273,65,1,1
BRDA:274,66,0,1
BRDA:274,66,1,0
BRDA:283,67,0,0
BRDA:283,67,1,0
BRDA:290,68,0,1
BRDA:290,68,1,2
BRDA:292,69,0,1
BRDA:292,69,1,1
BRDA:293,70,0,1
BRDA:293,70,1,0
BRDA:305,71,0,0
BRDA:305,71,1,0
BRDA:312,72,0,1
BRDA:312,72,1,2
BRDA:314,73,0,1
BRDA:314,73,1,1
BRDA:315,74,0,1
BRDA:315,74,1,0
BRDA:327,75,0,0
BRDA:327,75,1,0
BRDA:336,76,0,1
BRDA:336,76,1,2
BRDA:337,77,0,1
BRDA:337,77,1,1
BRDA:339,78,0,1
BRDA:339,78,1,0
BRF:158
BRH:117
end_of_record
TN:
SF:/Users/nico/bootcamp/collab/skylab-bootcamp-201901/staff/nicolas-martin/startlab/startlab-app/src/token-helper/index.js
FNF:0
FNH:0
DA:3,1
DA:5,1
DA:7,1
DA:11,1
DA:15,1
DA:17,1
DA:19,1
DA:23,0
DA:25,0
DA:27,0
DA:28,0
DA:30,0
DA:32,0
DA:35,0
DA:39,1
DA:41,1
DA:42,1
DA:43,1
DA:45,1
LF:19
LH:12
BRDA:17,0,0,0
BRDA:17,0,1,1
BRF:2
BRH:1
end_of_record
