<?xml version="1.0" encoding="UTF-8"?>
<coverage generated="1549622773876" clover="3.2.0">
  <project timestamp="1549622773876" name="All files">
    <metrics statements="762" coveredstatements="254" conditionals="501" coveredconditionals="218" methods="241" coveredmethods="41" elements="1504" coveredelements="513" complexity="0" loc="762" ncloc="762" packages="30" files="31" classes="31">
      <package name="src">
        <metrics statements="54" coveredstatements="0" conditionals="36" coveredconditionals="0" methods="19" coveredmethods="0"/>
        <file name="index.js" path="/Users/robertz/bootcamp/collab/skylab-bootcamp-201901/staff/groups/la-cia-del-anillo/ultra-vgsm/src/index.js">
          <metrics statements="16" coveredstatements="0" conditionals="4" coveredconditionals="0" methods="4" coveredmethods="0"/>
          <line num="1" count="0" type="stmt"/>
          <line num="2" count="0" type="stmt"/>
          <line num="3" count="0" type="stmt"/>
          <line num="4" count="0" type="stmt"/>
          <line num="5" count="0" type="stmt"/>
          <line num="6" count="0" type="stmt"/>
          <line num="7" count="0" type="stmt"/>
          <line num="8" count="0" type="stmt"/>
          <line num="11" count="0" type="stmt"/>
          <line num="13" count="0" type="stmt"/>
          <line num="14" count="0" type="cond" truecount="0" falsecount="2"/>
          <line num="15" count="0" type="stmt"/>
          <line num="17" count="0" type="stmt"/>
          <line num="18" count="0" type="stmt"/>
          <line num="21" count="0" type="stmt"/>
          <line num="33" count="0" type="stmt"/>
        </file>
        <file name="serviceWorker.js" path="/Users/robertz/bootcamp/collab/skylab-bootcamp-201901/staff/groups/la-cia-del-anillo/ultra-vgsm/src/serviceWorker.js">
          <metrics statements="38" coveredstatements="0" conditionals="32" coveredconditionals="0" methods="15" coveredmethods="0"/>
          <line num="13" count="0" type="stmt"/>
          <line num="24" count="0" type="cond" truecount="0" falsecount="4"/>
          <line num="26" count="0" type="stmt"/>
          <line num="27" count="0" type="cond" truecount="0" falsecount="2"/>
          <line num="31" count="0" type="stmt"/>
          <line num="34" count="0" type="stmt"/>
          <line num="35" count="0" type="stmt"/>
          <line num="37" count="0" type="cond" truecount="0" falsecount="2"/>
          <line num="39" count="0" type="stmt"/>
          <line num="43" count="0" type="stmt"/>
          <line num="44" count="0" type="stmt"/>
          <line num="51" count="0" type="stmt"/>
          <line num="58" count="0" type="stmt"/>
          <line num="61" count="0" type="stmt"/>
          <line num="62" count="0" type="stmt"/>
          <line num="63" count="0" type="cond" truecount="0" falsecount="2"/>
          <line num="64" count="0" type="stmt"/>
          <line num="66" count="0" type="stmt"/>
          <line num="67" count="0" type="cond" truecount="0" falsecount="2"/>
          <line num="68" count="0" type="cond" truecount="0" falsecount="2"/>
          <line num="72" count="0" type="stmt"/>
          <line num="78" count="0" type="cond" truecount="0" falsecount="4"/>
          <line num="79" count="0" type="stmt"/>
          <line num="85" count="0" type="stmt"/>
          <line num="88" count="0" type="cond" truecount="0" falsecount="4"/>
          <line num="89" count="0" type="stmt"/>
          <line num="97" count="0" type="stmt"/>
          <line num="103" count="0" type="stmt"/>
          <line num="106" count="0" type="stmt"/>
          <line num="107" count="0" type="cond" truecount="0" falsecount="2"/>
          <line num="112" count="0" type="stmt"/>
          <line num="113" count="0" type="stmt"/>
          <line num="114" count="0" type="stmt"/>
          <line num="119" count="0" type="stmt"/>
          <line num="123" count="0" type="stmt"/>
          <line num="130" count="0" type="cond" truecount="0" falsecount="2"/>
          <line num="131" count="0" type="stmt"/>
          <line num="132" count="0" type="stmt"/>
        </file>
      </package>
      <package name="src.components.App">
        <metrics statements="35" coveredstatements="0" conditionals="6" coveredconditionals="0" methods="12" coveredmethods="0"/>
        <file name="index.js" path="/Users/robertz/bootcamp/collab/skylab-bootcamp-201901/staff/groups/la-cia-del-anillo/ultra-vgsm/src/components/App/index.js">
          <metrics statements="35" coveredstatements="0" conditionals="6" coveredconditionals="0" methods="12" coveredmethods="0"/>
          <line num="1" count="0" type="stmt"/>
          <line num="3" count="0" type="stmt"/>
          <line num="4" count="0" type="stmt"/>
          <line num="6" count="0" type="stmt"/>
          <line num="7" count="0" type="stmt"/>
          <line num="8" count="0" type="stmt"/>
          <line num="9" count="0" type="stmt"/>
          <line num="10" count="0" type="stmt"/>
          <line num="11" count="0" type="stmt"/>
          <line num="12" count="0" type="stmt"/>
          <line num="13" count="0" type="stmt"/>
          <line num="14" count="0" type="stmt"/>
          <line num="15" count="0" type="stmt"/>
          <line num="16" count="0" type="stmt"/>
          <line num="18" count="0" type="stmt"/>
          <line num="22" count="0" type="stmt"/>
          <line num="23" count="0" type="stmt"/>
          <line num="26" count="0" type="stmt"/>
          <line num="29" count="0" type="stmt"/>
          <line num="31" count="0" type="stmt"/>
          <line num="32" count="0" type="stmt"/>
          <line num="37" count="0" type="stmt"/>
          <line num="38" count="0" type="stmt"/>
          <line num="41" count="0" type="stmt"/>
          <line num="44" count="0" type="stmt"/>
          <line num="46" count="0" type="stmt"/>
          <line num="47" count="0" type="stmt"/>
          <line num="52" count="0" type="stmt"/>
          <line num="54" count="0" type="stmt"/>
          <line num="64" count="0" type="stmt"/>
          <line num="70" count="0" type="stmt"/>
          <line num="72" count="0" type="stmt"/>
          <line num="86" count="0" type="stmt"/>
          <line num="98" count="0" type="stmt"/>
          <line num="109" count="0" type="stmt"/>
        </file>
      </package>
      <package name="src.components.Aside">
        <metrics statements="32" coveredstatements="0" conditionals="10" coveredconditionals="0" methods="22" coveredmethods="0"/>
        <file name="index.js" path="/Users/robertz/bootcamp/collab/skylab-bootcamp-201901/staff/groups/la-cia-del-anillo/ultra-vgsm/src/components/Aside/index.js">
          <metrics statements="32" coveredstatements="0" conditionals="10" coveredconditionals="0" methods="22" coveredmethods="0"/>
          <line num="1" count="0" type="stmt"/>
          <line num="2" count="0" type="stmt"/>
          <line num="3" count="0" type="stmt"/>
          <line num="5" count="0" type="stmt"/>
          <line num="7" count="0" type="stmt"/>
          <line num="9" count="0" type="stmt"/>
          <line num="13" count="0" type="stmt"/>
          <line num="14" count="0" type="stmt"/>
          <line num="15" count="0" type="stmt"/>
          <line num="16" count="0" type="stmt"/>
          <line num="17" count="0" type="stmt"/>
          <line num="18" count="0" type="stmt"/>
          <line num="22" count="0" type="stmt"/>
          <line num="23" count="0" type="cond" truecount="0" falsecount="2"/>
          <line num="24" count="0" type="stmt"/>
          <line num="30" count="0" type="stmt"/>
          <line num="32" count="0" type="stmt"/>
          <line num="36" count="0" type="stmt"/>
          <line num="48" count="0" type="stmt"/>
          <line num="55" count="0" type="stmt"/>
          <line num="78" count="0" type="stmt"/>
          <line num="86" count="0" type="stmt"/>
          <line num="102" count="0" type="stmt"/>
          <line num="107" count="0" type="stmt"/>
          <line num="112" count="0" type="stmt"/>
          <line num="117" count="0" type="stmt"/>
          <line num="122" count="0" type="stmt"/>
          <line num="127" count="0" type="stmt"/>
          <line num="132" count="0" type="stmt"/>
          <line num="137" count="0" type="stmt"/>
          <line num="142" count="0" type="stmt"/>
          <line num="147" count="0" type="stmt"/>
        </file>
      </package>
      <package name="src.components.Card">
        <metrics statements="11" coveredstatements="0" conditionals="4" coveredconditionals="0" methods="2" coveredmethods="0"/>
        <file name="index.js" path="/Users/robertz/bootcamp/collab/skylab-bootcamp-201901/staff/groups/la-cia-del-anillo/ultra-vgsm/src/components/Card/index.js">
          <metrics statements="11" coveredstatements="0" conditionals="4" coveredconditionals="0" methods="2" coveredmethods="0"/>
          <line num="1" count="0" type="stmt"/>
          <line num="2" count="0" type="stmt"/>
          <line num="3" count="0" type="stmt"/>
          <line num="5" count="0" type="stmt"/>
          <line num="6" count="0" type="stmt"/>
          <line num="15" count="0" type="stmt"/>
          <line num="19" count="0" type="stmt"/>
          <line num="21" count="0" type="stmt"/>
          <line num="22" count="0" type="stmt"/>
          <line num="24" count="0" type="stmt"/>
          <line num="27" count="0" type="stmt"/>
        </file>
      </package>
      <package name="src.components.DevelopersInfo">
        <metrics statements="14" coveredstatements="0" conditionals="8" coveredconditionals="0" methods="6" coveredmethods="0"/>
        <file name="index.js" path="/Users/robertz/bootcamp/collab/skylab-bootcamp-201901/staff/groups/la-cia-del-anillo/ultra-vgsm/src/components/DevelopersInfo/index.js">
          <metrics statements="14" coveredstatements="0" conditionals="8" coveredconditionals="0" methods="6" coveredmethods="0"/>
          <line num="1" count="0" type="stmt"/>
          <line num="2" count="0" type="stmt"/>
          <line num="4" count="0" type="stmt"/>
          <line num="8" count="0" type="cond" truecount="0" falsecount="2"/>
          <line num="12" count="0" type="stmt"/>
          <line num="16" count="0" type="stmt"/>
          <line num="17" count="0" type="stmt"/>
          <line num="19" count="0" type="stmt"/>
          <line num="20" count="0" type="cond" truecount="0" falsecount="4"/>
          <line num="22" count="0" type="stmt"/>
          <line num="23" count="0" type="stmt"/>
          <line num="28" count="0" type="cond" truecount="0" falsecount="2"/>
          <line num="29" count="0" type="stmt"/>
          <line num="35" count="0" type="stmt"/>
        </file>
      </package>
      <package name="src.components.Favorite">
        <metrics statements="20" coveredstatements="0" conditionals="4" coveredconditionals="0" methods="5" coveredmethods="0"/>
        <file name="index.js" path="/Users/robertz/bootcamp/collab/skylab-bootcamp-201901/staff/groups/la-cia-del-anillo/ultra-vgsm/src/components/Favorite/index.js">
          <metrics statements="20" coveredstatements="0" conditionals="4" coveredconditionals="0" methods="5" coveredmethods="0"/>
          <line num="1" count="0" type="stmt"/>
          <line num="2" count="0" type="stmt"/>
          <line num="3" count="0" type="stmt"/>
          <line num="5" count="0" type="stmt"/>
          <line num="11" count="0" type="stmt"/>
          <line num="13" count="0" type="stmt"/>
          <line num="14" count="0" type="stmt"/>
          <line num="15" count="0" type="stmt"/>
          <line num="17" count="0" type="stmt"/>
          <line num="18" count="0" type="stmt"/>
          <line num="21" count="0" type="cond" truecount="0" falsecount="2"/>
          <line num="22" count="0" type="stmt"/>
          <line num="24" count="0" type="stmt"/>
          <line num="25" count="0" type="stmt"/>
          <line num="27" count="0" type="stmt"/>
          <line num="32" count="0" type="stmt"/>
          <line num="35" count="0" type="stmt"/>
          <line num="36" count="0" type="stmt"/>
          <line num="37" count="0" type="cond" truecount="0" falsecount="2"/>
          <line num="39" count="0" type="stmt"/>
        </file>
      </package>
      <package name="src.components.Feedback">
        <metrics statements="11" coveredstatements="0" conditionals="2" coveredconditionals="0" methods="6" coveredmethods="0"/>
        <file name="index.js" path="/Users/robertz/bootcamp/collab/skylab-bootcamp-201901/staff/groups/la-cia-del-anillo/ultra-vgsm/src/components/Feedback/index.js">
          <metrics statements="11" coveredstatements="0" conditionals="2" coveredconditionals="0" methods="6" coveredmethods="0"/>
          <line num="1" count="0" type="stmt"/>
          <line num="2" count="0" type="stmt"/>
          <line num="5" count="0" type="stmt"/>
          <line num="9" count="0" type="stmt"/>
          <line num="10" count="0" type="stmt"/>
          <line num="16" count="0" type="stmt"/>
          <line num="17" count="0" type="stmt"/>
          <line num="23" count="0" type="stmt"/>
          <line num="30" count="0" type="stmt"/>
          <line num="32" count="0" type="stmt"/>
          <line num="36" count="0" type="stmt"/>
        </file>
      </package>
      <package name="src.components.Footer">
        <metrics statements="2" coveredstatements="0" conditionals="0" coveredconditionals="0" methods="1" coveredmethods="0"/>
        <file name="index.js" path="/Users/robertz/bootcamp/collab/skylab-bootcamp-201901/staff/groups/la-cia-del-anillo/ultra-vgsm/src/components/Footer/index.js">
          <metrics statements="2" coveredstatements="0" conditionals="0" coveredconditionals="0" methods="1" coveredmethods="0"/>
          <line num="1" count="0" type="stmt"/>
          <line num="5" count="0" type="stmt"/>
        </file>
      </package>
      <package name="src.components.GameInfo">
        <metrics statements="30" coveredstatements="0" conditionals="12" coveredconditionals="0" methods="10" coveredmethods="0"/>
        <file name="index.js" path="/Users/robertz/bootcamp/collab/skylab-bootcamp-201901/staff/groups/la-cia-del-anillo/ultra-vgsm/src/components/GameInfo/index.js">
          <metrics statements="30" coveredstatements="0" conditionals="12" coveredconditionals="0" methods="10" coveredmethods="0"/>
          <line num="1" count="0" type="stmt"/>
          <line num="2" count="0" type="stmt"/>
          <line num="3" count="0" type="stmt"/>
          <line num="5" count="0" type="stmt"/>
          <line num="6" count="0" type="stmt"/>
          <line num="7" count="0" type="stmt"/>
          <line num="9" count="0" type="stmt"/>
          <line num="10" count="0" type="stmt"/>
          <line num="13" count="0" type="stmt"/>
          <line num="41" count="0" type="stmt"/>
          <line num="43" count="0" type="cond" truecount="0" falsecount="2"/>
          <line num="51" count="0" type="stmt"/>
          <line num="53" count="0" type="stmt"/>
          <line num="58" count="0" type="stmt"/>
          <line num="92" count="0" type="stmt"/>
          <line num="105" count="0" type="stmt"/>
          <line num="111" count="0" type="stmt"/>
          <line num="115" count="0" type="cond" truecount="0" falsecount="2"/>
          <line num="116" count="0" type="stmt"/>
          <line num="122" count="0" type="stmt"/>
          <line num="143" count="0" type="stmt"/>
          <line num="145" count="0" type="stmt"/>
          <line num="155" count="0" type="stmt"/>
          <line num="156" count="0" type="stmt"/>
          <line num="158" count="0" type="cond" truecount="0" falsecount="2"/>
          <line num="159" count="0" type="stmt"/>
          <line num="161" count="0" type="stmt"/>
          <line num="163" count="0" type="cond" truecount="0" falsecount="2"/>
          <line num="164" count="0" type="stmt"/>
          <line num="166" count="0" type="stmt"/>
        </file>
      </package>
      <package name="src.components.GameTitle">
        <metrics statements="24" coveredstatements="0" conditionals="46" coveredconditionals="0" methods="8" coveredmethods="0"/>
        <file name="index.js" path="/Users/robertz/bootcamp/collab/skylab-bootcamp-201901/staff/groups/la-cia-del-anillo/ultra-vgsm/src/components/GameTitle/index.js">
          <metrics statements="24" coveredstatements="0" conditionals="46" coveredconditionals="0" methods="8" coveredmethods="0"/>
          <line num="1" count="0" type="stmt"/>
          <line num="2" count="0" type="stmt"/>
          <line num="3" count="0" type="stmt"/>
          <line num="5" count="0" type="stmt"/>
          <line num="6" count="0" type="stmt"/>
          <line num="7" count="0" type="stmt"/>
          <line num="8" count="0" type="stmt"/>
          <line num="11" count="0" type="stmt"/>
          <line num="15" count="0" type="cond" truecount="0" falsecount="2"/>
          <line num="19" count="0" type="stmt"/>
          <line num="23" count="0" type="stmt"/>
          <line num="24" count="0" type="stmt"/>
          <line num="26" count="0" type="stmt"/>
          <line num="27" count="0" type="stmt"/>
          <line num="28" count="0" type="stmt"/>
          <line num="33" count="0" type="stmt"/>
          <line num="34" count="0" type="stmt"/>
          <line num="38" count="0" type="stmt"/>
          <line num="42" count="0" type="stmt"/>
          <line num="44" count="0" type="stmt"/>
          <line num="45" count="0" type="stmt"/>
          <line num="46" count="0" type="stmt"/>
          <line num="47" count="0" type="stmt"/>
          <line num="49" count="0" type="stmt"/>
        </file>
      </package>
      <package name="src.components.Games">
        <metrics statements="13" coveredstatements="0" conditionals="4" coveredconditionals="0" methods="8" coveredmethods="0"/>
        <file name="index.js" path="/Users/robertz/bootcamp/collab/skylab-bootcamp-201901/staff/groups/la-cia-del-anillo/ultra-vgsm/src/components/Games/index.js">
          <metrics statements="13" coveredstatements="0" conditionals="4" coveredconditionals="0" methods="8" coveredmethods="0"/>
          <line num="1" count="0" type="stmt"/>
          <line num="2" count="0" type="stmt"/>
          <line num="3" count="0" type="stmt"/>
          <line num="5" count="0" type="stmt"/>
          <line num="13" count="0" type="stmt"/>
          <line num="14" count="0" type="cond" truecount="0" falsecount="2"/>
          <line num="22" count="0" type="stmt"/>
          <line num="23" count="0" type="stmt"/>
          <line num="27" count="0" type="stmt"/>
          <line num="29" count="0" type="stmt"/>
          <line num="30" count="0" type="stmt"/>
          <line num="36" count="0" type="stmt"/>
          <line num="41" count="0" type="stmt"/>
        </file>
      </package>
      <package name="src.components.GenresInfo">
        <metrics statements="14" coveredstatements="0" conditionals="8" coveredconditionals="0" methods="6" coveredmethods="0"/>
        <file name="index.js" path="/Users/robertz/bootcamp/collab/skylab-bootcamp-201901/staff/groups/la-cia-del-anillo/ultra-vgsm/src/components/GenresInfo/index.js">
          <metrics statements="14" coveredstatements="0" conditionals="8" coveredconditionals="0" methods="6" coveredmethods="0"/>
          <line num="3" count="0" type="stmt"/>
          <line num="4" count="0" type="stmt"/>
          <line num="6" count="0" type="stmt"/>
          <line num="10" count="0" type="cond" truecount="0" falsecount="2"/>
          <line num="14" count="0" type="stmt"/>
          <line num="18" count="0" type="stmt"/>
          <line num="19" count="0" type="stmt"/>
          <line num="21" count="0" type="stmt"/>
          <line num="22" count="0" type="cond" truecount="0" falsecount="4"/>
          <line num="24" count="0" type="stmt"/>
          <line num="25" count="0" type="stmt"/>
          <line num="30" count="0" type="cond" truecount="0" falsecount="2"/>
          <line num="31" count="0" type="stmt"/>
          <line num="37" count="0" type="stmt"/>
        </file>
      </package>
      <package name="src.components.Header">
        <metrics statements="15" coveredstatements="0" conditionals="6" coveredconditionals="0" methods="6" coveredmethods="0"/>
        <file name="index.js" path="/Users/robertz/bootcamp/collab/skylab-bootcamp-201901/staff/groups/la-cia-del-anillo/ultra-vgsm/src/components/Header/index.js">
          <metrics statements="15" coveredstatements="0" conditionals="6" coveredconditionals="0" methods="6" coveredmethods="0"/>
          <line num="1" count="0" type="stmt"/>
          <line num="2" count="0" type="stmt"/>
          <line num="3" count="0" type="stmt"/>
          <line num="5" count="0" type="stmt"/>
          <line num="6" count="0" type="stmt"/>
          <line num="8" count="0" type="stmt"/>
          <line num="12" count="0" type="stmt"/>
          <line num="16" count="0" type="cond" truecount="0" falsecount="2"/>
          <line num="17" count="0" type="stmt"/>
          <line num="21" count="0" type="stmt"/>
          <line num="28" count="0" type="stmt"/>
          <line num="29" count="0" type="stmt"/>
          <line num="33" count="0" type="stmt"/>
          <line num="39" count="0" type="stmt"/>
          <line num="40" count="0" type="stmt"/>
        </file>
      </package>
      <package name="src.components.Header.DescktopHeader">
        <metrics statements="3" coveredstatements="0" conditionals="0" coveredconditionals="0" methods="1" coveredmethods="0"/>
        <file name="index.js" path="/Users/robertz/bootcamp/collab/skylab-bootcamp-201901/staff/groups/la-cia-del-anillo/ultra-vgsm/src/components/Header/DescktopHeader/index.js">
          <metrics statements="3" coveredstatements="0" conditionals="0" coveredconditionals="0" methods="1" coveredmethods="0"/>
          <line num="1" count="0" type="stmt"/>
          <line num="3" count="0" type="stmt"/>
          <line num="6" count="0" type="stmt"/>
        </file>
      </package>
      <package name="src.components.Header.MobileHeader">
        <metrics statements="19" coveredstatements="0" conditionals="0" coveredconditionals="0" methods="6" coveredmethods="0"/>
        <file name="index.js" path="/Users/robertz/bootcamp/collab/skylab-bootcamp-201901/staff/groups/la-cia-del-anillo/ultra-vgsm/src/components/Header/MobileHeader/index.js">
          <metrics statements="19" coveredstatements="0" conditionals="0" coveredconditionals="0" methods="6" coveredmethods="0"/>
          <line num="1" count="0" type="stmt"/>
          <line num="2" count="0" type="stmt"/>
          <line num="4" count="0" type="stmt"/>
          <line num="6" count="0" type="stmt"/>
          <line num="8" count="0" type="stmt"/>
          <line num="9" count="0" type="stmt"/>
          <line num="10" count="0" type="stmt"/>
          <line num="11" count="0" type="stmt"/>
          <line num="12" count="0" type="stmt"/>
          <line num="16" count="0" type="stmt"/>
          <line num="17" count="0" type="stmt"/>
          <line num="18" count="0" type="stmt"/>
          <line num="19" count="0" type="stmt"/>
          <line num="20" count="0" type="stmt"/>
          <line num="21" count="0" type="stmt"/>
          <line num="27" count="0" type="stmt"/>
          <line num="29" count="0" type="stmt"/>
          <line num="33" count="0" type="stmt"/>
          <line num="39" count="0" type="stmt"/>
        </file>
      </package>
      <package name="src.components.LandingPage">
        <metrics statements="3" coveredstatements="0" conditionals="0" coveredconditionals="0" methods="1" coveredmethods="0"/>
        <file name="index.js" path="/Users/robertz/bootcamp/collab/skylab-bootcamp-201901/staff/groups/la-cia-del-anillo/ultra-vgsm/src/components/LandingPage/index.js">
          <metrics statements="3" coveredstatements="0" conditionals="0" coveredconditionals="0" methods="1" coveredmethods="0"/>
          <line num="1" count="0" type="stmt"/>
          <line num="2" count="0" type="stmt"/>
          <line num="7" count="0" type="stmt"/>
        </file>
      </package>
      <package name="src.components.Loading">
        <metrics statements="2" coveredstatements="0" conditionals="0" coveredconditionals="0" methods="1" coveredmethods="0"/>
        <file name="index.js" path="/Users/robertz/bootcamp/collab/skylab-bootcamp-201901/staff/groups/la-cia-del-anillo/ultra-vgsm/src/components/Loading/index.js">
          <metrics statements="2" coveredstatements="0" conditionals="0" coveredconditionals="0" methods="1" coveredmethods="0"/>
          <line num="1" count="0" type="stmt"/>
          <line num="4" count="0" type="stmt"/>
        </file>
      </package>
      <package name="src.components.Login">
        <metrics statements="15" coveredstatements="0" conditionals="2" coveredconditionals="0" methods="6" coveredmethods="0"/>
        <file name="index.js" path="/Users/robertz/bootcamp/collab/skylab-bootcamp-201901/staff/groups/la-cia-del-anillo/ultra-vgsm/src/components/Login/index.js">
          <metrics statements="15" coveredstatements="0" conditionals="2" coveredconditionals="0" methods="6" coveredmethods="0"/>
          <line num="1" count="0" type="stmt"/>
          <line num="2" count="0" type="stmt"/>
          <line num="4" count="0" type="stmt"/>
          <line num="6" count="0" type="stmt"/>
          <line num="8" count="0" type="stmt"/>
          <line num="12" count="0" type="stmt"/>
          <line num="15" count="0" type="stmt"/>
          <line num="16" count="0" type="stmt"/>
          <line num="21" count="0" type="stmt"/>
          <line num="23" count="0" type="stmt"/>
          <line num="27" count="0" type="stmt"/>
          <line num="28" count="0" type="stmt"/>
          <line num="34" count="0" type="stmt"/>
          <line num="45" count="0" type="stmt"/>
          <line num="47" count="0" type="stmt"/>
        </file>
      </package>
      <package name="src.components.NoResults">
        <metrics statements="2" coveredstatements="0" conditionals="0" coveredconditionals="0" methods="1" coveredmethods="0"/>
        <file name="index.js" path="/Users/robertz/bootcamp/collab/skylab-bootcamp-201901/staff/groups/la-cia-del-anillo/ultra-vgsm/src/components/NoResults/index.js">
          <metrics statements="2" coveredstatements="0" conditionals="0" coveredconditionals="0" methods="1" coveredmethods="0"/>
          <line num="1" count="0" type="stmt"/>
          <line num="5" count="0" type="stmt"/>
        </file>
      </package>
      <package name="src.components.NotFound">
        <metrics statements="2" coveredstatements="0" conditionals="0" coveredconditionals="0" methods="1" coveredmethods="0"/>
        <file name="index.js" path="/Users/robertz/bootcamp/collab/skylab-bootcamp-201901/staff/groups/la-cia-del-anillo/ultra-vgsm/src/components/NotFound/index.js">
          <metrics statements="2" coveredstatements="0" conditionals="0" coveredconditionals="0" methods="1" coveredmethods="0"/>
          <line num="1" count="0" type="stmt"/>
          <line num="7" count="0" type="stmt"/>
        </file>
      </package>
      <package name="src.components.Platforms">
        <metrics statements="21" coveredstatements="0" conditionals="4" coveredconditionals="0" methods="10" coveredmethods="0"/>
        <file name="index.js" path="/Users/robertz/bootcamp/collab/skylab-bootcamp-201901/staff/groups/la-cia-del-anillo/ultra-vgsm/src/components/Platforms/index.js">
          <metrics statements="21" coveredstatements="0" conditionals="4" coveredconditionals="0" methods="10" coveredmethods="0"/>
          <line num="1" count="0" type="stmt"/>
          <line num="2" count="0" type="stmt"/>
          <line num="3" count="0" type="stmt"/>
          <line num="5" count="0" type="stmt"/>
          <line num="13" count="0" type="stmt"/>
          <line num="14" count="0" type="cond" truecount="0" falsecount="2"/>
          <line num="22" count="0" type="stmt"/>
          <line num="23" count="0" type="stmt"/>
          <line num="27" count="0" type="stmt"/>
          <line num="28" count="0" type="stmt"/>
          <line num="31" count="0" type="stmt"/>
          <line num="33" count="0" type="stmt"/>
          <line num="34" count="0" type="stmt"/>
          <line num="35" count="0" type="stmt"/>
          <line num="37" count="0" type="stmt"/>
          <line num="38" count="0" type="stmt"/>
          <line num="42" count="0" type="stmt"/>
          <line num="43" count="0" type="stmt"/>
          <line num="44" count="0" type="stmt"/>
          <line num="50" count="0" type="stmt"/>
          <line num="55" count="0" type="stmt"/>
        </file>
      </package>
      <package name="src.components.PublishersInfo">
        <metrics statements="14" coveredstatements="0" conditionals="8" coveredconditionals="0" methods="6" coveredmethods="0"/>
        <file name="index.js" path="/Users/robertz/bootcamp/collab/skylab-bootcamp-201901/staff/groups/la-cia-del-anillo/ultra-vgsm/src/components/PublishersInfo/index.js">
          <metrics statements="14" coveredstatements="0" conditionals="8" coveredconditionals="0" methods="6" coveredmethods="0"/>
          <line num="1" count="0" type="stmt"/>
          <line num="2" count="0" type="stmt"/>
          <line num="4" count="0" type="stmt"/>
          <line num="8" count="0" type="cond" truecount="0" falsecount="2"/>
          <line num="12" count="0" type="stmt"/>
          <line num="16" count="0" type="stmt"/>
          <line num="17" count="0" type="stmt"/>
          <line num="19" count="0" type="stmt"/>
          <line num="20" count="0" type="cond" truecount="0" falsecount="4"/>
          <line num="22" count="0" type="stmt"/>
          <line num="23" count="0" type="stmt"/>
          <line num="28" count="0" type="cond" truecount="0" falsecount="2"/>
          <line num="29" count="0" type="stmt"/>
          <line num="32" count="0" type="stmt"/>
        </file>
      </package>
      <package name="src.components.Register">
        <metrics statements="14" coveredstatements="0" conditionals="2" coveredconditionals="0" methods="6" coveredmethods="0"/>
        <file name="index.js" path="/Users/robertz/bootcamp/collab/skylab-bootcamp-201901/staff/groups/la-cia-del-anillo/ultra-vgsm/src/components/Register/index.js">
          <metrics statements="14" coveredstatements="0" conditionals="2" coveredconditionals="0" methods="6" coveredmethods="0"/>
          <line num="1" count="0" type="stmt"/>
          <line num="2" count="0" type="stmt"/>
          <line num="4" count="0" type="stmt"/>
          <line num="6" count="0" type="stmt"/>
          <line num="10" count="0" type="stmt"/>
          <line num="13" count="0" type="stmt"/>
          <line num="14" count="0" type="stmt"/>
          <line num="19" count="0" type="stmt"/>
          <line num="21" count="0" type="stmt"/>
          <line num="25" count="0" type="stmt"/>
          <line num="26" count="0" type="stmt"/>
          <line num="32" count="0" type="stmt"/>
          <line num="43" count="0" type="stmt"/>
          <line num="45" count="0" type="stmt"/>
        </file>
      </package>
      <package name="src.components.Results">
        <metrics statements="78" coveredstatements="0" conditionals="61" coveredconditionals="0" methods="29" coveredmethods="0"/>
        <file name="index.js" path="/Users/robertz/bootcamp/collab/skylab-bootcamp-201901/staff/groups/la-cia-del-anillo/ultra-vgsm/src/components/Results/index.js">
          <metrics statements="78" coveredstatements="0" conditionals="61" coveredconditionals="0" methods="29" coveredmethods="0"/>
          <line num="1" count="0" type="stmt"/>
          <line num="2" count="0" type="stmt"/>
          <line num="3" count="0" type="stmt"/>
          <line num="4" count="0" type="stmt"/>
          <line num="6" count="0" type="stmt"/>
          <line num="7" count="0" type="stmt"/>
          <line num="8" count="0" type="stmt"/>
          <line num="9" count="0" type="stmt"/>
          <line num="10" count="0" type="stmt"/>
          <line num="12" count="0" type="stmt"/>
          <line num="17" count="0" type="stmt"/>
          <line num="27" count="0" type="stmt"/>
          <line num="31" count="0" type="stmt"/>
          <line num="33" count="0" type="stmt"/>
          <line num="37" count="0" type="stmt"/>
          <line num="38" count="0" type="stmt"/>
          <line num="44" count="0" type="stmt"/>
          <line num="45" count="0" type="stmt"/>
          <line num="48" count="0" type="cond" truecount="0" falsecount="2"/>
          <line num="50" count="0" type="stmt"/>
          <line num="51" count="0" type="stmt"/>
          <line num="52" count="0" type="stmt"/>
          <line num="54" count="0" type="stmt"/>
          <line num="57" count="0" type="stmt"/>
          <line num="60" count="0" type="stmt"/>
          <line num="65" count="0" type="stmt"/>
          <line num="66" count="0" type="stmt"/>
          <line num="67" count="0" type="stmt"/>
          <line num="72" count="0" type="stmt"/>
          <line num="73" count="0" type="stmt"/>
          <line num="76" count="0" type="stmt"/>
          <line num="79" count="0" type="stmt"/>
          <line num="81" count="0" type="stmt"/>
          <line num="82" count="0" type="stmt"/>
          <line num="87" count="0" type="stmt"/>
          <line num="88" count="0" type="stmt"/>
          <line num="91" count="0" type="stmt"/>
          <line num="94" count="0" type="stmt"/>
          <line num="96" count="0" type="stmt"/>
          <line num="97" count="0" type="stmt"/>
          <line num="102" count="0" type="stmt"/>
          <line num="103" count="0" type="cond" truecount="0" falsecount="2"/>
          <line num="105" count="0" type="stmt"/>
          <line num="109" count="0" type="stmt"/>
          <line num="110" count="0" type="stmt"/>
          <line num="115" count="0" type="cond" truecount="0" falsecount="2"/>
          <line num="116" count="0" type="stmt"/>
          <line num="117" count="0" type="stmt"/>
          <line num="118" count="0" type="cond" truecount="0" falsecount="2"/>
          <line num="122" count="0" type="stmt"/>
          <line num="124" count="0" type="stmt"/>
          <line num="125" count="0" type="stmt"/>
          <line num="126" count="0" type="stmt"/>
          <line num="133" count="0" type="stmt"/>
          <line num="138" count="0" type="stmt"/>
          <line num="146" count="0" type="stmt"/>
          <line num="148" count="0" type="stmt"/>
          <line num="154" count="0" type="cond" truecount="0" falsecount="2"/>
          <line num="155" count="0" type="cond" truecount="0" falsecount="2"/>
          <line num="157" count="0" type="stmt"/>
          <line num="160" count="0" type="stmt"/>
          <line num="168" count="0" type="stmt"/>
          <line num="170" count="0" type="stmt"/>
          <line num="177" count="0" type="cond" truecount="0" falsecount="2"/>
          <line num="178" count="0" type="cond" truecount="0" falsecount="2"/>
          <line num="180" count="0" type="stmt"/>
          <line num="184" count="0" type="stmt"/>
          <line num="185" count="0" type="cond" truecount="0" falsecount="2"/>
          <line num="189" count="0" type="stmt"/>
          <line num="193" count="0" type="stmt"/>
          <line num="195" count="0" type="stmt"/>
          <line num="197" count="0" type="cond" truecount="0" falsecount="4"/>
          <line num="199" count="0" type="stmt"/>
          <line num="202" count="0" type="cond" truecount="0" falsecount="4"/>
          <line num="204" count="0" type="stmt"/>
          <line num="207" count="0" type="stmt"/>
          <line num="219" count="0" type="stmt"/>
          <line num="230" count="0" type="stmt"/>
        </file>
      </package>
      <package name="src.components.Results.Favorites">
        <metrics statements="37" coveredstatements="0" conditionals="10" coveredconditionals="0" methods="14" coveredmethods="0"/>
        <file name="index.js" path="/Users/robertz/bootcamp/collab/skylab-bootcamp-201901/staff/groups/la-cia-del-anillo/ultra-vgsm/src/components/Results/Favorites/index.js">
          <metrics statements="37" coveredstatements="0" conditionals="10" coveredconditionals="0" methods="14" coveredmethods="0"/>
          <line num="1" count="0" type="stmt"/>
          <line num="2" count="0" type="stmt"/>
          <line num="4" count="0" type="stmt"/>
          <line num="5" count="0" type="stmt"/>
          <line num="6" count="0" type="stmt"/>
          <line num="8" count="0" type="stmt"/>
          <line num="16" count="0" type="stmt"/>
          <line num="19" count="0" type="stmt"/>
          <line num="21" count="0" type="stmt"/>
          <line num="25" count="0" type="stmt"/>
          <line num="26" count="0" type="stmt"/>
          <line num="32" count="0" type="cond" truecount="0" falsecount="2"/>
          <line num="33" count="0" type="stmt"/>
          <line num="35" count="0" type="stmt"/>
          <line num="37" count="0" type="stmt"/>
          <line num="40" count="0" type="stmt"/>
          <line num="42" count="0" type="stmt"/>
          <line num="43" count="0" type="stmt"/>
          <line num="44" count="0" type="stmt"/>
          <line num="45" count="0" type="stmt"/>
          <line num="52" count="0" type="stmt"/>
          <line num="53" count="0" type="cond" truecount="0" falsecount="2"/>
          <line num="55" count="0" type="stmt"/>
          <line num="59" count="0" type="stmt"/>
          <line num="60" count="0" type="stmt"/>
          <line num="65" count="0" type="stmt"/>
          <line num="71" count="0" type="stmt"/>
          <line num="72" count="0" type="stmt"/>
          <line num="76" count="0" type="stmt"/>
          <line num="77" count="0" type="stmt"/>
          <line num="80" count="0" type="stmt"/>
          <line num="83" count="0" type="stmt"/>
          <line num="85" count="0" type="cond" truecount="0" falsecount="2"/>
          <line num="86" count="0" type="stmt"/>
          <line num="91" count="0" type="cond" truecount="0" falsecount="2"/>
          <line num="92" count="0" type="stmt"/>
          <line num="94" count="0" type="stmt"/>
        </file>
      </package>
      <package name="src.components.Search">
        <metrics statements="12" coveredstatements="0" conditionals="8" coveredconditionals="0" methods="4" coveredmethods="0"/>
        <file name="index.js" path="/Users/robertz/bootcamp/collab/skylab-bootcamp-201901/staff/groups/la-cia-del-anillo/ultra-vgsm/src/components/Search/index.js">
          <metrics statements="12" coveredstatements="0" conditionals="8" coveredconditionals="0" methods="4" coveredmethods="0"/>
          <line num="1" count="0" type="stmt"/>
          <line num="2" count="0" type="stmt"/>
          <line num="4" count="0" type="stmt"/>
          <line num="8" count="0" type="stmt"/>
          <line num="11" count="0" type="stmt"/>
          <line num="12" count="0" type="stmt"/>
          <line num="17" count="0" type="stmt"/>
          <line num="19" count="0" type="cond" truecount="0" falsecount="2"/>
          <line num="21" count="0" type="stmt"/>
          <line num="24" count="0" type="stmt"/>
          <line num="27" count="0" type="stmt"/>
          <line num="29" count="0" type="stmt"/>
        </file>
      </package>
      <package name="src.components.SearchOverlay">
        <metrics statements="9" coveredstatements="0" conditionals="0" coveredconditionals="0" methods="3" coveredmethods="0"/>
        <file name="index.js" path="/Users/robertz/bootcamp/collab/skylab-bootcamp-201901/staff/groups/la-cia-del-anillo/ultra-vgsm/src/components/SearchOverlay/index.js">
          <metrics statements="9" coveredstatements="0" conditionals="0" coveredconditionals="0" methods="3" coveredmethods="0"/>
          <line num="1" count="0" type="stmt"/>
          <line num="3" count="0" type="stmt"/>
          <line num="5" count="0" type="stmt"/>
          <line num="9" count="0" type="stmt"/>
          <line num="10" count="0" type="stmt"/>
          <line num="11" count="0" type="stmt"/>
          <line num="12" count="0" type="stmt"/>
          <line num="19" count="0" type="stmt"/>
          <line num="21" count="0" type="stmt"/>
        </file>
      </package>
      <package name="src.logic">
        <metrics statements="76" coveredstatements="75" conditionals="87" coveredconditionals="74" methods="5" coveredmethods="5"/>
        <file name="index.js" path="/Users/robertz/bootcamp/collab/skylab-bootcamp-201901/staff/groups/la-cia-del-anillo/ultra-vgsm/src/logic/index.js">
          <metrics statements="76" coveredstatements="75" conditionals="87" coveredconditionals="74" methods="5" coveredmethods="5"/>
          <line num="7" count="1" type="stmt"/>
          <line num="9" count="6" type="stmt"/>
          <line num="13" count="12" type="stmt"/>
          <line num="17" count="6" type="stmt"/>
          <line num="21" count="11" type="stmt"/>
          <line num="25" count="6" type="stmt"/>
          <line num="29" count="12" type="stmt"/>
          <line num="33" count="6" type="stmt"/>
          <line num="37" count="11" type="stmt"/>
          <line num="50" count="36" type="cond" truecount="2" falsecount="0"/>
          <line num="52" count="31" type="cond" truecount="2" falsecount="0"/>
          <line num="54" count="30" type="cond" truecount="2" falsecount="0"/>
          <line num="56" count="25" type="cond" truecount="2" falsecount="0"/>
          <line num="58" count="24" type="cond" truecount="2" falsecount="0"/>
          <line num="60" count="19" type="cond" truecount="2" falsecount="0"/>
          <line num="62" count="18" type="cond" truecount="2" falsecount="0"/>
          <line num="64" count="13" type="cond" truecount="2" falsecount="0"/>
          <line num="66" count="12" type="cond" truecount="2" falsecount="0"/>
          <line num="67" count="5" type="stmt"/>
          <line num="69" count="7" type="cond" truecount="2" falsecount="0"/>
          <line num="70" count="1" type="stmt"/>
          <line num="72" count="6" type="cond" truecount="1" falsecount="1"/>
          <line num="74" count="6" type="stmt"/>
          <line num="84" count="5" type="cond" truecount="1" falsecount="1"/>
          <line num="86" count="5" type="cond" truecount="1" falsecount="1"/>
          <line num="88" count="5" type="cond" truecount="1" falsecount="1"/>
          <line num="90" count="5" type="cond" truecount="1" falsecount="1"/>
          <line num="92" count="5" type="stmt"/>
          <line num="93" count="5" type="stmt"/>
          <line num="94" count="5" type="stmt"/>
          <line num="99" count="7" type="stmt"/>
          <line num="101" count="7" type="stmt"/>
          <line num="111" count="3" type="cond" truecount="1" falsecount="1"/>
          <line num="113" count="3" type="cond" truecount="1" falsecount="1"/>
          <line num="115" count="3" type="cond" truecount="1" falsecount="1"/>
          <line num="117" count="3" type="cond" truecount="1" falsecount="1"/>
          <line num="119" count="3" type="cond" truecount="1" falsecount="1"/>
          <line num="122" count="3" type="stmt"/>
          <line num="124" count="3" type="stmt"/>
          <line num="126" count="3" type="cond" truecount="2" falsecount="0"/>
          <line num="127" count="2" type="stmt"/>
          <line num="129" count="1" type="stmt"/>
          <line num="132" count="3" type="stmt"/>
          <line num="134" count="3" type="stmt"/>
          <line num="139" count="0" type="stmt"/>
          <line num="143" count="1" type="stmt"/>
          <line num="144" count="1" type="stmt"/>
          <line num="155" count="5" type="cond" truecount="2" falsecount="0"/>
          <line num="157" count="4" type="cond" truecount="2" falsecount="0"/>
          <line num="159" count="2" type="cond" truecount="1" falsecount="1"/>
          <line num="161" count="2" type="stmt"/>
          <line num="171" count="7" type="cond" truecount="2" falsecount="0"/>
          <line num="173" count="3" type="cond" truecount="2" falsecount="0"/>
          <line num="176" count="2" type="stmt"/>
          <line num="185" count="12" type="cond" truecount="2" falsecount="0"/>
          <line num="187" count="7" type="cond" truecount="2" falsecount="0"/>
          <line num="195" count="6" type="cond" truecount="1" falsecount="1"/>
          <line num="197" count="6" type="cond" truecount="1" falsecount="1"/>
          <line num="199" count="6" type="stmt"/>
          <line num="209" count="13" type="cond" truecount="2" falsecount="0"/>
          <line num="211" count="8" type="cond" truecount="2" falsecount="0"/>
          <line num="213" count="7" type="cond" truecount="2" falsecount="0"/>
          <line num="215" count="6" type="cond" truecount="2" falsecount="0"/>
          <line num="217" count="5" type="cond" truecount="2" falsecount="0"/>
          <line num="218" count="4" type="stmt"/>
          <line num="227" count="9" type="cond" truecount="2" falsecount="0"/>
          <line num="229" count="4" type="stmt"/>
          <line num="237" count="3" type="stmt"/>
          <line num="245" count="3" type="stmt"/>
          <line num="253" count="3" type="stmt"/>
          <line num="263" count="12" type="cond" truecount="2" falsecount="0"/>
          <line num="265" count="7" type="cond" truecount="2" falsecount="0"/>
          <line num="267" count="6" type="cond" truecount="2" falsecount="0"/>
          <line num="269" count="5" type="cond" truecount="2" falsecount="0"/>
          <line num="271" count="4" type="cond" truecount="2" falsecount="0"/>
          <line num="273" count="3" type="stmt"/>
        </file>
      </package>
      <package name="src.thegamesdb-api">
        <metrics statements="125" coveredstatements="125" conditionals="105" coveredconditionals="89" methods="26" coveredmethods="26"/>
        <file name="index.js" path="/Users/robertz/bootcamp/collab/skylab-bootcamp-201901/staff/groups/la-cia-del-anillo/ultra-vgsm/src/thegamesdb-api/index.js">
          <metrics statements="125" coveredstatements="125" conditionals="105" coveredconditionals="89" methods="26" coveredmethods="26"/>
          <line num="6" count="2" type="stmt"/>
          <line num="23" count="7" type="cond" truecount="2" falsecount="0"/>
          <line num="25" count="6" type="cond" truecount="2" falsecount="0"/>
          <line num="27" count="4" type="cond" truecount="1" falsecount="1"/>
          <line num="29" count="4" type="stmt"/>
          <line num="31" count="4" type="stmt"/>
          <line num="32" count="4" type="stmt"/>
          <line num="33" count="4" type="stmt"/>
          <line num="34" count="4" type="stmt"/>
          <line num="36" count="12" type="stmt"/>
          <line num="38" count="4" type="stmt"/>
          <line num="43" count="4" type="stmt"/>
          <line num="45" count="4" type="cond" truecount="1" falsecount="0"/>
          <line num="47" count="4" type="cond" truecount="1" falsecount="1"/>
          <line num="49" count="4" type="cond" truecount="1" falsecount="1"/>
          <line num="51" count="4" type="stmt"/>
          <line num="56" count="9" type="cond" truecount="2" falsecount="0"/>
          <line num="58" count="5" type="cond" truecount="2" falsecount="0"/>
          <line num="60" count="4" type="stmt"/>
          <line num="65" count="4" type="stmt"/>
          <line num="67" count="4" type="stmt"/>
          <line num="69" count="4" type="cond" truecount="1" falsecount="1"/>
          <line num="71" count="4" type="cond" truecount="1" falsecount="1"/>
          <line num="73" count="4" type="stmt"/>
          <line num="88" count="18" type="cond" truecount="2" falsecount="0"/>
          <line num="90" count="13" type="cond" truecount="2" falsecount="0"/>
          <line num="94" count="12" type="cond" truecount="4" falsecount="0"/>
          <line num="95" count="2" type="stmt"/>
          <line num="97" count="10" type="cond" truecount="4" falsecount="0"/>
          <line num="98" count="2" type="stmt"/>
          <line num="100" count="8" type="cond" truecount="1" falsecount="1"/>
          <line num="102" count="8" type="cond" truecount="1" falsecount="1"/>
          <line num="104" count="8" type="stmt"/>
          <line num="106" count="8" type="stmt"/>
          <line num="107" count="8" type="stmt"/>
          <line num="108" count="8" type="stmt"/>
          <line num="109" count="8" type="stmt"/>
          <line num="110" count="8" type="stmt"/>
          <line num="112" count="32" type="stmt"/>
          <line num="114" count="8" type="stmt"/>
          <line num="115" count="6" type="stmt"/>
          <line num="117" count="6" type="cond" truecount="1" falsecount="0"/>
          <line num="119" count="6" type="cond" truecount="1" falsecount="1"/>
          <line num="120" count="6" type="cond" truecount="2" falsecount="0"/>
          <line num="121" count="4" type="cond" truecount="2" falsecount="0"/>
          <line num="123" count="2" type="stmt"/>
          <line num="139" count="17" type="cond" truecount="2" falsecount="0"/>
          <line num="141" count="12" type="cond" truecount="2" falsecount="0"/>
          <line num="143" count="11" type="cond" truecount="2" falsecount="0"/>
          <line num="145" count="10" type="cond" truecount="2" falsecount="0"/>
          <line num="147" count="9" type="cond" truecount="2" falsecount="0"/>
          <line num="149" count="8" type="stmt"/>
          <line num="151" count="8" type="stmt"/>
          <line num="152" count="8" type="stmt"/>
          <line num="153" count="8" type="stmt"/>
          <line num="155" count="16" type="stmt"/>
          <line num="157" count="8" type="stmt"/>
          <line num="158" count="6" type="stmt"/>
          <line num="160" count="6" type="cond" truecount="1" falsecount="0"/>
          <line num="162" count="6" type="cond" truecount="1" falsecount="1"/>
          <line num="163" count="6" type="cond" truecount="2" falsecount="0"/>
          <line num="164" count="4" type="cond" truecount="2" falsecount="0"/>
          <line num="166" count="2" type="stmt"/>
          <line num="181" count="13" type="cond" truecount="2" falsecount="0"/>
          <line num="183" count="8" type="stmt"/>
          <line num="185" count="8" type="stmt"/>
          <line num="186" count="8" type="stmt"/>
          <line num="187" count="8" type="stmt"/>
          <line num="189" count="16" type="stmt"/>
          <line num="191" count="8" type="stmt"/>
          <line num="192" count="6" type="stmt"/>
          <line num="194" count="6" type="stmt"/>
          <line num="196" count="6" type="cond" truecount="1" falsecount="1"/>
          <line num="197" count="6" type="cond" truecount="2" falsecount="0"/>
          <line num="198" count="4" type="stmt"/>
          <line num="212" count="6" type="stmt"/>
          <line num="214" count="6" type="stmt"/>
          <line num="215" count="6" type="stmt"/>
          <line num="217" count="6" type="stmt"/>
          <line num="219" count="6" type="stmt"/>
          <line num="220" count="4" type="stmt"/>
          <line num="222" count="4" type="stmt"/>
          <line num="224" count="4" type="cond" truecount="1" falsecount="1"/>
          <line num="225" count="4" type="cond" truecount="2" falsecount="0"/>
          <line num="226" count="2" type="stmt"/>
          <line num="240" count="6" type="stmt"/>
          <line num="242" count="6" type="stmt"/>
          <line num="243" count="6" type="stmt"/>
          <line num="245" count="6" type="stmt"/>
          <line num="247" count="6" type="stmt"/>
          <line num="248" count="4" type="stmt"/>
          <line num="250" count="4" type="stmt"/>
          <line num="252" count="4" type="cond" truecount="1" falsecount="1"/>
          <line num="253" count="4" type="cond" truecount="2" falsecount="0"/>
          <line num="254" count="2" type="stmt"/>
          <line num="268" count="6" type="stmt"/>
          <line num="270" count="6" type="stmt"/>
          <line num="271" count="6" type="stmt"/>
          <line num="273" count="6" type="stmt"/>
          <line num="275" count="6" type="stmt"/>
          <line num="276" count="4" type="stmt"/>
          <line num="278" count="4" type="stmt"/>
          <line num="280" count="4" type="cond" truecount="1" falsecount="1"/>
          <line num="281" count="4" type="cond" truecount="2" falsecount="0"/>
          <line num="282" count="2" type="stmt"/>
          <line num="287" count="15" type="cond" truecount="2" falsecount="0"/>
          <line num="289" count="11" type="cond" truecount="2" falsecount="0"/>
          <line num="291" count="10" type="cond" truecount="2" falsecount="0"/>
          <line num="293" count="9" type="cond" truecount="1" falsecount="1"/>
          <line num="295" count="9" type="cond" truecount="2" falsecount="0"/>
          <line num="297" count="8" type="cond" truecount="2" falsecount="0"/>
          <line num="299" count="7" type="cond" truecount="1" falsecount="1"/>
          <line num="301" count="7" type="stmt"/>
          <line num="303" count="7" type="stmt"/>
          <line num="304" count="7" type="stmt"/>
          <line num="305" count="7" type="stmt"/>
          <line num="306" count="7" type="stmt"/>
          <line num="308" count="21" type="stmt"/>
          <line num="310" count="7" type="stmt"/>
          <line num="311" count="5" type="stmt"/>
          <line num="313" count="5" type="cond" truecount="1" falsecount="0"/>
          <line num="314" count="5" type="cond" truecount="1" falsecount="1"/>
          <line num="315" count="5" type="cond" truecount="4" falsecount="0"/>
          <line num="316" count="3" type="cond" truecount="2" falsecount="0"/>
          <line num="317" count="1" type="stmt"/>
        </file>
      </package>
      <package name="src.user-api">
        <metrics statements="55" coveredstatements="54" conditionals="68" coveredconditionals="55" methods="10" coveredmethods="10"/>
        <file name="index.js" path="/Users/robertz/bootcamp/collab/skylab-bootcamp-201901/staff/groups/la-cia-del-anillo/ultra-vgsm/src/user-api/index.js">
          <metrics statements="55" coveredstatements="54" conditionals="68" coveredconditionals="55" methods="10" coveredmethods="10"/>
          <line num="1" count="2" type="stmt"/>
          <line num="6" count="17" type="cond" truecount="1" falsecount="1"/>
          <line num="7" count="17" type="cond" truecount="2" falsecount="0"/>
          <line num="9" count="16" type="cond" truecount="1" falsecount="1"/>
          <line num="10" count="16" type="cond" truecount="2" falsecount="0"/>
          <line num="12" count="15" type="cond" truecount="1" falsecount="1"/>
          <line num="13" count="15" type="cond" truecount="2" falsecount="0"/>
          <line num="15" count="14" type="cond" truecount="1" falsecount="1"/>
          <line num="16" count="14" type="cond" truecount="2" falsecount="0"/>
          <line num="18" count="13" type="stmt"/>
          <line num="25" count="13" type="stmt"/>
          <line num="28" count="13" type="stmt"/>
          <line num="30" count="13" type="cond" truecount="2" falsecount="0"/>
          <line num="32" count="1" type="stmt"/>
          <line num="37" count="12" type="cond" truecount="1" falsecount="1"/>
          <line num="38" count="12" type="cond" truecount="1" falsecount="1"/>
          <line num="40" count="12" type="cond" truecount="1" falsecount="1"/>
          <line num="41" count="12" type="cond" truecount="1" falsecount="1"/>
          <line num="44" count="12" type="stmt"/>
          <line num="51" count="12" type="stmt"/>
          <line num="54" count="12" type="stmt"/>
          <line num="56" count="12" type="cond" truecount="2" falsecount="0"/>
          <line num="58" count="2" type="stmt"/>
          <line num="63" count="16" type="cond" truecount="2" falsecount="0"/>
          <line num="64" count="15" type="cond" truecount="2" falsecount="0"/>
          <line num="66" count="14" type="cond" truecount="2" falsecount="0"/>
          <line num="67" count="13" type="cond" truecount="2" falsecount="0"/>
          <line num="69" count="12" type="stmt"/>
          <line num="74" count="12" type="stmt"/>
          <line num="77" count="12" type="stmt"/>
          <line num="79" count="12" type="cond" truecount="2" falsecount="0"/>
          <line num="81" count="3" type="stmt"/>
          <line num="86" count="9" type="cond" truecount="2" falsecount="0"/>
          <line num="87" count="8" type="cond" truecount="2" falsecount="0"/>
          <line num="89" count="7" type="cond" truecount="2" falsecount="0"/>
          <line num="90" count="6" type="cond" truecount="2" falsecount="0"/>
          <line num="92" count="5" type="cond" truecount="2" falsecount="0"/>
          <line num="94" count="4" type="stmt"/>
          <line num="102" count="4" type="stmt"/>
          <line num="105" count="4" type="stmt"/>
          <line num="107" count="4" type="cond" truecount="1" falsecount="1"/>
          <line num="109" count="0" type="stmt"/>
          <line num="114" count="7" type="cond" truecount="2" falsecount="0"/>
          <line num="115" count="6" type="cond" truecount="2" falsecount="0"/>
          <line num="117" count="5" type="cond" truecount="2" falsecount="0"/>
          <line num="118" count="4" type="cond" truecount="2" falsecount="0"/>
          <line num="120" count="3" type="cond" truecount="1" falsecount="1"/>
          <line num="121" count="3" type="cond" truecount="1" falsecount="1"/>
          <line num="123" count="3" type="cond" truecount="1" falsecount="1"/>
          <line num="124" count="3" type="cond" truecount="1" falsecount="1"/>
          <line num="126" count="3" type="stmt"/>
          <line num="134" count="3" type="stmt"/>
          <line num="137" count="3" type="stmt"/>
          <line num="139" count="3" type="cond" truecount="2" falsecount="0"/>
          <line num="141" count="2" type="stmt"/>
        </file>
      </package>
    </metrics>
  </project>
</coverage>
