{"/Users/robertz/bootcamp/collab/skylab-bootcamp-201901/staff/groups/la-cia-del-anillo/ultra-vgsm/src/index.js": {"path":"/Users/robertz/bootcamp/collab/skylab-bootcamp-201901/staff/groups/la-cia-del-anillo/ultra-vgsm/src/index.js","statementMap":{"0":{"start":{"line":1,"column":0},"end":{"line":null,"column":-1}},"1":{"start":{"line":2,"column":0},"end":{"line":null,"column":-1}},"2":{"start":{"line":3,"column":0},"end":{"line":null,"column":-1}},"3":{"start":{"line":4,"column":0},"end":{"line":null,"column":-1}},"4":{"start":{"line":5,"column":0},"end":{"line":null,"column":-1}},"5":{"start":{"line":6,"column":0},"end":{"line":null,"column":-1}},"6":{"start":{"line":7,"column":0},"end":{"line":null,"column":-1}},"7":{"start":{"line":8,"column":0},"end":{"line":null,"column":-1}},"8":{"start":{"line":11,"column":0},"end":{"line":null,"column":-1}},"9":{"start":{"line":13,"column":0},"end":{"line":null,"column":-1}},"10":{"start":{"line":14,"column":4},"end":{"line":13,"column":0}},"11":{"start":{"line":15,"column":0},"end":{"line":null,"column":-1}},"12":{"start":{"line":15,"column":24},"end":{"line":15,"column":0}},"13":{"start":{"line":17,"column":0},"end":{"line":null,"column":-1}},"14":{"start":{"line":18,"column":4},"end":{"line":17,"column":0}},"15":{"start":{"line":21,"column":0},"end":{"line":null,"column":-1}},"16":{"start":{"line":21,"column":30},"end":{"line":21,"column":0}},"17":{"start":{"line":33,"column":0},"end":{"line":null,"column":-1}}},"fnMap":{"0":{"name":"(anonymous_0)","decl":{"start":{"line":13,"column":18},"end":{"line":13,"column":19}},"loc":{"start":{"line":14,"column":4},"end":{"line":13,"column":0}}},"1":{"name":"(anonymous_1)","decl":{"start":{"line":15,"column":18},"end":{"line":15,"column":23}},"loc":{"start":{"line":15,"column":24},"end":{"line":15,"column":0}}},"2":{"name":"(anonymous_2)","decl":{"start":{"line":17,"column":24},"end":{"line":17,"column":28}},"loc":{"start":{"line":18,"column":4},"end":{"line":17,"column":0}}},"3":{"name":"(anonymous_3)","decl":{"start":{"line":21,"column":24},"end":{"line":21,"column":29}},"loc":{"start":{"line":21,"column":30},"end":{"line":21,"column":0}}}},"branchMap":{"0":{"loc":{"start":{"line":14,"column":9},"end":{"line":14,"column":6}},"type":"cond-expr","locations":[{"start":{"line":14,"column":9},"end":{"line":14,"column":6}},{"start":{"line":14,"column":49},"end":{"line":13,"column":0}}]},"1":{"loc":{"start":{"line":19,"column":10},"end":{"line":18,"column":9}},"type":"cond-expr","locations":[{"start":{"line":19,"column":10},"end":{"line":18,"column":9}},{"start":{"line":20,"column":10},"end":{"line":17,"column":0}}]}},"s":{"0":0,"1":0,"2":0,"3":0,"4":0,"5":0,"6":0,"7":0,"8":0,"9":0,"10":0,"11":0,"12":0,"13":0,"14":0,"15":0,"16":0,"17":0},"f":{"0":0,"1":0,"2":0,"3":0},"b":{"0":[0,0],"1":[0,0]}}
,"/Users/robertz/bootcamp/collab/skylab-bootcamp-201901/staff/groups/la-cia-del-anillo/ultra-vgsm/src/serviceWorker.js": {"path":"/Users/robertz/bootcamp/collab/skylab-bootcamp-201901/staff/groups/la-cia-del-anillo/ultra-vgsm/src/serviceWorker.js","statementMap":{"0":{"start":{"line":13,"column":20},"end":{"line":13,"column":0}},"1":{"start":{"line":24,"column":2},"end":{"line":54,"column":3}},"2":{"start":{"line":26,"column":22},"end":{"line":26,"column":4}},"3":{"start":{"line":27,"column":4},"end":{"line":32,"column":5}},"4":{"start":{"line":31,"column":6},"end":{"line":null,"column":-1}},"5":{"start":{"line":34,"column":4},"end":{"line":null,"column":-1}},"6":{"start":{"line":35,"column":21},"end":{"line":35,"column":6}},"7":{"start":{"line":37,"column":6},"end":{"line":52,"column":7}},"8":{"start":{"line":39,"column":8},"end":{"line":37,"column":23}},"9":{"start":{"line":43,"column":8},"end":{"line":null,"column":-1}},"10":{"start":{"line":44,"column":10},"end":{"line":null,"column":-1}},"11":{"start":{"line":51,"column":8},"end":{"line":null,"column":-1}},"12":{"start":{"line":58,"column":2},"end":{"line":null,"column":-1}},"13":{"start":{"line":61,"column":6},"end":{"line":null,"column":-1}},"14":{"start":{"line":62,"column":33},"end":{"line":62,"column":8}},"15":{"start":{"line":63,"column":8},"end":{"line":65,"column":9}},"16":{"start":{"line":64,"column":10},"end":{"line":null,"column":-1}},"17":{"start":{"line":66,"column":8},"end":{"line":null,"column":-1}},"18":{"start":{"line":67,"column":10},"end":{"line":92,"column":11}},"19":{"start":{"line":68,"column":12},"end":{"line":91,"column":13}},"20":{"start":{"line":72,"column":14},"end":{"line":68,"column":52}},"21":{"start":{"line":78,"column":14},"end":{"line":80,"column":15}},"22":{"start":{"line":79,"column":16},"end":{"line":null,"column":-1}},"23":{"start":{"line":85,"column":14},"end":{"line":81,"column":19}},"24":{"start":{"line":88,"column":14},"end":{"line":90,"column":15}},"25":{"start":{"line":89,"column":16},"end":{"line":null,"column":-1}},"26":{"start":{"line":97,"column":6},"end":{"line":null,"column":-1}},"27":{"start":{"line":103,"column":2},"end":{"line":null,"column":-1}},"28":{"start":{"line":106,"column":26},"end":{"line":106,"column":6}},"29":{"start":{"line":107,"column":6},"end":{"line":120,"column":7}},"30":{"start":{"line":112,"column":8},"end":{"line":null,"column":-1}},"31":{"start":{"line":113,"column":10},"end":{"line":null,"column":-1}},"32":{"start":{"line":114,"column":12},"end":{"line":null,"column":-1}},"33":{"start":{"line":119,"column":8},"end":{"line":null,"column":-1}},"34":{"start":{"line":123,"column":6},"end":{"line":null,"column":-1}},"35":{"start":{"line":130,"column":2},"end":{"line":134,"column":3}},"36":{"start":{"line":131,"column":4},"end":{"line":null,"column":-1}},"37":{"start":{"line":132,"column":6},"end":{"line":null,"column":-1}}},"fnMap":{"0":{"name":"register","decl":{"start":{"line":23,"column":16},"end":{"line":23,"column":7}},"loc":{"start":{"line":23,"column":33},"end":{"line":55,"column":1}}},"1":{"name":"(anonymous_1)","decl":{"start":{"line":34,"column":36},"end":{"line":34,"column":41}},"loc":{"start":{"line":34,"column":42},"end":{"line":34,"column":4}}},"2":{"name":"(anonymous_2)","decl":{"start":{"line":43,"column":43},"end":{"line":43,"column":48}},"loc":{"start":{"line":43,"column":49},"end":{"line":43,"column":8}}},"3":{"name":"registerValidSW","decl":{"start":{"line":57,"column":9},"end":{"line":57,"column":0}},"loc":{"start":{"line":57,"column":40},"end":{"line":99,"column":1}}},"4":{"name":"(anonymous_4)","decl":{"start":{"line":60,"column":10},"end":{"line":60,"column":21}},"loc":{"start":{"line":60,"column":26},"end":{"line":58,"column":2}}},"5":{"name":"(anonymous_5)","decl":{"start":{"line":61,"column":35},"end":{"line":61,"column":40}},"loc":{"start":{"line":61,"column":41},"end":{"line":61,"column":6}}},"6":{"name":"(anonymous_6)","decl":{"start":{"line":66,"column":41},"end":{"line":66,"column":46}},"loc":{"start":{"line":66,"column":47},"end":{"line":66,"column":8}}},"7":{"name":"(anonymous_7)","decl":{"start":{"line":96,"column":11},"end":{"line":96,"column":15}},"loc":{"start":{"line":96,"column":20},"end":{"line":58,"column":2}}},"8":{"name":"checkValidServiceWorker","decl":{"start":{"line":101,"column":9},"end":{"line":101,"column":0}},"loc":{"start":{"line":101,"column":48},"end":{"line":127,"column":1}}},"9":{"name":"(anonymous_9)","decl":{"start":{"line":104,"column":10},"end":{"line":104,"column":17}},"loc":{"start":{"line":104,"column":22},"end":{"line":103,"column":2}}},"10":{"name":"(anonymous_10)","decl":{"start":{"line":112,"column":43},"end":{"line":112,"column":54}},"loc":{"start":{"line":112,"column":59},"end":{"line":112,"column":8}}},"11":{"name":"(anonymous_11)","decl":{"start":{"line":113,"column":41},"end":{"line":113,"column":46}},"loc":{"start":{"line":113,"column":47},"end":{"line":113,"column":10}}},"12":{"name":"(anonymous_12)","decl":{"start":{"line":122,"column":11},"end":{"line":122,"column":16}},"loc":{"start":{"line":122,"column":17},"end":{"line":103,"column":2}}},"13":{"name":"unregister","decl":{"start":{"line":129,"column":16},"end":{"line":129,"column":7}},"loc":{"start":{"line":129,"column":29},"end":{"line":135,"column":1}}},"14":{"name":"(anonymous_14)","decl":{"start":{"line":131,"column":39},"end":{"line":131,"column":50}},"loc":{"start":{"line":131,"column":55},"end":{"line":131,"column":4}}}},"branchMap":{"0":{"loc":{"start":{"line":14,"column":2},"end":{"line":14,"column":1}},"type":"binary-expr","locations":[{"start":{"line":14,"column":2},"end":{"line":14,"column":1}},{"start":{"line":16,"column":4},"end":{"line":14,"column":2}},{"start":{"line":18,"column":4},"end":{"line":13,"column":27}}]},"1":{"loc":{"start":{"line":24,"column":2},"end":{"line":54,"column":3}},"type":"if","locations":[{"start":{"line":24,"column":2},"end":{"line":54,"column":3}},{"start":{"line":24,"column":2},"end":{"line":54,"column":3}}]},"2":{"loc":{"start":{"line":24,"column":6},"end":{"line":24,"column":5}},"type":"binary-expr","locations":[{"start":{"line":24,"column":6},"end":{"line":24,"column":5}},{"start":{"line":24,"column":47},"end":{"line":24,"column":2}}]},"3":{"loc":{"start":{"line":27,"column":4},"end":{"line":32,"column":5}},"type":"if","locations":[{"start":{"line":27,"column":4},"end":{"line":32,"column":5}},{"start":{"line":27,"column":4},"end":{"line":32,"column":5}}]},"4":{"loc":{"start":{"line":37,"column":6},"end":{"line":52,"column":7}},"type":"if","locations":[{"start":{"line":37,"column":6},"end":{"line":52,"column":7}},{"start":{"line":37,"column":6},"end":{"line":52,"column":7}}]},"5":{"loc":{"start":{"line":63,"column":8},"end":{"line":65,"column":9}},"type":"if","locations":[{"start":{"line":63,"column":8},"end":{"line":65,"column":9}},{"start":{"line":63,"column":8},"end":{"line":65,"column":9}}]},"6":{"loc":{"start":{"line":67,"column":10},"end":{"line":92,"column":11}},"type":"if","locations":[{"start":{"line":67,"column":10},"end":{"line":92,"column":11}},{"start":{"line":67,"column":10},"end":{"line":92,"column":11}}]},"7":{"loc":{"start":{"line":68,"column":12},"end":{"line":91,"column":13}},"type":"if","locations":[{"start":{"line":68,"column":12},"end":{"line":91,"column":13}},{"start":{"line":68,"column":12},"end":{"line":91,"column":13}}]},"8":{"loc":{"start":{"line":78,"column":14},"end":{"line":80,"column":15}},"type":"if","locations":[{"start":{"line":78,"column":14},"end":{"line":80,"column":15}},{"start":{"line":78,"column":14},"end":{"line":80,"column":15}}]},"9":{"loc":{"start":{"line":78,"column":18},"end":{"line":78,"column":24}},"type":"binary-expr","locations":[{"start":{"line":78,"column":18},"end":{"line":78,"column":24}},{"start":{"line":78,"column":28},"end":{"line":78,"column":14}}]},"10":{"loc":{"start":{"line":88,"column":14},"end":{"line":90,"column":15}},"type":"if","locations":[{"start":{"line":88,"column":14},"end":{"line":90,"column":15}},{"start":{"line":88,"column":14},"end":{"line":90,"column":15}}]},"11":{"loc":{"start":{"line":88,"column":18},"end":{"line":88,"column":24}},"type":"binary-expr","locations":[{"start":{"line":88,"column":18},"end":{"line":88,"column":24}},{"start":{"line":88,"column":28},"end":{"line":88,"column":14}}]},"12":{"loc":{"start":{"line":107,"column":6},"end":{"line":120,"column":7}},"type":"if","locations":[{"start":{"line":107,"column":6},"end":{"line":120,"column":7}},{"start":{"line":107,"column":6},"end":{"line":120,"column":7}}]},"13":{"loc":{"start":{"line":108,"column":8},"end":{"line":108,"column":7}},"type":"binary-expr","locations":[{"start":{"line":108,"column":8},"end":{"line":108,"column":7}},{"start":{"line":109,"column":9},"end":{"line":109,"column":8}},{"start":{"line":109,"column":32},"end":{"line":107,"column":6}}]},"14":{"loc":{"start":{"line":130,"column":2},"end":{"line":134,"column":3}},"type":"if","locations":[{"start":{"line":130,"column":2},"end":{"line":134,"column":3}},{"start":{"line":130,"column":2},"end":{"line":134,"column":3}}]}},"s":{"0":0,"1":0,"2":0,"3":0,"4":0,"5":0,"6":0,"7":0,"8":0,"9":0,"10":0,"11":0,"12":0,"13":0,"14":0,"15":0,"16":0,"17":0,"18":0,"19":0,"20":0,"21":0,"22":0,"23":0,"24":0,"25":0,"26":0,"27":0,"28":0,"29":0,"30":0,"31":0,"32":0,"33":0,"34":0,"35":0,"36":0,"37":0},"f":{"0":0,"1":0,"2":0,"3":0,"4":0,"5":0,"6":0,"7":0,"8":0,"9":0,"10":0,"11":0,"12":0,"13":0,"14":0},"b":{"0":[0,0,0],"1":[0,0],"2":[0,0],"3":[0,0],"4":[0,0],"5":[0,0],"6":[0,0],"7":[0,0],"8":[0,0],"9":[0,0],"10":[0,0],"11":[0,0],"12":[0,0],"13":[0,0,0],"14":[0,0]}}
,"/Users/robertz/bootcamp/collab/skylab-bootcamp-201901/staff/groups/la-cia-del-anillo/ultra-vgsm/src/components/App/index.js": {"path":"/Users/robertz/bootcamp/collab/skylab-bootcamp-201901/staff/groups/la-cia-del-anillo/ultra-vgsm/src/components/App/index.js","statementMap":{"0":{"start":{"line":1,"column":0},"end":{"line":null,"column":-1}},"1":{"start":{"line":3,"column":0},"end":{"line":null,"column":-1}},"2":{"start":{"line":4,"column":0},"end":{"line":null,"column":-1}},"3":{"start":{"line":6,"column":0},"end":{"line":null,"column":-1}},"4":{"start":{"line":7,"column":0},"end":{"line":null,"column":-1}},"5":{"start":{"line":8,"column":0},"end":{"line":null,"column":-1}},"6":{"start":{"line":9,"column":0},"end":{"line":null,"column":-1}},"7":{"start":{"line":10,"column":0},"end":{"line":null,"column":-1}},"8":{"start":{"line":11,"column":0},"end":{"line":null,"column":-1}},"9":{"start":{"line":12,"column":0},"end":{"line":null,"column":-1}},"10":{"start":{"line":13,"column":0},"end":{"line":null,"column":-1}},"11":{"start":{"line":14,"column":0},"end":{"line":null,"column":-1}},"12":{"start":{"line":15,"column":0},"end":{"line":null,"column":-1}},"13":{"start":{"line":16,"column":0},"end":{"line":null,"column":-1}},"14":{"start":{"line":18,"column":28},"end":{"line":null,"column":-1}},"15":{"start":{"line":22,"column":8},"end":{"line":33,"column":9}},"16":{"start":{"line":23,"column":12},"end":{"line":null,"column":-1}},"17":{"start":{"line":26,"column":20},"end":{"line":null,"column":-1}},"18":{"start":{"line":29,"column":20},"end":{"line":null,"column":-1}},"19":{"start":{"line":31,"column":30},"end":{"line":31,"column":29}},"20":{"start":{"line":32,"column":12},"end":{"line":null,"column":-1}},"21":{"start":{"line":37,"column":8},"end":{"line":48,"column":9}},"22":{"start":{"line":38,"column":12},"end":{"line":null,"column":-1}},"23":{"start":{"line":41,"column":20},"end":{"line":null,"column":-1}},"24":{"start":{"line":44,"column":20},"end":{"line":null,"column":-1}},"25":{"start":{"line":46,"column":30},"end":{"line":46,"column":29}},"26":{"start":{"line":47,"column":12},"end":{"line":null,"column":-1}},"27":{"start":{"line":52,"column":8},"end":{"line":null,"column":-1}},"28":{"start":{"line":54,"column":8},"end":{"line":null,"column":-1}},"29":{"start":{"line":70,"column":12},"end":{"line":64,"column":13}},"30":{"start":{"line":64,"column":13},"end":{"line":64,"column":12}},"31":{"start":{"line":72,"column":8},"end":{"line":null,"column":-1}},"32":{"start":{"line":86,"column":36},"end":{"line":82,"column":28}},"33":{"start":{"line":98,"column":36},"end":{"line":94,"column":28}},"34":{"start":{"line":109,"column":36},"end":{"line":105,"column":28}}},"fnMap":{"0":{"name":"(anonymous_0)","decl":{"start":{"line":18,"column":28},"end":{"line":null,"column":-1}},"loc":{"start":{"line":18,"column":28},"end":{"line":null,"column":-1}}},"1":{"name":"(anonymous_1)","decl":{"start":{"line":21,"column":18},"end":{"line":21,"column":19}},"loc":{"start":{"line":21,"column":39},"end":{"line":18,"column":28}}},"2":{"name":"(anonymous_2)","decl":{"start":{"line":25,"column":22},"end":{"line":25,"column":27}},"loc":{"start":{"line":25,"column":28},"end":{"line":23,"column":12}}},"3":{"name":"(anonymous_3)","decl":{"start":{"line":28,"column":23},"end":{"line":28,"column":27}},"loc":{"start":{"line":28,"column":32},"end":{"line":23,"column":12}}},"4":{"name":"(anonymous_4)","decl":{"start":{"line":36,"column":21},"end":{"line":36,"column":22}},"loc":{"start":{"line":36,"column":79},"end":{"line":18,"column":28}}},"5":{"name":"(anonymous_5)","decl":{"start":{"line":40,"column":22},"end":{"line":40,"column":27}},"loc":{"start":{"line":40,"column":28},"end":{"line":38,"column":12}}},"6":{"name":"(anonymous_6)","decl":{"start":{"line":43,"column":23},"end":{"line":43,"column":27}},"loc":{"start":{"line":43,"column":32},"end":{"line":38,"column":12}}},"7":{"name":"(anonymous_7)","decl":{"start":{"line":51,"column":19},"end":{"line":51,"column":24}},"loc":{"start":{"line":51,"column":25},"end":{"line":18,"column":28}}},"8":{"name":"(anonymous_8)","decl":{"start":{"line":64,"column":4},"end":{"line":64,"column":9}},"loc":{"start":{"line":64,"column":13},"end":{"line":123,"column":5}}},"9":{"name":"(anonymous_9)","decl":{"start":{"line":85,"column":40},"end":{"line":86,"column":35}},"loc":{"start":{"line":86,"column":36},"end":{"line":82,"column":28}}},"10":{"name":"(anonymous_10)","decl":{"start":{"line":97,"column":40},"end":{"line":98,"column":35}},"loc":{"start":{"line":98,"column":36},"end":{"line":94,"column":28}}},"11":{"name":"(anonymous_11)","decl":{"start":{"line":108,"column":40},"end":{"line":109,"column":35}},"loc":{"start":{"line":109,"column":36},"end":{"line":105,"column":28}}}},"branchMap":{"0":{"loc":{"start":{"line":87,"column":40},"end":{"line":86,"column":36}},"type":"cond-expr","locations":[{"start":{"line":87,"column":40},"end":{"line":86,"column":36}},{"start":{"line":89,"column":40},"end":{"line":82,"column":28}}]},"1":{"loc":{"start":{"line":99,"column":40},"end":{"line":98,"column":36}},"type":"cond-expr","locations":[{"start":{"line":99,"column":40},"end":{"line":98,"column":36}},{"start":{"line":101,"column":40},"end":{"line":94,"column":28}}]},"2":{"loc":{"start":{"line":110,"column":40},"end":{"line":109,"column":36}},"type":"cond-expr","locations":[{"start":{"line":110,"column":40},"end":{"line":109,"column":36}},{"start":{"line":112,"column":40},"end":{"line":105,"column":28}}]}},"s":{"0":0,"1":0,"2":0,"3":0,"4":0,"5":0,"6":0,"7":0,"8":0,"9":0,"10":0,"11":0,"12":0,"13":0,"14":0,"15":0,"16":0,"17":0,"18":0,"19":0,"20":0,"21":0,"22":0,"23":0,"24":0,"25":0,"26":0,"27":0,"28":0,"29":0,"30":0,"31":0,"32":0,"33":0,"34":0},"f":{"0":0,"1":0,"2":0,"3":0,"4":0,"5":0,"6":0,"7":0,"8":0,"9":0,"10":0,"11":0},"b":{"0":[0,0],"1":[0,0],"2":[0,0]}}
,"/Users/robertz/bootcamp/collab/skylab-bootcamp-201901/staff/groups/la-cia-del-anillo/ultra-vgsm/src/components/Aside/index.js": {"path":"/Users/robertz/bootcamp/collab/skylab-bootcamp-201901/staff/groups/la-cia-del-anillo/ultra-vgsm/src/components/Aside/index.js","statementMap":{"0":{"start":{"line":1,"column":0},"end":{"line":null,"column":-1}},"1":{"start":{"line":2,"column":0},"end":{"line":null,"column":-1}},"2":{"start":{"line":3,"column":0},"end":{"line":null,"column":-1}},"3":{"start":{"line":5,"column":0},"end":{"line":null,"column":-1}},"4":{"start":{"line":7,"column":30},"end":{"line":null,"column":-1}},"5":{"start":{"line":9,"column":8},"end":{"line":null,"column":-1}},"6":{"start":{"line":13,"column":24},"end":{"line":13,"column":8}},"7":{"start":{"line":14,"column":22},"end":{"line":14,"column":8}},"8":{"start":{"line":15,"column":24},"end":{"line":15,"column":8}},"9":{"start":{"line":16,"column":8},"end":{"line":null,"column":-1}},"10":{"start":{"line":17,"column":8},"end":{"line":null,"column":-1}},"11":{"start":{"line":18,"column":8},"end":{"line":null,"column":-1}},"12":{"start":{"line":22,"column":8},"end":{"line":null,"column":-1}},"13":{"start":{"line":23,"column":12},"end":{"line":25,"column":13}},"14":{"start":{"line":24,"column":16},"end":{"line":null,"column":-1}},"15":{"start":{"line":30,"column":8},"end":{"line":null,"column":-1}},"16":{"start":{"line":32,"column":60},"end":{"line":32,"column":12}},"17":{"start":{"line":36,"column":80},"end":{"line":36,"column":28}},"18":{"start":{"line":48,"column":78},"end":{"line":48,"column":36}},"19":{"start":{"line":55,"column":82},"end":{"line":55,"column":40}},"20":{"start":{"line":78,"column":82},"end":{"line":78,"column":40}},"21":{"start":{"line":86,"column":82},"end":{"line":86,"column":40}},"22":{"start":{"line":102,"column":78},"end":{"line":102,"column":36}},"23":{"start":{"line":107,"column":78},"end":{"line":107,"column":36}},"24":{"start":{"line":112,"column":78},"end":{"line":112,"column":36}},"25":{"start":{"line":117,"column":78},"end":{"line":117,"column":36}},"26":{"start":{"line":122,"column":78},"end":{"line":122,"column":36}},"27":{"start":{"line":127,"column":78},"end":{"line":127,"column":36}},"28":{"start":{"line":132,"column":78},"end":{"line":132,"column":36}},"29":{"start":{"line":137,"column":78},"end":{"line":137,"column":36}},"30":{"start":{"line":142,"column":78},"end":{"line":142,"column":36}},"31":{"start":{"line":147,"column":78},"end":{"line":147,"column":36}}},"fnMap":{"0":{"name":"(anonymous_0)","decl":{"start":{"line":7,"column":30},"end":{"line":null,"column":-1}},"loc":{"start":{"line":7,"column":30},"end":{"line":null,"column":-1}}},"1":{"name":"(anonymous_1)","decl":{"start":{"line":8,"column":15},"end":{"line":8,"column":16}},"loc":{"start":{"line":8,"column":21},"end":{"line":7,"column":30}}},"2":{"name":"(anonymous_2)","decl":{"start":{"line":12,"column":24},"end":{"line":12,"column":29}},"loc":{"start":{"line":12,"column":30},"end":{"line":7,"column":30}}},"3":{"name":"(anonymous_3)","decl":{"start":{"line":21,"column":4},"end":{"line":21,"column":21}},"loc":{"start":{"line":21,"column":25},"end":{"line":27,"column":5}}},"4":{"name":"(anonymous_4)","decl":{"start":{"line":22,"column":42},"end":{"line":22,"column":47}},"loc":{"start":{"line":22,"column":48},"end":{"line":22,"column":8}}},"5":{"name":"(anonymous_5)","decl":{"start":{"line":29,"column":4},"end":{"line":29,"column":9}},"loc":{"start":{"line":29,"column":13},"end":{"line":159,"column":5}}},"6":{"name":"(anonymous_6)","decl":{"start":{"line":32,"column":54},"end":{"line":32,"column":59}},"loc":{"start":{"line":32,"column":60},"end":{"line":32,"column":12}}},"7":{"name":"(anonymous_7)","decl":{"start":{"line":36,"column":74},"end":{"line":36,"column":79}},"loc":{"start":{"line":36,"column":80},"end":{"line":36,"column":28}}},"8":{"name":"(anonymous_8)","decl":{"start":{"line":48,"column":72},"end":{"line":48,"column":77}},"loc":{"start":{"line":48,"column":78},"end":{"line":48,"column":36}}},"9":{"name":"(anonymous_9)","decl":{"start":{"line":55,"column":76},"end":{"line":55,"column":81}},"loc":{"start":{"line":55,"column":82},"end":{"line":55,"column":40}}},"10":{"name":"(anonymous_10)","decl":{"start":{"line":78,"column":76},"end":{"line":78,"column":81}},"loc":{"start":{"line":78,"column":82},"end":{"line":78,"column":40}}},"11":{"name":"(anonymous_11)","decl":{"start":{"line":86,"column":76},"end":{"line":86,"column":81}},"loc":{"start":{"line":86,"column":82},"end":{"line":86,"column":40}}},"12":{"name":"(anonymous_12)","decl":{"start":{"line":102,"column":72},"end":{"line":102,"column":77}},"loc":{"start":{"line":102,"column":78},"end":{"line":102,"column":36}}},"13":{"name":"(anonymous_13)","decl":{"start":{"line":107,"column":72},"end":{"line":107,"column":77}},"loc":{"start":{"line":107,"column":78},"end":{"line":107,"column":36}}},"14":{"name":"(anonymous_14)","decl":{"start":{"line":112,"column":72},"end":{"line":112,"column":77}},"loc":{"start":{"line":112,"column":78},"end":{"line":112,"column":36}}},"15":{"name":"(anonymous_15)","decl":{"start":{"line":117,"column":72},"end":{"line":117,"column":77}},"loc":{"start":{"line":117,"column":78},"end":{"line":117,"column":36}}},"16":{"name":"(anonymous_16)","decl":{"start":{"line":122,"column":72},"end":{"line":122,"column":77}},"loc":{"start":{"line":122,"column":78},"end":{"line":122,"column":36}}},"17":{"name":"(anonymous_17)","decl":{"start":{"line":127,"column":72},"end":{"line":127,"column":77}},"loc":{"start":{"line":127,"column":78},"end":{"line":127,"column":36}}},"18":{"name":"(anonymous_18)","decl":{"start":{"line":132,"column":72},"end":{"line":132,"column":77}},"loc":{"start":{"line":132,"column":78},"end":{"line":132,"column":36}}},"19":{"name":"(anonymous_19)","decl":{"start":{"line":137,"column":72},"end":{"line":137,"column":77}},"loc":{"start":{"line":137,"column":78},"end":{"line":137,"column":36}}},"20":{"name":"(anonymous_20)","decl":{"start":{"line":142,"column":72},"end":{"line":142,"column":77}},"loc":{"start":{"line":142,"column":78},"end":{"line":142,"column":36}}},"21":{"name":"(anonymous_21)","decl":{"start":{"line":147,"column":72},"end":{"line":147,"column":77}},"loc":{"start":{"line":147,"column":78},"end":{"line":147,"column":36}}}},"branchMap":{"0":{"loc":{"start":{"line":23,"column":12},"end":{"line":25,"column":13}},"type":"if","locations":[{"start":{"line":23,"column":12},"end":{"line":25,"column":13}},{"start":{"line":23,"column":12},"end":{"line":25,"column":13}}]},"1":{"loc":{"start":{"line":54,"column":37},"end":{"line":54,"column":36}},"type":"binary-expr","locations":[{"start":{"line":54,"column":37},"end":{"line":54,"column":36}},{"start":{"line":55,"column":40},"end":{"line":47,"column":32}}]},"2":{"loc":{"start":{"line":66,"column":37},"end":{"line":66,"column":36}},"type":"binary-expr","locations":[{"start":{"line":66,"column":37},"end":{"line":66,"column":36}},{"start":{"line":67,"column":40},"end":{"line":47,"column":32}}]},"3":{"loc":{"start":{"line":77,"column":37},"end":{"line":77,"column":36}},"type":"binary-expr","locations":[{"start":{"line":77,"column":37},"end":{"line":77,"column":36}},{"start":{"line":78,"column":40},"end":{"line":47,"column":32}}]},"4":{"loc":{"start":{"line":85,"column":37},"end":{"line":85,"column":36}},"type":"binary-expr","locations":[{"start":{"line":85,"column":37},"end":{"line":85,"column":36}},{"start":{"line":86,"column":40},"end":{"line":47,"column":32}}]}},"s":{"0":0,"1":0,"2":0,"3":0,"4":0,"5":0,"6":0,"7":0,"8":0,"9":0,"10":0,"11":0,"12":0,"13":0,"14":0,"15":0,"16":0,"17":0,"18":0,"19":0,"20":0,"21":0,"22":0,"23":0,"24":0,"25":0,"26":0,"27":0,"28":0,"29":0,"30":0,"31":0},"f":{"0":0,"1":0,"2":0,"3":0,"4":0,"5":0,"6":0,"7":0,"8":0,"9":0,"10":0,"11":0,"12":0,"13":0,"14":0,"15":0,"16":0,"17":0,"18":0,"19":0,"20":0,"21":0},"b":{"0":[0,0],"1":[0,0],"2":[0,0],"3":[0,0],"4":[0,0]}}
,"/Users/robertz/bootcamp/collab/skylab-bootcamp-201901/staff/groups/la-cia-del-anillo/ultra-vgsm/src/components/Card/index.js": {"path":"/Users/robertz/bootcamp/collab/skylab-bootcamp-201901/staff/groups/la-cia-del-anillo/ultra-vgsm/src/components/Card/index.js","statementMap":{"0":{"start":{"line":1,"column":0},"end":{"line":null,"column":-1}},"1":{"start":{"line":2,"column":0},"end":{"line":null,"column":-1}},"2":{"start":{"line":3,"column":0},"end":{"line":null,"column":-1}},"3":{"start":{"line":5,"column":0},"end":{"line":null,"column":-1}},"4":{"start":{"line":6,"column":0},"end":{"line":null,"column":-1}},"5":{"start":{"line":19,"column":12},"end":{"line":15,"column":13}},"6":{"start":{"line":15,"column":13},"end":{"line":15,"column":12}},"7":{"start":{"line":21,"column":25},"end":{"line":21,"column":8}},"8":{"start":{"line":22,"column":29},"end":{"line":22,"column":8}},"9":{"start":{"line":24,"column":8},"end":{"line":null,"column":-1}},"10":{"start":{"line":27,"column":35},"end":{"line":26,"column":16}}},"fnMap":{"0":{"name":"(anonymous_0)","decl":{"start":{"line":15,"column":4},"end":{"line":15,"column":9}},"loc":{"start":{"line":15,"column":13},"end":{"line":68,"column":5}}},"1":{"name":"(anonymous_1)","decl":{"start":{"line":27,"column":29},"end":{"line":27,"column":34}},"loc":{"start":{"line":27,"column":35},"end":{"line":26,"column":16}}}},"branchMap":{"0":{"loc":{"start":{"line":30,"column":21},"end":{"line":30,"column":20}},"type":"binary-expr","locations":[{"start":{"line":30,"column":21},"end":{"line":30,"column":20}},{"start":{"line":31,"column":24},"end":{"line":26,"column":16}}]},"1":{"loc":{"start":{"line":36,"column":24},"end":{"line":35,"column":21}},"type":"cond-expr","locations":[{"start":{"line":36,"column":24},"end":{"line":35,"column":21}},{"start":{"line":43,"column":24},"end":{"line":26,"column":16}}]}},"s":{"0":0,"1":0,"2":0,"3":0,"4":0,"5":0,"6":0,"7":0,"8":0,"9":0,"10":0},"f":{"0":0,"1":0},"b":{"0":[0,0],"1":[0,0]}}
,"/Users/robertz/bootcamp/collab/skylab-bootcamp-201901/staff/groups/la-cia-del-anillo/ultra-vgsm/src/components/DevelopersInfo/index.js": {"path":"/Users/robertz/bootcamp/collab/skylab-bootcamp-201901/staff/groups/la-cia-del-anillo/ultra-vgsm/src/components/DevelopersInfo/index.js","statementMap":{"0":{"start":{"line":1,"column":0},"end":{"line":null,"column":-1}},"1":{"start":{"line":2,"column":0},"end":{"line":null,"column":-1}},"2":{"start":{"line":4,"column":39},"end":{"line":null,"column":-1}},"3":{"start":{"line":16,"column":8},"end":{"line":24,"column":9}},"4":{"start":{"line":17,"column":12},"end":{"line":null,"column":-1}},"5":{"start":{"line":19,"column":35},"end":{"line":19,"column":20}},"6":{"start":{"line":20,"column":20},"end":{"line":null,"column":-1}},"7":{"start":{"line":22,"column":34},"end":{"line":22,"column":33}},"8":{"start":{"line":23,"column":12},"end":{"line":null,"column":-1}},"9":{"start":{"line":8,"column":8},"end":{"line":8,"column":30}},"10":{"start":{"line":8,"column":30},"end":{"line":null,"column":-1}},"11":{"start":{"line":12,"column":8},"end":{"line":null,"column":-1}},"12":{"start":{"line":28,"column":8},"end":{"line":34,"column":9}},"13":{"start":{"line":29,"column":12},"end":{"line":null,"column":-1}},"14":{"start":{"line":35,"column":8},"end":{"line":null,"column":-1}}},"fnMap":{"0":{"name":"(anonymous_0)","decl":{"start":{"line":4,"column":39},"end":{"line":null,"column":-1}},"loc":{"start":{"line":4,"column":39},"end":{"line":null,"column":-1}}},"1":{"name":"(anonymous_1)","decl":{"start":{"line":15,"column":27},"end":{"line":15,"column":29}},"loc":{"start":{"line":15,"column":34},"end":{"line":4,"column":39}}},"2":{"name":"(anonymous_2)","decl":{"start":{"line":18,"column":23},"end":{"line":18,"column":24}},"loc":{"start":{"line":18,"column":52},"end":{"line":17,"column":12}}},"3":{"name":"(anonymous_3)","decl":{"start":{"line":7,"column":4},"end":{"line":7,"column":20}},"loc":{"start":{"line":7,"column":24},"end":{"line":9,"column":5}}},"4":{"name":"(anonymous_4)","decl":{"start":{"line":11,"column":4},"end":{"line":11,"column":28}},"loc":{"start":{"line":11,"column":40},"end":{"line":13,"column":5}}},"5":{"name":"(anonymous_5)","decl":{"start":{"line":27,"column":4},"end":{"line":27,"column":9}},"loc":{"start":{"line":27,"column":13},"end":{"line":36,"column":5}}}},"branchMap":{"0":{"loc":{"start":{"line":20,"column":71},"end":{"line":20,"column":45}},"type":"cond-expr","locations":[{"start":{"line":20,"column":71},"end":{"line":20,"column":45}},{"start":{"line":20,"column":85},"end":{"line":null,"column":-1}}]},"1":{"loc":{"start":{"line":20,"column":46},"end":{"line":20,"column":52}},"type":"binary-expr","locations":[{"start":{"line":20,"column":46},"end":{"line":20,"column":52}},{"start":{"line":20,"column":56},"end":{"line":20,"column":45}}]},"2":{"loc":{"start":{"line":8,"column":8},"end":{"line":8,"column":30}},"type":"if","locations":[{"start":{"line":8,"column":8},"end":{"line":8,"column":30}},{"start":{"line":8,"column":8},"end":{"line":8,"column":30}}]},"3":{"loc":{"start":{"line":28,"column":8},"end":{"line":34,"column":9}},"type":"if","locations":[{"start":{"line":28,"column":8},"end":{"line":34,"column":9}},{"start":{"line":28,"column":8},"end":{"line":34,"column":9}}]}},"s":{"0":0,"1":0,"2":0,"3":0,"4":0,"5":0,"6":0,"7":0,"8":0,"9":0,"10":0,"11":0,"12":0,"13":0,"14":0},"f":{"0":0,"1":0,"2":0,"3":0,"4":0,"5":0},"b":{"0":[0,0],"1":[0,0],"2":[0,0],"3":[0,0]}}
,"/Users/robertz/bootcamp/collab/skylab-bootcamp-201901/staff/groups/la-cia-del-anillo/ultra-vgsm/src/components/Favorite/index.js": {"path":"/Users/robertz/bootcamp/collab/skylab-bootcamp-201901/staff/groups/la-cia-del-anillo/ultra-vgsm/src/components/Favorite/index.js","statementMap":{"0":{"start":{"line":1,"column":0},"end":{"line":null,"column":-1}},"1":{"start":{"line":2,"column":0},"end":{"line":null,"column":-1}},"2":{"start":{"line":3,"column":0},"end":{"line":null,"column":-1}},"3":{"start":{"line":5,"column":33},"end":{"line":null,"column":-1}},"4":{"start":{"line":11,"column":8},"end":{"line":null,"column":-1}},"5":{"start":{"line":13,"column":24},"end":{"line":13,"column":8}},"6":{"start":{"line":14,"column":26},"end":{"line":14,"column":8}},"7":{"start":{"line":15,"column":8},"end":{"line":null,"column":-1}},"8":{"start":{"line":17,"column":8},"end":{"line":28,"column":9}},"9":{"start":{"line":18,"column":12},"end":{"line":null,"column":-1}},"10":{"start":{"line":21,"column":20},"end":{"line":null,"column":-1}},"11":{"start":{"line":22,"column":20},"end":{"line":null,"column":-1}},"12":{"start":{"line":24,"column":32},"end":{"line":18,"column":12}},"13":{"start":{"line":25,"column":30},"end":{"line":25,"column":29}},"14":{"start":{"line":27,"column":12},"end":{"line":null,"column":-1}},"15":{"start":{"line":32,"column":8},"end":{"line":null,"column":-1}},"16":{"start":{"line":35,"column":12},"end":{"line":31,"column":13}},"17":{"start":{"line":36,"column":8},"end":{"line":null,"column":-1}},"18":{"start":{"line":37,"column":28},"end":{"line":37,"column":8}},"19":{"start":{"line":39,"column":8},"end":{"line":null,"column":-1}}},"fnMap":{"0":{"name":"(anonymous_0)","decl":{"start":{"line":5,"column":33},"end":{"line":null,"column":-1}},"loc":{"start":{"line":5,"column":33},"end":{"line":null,"column":-1}}},"1":{"name":"(anonymous_1)","decl":{"start":{"line":10,"column":27},"end":{"line":10,"column":31}},"loc":{"start":{"line":10,"column":36},"end":{"line":5,"column":33}}},"2":{"name":"(anonymous_2)","decl":{"start":{"line":20,"column":22},"end":{"line":20,"column":29}},"loc":{"start":{"line":20,"column":34},"end":{"line":18,"column":12}}},"3":{"name":"(anonymous_3)","decl":{"start":{"line":24,"column":23},"end":{"line":24,"column":27}},"loc":{"start":{"line":24,"column":32},"end":{"line":18,"column":12}}},"4":{"name":"(anonymous_4)","decl":{"start":{"line":31,"column":4},"end":{"line":31,"column":9}},"loc":{"start":{"line":31,"column":13},"end":{"line":53,"column":5}}}},"branchMap":{"0":{"loc":{"start":{"line":21,"column":62},"end":{"line":21,"column":46}},"type":"cond-expr","locations":[{"start":{"line":21,"column":62},"end":{"line":21,"column":46}},{"start":{"line":21,"column":70},"end":{"line":null,"column":-1}}]},"1":{"loc":{"start":{"line":37,"column":39},"end":{"line":37,"column":36}},"type":"cond-expr","locations":[{"start":{"line":37,"column":39},"end":{"line":37,"column":36}},{"start":{"line":37,"column":71},"end":{"line":37,"column":8}}]}},"s":{"0":0,"1":0,"2":0,"3":0,"4":0,"5":0,"6":0,"7":0,"8":0,"9":0,"10":0,"11":0,"12":0,"13":0,"14":0,"15":0,"16":0,"17":0,"18":0,"19":0},"f":{"0":0,"1":0,"2":0,"3":0,"4":0},"b":{"0":[0,0],"1":[0,0]}}
,"/Users/robertz/bootcamp/collab/skylab-bootcamp-201901/staff/groups/la-cia-del-anillo/ultra-vgsm/src/components/Feedback/index.js": {"path":"/Users/robertz/bootcamp/collab/skylab-bootcamp-201901/staff/groups/la-cia-del-anillo/ultra-vgsm/src/components/Feedback/index.js","statementMap":{"0":{"start":{"line":1,"column":0},"end":{"line":null,"column":-1}},"1":{"start":{"line":2,"column":0},"end":{"line":null,"column":-1}},"2":{"start":{"line":5,"column":33},"end":{"line":null,"column":-1}},"3":{"start":{"line":9,"column":36},"end":{"line":8,"column":31}},"4":{"start":{"line":10,"column":8},"end":{"line":null,"column":-1}},"5":{"start":{"line":23,"column":8},"end":{"line":null,"column":-1}},"6":{"start":{"line":16,"column":8},"end":{"line":null,"column":-1}},"7":{"start":{"line":17,"column":8},"end":{"line":null,"column":-1}},"8":{"start":{"line":30,"column":12},"end":{"line":26,"column":13}},"9":{"start":{"line":32,"column":8},"end":{"line":null,"column":-1}},"10":{"start":{"line":36,"column":69},"end":{"line":36,"column":20}}},"fnMap":{"0":{"name":"(anonymous_0)","decl":{"start":{"line":5,"column":33},"end":{"line":null,"column":-1}},"loc":{"start":{"line":5,"column":33},"end":{"line":null,"column":-1}}},"1":{"name":"(anonymous_1)","decl":{"start":{"line":8,"column":25},"end":{"line":8,"column":30}},"loc":{"start":{"line":8,"column":31},"end":{"line":5,"column":33}}},"2":{"name":"(anonymous_2)","decl":{"start":{"line":22,"column":21},"end":{"line":22,"column":26}},"loc":{"start":{"line":22,"column":27},"end":{"line":5,"column":33}}},"3":{"name":"(anonymous_3)","decl":{"start":{"line":15,"column":4},"end":{"line":15,"column":28}},"loc":{"start":{"line":15,"column":40},"end":{"line":20,"column":5}}},"4":{"name":"(anonymous_4)","decl":{"start":{"line":26,"column":4},"end":{"line":26,"column":9}},"loc":{"start":{"line":26,"column":13},"end":{"line":43,"column":5}}},"5":{"name":"(anonymous_5)","decl":{"start":{"line":36,"column":63},"end":{"line":36,"column":68}},"loc":{"start":{"line":36,"column":69},"end":{"line":36,"column":20}}}},"branchMap":{"0":{"loc":{"start":{"line":33,"column":12},"end":{"line":33,"column":19}},"type":"binary-expr","locations":[{"start":{"line":33,"column":12},"end":{"line":33,"column":19}},{"start":{"line":34,"column":16},"end":{"line":32,"column":8}}]}},"s":{"0":0,"1":0,"2":0,"3":0,"4":0,"5":0,"6":0,"7":0,"8":0,"9":0,"10":0},"f":{"0":0,"1":0,"2":0,"3":0,"4":0,"5":0},"b":{"0":[0,0]}}
,"/Users/robertz/bootcamp/collab/skylab-bootcamp-201901/staff/groups/la-cia-del-anillo/ultra-vgsm/src/components/Footer/index.js": {"path":"/Users/robertz/bootcamp/collab/skylab-bootcamp-201901/staff/groups/la-cia-del-anillo/ultra-vgsm/src/components/Footer/index.js","statementMap":{"0":{"start":{"line":1,"column":0},"end":{"line":null,"column":-1}},"1":{"start":{"line":5,"column":8},"end":{"line":null,"column":-1}}},"fnMap":{"0":{"name":"(anonymous_0)","decl":{"start":{"line":4,"column":4},"end":{"line":4,"column":9}},"loc":{"start":{"line":4,"column":13},"end":{"line":20,"column":5}}}},"branchMap":{},"s":{"0":0,"1":0},"f":{"0":0},"b":{}}
,"/Users/robertz/bootcamp/collab/skylab-bootcamp-201901/staff/groups/la-cia-del-anillo/ultra-vgsm/src/components/GameInfo/index.js": {"path":"/Users/robertz/bootcamp/collab/skylab-bootcamp-201901/staff/groups/la-cia-del-anillo/ultra-vgsm/src/components/GameInfo/index.js","statementMap":{"0":{"start":{"line":1,"column":0},"end":{"line":null,"column":-1}},"1":{"start":{"line":2,"column":0},"end":{"line":null,"column":-1}},"2":{"start":{"line":3,"column":0},"end":{"line":null,"column":-1}},"3":{"start":{"line":5,"column":0},"end":{"line":null,"column":-1}},"4":{"start":{"line":6,"column":0},"end":{"line":null,"column":-1}},"5":{"start":{"line":7,"column":0},"end":{"line":null,"column":-1}},"6":{"start":{"line":9,"column":0},"end":{"line":null,"column":-1}},"7":{"start":{"line":10,"column":0},"end":{"line":null,"column":-1}},"8":{"start":{"line":13,"column":33},"end":{"line":null,"column":-1}},"9":{"start":{"line":58,"column":12},"end":{"line":null,"column":-1}},"10":{"start":{"line":92,"column":24},"end":{"line":null,"column":-1}},"11":{"start":{"line":105,"column":66},"end":{"line":105,"column":43}},"12":{"start":{"line":111,"column":40},"end":{"line":58,"column":12}},"13":{"start":{"line":115,"column":8},"end":{"line":null,"column":-1}},"14":{"start":{"line":116,"column":12},"end":{"line":null,"column":-1}},"15":{"start":{"line":41,"column":12},"end":{"line":36,"column":24}},"16":{"start":{"line":43,"column":8},"end":{"line":43,"column":20}},"17":{"start":{"line":43,"column":20},"end":{"line":null,"column":-1}},"18":{"start":{"line":51,"column":12},"end":{"line":46,"column":40}},"19":{"start":{"line":53,"column":8},"end":{"line":null,"column":-1}},"20":{"start":{"line":143,"column":12},"end":{"line":122,"column":13}},"21":{"start":{"line":122,"column":13},"end":{"line":122,"column":12}},"22":{"start":{"line":145,"column":21},"end":{"line":145,"column":8}},"23":{"start":{"line":155,"column":12},"end":{"line":154,"column":8}},"24":{"start":{"line":156,"column":28},"end":{"line":156,"column":8}},"25":{"start":{"line":158,"column":8},"end":{"line":160,"column":9}},"26":{"start":{"line":159,"column":12},"end":{"line":null,"column":-1}},"27":{"start":{"line":161,"column":8},"end":{"line":null,"column":-1}},"28":{"start":{"line":163,"column":8},"end":{"line":165,"column":9}},"29":{"start":{"line":164,"column":12},"end":{"line":null,"column":-1}},"30":{"start":{"line":166,"column":7},"end":{"line":null,"column":-1}}},"fnMap":{"0":{"name":"(anonymous_0)","decl":{"start":{"line":13,"column":33},"end":{"line":null,"column":-1}},"loc":{"start":{"line":13,"column":33},"end":{"line":null,"column":-1}}},"1":{"name":"(anonymous_1)","decl":{"start":{"line":56,"column":21},"end":{"line":56,"column":26}},"loc":{"start":{"line":56,"column":31},"end":{"line":13,"column":33}}},"2":{"name":"(anonymous_2)","decl":{"start":{"line":65,"column":20},"end":{"line":65,"column":21}},"loc":{"start":{"line":91,"column":26},"end":{"line":58,"column":12}}},"3":{"name":"(anonymous_3)","decl":{"start":{"line":105,"column":57},"end":{"line":105,"column":61}},"loc":{"start":{"line":105,"column":66},"end":{"line":105,"column":43}}},"4":{"name":"(anonymous_4)","decl":{"start":{"line":111,"column":23},"end":{"line":111,"column":24}},"loc":{"start":{"line":111,"column":40},"end":{"line":58,"column":12}}},"5":{"name":"(anonymous_5)","decl":{"start":{"line":114,"column":19},"end":{"line":114,"column":24}},"loc":{"start":{"line":114,"column":25},"end":{"line":13,"column":33}}},"6":{"name":"(anonymous_6)","decl":{"start":{"line":115,"column":56},"end":{"line":115,"column":57}},"loc":{"start":{"line":115,"column":73},"end":{"line":115,"column":30}}},"7":{"name":"(anonymous_7)","decl":{"start":{"line":36,"column":4},"end":{"line":36,"column":20}},"loc":{"start":{"line":36,"column":24},"end":{"line":44,"column":5}}},"8":{"name":"(anonymous_8)","decl":{"start":{"line":46,"column":4},"end":{"line":46,"column":28}},"loc":{"start":{"line":46,"column":40},"end":{"line":54,"column":5}}},"9":{"name":"(anonymous_9)","decl":{"start":{"line":122,"column":4},"end":{"line":122,"column":9}},"loc":{"start":{"line":122,"column":13},"end":{"line":197,"column":5}}}},"branchMap":{"0":{"loc":{"start":{"line":115,"column":8},"end":{"line":115,"column":7}},"type":"binary-expr","locations":[{"start":{"line":115,"column":8},"end":{"line":115,"column":7}},{"start":{"line":115,"column":30},"end":{"line":115,"column":8}}]},"1":{"loc":{"start":{"line":43,"column":8},"end":{"line":43,"column":20}},"type":"if","locations":[{"start":{"line":43,"column":8},"end":{"line":43,"column":20}},{"start":{"line":43,"column":8},"end":{"line":43,"column":20}}]},"2":{"loc":{"start":{"line":158,"column":8},"end":{"line":160,"column":9}},"type":"if","locations":[{"start":{"line":158,"column":8},"end":{"line":160,"column":9}},{"start":{"line":158,"column":8},"end":{"line":160,"column":9}}]},"3":{"loc":{"start":{"line":163,"column":8},"end":{"line":165,"column":9}},"type":"if","locations":[{"start":{"line":163,"column":8},"end":{"line":165,"column":9}},{"start":{"line":163,"column":8},"end":{"line":165,"column":9}}]},"4":{"loc":{"start":{"line":181,"column":17},"end":{"line":181,"column":16}},"type":"binary-expr","locations":[{"start":{"line":181,"column":17},"end":{"line":181,"column":16}},{"start":{"line":182,"column":24},"end":{"line":167,"column":12}}]},"5":{"loc":{"start":{"line":193,"column":31},"end":{"line":193,"column":28}},"type":"cond-expr","locations":[{"start":{"line":193,"column":31},"end":{"line":193,"column":28}},{"start":{"line":193,"column":98},"end":{"line":192,"column":16}}]}},"s":{"0":0,"1":0,"2":0,"3":0,"4":0,"5":0,"6":0,"7":0,"8":0,"9":0,"10":0,"11":0,"12":0,"13":0,"14":0,"15":0,"16":0,"17":0,"18":0,"19":0,"20":0,"21":0,"22":0,"23":0,"24":0,"25":0,"26":0,"27":0,"28":0,"29":0,"30":0},"f":{"0":0,"1":0,"2":0,"3":0,"4":0,"5":0,"6":0,"7":0,"8":0,"9":0},"b":{"0":[0,0],"1":[0,0],"2":[0,0],"3":[0,0],"4":[0,0],"5":[0,0]}}
,"/Users/robertz/bootcamp/collab/skylab-bootcamp-201901/staff/groups/la-cia-del-anillo/ultra-vgsm/src/components/GameTitle/index.js": {"path":"/Users/robertz/bootcamp/collab/skylab-bootcamp-201901/staff/groups/la-cia-del-anillo/ultra-vgsm/src/components/GameTitle/index.js","statementMap":{"0":{"start":{"line":1,"column":0},"end":{"line":null,"column":-1}},"1":{"start":{"line":2,"column":0},"end":{"line":null,"column":-1}},"2":{"start":{"line":3,"column":0},"end":{"line":null,"column":-1}},"3":{"start":{"line":5,"column":0},"end":{"line":null,"column":-1}},"4":{"start":{"line":6,"column":0},"end":{"line":null,"column":-1}},"5":{"start":{"line":7,"column":0},"end":{"line":null,"column":-1}},"6":{"start":{"line":8,"column":0},"end":{"line":null,"column":-1}},"7":{"start":{"line":11,"column":34},"end":{"line":null,"column":-1}},"8":{"start":{"line":23,"column":8},"end":{"line":35,"column":9}},"9":{"start":{"line":24,"column":12},"end":{"line":null,"column":-1}},"10":{"start":{"line":26,"column":36},"end":{"line":26,"column":20}},"11":{"start":{"line":26,"column":75},"end":{"line":26,"column":36}},"12":{"start":{"line":27,"column":35},"end":{"line":27,"column":20}},"13":{"start":{"line":27,"column":74},"end":{"line":27,"column":35}},"14":{"start":{"line":28,"column":20},"end":{"line":null,"column":-1}},"15":{"start":{"line":33,"column":34},"end":{"line":33,"column":33}},"16":{"start":{"line":34,"column":12},"end":{"line":null,"column":-1}},"17":{"start":{"line":15,"column":8},"end":{"line":15,"column":30}},"18":{"start":{"line":15,"column":30},"end":{"line":null,"column":-1}},"19":{"start":{"line":19,"column":8},"end":{"line":null,"column":-1}},"20":{"start":{"line":42,"column":12},"end":{"line":38,"column":13}},"21":{"start":{"line":38,"column":13},"end":{"line":38,"column":12}},"22":{"start":{"line":44,"column":8},"end":{"line":null,"column":-1}},"23":{"start":{"line":45,"column":8},"end":{"line":null,"column":-1}},"24":{"start":{"line":46,"column":30},"end":{"line":46,"column":8}},"25":{"start":{"line":47,"column":31},"end":{"line":47,"column":8}},"26":{"start":{"line":49,"column":8},"end":{"line":null,"column":-1}}},"fnMap":{"0":{"name":"(anonymous_0)","decl":{"start":{"line":11,"column":34},"end":{"line":null,"column":-1}},"loc":{"start":{"line":11,"column":34},"end":{"line":null,"column":-1}}},"1":{"name":"(anonymous_1)","decl":{"start":{"line":22,"column":22},"end":{"line":22,"column":24}},"loc":{"start":{"line":22,"column":29},"end":{"line":11,"column":34}}},"2":{"name":"(anonymous_2)","decl":{"start":{"line":25,"column":23},"end":{"line":25,"column":24}},"loc":{"start":{"line":25,"column":74},"end":{"line":24,"column":12}}},"3":{"name":"(anonymous_3)","decl":{"start":{"line":26,"column":66},"end":{"line":26,"column":70}},"loc":{"start":{"line":26,"column":75},"end":{"line":26,"column":36}}},"4":{"name":"(anonymous_4)","decl":{"start":{"line":27,"column":65},"end":{"line":27,"column":69}},"loc":{"start":{"line":27,"column":74},"end":{"line":27,"column":35}}},"5":{"name":"(anonymous_5)","decl":{"start":{"line":14,"column":4},"end":{"line":14,"column":20}},"loc":{"start":{"line":14,"column":24},"end":{"line":16,"column":5}}},"6":{"name":"(anonymous_6)","decl":{"start":{"line":18,"column":4},"end":{"line":18,"column":28}},"loc":{"start":{"line":18,"column":40},"end":{"line":20,"column":5}}},"7":{"name":"(anonymous_7)","decl":{"start":{"line":38,"column":4},"end":{"line":38,"column":9}},"loc":{"start":{"line":38,"column":13},"end":{"line":168,"column":5}}}},"branchMap":{"0":{"loc":{"start":{"line":29,"column":78},"end":{"line":29,"column":46}},"type":"cond-expr","locations":[{"start":{"line":29,"column":78},"end":{"line":29,"column":46}},{"start":{"line":29,"column":97},"end":{"line":28,"column":34}}]},"1":{"loc":{"start":{"line":29,"column":47},"end":{"line":29,"column":54}},"type":"binary-expr","locations":[{"start":{"line":29,"column":47},"end":{"line":29,"column":54}},{"start":{"line":29,"column":58},"end":{"line":29,"column":46}}]},"2":{"loc":{"start":{"line":30,"column":78},"end":{"line":30,"column":48}},"type":"cond-expr","locations":[{"start":{"line":30,"column":78},"end":{"line":30,"column":48}},{"start":{"line":30,"column":96},"end":{"line":null,"column":-1}}]},"3":{"loc":{"start":{"line":30,"column":49},"end":{"line":30,"column":55}},"type":"binary-expr","locations":[{"start":{"line":30,"column":49},"end":{"line":30,"column":55}},{"start":{"line":30,"column":59},"end":{"line":30,"column":48}}]},"4":{"loc":{"start":{"line":15,"column":8},"end":{"line":15,"column":30}},"type":"if","locations":[{"start":{"line":15,"column":8},"end":{"line":15,"column":30}},{"start":{"line":15,"column":8},"end":{"line":15,"column":30}}]},"5":{"loc":{"start":{"line":51,"column":17},"end":{"line":51,"column":26}},"type":"binary-expr","locations":[{"start":{"line":51,"column":17},"end":{"line":51,"column":26}},{"start":{"line":51,"column":30},"end":{"line":51,"column":17}},{"start":{"line":52,"column":20},"end":{"line":50,"column":12}}]},"6":{"loc":{"start":{"line":59,"column":43},"end":{"line":59,"column":40}},"type":"cond-expr","locations":[{"start":{"line":59,"column":43},"end":{"line":59,"column":40}},{"start":{"line":59,"column":68},"end":{"line":57,"column":28}}]},"7":{"loc":{"start":{"line":61,"column":39},"end":{"line":61,"column":36}},"type":"cond-expr","locations":[{"start":{"line":61,"column":39},"end":{"line":61,"column":36}},{"start":{"line":61,"column":70},"end":{"line":57,"column":28}}]},"8":{"loc":{"start":{"line":62,"column":36},"end":{"line":62,"column":33}},"type":"cond-expr","locations":[{"start":{"line":62,"column":36},"end":{"line":62,"column":33}},{"start":{"line":62,"column":58},"end":{"line":57,"column":28}}]},"9":{"loc":{"start":{"line":69,"column":17},"end":{"line":69,"column":26}},"type":"binary-expr","locations":[{"start":{"line":69,"column":17},"end":{"line":69,"column":26}},{"start":{"line":69,"column":30},"end":{"line":69,"column":17}},{"start":{"line":70,"column":20},"end":{"line":50,"column":12}}]},"10":{"loc":{"start":{"line":77,"column":43},"end":{"line":77,"column":40}},"type":"cond-expr","locations":[{"start":{"line":77,"column":43},"end":{"line":77,"column":40}},{"start":{"line":77,"column":68},"end":{"line":75,"column":28}}]},"11":{"loc":{"start":{"line":79,"column":39},"end":{"line":79,"column":36}},"type":"cond-expr","locations":[{"start":{"line":79,"column":39},"end":{"line":79,"column":36}},{"start":{"line":79,"column":70},"end":{"line":75,"column":28}}]},"12":{"loc":{"start":{"line":80,"column":36},"end":{"line":80,"column":33}},"type":"cond-expr","locations":[{"start":{"line":80,"column":36},"end":{"line":80,"column":33}},{"start":{"line":80,"column":58},"end":{"line":75,"column":28}}]},"13":{"loc":{"start":{"line":88,"column":17},"end":{"line":88,"column":16}},"type":"binary-expr","locations":[{"start":{"line":88,"column":17},"end":{"line":88,"column":16}},{"start":{"line":88,"column":31},"end":{"line":88,"column":17}},{"start":{"line":89,"column":20},"end":{"line":50,"column":12}}]},"14":{"loc":{"start":{"line":96,"column":43},"end":{"line":96,"column":40}},"type":"cond-expr","locations":[{"start":{"line":96,"column":43},"end":{"line":96,"column":40}},{"start":{"line":96,"column":68},"end":{"line":94,"column":28}}]},"15":{"loc":{"start":{"line":98,"column":39},"end":{"line":98,"column":36}},"type":"cond-expr","locations":[{"start":{"line":98,"column":39},"end":{"line":98,"column":36}},{"start":{"line":98,"column":70},"end":{"line":94,"column":28}}]},"16":{"loc":{"start":{"line":99,"column":36},"end":{"line":99,"column":33}},"type":"cond-expr","locations":[{"start":{"line":99,"column":36},"end":{"line":99,"column":33}},{"start":{"line":99,"column":58},"end":{"line":94,"column":28}}]},"17":{"loc":{"start":{"line":106,"column":17},"end":{"line":106,"column":16}},"type":"binary-expr","locations":[{"start":{"line":106,"column":17},"end":{"line":106,"column":16}},{"start":{"line":106,"column":31},"end":{"line":106,"column":17}},{"start":{"line":107,"column":20},"end":{"line":50,"column":12}}]},"18":{"loc":{"start":{"line":114,"column":43},"end":{"line":114,"column":40}},"type":"cond-expr","locations":[{"start":{"line":114,"column":43},"end":{"line":114,"column":40}},{"start":{"line":114,"column":68},"end":{"line":112,"column":28}}]},"19":{"loc":{"start":{"line":116,"column":39},"end":{"line":116,"column":36}},"type":"cond-expr","locations":[{"start":{"line":116,"column":39},"end":{"line":116,"column":36}},{"start":{"line":116,"column":70},"end":{"line":112,"column":28}}]},"20":{"loc":{"start":{"line":117,"column":36},"end":{"line":117,"column":33}},"type":"cond-expr","locations":[{"start":{"line":117,"column":36},"end":{"line":117,"column":33}},{"start":{"line":117,"column":58},"end":{"line":112,"column":28}}]}},"s":{"0":0,"1":0,"2":0,"3":0,"4":0,"5":0,"6":0,"7":0,"8":0,"9":0,"10":0,"11":0,"12":0,"13":0,"14":0,"15":0,"16":0,"17":0,"18":0,"19":0,"20":0,"21":0,"22":0,"23":0,"24":0,"25":0,"26":0},"f":{"0":0,"1":0,"2":0,"3":0,"4":0,"5":0,"6":0,"7":0},"b":{"0":[0,0],"1":[0,0],"2":[0,0],"3":[0,0],"4":[0,0],"5":[0,0,0],"6":[0,0],"7":[0,0],"8":[0,0],"9":[0,0,0],"10":[0,0],"11":[0,0],"12":[0,0],"13":[0,0,0],"14":[0,0],"15":[0,0],"16":[0,0],"17":[0,0,0],"18":[0,0],"19":[0,0],"20":[0,0]}}
,"/Users/robertz/bootcamp/collab/skylab-bootcamp-201901/staff/groups/la-cia-del-anillo/ultra-vgsm/src/components/Games/index.js": {"path":"/Users/robertz/bootcamp/collab/skylab-bootcamp-201901/staff/groups/la-cia-del-anillo/ultra-vgsm/src/components/Games/index.js","statementMap":{"0":{"start":{"line":1,"column":0},"end":{"line":null,"column":-1}},"1":{"start":{"line":2,"column":0},"end":{"line":null,"column":-1}},"2":{"start":{"line":3,"column":0},"end":{"line":null,"column":-1}},"3":{"start":{"line":5,"column":30},"end":{"line":null,"column":-1}},"4":{"start":{"line":27,"column":8},"end":{"line":null,"column":-1}},"5":{"start":{"line":29,"column":32},"end":{"line":27,"column":8}},"6":{"start":{"line":30,"column":28},"end":{"line":27,"column":8}},"7":{"start":{"line":13,"column":12},"end":{"line":8,"column":24}},"8":{"start":{"line":14,"column":8},"end":{"line":14,"column":24}},"9":{"start":{"line":14,"column":24},"end":{"line":null,"column":-1}},"10":{"start":{"line":22,"column":12},"end":{"line":17,"column":40}},"11":{"start":{"line":23,"column":8},"end":{"line":null,"column":-1}},"12":{"start":{"line":36,"column":8},"end":{"line":null,"column":-1}},"13":{"start":{"line":41,"column":28},"end":{"line":null,"column":-1}}},"fnMap":{"0":{"name":"(anonymous_0)","decl":{"start":{"line":5,"column":30},"end":{"line":null,"column":-1}},"loc":{"start":{"line":5,"column":30},"end":{"line":null,"column":-1}}},"1":{"name":"(anonymous_1)","decl":{"start":{"line":26,"column":18},"end":{"line":26,"column":27}},"loc":{"start":{"line":26,"column":32},"end":{"line":5,"column":30}}},"2":{"name":"(anonymous_2)","decl":{"start":{"line":29,"column":18},"end":{"line":29,"column":19}},"loc":{"start":{"line":29,"column":32},"end":{"line":27,"column":8}}},"3":{"name":"(anonymous_3)","decl":{"start":{"line":30,"column":19},"end":{"line":30,"column":23}},"loc":{"start":{"line":30,"column":28},"end":{"line":27,"column":8}}},"4":{"name":"(anonymous_4)","decl":{"start":{"line":8,"column":4},"end":{"line":8,"column":20}},"loc":{"start":{"line":8,"column":24},"end":{"line":15,"column":5}}},"5":{"name":"(anonymous_5)","decl":{"start":{"line":17,"column":4},"end":{"line":17,"column":28}},"loc":{"start":{"line":17,"column":40},"end":{"line":24,"column":5}}},"6":{"name":"(anonymous_6)","decl":{"start":{"line":34,"column":4},"end":{"line":34,"column":9}},"loc":{"start":{"line":34,"column":13},"end":{"line":46,"column":5}}},"7":{"name":"(anonymous_7)","decl":{"start":{"line":40,"column":45},"end":{"line":40,"column":48}},"loc":{"start":{"line":40,"column":53},"end":{"line":40,"column":24}}}},"branchMap":{"0":{"loc":{"start":{"line":14,"column":8},"end":{"line":14,"column":24}},"type":"if","locations":[{"start":{"line":14,"column":8},"end":{"line":14,"column":24}},{"start":{"line":14,"column":8},"end":{"line":14,"column":24}}]},"1":{"loc":{"start":{"line":39,"column":21},"end":{"line":39,"column":20}},"type":"binary-expr","locations":[{"start":{"line":39,"column":21},"end":{"line":39,"column":20}},{"start":{"line":40,"column":24},"end":{"line":38,"column":16}}]}},"s":{"0":0,"1":0,"2":0,"3":0,"4":0,"5":0,"6":0,"7":0,"8":0,"9":0,"10":0,"11":0,"12":0,"13":0},"f":{"0":0,"1":0,"2":0,"3":0,"4":0,"5":0,"6":0,"7":0},"b":{"0":[0,0],"1":[0,0]}}
,"/Users/robertz/bootcamp/collab/skylab-bootcamp-201901/staff/groups/la-cia-del-anillo/ultra-vgsm/src/components/GenresInfo/index.js": {"path":"/Users/robertz/bootcamp/collab/skylab-bootcamp-201901/staff/groups/la-cia-del-anillo/ultra-vgsm/src/components/GenresInfo/index.js","statementMap":{"0":{"start":{"line":3,"column":0},"end":{"line":null,"column":-1}},"1":{"start":{"line":4,"column":0},"end":{"line":null,"column":-1}},"2":{"start":{"line":6,"column":35},"end":{"line":null,"column":-1}},"3":{"start":{"line":18,"column":8},"end":{"line":26,"column":9}},"4":{"start":{"line":19,"column":12},"end":{"line":null,"column":-1}},"5":{"start":{"line":21,"column":35},"end":{"line":21,"column":20}},"6":{"start":{"line":22,"column":20},"end":{"line":null,"column":-1}},"7":{"start":{"line":24,"column":34},"end":{"line":24,"column":33}},"8":{"start":{"line":25,"column":12},"end":{"line":null,"column":-1}},"9":{"start":{"line":10,"column":8},"end":{"line":10,"column":30}},"10":{"start":{"line":10,"column":30},"end":{"line":null,"column":-1}},"11":{"start":{"line":14,"column":8},"end":{"line":null,"column":-1}},"12":{"start":{"line":30,"column":8},"end":{"line":36,"column":9}},"13":{"start":{"line":31,"column":12},"end":{"line":null,"column":-1}},"14":{"start":{"line":37,"column":8},"end":{"line":null,"column":-1}}},"fnMap":{"0":{"name":"(anonymous_0)","decl":{"start":{"line":6,"column":35},"end":{"line":null,"column":-1}},"loc":{"start":{"line":6,"column":35},"end":{"line":null,"column":-1}}},"1":{"name":"(anonymous_1)","decl":{"start":{"line":17,"column":23},"end":{"line":17,"column":25}},"loc":{"start":{"line":17,"column":30},"end":{"line":6,"column":35}}},"2":{"name":"(anonymous_2)","decl":{"start":{"line":20,"column":23},"end":{"line":20,"column":24}},"loc":{"start":{"line":20,"column":48},"end":{"line":19,"column":12}}},"3":{"name":"(anonymous_3)","decl":{"start":{"line":9,"column":4},"end":{"line":9,"column":20}},"loc":{"start":{"line":9,"column":24},"end":{"line":11,"column":5}}},"4":{"name":"(anonymous_4)","decl":{"start":{"line":13,"column":4},"end":{"line":13,"column":28}},"loc":{"start":{"line":13,"column":40},"end":{"line":15,"column":5}}},"5":{"name":"(anonymous_5)","decl":{"start":{"line":29,"column":4},"end":{"line":29,"column":9}},"loc":{"start":{"line":29,"column":13},"end":{"line":38,"column":5}}}},"branchMap":{"0":{"loc":{"start":{"line":22,"column":71},"end":{"line":22,"column":45}},"type":"cond-expr","locations":[{"start":{"line":22,"column":71},"end":{"line":22,"column":45}},{"start":{"line":22,"column":85},"end":{"line":null,"column":-1}}]},"1":{"loc":{"start":{"line":22,"column":46},"end":{"line":22,"column":52}},"type":"binary-expr","locations":[{"start":{"line":22,"column":46},"end":{"line":22,"column":52}},{"start":{"line":22,"column":56},"end":{"line":22,"column":45}}]},"2":{"loc":{"start":{"line":10,"column":8},"end":{"line":10,"column":30}},"type":"if","locations":[{"start":{"line":10,"column":8},"end":{"line":10,"column":30}},{"start":{"line":10,"column":8},"end":{"line":10,"column":30}}]},"3":{"loc":{"start":{"line":30,"column":8},"end":{"line":36,"column":9}},"type":"if","locations":[{"start":{"line":30,"column":8},"end":{"line":36,"column":9}},{"start":{"line":30,"column":8},"end":{"line":36,"column":9}}]}},"s":{"0":0,"1":0,"2":0,"3":0,"4":0,"5":0,"6":0,"7":0,"8":0,"9":0,"10":0,"11":0,"12":0,"13":0,"14":0},"f":{"0":0,"1":0,"2":0,"3":0,"4":0,"5":0},"b":{"0":[0,0],"1":[0,0],"2":[0,0],"3":[0,0]}}
,"/Users/robertz/bootcamp/collab/skylab-bootcamp-201901/staff/groups/la-cia-del-anillo/ultra-vgsm/src/components/Header/index.js": {"path":"/Users/robertz/bootcamp/collab/skylab-bootcamp-201901/staff/groups/la-cia-del-anillo/ultra-vgsm/src/components/Header/index.js","statementMap":{"0":{"start":{"line":1,"column":0},"end":{"line":null,"column":-1}},"1":{"start":{"line":2,"column":0},"end":{"line":null,"column":-1}},"2":{"start":{"line":3,"column":0},"end":{"line":null,"column":-1}},"3":{"start":{"line":5,"column":0},"end":{"line":null,"column":-1}},"4":{"start":{"line":6,"column":0},"end":{"line":null,"column":-1}},"5":{"start":{"line":8,"column":31},"end":{"line":null,"column":-1}},"6":{"start":{"line":12,"column":8},"end":{"line":null,"column":-1}},"7":{"start":{"line":16,"column":8},"end":{"line":24,"column":9}},"8":{"start":{"line":17,"column":12},"end":{"line":null,"column":-1}},"9":{"start":{"line":21,"column":12},"end":{"line":null,"column":-1}},"10":{"start":{"line":28,"column":8},"end":{"line":null,"column":-1}},"11":{"start":{"line":29,"column":8},"end":{"line":null,"column":-1}},"12":{"start":{"line":33,"column":8},"end":{"line":null,"column":-1}},"13":{"start":{"line":39,"column":12},"end":{"line":36,"column":13}},"14":{"start":{"line":40,"column":8},"end":{"line":null,"column":-1}}},"fnMap":{"0":{"name":"(anonymous_0)","decl":{"start":{"line":8,"column":31},"end":{"line":null,"column":-1}},"loc":{"start":{"line":8,"column":31},"end":{"line":null,"column":-1}}},"1":{"name":"(anonymous_1)","decl":{"start":{"line":11,"column":19},"end":{"line":11,"column":23}},"loc":{"start":{"line":11,"column":28},"end":{"line":8,"column":31}}},"2":{"name":"(anonymous_2)","decl":{"start":{"line":15,"column":19},"end":{"line":15,"column":24}},"loc":{"start":{"line":15,"column":25},"end":{"line":8,"column":31}}},"3":{"name":"(anonymous_3)","decl":{"start":{"line":27,"column":4},"end":{"line":27,"column":21}},"loc":{"start":{"line":27,"column":25},"end":{"line":30,"column":5}}},"4":{"name":"(anonymous_4)","decl":{"start":{"line":32,"column":4},"end":{"line":32,"column":23}},"loc":{"start":{"line":32,"column":27},"end":{"line":34,"column":5}}},"5":{"name":"(anonymous_5)","decl":{"start":{"line":36,"column":4},"end":{"line":36,"column":9}},"loc":{"start":{"line":36,"column":13},"end":{"line":46,"column":5}}}},"branchMap":{"0":{"loc":{"start":{"line":16,"column":8},"end":{"line":24,"column":9}},"type":"if","locations":[{"start":{"line":16,"column":8},"end":{"line":24,"column":9}},{"start":{"line":16,"column":8},"end":{"line":24,"column":9}}]},"1":{"loc":{"start":{"line":42,"column":17},"end":{"line":42,"column":35}},"type":"binary-expr","locations":[{"start":{"line":42,"column":17},"end":{"line":42,"column":35}},{"start":{"line":42,"column":39},"end":{"line":41,"column":12}}]},"2":{"loc":{"start":{"line":43,"column":17},"end":{"line":43,"column":16}},"type":"binary-expr","locations":[{"start":{"line":43,"column":17},"end":{"line":43,"column":16}},{"start":{"line":43,"column":40},"end":{"line":41,"column":12}}]}},"s":{"0":0,"1":0,"2":0,"3":0,"4":0,"5":0,"6":0,"7":0,"8":0,"9":0,"10":0,"11":0,"12":0,"13":0,"14":0},"f":{"0":0,"1":0,"2":0,"3":0,"4":0,"5":0},"b":{"0":[0,0],"1":[0,0],"2":[0,0]}}
,"/Users/robertz/bootcamp/collab/skylab-bootcamp-201901/staff/groups/la-cia-del-anillo/ultra-vgsm/src/components/Header/DescktopHeader/index.js": {"path":"/Users/robertz/bootcamp/collab/skylab-bootcamp-201901/staff/groups/la-cia-del-anillo/ultra-vgsm/src/components/Header/DescktopHeader/index.js","statementMap":{"0":{"start":{"line":1,"column":0},"end":{"line":null,"column":-1}},"1":{"start":{"line":3,"column":0},"end":{"line":null,"column":-1}},"2":{"start":{"line":6,"column":4},"end":{"line":null,"column":-1}}},"fnMap":{"0":{"name":"DescktopHeader","decl":{"start":{"line":5,"column":9},"end":{"line":5,"column":0}},"loc":{"start":{"line":5,"column":38},"end":{"line":11,"column":1}}}},"branchMap":{},"s":{"0":0,"1":0,"2":0},"f":{"0":0},"b":{}}
,"/Users/robertz/bootcamp/collab/skylab-bootcamp-201901/staff/groups/la-cia-del-anillo/ultra-vgsm/src/components/Header/MobileHeader/index.js": {"path":"/Users/robertz/bootcamp/collab/skylab-bootcamp-201901/staff/groups/la-cia-del-anillo/ultra-vgsm/src/components/Header/MobileHeader/index.js","statementMap":{"0":{"start":{"line":1,"column":0},"end":{"line":null,"column":-1}},"1":{"start":{"line":2,"column":0},"end":{"line":null,"column":-1}},"2":{"start":{"line":4,"column":0},"end":{"line":null,"column":-1}},"3":{"start":{"line":6,"column":37},"end":{"line":null,"column":-1}},"4":{"start":{"line":8,"column":24},"end":{"line":8,"column":8}},"5":{"start":{"line":9,"column":30},"end":{"line":9,"column":8}},"6":{"start":{"line":10,"column":8},"end":{"line":null,"column":-1}},"7":{"start":{"line":11,"column":8},"end":{"line":null,"column":-1}},"8":{"start":{"line":12,"column":8},"end":{"line":null,"column":-1}},"9":{"start":{"line":16,"column":24},"end":{"line":16,"column":8}},"10":{"start":{"line":17,"column":22},"end":{"line":17,"column":8}},"11":{"start":{"line":18,"column":24},"end":{"line":18,"column":8}},"12":{"start":{"line":19,"column":8},"end":{"line":null,"column":-1}},"13":{"start":{"line":20,"column":8},"end":{"line":null,"column":-1}},"14":{"start":{"line":21,"column":8},"end":{"line":null,"column":-1}},"15":{"start":{"line":27,"column":12},"end":{"line":24,"column":13}},"16":{"start":{"line":29,"column":8},"end":{"line":null,"column":-1}},"17":{"start":{"line":33,"column":70},"end":{"line":33,"column":20}},"18":{"start":{"line":39,"column":70},"end":{"line":39,"column":20}}},"fnMap":{"0":{"name":"(anonymous_0)","decl":{"start":{"line":6,"column":37},"end":{"line":null,"column":-1}},"loc":{"start":{"line":6,"column":37},"end":{"line":null,"column":-1}}},"1":{"name":"(anonymous_1)","decl":{"start":{"line":7,"column":25},"end":{"line":7,"column":30}},"loc":{"start":{"line":7,"column":31},"end":{"line":6,"column":37}}},"2":{"name":"(anonymous_2)","decl":{"start":{"line":15,"column":24},"end":{"line":15,"column":29}},"loc":{"start":{"line":15,"column":30},"end":{"line":6,"column":37}}},"3":{"name":"(anonymous_3)","decl":{"start":{"line":24,"column":4},"end":{"line":24,"column":9}},"loc":{"start":{"line":24,"column":13},"end":{"line":45,"column":5}}},"4":{"name":"(anonymous_4)","decl":{"start":{"line":33,"column":64},"end":{"line":33,"column":69}},"loc":{"start":{"line":33,"column":70},"end":{"line":33,"column":20}}},"5":{"name":"(anonymous_5)","decl":{"start":{"line":39,"column":64},"end":{"line":39,"column":69}},"loc":{"start":{"line":39,"column":70},"end":{"line":39,"column":20}}}},"branchMap":{},"s":{"0":0,"1":0,"2":0,"3":0,"4":0,"5":0,"6":0,"7":0,"8":0,"9":0,"10":0,"11":0,"12":0,"13":0,"14":0,"15":0,"16":0,"17":0,"18":0},"f":{"0":0,"1":0,"2":0,"3":0,"4":0,"5":0},"b":{}}
,"/Users/robertz/bootcamp/collab/skylab-bootcamp-201901/staff/groups/la-cia-del-anillo/ultra-vgsm/src/components/LandingPage/index.js": {"path":"/Users/robertz/bootcamp/collab/skylab-bootcamp-201901/staff/groups/la-cia-del-anillo/ultra-vgsm/src/components/LandingPage/index.js","statementMap":{"0":{"start":{"line":1,"column":0},"end":{"line":null,"column":-1}},"1":{"start":{"line":2,"column":0},"end":{"line":null,"column":-1}},"2":{"start":{"line":7,"column":8},"end":{"line":null,"column":-1}}},"fnMap":{"0":{"name":"(anonymous_0)","decl":{"start":{"line":6,"column":4},"end":{"line":6,"column":9}},"loc":{"start":{"line":6,"column":13},"end":{"line":15,"column":5}}}},"branchMap":{},"s":{"0":0,"1":0,"2":0},"f":{"0":0},"b":{}}
,"/Users/robertz/bootcamp/collab/skylab-bootcamp-201901/staff/groups/la-cia-del-anillo/ultra-vgsm/src/components/Loading/index.js": {"path":"/Users/robertz/bootcamp/collab/skylab-bootcamp-201901/staff/groups/la-cia-del-anillo/ultra-vgsm/src/components/Loading/index.js","statementMap":{"0":{"start":{"line":1,"column":0},"end":{"line":null,"column":-1}},"1":{"start":{"line":4,"column":4},"end":{"line":null,"column":-1}}},"fnMap":{"0":{"name":"Loading","decl":{"start":{"line":3,"column":9},"end":{"line":3,"column":0}},"loc":{"start":{"line":3,"column":19},"end":{"line":9,"column":1}}}},"branchMap":{},"s":{"0":0,"1":0},"f":{"0":0},"b":{}}
,"/Users/robertz/bootcamp/collab/skylab-bootcamp-201901/staff/groups/la-cia-del-anillo/ultra-vgsm/src/components/Login/index.js": {"path":"/Users/robertz/bootcamp/collab/skylab-bootcamp-201901/staff/groups/la-cia-del-anillo/ultra-vgsm/src/components/Login/index.js","statementMap":{"0":{"start":{"line":1,"column":0},"end":{"line":null,"column":-1}},"1":{"start":{"line":2,"column":0},"end":{"line":null,"column":-1}},"2":{"start":{"line":4,"column":0},"end":{"line":null,"column":-1}},"3":{"start":{"line":6,"column":0},"end":{"line":null,"column":-1}},"4":{"start":{"line":8,"column":30},"end":{"line":null,"column":-1}},"5":{"start":{"line":12,"column":8},"end":{"line":null,"column":-1}},"6":{"start":{"line":16,"column":8},"end":{"line":null,"column":-1}},"7":{"start":{"line":21,"column":12},"end":{"line":15,"column":33}},"8":{"start":{"line":15,"column":33},"end":{"line":15,"column":32}},"9":{"start":{"line":23,"column":8},"end":{"line":null,"column":-1}},"10":{"start":{"line":34,"column":8},"end":{"line":null,"column":-1}},"11":{"start":{"line":27,"column":29},"end":{"line":26,"column":37}},"12":{"start":{"line":28,"column":8},"end":{"line":null,"column":-1}},"13":{"start":{"line":45,"column":12},"end":{"line":39,"column":13}},"14":{"start":{"line":47,"column":8},"end":{"line":null,"column":-1}}},"fnMap":{"0":{"name":"(anonymous_0)","decl":{"start":{"line":8,"column":30},"end":{"line":null,"column":-1}},"loc":{"start":{"line":8,"column":30},"end":{"line":null,"column":-1}}},"1":{"name":"(anonymous_1)","decl":{"start":{"line":11,"column":18},"end":{"line":11,"column":22}},"loc":{"start":{"line":11,"column":27},"end":{"line":8,"column":30}}},"2":{"name":"(anonymous_2)","decl":{"start":{"line":15,"column":24},"end":{"line":15,"column":28}},"loc":{"start":{"line":15,"column":33},"end":{"line":8,"column":30}}},"3":{"name":"(anonymous_3)","decl":{"start":{"line":33,"column":22},"end":{"line":33,"column":20}},"loc":{"start":{"line":33,"column":31},"end":{"line":8,"column":30}}},"4":{"name":"(anonymous_4)","decl":{"start":{"line":26,"column":4},"end":{"line":26,"column":28}},"loc":{"start":{"line":26,"column":37},"end":{"line":31,"column":5}}},"5":{"name":"(anonymous_5)","decl":{"start":{"line":39,"column":4},"end":{"line":39,"column":9}},"loc":{"start":{"line":39,"column":13},"end":{"line":92,"column":5}}}},"branchMap":{"0":{"loc":{"start":{"line":88,"column":17},"end":{"line":88,"column":25}},"type":"binary-expr","locations":[{"start":{"line":88,"column":17},"end":{"line":88,"column":25}},{"start":{"line":88,"column":29},"end":{"line":48,"column":12}}]}},"s":{"0":0,"1":0,"2":0,"3":0,"4":0,"5":0,"6":0,"7":0,"8":0,"9":0,"10":0,"11":0,"12":0,"13":0,"14":0},"f":{"0":0,"1":0,"2":0,"3":0,"4":0,"5":0},"b":{"0":[0,0]}}
,"/Users/robertz/bootcamp/collab/skylab-bootcamp-201901/staff/groups/la-cia-del-anillo/ultra-vgsm/src/components/NoResults/index.js": {"path":"/Users/robertz/bootcamp/collab/skylab-bootcamp-201901/staff/groups/la-cia-del-anillo/ultra-vgsm/src/components/NoResults/index.js","statementMap":{"0":{"start":{"line":1,"column":0},"end":{"line":null,"column":-1}},"1":{"start":{"line":5,"column":8},"end":{"line":null,"column":-1}}},"fnMap":{"0":{"name":"(anonymous_0)","decl":{"start":{"line":4,"column":4},"end":{"line":4,"column":9}},"loc":{"start":{"line":4,"column":13},"end":{"line":16,"column":5}}}},"branchMap":{},"s":{"0":0,"1":0},"f":{"0":0},"b":{}}
,"/Users/robertz/bootcamp/collab/skylab-bootcamp-201901/staff/groups/la-cia-del-anillo/ultra-vgsm/src/components/NotFound/index.js": {"path":"/Users/robertz/bootcamp/collab/skylab-bootcamp-201901/staff/groups/la-cia-del-anillo/ultra-vgsm/src/components/NotFound/index.js","statementMap":{"0":{"start":{"line":1,"column":0},"end":{"line":null,"column":-1}},"1":{"start":{"line":7,"column":8},"end":{"line":null,"column":-1}}},"fnMap":{"0":{"name":"(anonymous_0)","decl":{"start":{"line":5,"column":4},"end":{"line":5,"column":9}},"loc":{"start":{"line":5,"column":13},"end":{"line":15,"column":5}}}},"branchMap":{},"s":{"0":0,"1":0},"f":{"0":0},"b":{}}
,"/Users/robertz/bootcamp/collab/skylab-bootcamp-201901/staff/groups/la-cia-del-anillo/ultra-vgsm/src/components/Platforms/index.js": {"path":"/Users/robertz/bootcamp/collab/skylab-bootcamp-201901/staff/groups/la-cia-del-anillo/ultra-vgsm/src/components/Platforms/index.js","statementMap":{"0":{"start":{"line":1,"column":0},"end":{"line":null,"column":-1}},"1":{"start":{"line":2,"column":0},"end":{"line":null,"column":-1}},"2":{"start":{"line":3,"column":0},"end":{"line":null,"column":-1}},"3":{"start":{"line":5,"column":34},"end":{"line":null,"column":-1}},"4":{"start":{"line":27,"column":8},"end":{"line":45,"column":9}},"5":{"start":{"line":28,"column":12},"end":{"line":null,"column":-1}},"6":{"start":{"line":31,"column":20},"end":{"line":null,"column":-1}},"7":{"start":{"line":33,"column":28},"end":{"line":null,"column":-1}},"8":{"start":{"line":34,"column":28},"end":{"line":null,"column":-1}},"9":{"start":{"line":35,"column":41},"end":{"line":34,"column":42}},"10":{"start":{"line":37,"column":28},"end":{"line":null,"column":-1}},"11":{"start":{"line":38,"column":28},"end":{"line":null,"column":-1}},"12":{"start":{"line":42,"column":40},"end":{"line":28,"column":12}},"13":{"start":{"line":43,"column":30},"end":{"line":43,"column":29}},"14":{"start":{"line":44,"column":12},"end":{"line":null,"column":-1}},"15":{"start":{"line":13,"column":12},"end":{"line":8,"column":24}},"16":{"start":{"line":14,"column":8},"end":{"line":14,"column":24}},"17":{"start":{"line":14,"column":24},"end":{"line":null,"column":-1}},"18":{"start":{"line":22,"column":12},"end":{"line":17,"column":40}},"19":{"start":{"line":23,"column":8},"end":{"line":null,"column":-1}},"20":{"start":{"line":50,"column":8},"end":{"line":null,"column":-1}},"21":{"start":{"line":55,"column":28},"end":{"line":null,"column":-1}}},"fnMap":{"0":{"name":"(anonymous_0)","decl":{"start":{"line":5,"column":34},"end":{"line":null,"column":-1}},"loc":{"start":{"line":5,"column":34},"end":{"line":null,"column":-1}}},"1":{"name":"(anonymous_1)","decl":{"start":{"line":26,"column":18},"end":{"line":26,"column":27}},"loc":{"start":{"line":26,"column":32},"end":{"line":5,"column":34}}},"2":{"name":"(anonymous_2)","decl":{"start":{"line":30,"column":22},"end":{"line":30,"column":23}},"loc":{"start":{"line":30,"column":78},"end":{"line":28,"column":12}}},"3":{"name":"(anonymous_3)","decl":{"start":{"line":32,"column":43},"end":{"line":32,"column":46}},"loc":{"start":{"line":32,"column":51},"end":{"line":32,"column":33}}},"4":{"name":"(anonymous_4)","decl":{"start":{"line":35,"column":32},"end":{"line":35,"column":36}},"loc":{"start":{"line":35,"column":41},"end":{"line":34,"column":42}}},"5":{"name":"(anonymous_5)","decl":{"start":{"line":42,"column":23},"end":{"line":42,"column":24}},"loc":{"start":{"line":42,"column":40},"end":{"line":28,"column":12}}},"6":{"name":"(anonymous_6)","decl":{"start":{"line":8,"column":4},"end":{"line":8,"column":20}},"loc":{"start":{"line":8,"column":24},"end":{"line":15,"column":5}}},"7":{"name":"(anonymous_7)","decl":{"start":{"line":17,"column":4},"end":{"line":17,"column":28}},"loc":{"start":{"line":17,"column":40},"end":{"line":24,"column":5}}},"8":{"name":"(anonymous_8)","decl":{"start":{"line":49,"column":4},"end":{"line":49,"column":9}},"loc":{"start":{"line":49,"column":13},"end":{"line":60,"column":5}}},"9":{"name":"(anonymous_9)","decl":{"start":{"line":54,"column":47},"end":{"line":54,"column":50}},"loc":{"start":{"line":54,"column":55},"end":{"line":54,"column":24}}}},"branchMap":{"0":{"loc":{"start":{"line":14,"column":8},"end":{"line":14,"column":24}},"type":"if","locations":[{"start":{"line":14,"column":8},"end":{"line":14,"column":24}},{"start":{"line":14,"column":8},"end":{"line":14,"column":24}}]},"1":{"loc":{"start":{"line":53,"column":21},"end":{"line":53,"column":20}},"type":"binary-expr","locations":[{"start":{"line":53,"column":21},"end":{"line":53,"column":20}},{"start":{"line":54,"column":24},"end":{"line":52,"column":16}}]}},"s":{"0":0,"1":0,"2":0,"3":0,"4":0,"5":0,"6":0,"7":0,"8":0,"9":0,"10":0,"11":0,"12":0,"13":0,"14":0,"15":0,"16":0,"17":0,"18":0,"19":0,"20":0,"21":0},"f":{"0":0,"1":0,"2":0,"3":0,"4":0,"5":0,"6":0,"7":0,"8":0,"9":0},"b":{"0":[0,0],"1":[0,0]}}
,"/Users/robertz/bootcamp/collab/skylab-bootcamp-201901/staff/groups/la-cia-del-anillo/ultra-vgsm/src/components/PublishersInfo/index.js": {"path":"/Users/robertz/bootcamp/collab/skylab-bootcamp-201901/staff/groups/la-cia-del-anillo/ultra-vgsm/src/components/PublishersInfo/index.js","statementMap":{"0":{"start":{"line":1,"column":0},"end":{"line":null,"column":-1}},"1":{"start":{"line":2,"column":0},"end":{"line":null,"column":-1}},"2":{"start":{"line":4,"column":39},"end":{"line":null,"column":-1}},"3":{"start":{"line":16,"column":8},"end":{"line":24,"column":9}},"4":{"start":{"line":17,"column":12},"end":{"line":null,"column":-1}},"5":{"start":{"line":19,"column":35},"end":{"line":19,"column":20}},"6":{"start":{"line":20,"column":20},"end":{"line":null,"column":-1}},"7":{"start":{"line":22,"column":34},"end":{"line":22,"column":33}},"8":{"start":{"line":23,"column":12},"end":{"line":null,"column":-1}},"9":{"start":{"line":8,"column":8},"end":{"line":8,"column":30}},"10":{"start":{"line":8,"column":30},"end":{"line":null,"column":-1}},"11":{"start":{"line":12,"column":8},"end":{"line":null,"column":-1}},"12":{"start":{"line":28,"column":8},"end":{"line":31,"column":9}},"13":{"start":{"line":29,"column":12},"end":{"line":null,"column":-1}},"14":{"start":{"line":32,"column":8},"end":{"line":null,"column":-1}}},"fnMap":{"0":{"name":"(anonymous_0)","decl":{"start":{"line":4,"column":39},"end":{"line":null,"column":-1}},"loc":{"start":{"line":4,"column":39},"end":{"line":null,"column":-1}}},"1":{"name":"(anonymous_1)","decl":{"start":{"line":15,"column":27},"end":{"line":15,"column":29}},"loc":{"start":{"line":15,"column":34},"end":{"line":4,"column":39}}},"2":{"name":"(anonymous_2)","decl":{"start":{"line":18,"column":23},"end":{"line":18,"column":24}},"loc":{"start":{"line":18,"column":52},"end":{"line":17,"column":12}}},"3":{"name":"(anonymous_3)","decl":{"start":{"line":7,"column":4},"end":{"line":7,"column":20}},"loc":{"start":{"line":7,"column":24},"end":{"line":9,"column":5}}},"4":{"name":"(anonymous_4)","decl":{"start":{"line":11,"column":4},"end":{"line":11,"column":28}},"loc":{"start":{"line":11,"column":40},"end":{"line":13,"column":5}}},"5":{"name":"(anonymous_5)","decl":{"start":{"line":27,"column":4},"end":{"line":27,"column":9}},"loc":{"start":{"line":27,"column":13},"end":{"line":33,"column":5}}}},"branchMap":{"0":{"loc":{"start":{"line":20,"column":71},"end":{"line":20,"column":45}},"type":"cond-expr","locations":[{"start":{"line":20,"column":71},"end":{"line":20,"column":45}},{"start":{"line":20,"column":85},"end":{"line":null,"column":-1}}]},"1":{"loc":{"start":{"line":20,"column":46},"end":{"line":20,"column":52}},"type":"binary-expr","locations":[{"start":{"line":20,"column":46},"end":{"line":20,"column":52}},{"start":{"line":20,"column":56},"end":{"line":20,"column":45}}]},"2":{"loc":{"start":{"line":8,"column":8},"end":{"line":8,"column":30}},"type":"if","locations":[{"start":{"line":8,"column":8},"end":{"line":8,"column":30}},{"start":{"line":8,"column":8},"end":{"line":8,"column":30}}]},"3":{"loc":{"start":{"line":28,"column":8},"end":{"line":31,"column":9}},"type":"if","locations":[{"start":{"line":28,"column":8},"end":{"line":31,"column":9}},{"start":{"line":28,"column":8},"end":{"line":31,"column":9}}]}},"s":{"0":0,"1":0,"2":0,"3":0,"4":0,"5":0,"6":0,"7":0,"8":0,"9":0,"10":0,"11":0,"12":0,"13":0,"14":0},"f":{"0":0,"1":0,"2":0,"3":0,"4":0,"5":0},"b":{"0":[0,0],"1":[0,0],"2":[0,0],"3":[0,0]}}
[...]
"start":{"line":316,"column":16},"end":{"line":316,"column":83}},{"start":{"line":316,"column":16},"end":{"line":316,"column":83}}],"line":316}},"s":{"0":2,"1":7,"2":1,"3":6,"4":2,"5":4,"6":0,"7":4,"8":4,"9":4,"10":4,"11":4,"12":4,"13":12,"14":4,"15":4,"16":4,"17":4,"18":0,"19":4,"20":0,"21":4,"22":9,"23":4,"24":5,"25":1,"26":4,"27":4,"28":4,"29":4,"30":0,"31":4,"32":0,"33":4,"34":18,"35":5,"36":13,"37":1,"38":12,"39":2,"40":10,"41":2,"42":8,"43":0,"44":8,"45":0,"46":8,"47":8,"48":8,"49":8,"50":8,"51":8,"52":8,"53":32,"54":8,"55":6,"56":6,"57":6,"58":0,"59":6,"60":2,"61":4,"62":2,"63":2,"64":17,"65":5,"66":12,"67":1,"68":11,"69":1,"70":10,"71":1,"72":9,"73":1,"74":8,"75":8,"76":8,"77":8,"78":8,"79":16,"80":8,"81":6,"82":6,"83":6,"84":0,"85":6,"86":2,"87":4,"88":2,"89":2,"90":13,"91":5,"92":8,"93":8,"94":8,"95":8,"96":8,"97":16,"98":8,"99":6,"100":6,"101":6,"102":0,"103":6,"104":2,"105":4,"106":6,"107":6,"108":6,"109":6,"110":6,"111":6,"112":4,"113":4,"114":4,"115":0,"116":4,"117":2,"118":2,"119":6,"120":6,"121":6,"122":6,"123":6,"124":6,"125":4,"126":4,"127":4,"128":0,"129":4,"130":2,"131":2,"132":6,"133":6,"134":6,"135":6,"136":6,"137":6,"138":4,"139":4,"140":4,"141":0,"142":4,"143":2,"144":2,"145":15,"146":4,"147":11,"148":1,"149":10,"150":1,"151":9,"152":0,"153":9,"154":1,"155":8,"156":1,"157":7,"158":0,"159":7,"160":7,"161":7,"162":7,"163":7,"164":7,"165":21,"166":7,"167":5,"168":5,"169":5,"170":0,"171":5,"172":2,"173":3,"174":2,"175":1},"f":{"0":12,"1":4,"2":4,"3":4,"4":4,"5":32,"6":6,"7":6,"8":16,"9":6,"10":6,"11":16,"12":6,"13":6,"14":6,"15":4,"16":4,"17":6,"18":4,"19":4,"20":6,"21":4,"22":4,"23":21,"24":5,"25":5},"b":{"0":[4],"1":[1,6],"2":[2,4],"3":[0,4],"4":[2],"5":[0,4],"6":[0,4],"7":[4,5],"8":[1,4],"9":[0,4],"10":[0,4],"11":[12],"12":[12],"13":[5,13],"14":[1,12],"15":[2,10],"16":[12,12],"17":[2,8],"18":[10,10],"19":[0,8],"20":[0,8],"21":[2],"22":[0,6],"23":[2,4],"24":[2,2],"25":[5,12],"26":[1,11],"27":[1,10],"28":[1,9],"29":[1,8],"30":[2],"31":[0,6],"32":[2,4],"33":[2,2],"34":[1],"35":[5,8],"36":[0,6],"37":[2,4],"38":[0,4],"39":[2,2],"40":[0,4],"41":[2,2],"42":[0,4],"43":[2,2],"44":[12],"45":[4,11],"46":[1,10],"47":[1,9],"48":[0,9],"49":[1,8],"50":[1,7],"51":[0,7],"52":[2],"53":[0,5],"54":[2,3],"55":[5,3],"56":[2,1]},"_coverageSchema":"332fd63041d2c1bcb487cc26dd0d5f7d97098a6c","hash":"60c9792b560d3a2f535f86bd4c6552a765512fde"}
,"/Users/robertz/bootcamp/collab/skylab-bootcamp-201901/staff/groups/la-cia-del-anillo/ultra-vgsm/src/user-api/index.js": {"path":"/Users/robertz/bootcamp/collab/skylab-bootcamp-201901/staff/groups/la-cia-del-anillo/ultra-vgsm/src/user-api/index.js","statementMap":{"0":{"start":{"line":1,"column":16},"end":{"line":144,"column":1}},"1":{"start":{"line":6,"column":8},"end":{"line":6,"column":81}},"2":{"start":{"line":6,"column":38},"end":{"line":6,"column":81}},"3":{"start":{"line":7,"column":8},"end":{"line":7,"column":62}},"4":{"start":{"line":7,"column":33},"end":{"line":7,"column":62}},"5":{"start":{"line":9,"column":8},"end":{"line":9,"column":87}},"6":{"start":{"line":9,"column":41},"end":{"line":9,"column":87}},"7":{"start":{"line":10,"column":8},"end":{"line":10,"column":68}},"8":{"start":{"line":10,"column":36},"end":{"line":10,"column":68}},"9":{"start":{"line":12,"column":8},"end":{"line":12,"column":89}},"10":{"start":{"line":12,"column":42},"end":{"line":12,"column":89}},"11":{"start":{"line":13,"column":8},"end":{"line":13,"column":70}},"12":{"start":{"line":13,"column":37},"end":{"line":13,"column":70}},"13":{"start":{"line":15,"column":8},"end":{"line":15,"column":89}},"14":{"start":{"line":15,"column":42},"end":{"line":15,"column":89}},"15":{"start":{"line":16,"column":8},"end":{"line":16,"column":70}},"16":{"start":{"line":16,"column":37},"end":{"line":16,"column":70}},"17":{"start":{"line":18,"column":8},"end":{"line":33,"column":15}},"18":{"start":{"line":25,"column":30},"end":{"line":25,"column":45}},"19":{"start":{"line":28,"column":35},"end":{"line":28,"column":43}},"20":{"start":{"line":30,"column":16},"end":{"line":30,"column":61}},"21":{"start":{"line":30,"column":37},"end":{"line":30,"column":61}},"22":{"start":{"line":32,"column":16},"end":{"line":32,"column":44}},"23":{"start":{"line":37,"column":8},"end":{"line":37,"column":89}},"24":{"start":{"line":37,"column":42},"end":{"line":37,"column":89}},"25":{"start":{"line":38,"column":8},"end":{"line":38,"column":70}},"26":{"start":{"line":38,"column":37},"end":{"line":38,"column":70}},"27":{"start":{"line":40,"column":8},"end":{"line":40,"column":89}},"28":{"start":{"line":40,"column":42},"end":{"line":40,"column":89}},"29":{"start":{"line":41,"column":8},"end":{"line":41,"column":70}},"30":{"start":{"line":41,"column":37},"end":{"line":41,"column":70}},"31":{"start":{"line":44,"column":8},"end":{"line":59,"column":15}},"32":{"start":{"line":51,"column":30},"end":{"line":51,"column":45}},"33":{"start":{"line":54,"column":35},"end":{"line":54,"column":43}},"34":{"start":{"line":56,"column":16},"end":{"line":56,"column":58}},"35":{"start":{"line":56,"column":37},"end":{"line":56,"column":58}},"36":{"start":{"line":58,"column":16},"end":{"line":58,"column":44}},"37":{"start":{"line":63,"column":8},"end":{"line":63,"column":77}},"38":{"start":{"line":63,"column":36},"end":{"line":63,"column":77}},"39":{"start":{"line":64,"column":8},"end":{"line":64,"column":58}},"40":{"start":{"line":64,"column":31},"end":{"line":64,"column":58}},"41":{"start":{"line":66,"column":8},"end":{"line":66,"column":83}},"42":{"start":{"line":66,"column":39},"end":{"line":66,"column":83}},"43":{"start":{"line":67,"column":8},"end":{"line":67,"column":64}},"44":{"start":{"line":67,"column":34},"end":{"line":67,"column":64}},"45":{"start":{"line":69,"column":8},"end":{"line":82,"column":15}},"46":{"start":{"line":74,"column":30},"end":{"line":74,"column":45}},"47":{"start":{"line":77,"column":35},"end":{"line":77,"column":43}},"48":{"start":{"line":79,"column":16},"end":{"line":79,"column":58}},"49":{"start":{"line":79,"column":37},"end":{"line":79,"column":58}},"50":{"start":{"line":81,"column":16},"end":{"line":81,"column":44}},"51":{"start":{"line":86,"column":8},"end":{"line":86,"column":77}},"52":{"start":{"line":86,"column":36},"end":{"line":86,"column":77}},"53":{"start":{"line":87,"column":8},"end":{"line":87,"column":58}},"54":{"start":{"line":87,"column":31},"end":{"line":87,"column":58}},"55":{"start":{"line":89,"column":8},"end":{"line":89,"column":83}},"56":{"start":{"line":89,"column":39},"end":{"line":89,"column":83}},"57":{"start":{"line":90,"column":8},"end":{"line":90,"column":64}},"58":{"start":{"line":90,"column":34},"end":{"line":90,"column":64}},"59":{"start":{"line":92,"column":8},"end":{"line":92,"column":85}},"60":{"start":{"line":92,"column":41},"end":{"line":92,"column":85}},"61":{"start":{"line":94,"column":8},"end":{"line":110,"column":15}},"62":{"start":{"line":102,"column":30},"end":{"line":102,"column":45}},"63":{"start":{"line":105,"column":35},"end":{"line":105,"column":43}},"64":{"start":{"line":107,"column":16},"end":{"line":107,"column":44}},"65":{"start":{"line":107,"column":37},"end":{"line":107,"column":44}},"66":{"start":{"line":109,"column":16},"end":{"line":109,"column":44}},"67":{"start":{"line":114,"column":8},"end":{"line":114,"column":77}},"68":{"start":{"line":114,"column":36},"end":{"line":114,"column":77}},"69":{"start":{"line":115,"column":8},"end":{"line":115,"column":58}},"70":{"start":{"line":115,"column":31},"end":{"line":115,"column":58}},"71":{"start":{"line":117,"column":8},"end":{"line":117,"column":83}},"72":{"start":{"line":117,"column":39},"end":{"line":117,"column":83}},"73":{"start":{"line":118,"column":8},"end":{"line":118,"column":64}},"74":{"start":{"line":118,"column":34},"end":{"line":118,"column":64}},"75":{"start":{"line":120,"column":8},"end":{"line":120,"column":89}},"76":{"start":{"line":120,"column":42},"end":{"line":120,"column":89}},"77":{"start":{"line":121,"column":8},"end":{"line":121,"column":70}},"78":{"start":{"line":121,"column":37},"end":{"line":121,"column":70}},"79":{"start":{"line":123,"column":8},"end":{"line":123,"column":89}},"80":{"start":{"line":123,"column":42},"end":{"line":123,"column":89}},"81":{"start":{"line":124,"column":8},"end":{"line":124,"column":70}},"82":{"start":{"line":124,"column":37},"end":{"line":124,"column":70}},"83":{"start":{"line":126,"column":8},"end":{"line":142,"column":15}},"84":{"start":{"line":134,"column":30},"end":{"line":134,"column":45}},"85":{"start":{"line":137,"column":35},"end":{"line":137,"column":43}},"86":{"start":{"line":139,"column":16},"end":{"line":139,"column":44}},"87":{"start":{"line":139,"column":37},"end":{"line":139,"column":44}},"88":{"start":{"line":141,"column":16},"end":{"line":141,"column":44}}},"fnMap":{"0":{"name":"(anonymous_0)","decl":{"start":{"line":25,"column":18},"end":{"line":25,"column":19}},"loc":{"start":{"line":25,"column":30},"end":{"line":25,"column":45}},"line":25},"1":{"name":"(anonymous_1)","decl":{"start":{"line":26,"column":18},"end":{"line":26,"column":19}},"loc":{"start":{"line":26,"column":30},"end":{"line":33,"column":13}},"line":26},"2":{"name":"(anonymous_2)","decl":{"start":{"line":51,"column":18},"end":{"line":51,"column":19}},"loc":{"start":{"line":51,"column":30},"end":{"line":51,"column":45}},"line":51},"3":{"name":"(anonymous_3)","decl":{"start":{"line":52,"column":18},"end":{"line":52,"column":19}},"loc":{"start":{"line":52,"column":30},"end":{"line":59,"column":13}},"line":52},"4":{"name":"(anonymous_4)","decl":{"start":{"line":74,"column":18},"end":{"line":74,"column":19}},"loc":{"start":{"line":74,"column":30},"end":{"line":74,"column":45}},"line":74},"5":{"name":"(anonymous_5)","decl":{"start":{"line":75,"column":18},"end":{"line":75,"column":19}},"loc":{"start":{"line":75,"column":30},"end":{"line":82,"column":13}},"line":75},"6":{"name":"(anonymous_6)","decl":{"start":{"line":102,"column":18},"end":{"line":102,"column":19}},"loc":{"start":{"line":102,"column":30},"end":{"line":102,"column":45}},"line":102},"7":{"name":"(anonymous_7)","decl":{"start":{"line":103,"column":18},"end":{"line":103,"column":19}},"loc":{"start":{"line":103,"column":30},"end":{"line":110,"column":13}},"line":103},"8":{"name":"(anonymous_8)","decl":{"start":{"line":134,"column":18},"end":{"line":134,"column":19}},"loc":{"start":{"line":134,"column":30},"end":{"line":134,"column":45}},"line":134},"9":{"name":"(anonymous_9)","decl":{"start":{"line":135,"column":18},"end":{"line":135,"column":19}},"loc":{"start":{"line":135,"column":30},"end":{"line":142,"column":13}},"line":135}},"branchMap":{"0":{"loc":{"start":{"line":6,"column":8},"end":{"line":6,"column":81}},"type":"if","locations":[{"start":{"line":6,"column":8},"end":{"line":6,"column":81}},{"start":{"line":6,"column":8},"end":{"line":6,"column":81}}],"line":6},"1":{"loc":{"start":{"line":7,"column":8},"end":{"line":7,"column":62}},"type":"if","locations":[{"start":{"line":7,"column":8},"end":{"line":7,"column":62}},{"start":{"line":7,"column":8},"end":{"line":7,"column":62}}],"line":7},"2":{"loc":{"start":{"line":9,"column":8},"end":{"line":9,"column":87}},"type":"if","locations":[{"start":{"line":9,"column":8},"end":{"line":9,"column":87}},{"start":{"line":9,"column":8},"end":{"line":9,"column":87}}],"line":9},"3":{"loc":{"start":{"line":10,"column":8},"end":{"line":10,"column":68}},"type":"if","locations":[{"start":{"line":10,"column":8},"end":{"line":10,"column":68}},{"start":{"line":10,"column":8},"end":{"line":10,"column":68}}],"line":10},"4":{"loc":{"start":{"line":12,"column":8},"end":{"line":12,"column":89}},"type":"if","locations":[{"start":{"line":12,"column":8},"end":{"line":12,"column":89}},{"start":{"line":12,"column":8},"end":{"line":12,"column":89}}],"line":12},"5":{"loc":{"start":{"line":13,"column":8},"end":{"line":13,"column":70}},"type":"if","locations":[{"start":{"line":13,"column":8},"end":{"line":13,"column":70}},{"start":{"line":13,"column":8},"end":{"line":13,"column":70}}],"line":13},"6":{"loc":{"start":{"line":15,"column":8},"end":{"line":15,"column":89}},"type":"if","locations":[{"start":{"line":15,"column":8},"end":{"line":15,"column":89}},{"start":{"line":15,"column":8},"end":{"line":15,"column":89}}],"line":15},"7":{"loc":{"start":{"line":16,"column":8},"end":{"line":16,"column":70}},"type":"if","locations":[{"start":{"line":16,"column":8},"end":{"line":16,"column":70}},{"start":{"line":16,"column":8},"end":{"line":16,"column":70}}],"line":16},"8":{"loc":{"start":{"line":30,"column":16},"end":{"line":30,"column":61}},"type":"if","locations":[{"start":{"line":30,"column":16},"end":{"line":30,"column":61}},{"start":{"line":30,"column":16},"end":{"line":30,"column":61}}],"line":30},"9":{"loc":{"start":{"line":37,"column":8},"end":{"line":37,"column":89}},"type":"if","locations":[{"start":{"line":37,"column":8},"end":{"line":37,"column":89}},{"start":{"line":37,"column":8},"end":{"line":37,"column":89}}],"line":37},"10":{"loc":{"start":{"line":38,"column":8},"end":{"line":38,"column":70}},"type":"if","locations":[{"start":{"line":38,"column":8},"end":{"line":38,"column":70}},{"start":{"line":38,"column":8},"end":{"line":38,"column":70}}],"line":38},"11":{"loc":{"start":{"line":40,"column":8},"end":{"line":40,"column":89}},"type":"if","locations":[{"start":{"line":40,"column":8},"end":{"line":40,"column":89}},{"start":{"line":40,"column":8},"end":{"line":40,"column":89}}],"line":40},"12":{"loc":{"start":{"line":41,"column":8},"end":{"line":41,"column":70}},"type":"if","locations":[{"start":{"line":41,"column":8},"end":{"line":41,"column":70}},{"start":{"line":41,"column":8},"end":{"line":41,"column":70}}],"line":41},"13":{"loc":{"start":{"line":56,"column":16},"end":{"line":56,"column":58}},"type":"if","locations":[{"start":{"line":56,"column":16},"end":{"line":56,"column":58}},{"start":{"line":56,"column":16},"end":{"line":56,"column":58}}],"line":56},"14":{"loc":{"start":{"line":63,"column":8},"end":{"line":63,"column":77}},"type":"if","locations":[{"start":{"line":63,"column":8},"end":{"line":63,"column":77}},{"start":{"line":63,"column":8},"end":{"line":63,"column":77}}],"line":63},"15":{"loc":{"start":{"line":64,"column":8},"end":{"line":64,"column":58}},"type":"if","locations":[{"start":{"line":64,"column":8},"end":{"line":64,"column":58}},{"start":{"line":64,"column":8},"end":{"line":64,"column":58}}],"line":64},"16":{"loc":{"start":{"line":66,"column":8},"end":{"line":66,"column":83}},"type":"if","locations":[{"start":{"line":66,"column":8},"end":{"line":66,"column":83}},{"start":{"line":66,"column":8},"end":{"line":66,"column":83}}],"line":66},"17":{"loc":{"start":{"line":67,"column":8},"end":{"line":67,"column":64}},"type":"if","locations":[{"start":{"line":67,"column":8},"end":{"line":67,"column":64}},{"start":{"line":67,"column":8},"end":{"line":67,"column":64}}],"line":67},"18":{"loc":{"start":{"line":79,"column":16},"end":{"line":79,"column":58}},"type":"if","locations":[{"start":{"line":79,"column":16},"end":{"line":79,"column":58}},{"start":{"line":79,"column":16},"end":{"line":79,"column":58}}],"line":79},"19":{"loc":{"start":{"line":86,"column":8},"end":{"line":86,"column":77}},"type":"if","locations":[{"start":{"line":86,"column":8},"end":{"line":86,"column":77}},{"start":{"line":86,"column":8},"end":{"line":86,"column":77}}],"line":86},"20":{"loc":{"start":{"line":87,"column":8},"end":{"line":87,"column":58}},"type":"if","locations":[{"start":{"line":87,"column":8},"end":{"line":87,"column":58}},{"start":{"line":87,"column":8},"end":{"line":87,"column":58}}],"line":87},"21":{"loc":{"start":{"line":89,"column":8},"end":{"line":89,"column":83}},"type":"if","locations":[{"start":{"line":89,"column":8},"end":{"line":89,"column":83}},{"start":{"line":89,"column":8},"end":{"line":89,"column":83}}],"line":89},"22":{"loc":{"start":{"line":90,"column":8},"end":{"line":90,"column":64}},"type":"if","locations":[{"start":{"line":90,"column":8},"end":{"line":90,"column":64}},{"start":{"line":90,"column":8},"end":{"line":90,"column":64}}],"line":90},"23":{"loc":{"start":{"line":92,"column":8},"end":{"line":92,"column":85}},"type":"if","locations":[{"start":{"line":92,"column":8},"end":{"line":92,"column":85}},{"start":{"line":92,"column":8},"end":{"line":92,"column":85}}],"line":92},"24":{"loc":{"start":{"line":107,"column":16},"end":{"line":107,"column":44}},"type":"if","locations":[{"start":{"line":107,"column":16},"end":{"line":107,"column":44}},{"start":{"line":107,"column":16},"end":{"line":107,"column":44}}],"line":107},"25":{"loc":{"start":{"line":114,"column":8},"end":{"line":114,"column":77}},"type":"if","locations":[{"start":{"line":114,"column":8},"end":{"line":114,"column":77}},{"start":{"line":114,"column":8},"end":{"line":114,"column":77}}],"line":114},"26":{"loc":{"start":{"line":115,"column":8},"end":{"line":115,"column":58}},"type":"if","locations":[{"start":{"line":115,"column":8},"end":{"line":115,"column":58}},{"start":{"line":115,"column":8},"end":{"line":115,"column":58}}],"line":115},"27":{"loc":{"start":{"line":117,"column":8},"end":{"line":117,"column":83}},"type":"if","locations":[{"start":{"line":117,"column":8},"end":{"line":117,"column":83}},{"start":{"line":117,"column":8},"end":{"line":117,"column":83}}],"line":117},"28":{"loc":{"start":{"line":118,"column":8},"end":{"line":118,"column":64}},"type":"if","locations":[{"start":{"line":118,"column":8},"end":{"line":118,"column":64}},{"start":{"line":118,"column":8},"end":{"line":118,"column":64}}],"line":118},"29":{"loc":{"start":{"line":120,"column":8},"end":{"line":120,"column":89}},"type":"if","locations":[{"start":{"line":120,"column":8},"end":{"line":120,"column":89}},{"start":{"line":120,"column":8},"end":{"line":120,"column":89}}],"line":120},"30":{"loc":{"start":{"line":121,"column":8},"end":{"line":121,"column":70}},"type":"if","locations":[{"start":{"line":121,"column":8},"end":{"line":121,"column":70}},{"start":{"line":121,"column":8},"end":{"line":121,"column":70}}],"line":121},"31":{"loc":{"start":{"line":123,"column":8},"end":{"line":123,"column":89}},"type":"if","locations":[{"start":{"line":123,"column":8},"end":{"line":123,"column":89}},{"start":{"line":123,"column":8},"end":{"line":123,"column":89}}],"line":123},"32":{"loc":{"start":{"line":124,"column":8},"end":{"line":124,"column":70}},"type":"if","locations":[{"start":{"line":124,"column":8},"end":{"line":124,"column":70}},{"start":{"line":124,"column":8},"end":{"line":124,"column":70}}],"line":124},"33":{"loc":{"start":{"line":139,"column":16},"end":{"line":139,"column":44}},"type":"if","locations":[{"start":{"line":139,"column":16},"end":{"line":139,"column":44}},{"start":{"line":139,"column":16},"end":{"line":139,"column":44}}],"line":139}},"s":{"0":2,"1":17,"2":0,"3":17,"4":1,"5":16,"6":0,"7":16,"8":1,"9":15,"10":0,"11":15,"12":1,"13":14,"14":0,"15":14,"16":1,"17":13,"18":13,"19":13,"20":13,"21":12,"22":1,"23":12,"24":0,"25":12,"26":0,"27":12,"28":0,"29":12,"30":0,"31":12,"32":12,"33":12,"34":12,"35":10,"36":2,"37":16,"38":1,"39":15,"40":1,"41":14,"42":1,"43":13,"44":1,"45":12,"46":12,"47":12,"48":12,"49":9,"50":3,"51":9,"52":1,"53":8,"54":1,"55":7,"56":1,"57":6,"58":1,"59":5,"60":1,"61":4,"62":4,"63":4,"64":4,"65":4,"66":0,"67":7,"68":1,"69":6,"70":1,"71":5,"72":1,"73":4,"74":1,"75":3,"76":0,"77":3,"78":0,"79":3,"80":0,"81":3,"82":0,"83":3,"84":3,"85":3,"86":3,"87":1,"88":2},"f":{"0":13,"1":13,"2":12,"3":12,"4":12,"5":12,"6":4,"7":4,"8":3,"9":3},"b":{"0":[0,17],"1":[1,16],"2":[0,16],"3":[1,15],"4":[0,15],"5":[1,14],"6":[0,14],"7":[1,13],"8":[12,1],"9":[0,12],"10":[0,12],"11":[0,12],"12":[0,12],"13":[10,2],"14":[1,15],"15":[1,14],"16":[1,13],"17":[1,12],"18":[9,3],"19":[1,8],"20":[1,7],"21":[1,6],"22":[1,5],"23":[1,4],"24":[4,0],"25":[1,6],"26":[1,5],"27":[1,4],"28":[1,3],"29":[0,3],"30":[0,3],"31":[0,3],"32":[0,3],"33":[1,2]},"_coverageSchema":"332fd63041d2c1bcb487cc26dd0d5f7d97098a6c","hash":"37f6785aa325ac1ce8837d1a5cda732c6d5edd12"}
}
