TN:
SF:/Users/robertz/bootcamp/collab/skylab-bootcamp-201901/staff/groups/la-cia-del-anillo/ultra-vgsm/src/index.js
FN:13,(anonymous_0)
FN:15,(anonymous_1)
FN:17,(anonymous_2)
FN:21,(anonymous_3)
FNF:4
FNH:0
FNDA:0,(anonymous_0)
FNDA:0,(anonymous_1)
FNDA:0,(anonymous_2)
FNDA:0,(anonymous_3)
DA:1,0
DA:2,0
DA:3,0
DA:4,0
DA:5,0
DA:6,0
DA:7,0
DA:8,0
DA:11,0
DA:13,0
DA:14,0
DA:15,0
DA:17,0
DA:18,0
DA:21,0
DA:33,0
LF:16
LH:0
BRDA:14,0,0,0
BRDA:14,0,1,0
BRDA:19,1,0,0
BRDA:19,1,1,0
BRF:4
BRH:0
end_of_record
TN:
SF:/Users/robertz/bootcamp/collab/skylab-bootcamp-201901/staff/groups/la-cia-del-anillo/ultra-vgsm/src/serviceWorker.js
FN:23,register
FN:34,(anonymous_1)
FN:43,(anonymous_2)
FN:57,registerValidSW
FN:60,(anonymous_4)
FN:61,(anonymous_5)
FN:66,(anonymous_6)
FN:96,(anonymous_7)
FN:101,checkValidServiceWorker
FN:104,(anonymous_9)
FN:112,(anonymous_10)
FN:113,(anonymous_11)
FN:122,(anonymous_12)
FN:129,unregister
FN:131,(anonymous_14)
FNF:15
FNH:0
FNDA:0,register
FNDA:0,(anonymous_1)
FNDA:0,(anonymous_2)
FNDA:0,registerValidSW
FNDA:0,(anonymous_4)
FNDA:0,(anonymous_5)
FNDA:0,(anonymous_6)
FNDA:0,(anonymous_7)
FNDA:0,checkValidServiceWorker
FNDA:0,(anonymous_9)
FNDA:0,(anonymous_10)
FNDA:0,(anonymous_11)
FNDA:0,(anonymous_12)
FNDA:0,unregister
FNDA:0,(anonymous_14)
DA:13,0
DA:24,0
DA:26,0
DA:27,0
DA:31,0
DA:34,0
DA:35,0
DA:37,0
DA:39,0
DA:43,0
DA:44,0
DA:51,0
DA:58,0
DA:61,0
DA:62,0
DA:63,0
DA:64,0
DA:66,0
DA:67,0
DA:68,0
DA:72,0
DA:78,0
DA:79,0
DA:85,0
DA:88,0
DA:89,0
DA:97,0
DA:103,0
DA:106,0
DA:107,0
DA:112,0
DA:113,0
DA:114,0
DA:119,0
DA:123,0
DA:130,0
DA:131,0
DA:132,0
LF:38
LH:0
BRDA:14,0,0,0
BRDA:14,0,1,0
BRDA:14,0,2,0
BRDA:24,1,0,0
BRDA:24,1,1,0
BRDA:24,2,0,0
BRDA:24,2,1,0
BRDA:27,3,0,0
BRDA:27,3,1,0
BRDA:37,4,0,0
BRDA:37,4,1,0
BRDA:63,5,0,0
BRDA:63,5,1,0
BRDA:67,6,0,0
BRDA:67,6,1,0
BRDA:68,7,0,0
BRDA:68,7,1,0
BRDA:78,8,0,0
BRDA:78,8,1,0
BRDA:78,9,0,0
BRDA:78,9,1,0
BRDA:88,10,0,0
BRDA:88,10,1,0
BRDA:88,11,0,0
BRDA:88,11,1,0
BRDA:107,12,0,0
BRDA:107,12,1,0
BRDA:108,13,0,0
BRDA:108,13,1,0
BRDA:108,13,2,0
BRDA:130,14,0,0
BRDA:130,14,1,0
BRF:32
BRH:0
end_of_record
TN:
SF:/Users/robertz/bootcamp/collab/skylab-bootcamp-201901/staff/groups/la-cia-del-anillo/ultra-vgsm/src/components/App/index.js
FN:18,(anonymous_0)
FN:21,(anonymous_1)
FN:25,(anonymous_2)
FN:28,(anonymous_3)
FN:36,(anonymous_4)
FN:40,(anonymous_5)
FN:43,(anonymous_6)
FN:51,(anonymous_7)
FN:64,(anonymous_8)
FN:85,(anonymous_9)
FN:97,(anonymous_10)
FN:108,(anonymous_11)
FNF:12
FNH:0
FNDA:0,(anonymous_0)
FNDA:0,(anonymous_1)
FNDA:0,(anonymous_2)
FNDA:0,(anonymous_3)
FNDA:0,(anonymous_4)
FNDA:0,(anonymous_5)
FNDA:0,(anonymous_6)
FNDA:0,(anonymous_7)
FNDA:0,(anonymous_8)
FNDA:0,(anonymous_9)
FNDA:0,(anonymous_10)
FNDA:0,(anonymous_11)
DA:1,0
DA:3,0
DA:4,0
DA:6,0
DA:7,0
DA:8,0
DA:9,0
DA:10,0
DA:11,0
DA:12,0
DA:13,0
DA:14,0
DA:15,0
DA:16,0
DA:18,0
DA:22,0
DA:23,0
DA:26,0
DA:29,0
DA:31,0
DA:32,0
DA:37,0
DA:38,0
DA:41,0
DA:44,0
DA:46,0
DA:47,0
DA:52,0
DA:54,0
DA:64,0
DA:70,0
DA:72,0
DA:86,0
DA:98,0
DA:109,0
LF:35
LH:0
BRDA:87,0,0,0
BRDA:87,0,1,0
BRDA:99,1,0,0
BRDA:99,1,1,0
BRDA:110,2,0,0
BRDA:110,2,1,0
BRF:6
BRH:0
end_of_record
TN:
SF:/Users/robertz/bootcamp/collab/skylab-bootcamp-201901/staff/groups/la-cia-del-anillo/ultra-vgsm/src/components/Aside/index.js
FN:7,(anonymous_0)
FN:8,(anonymous_1)
FN:12,(anonymous_2)
FN:21,(anonymous_3)
FN:22,(anonymous_4)
FN:29,(anonymous_5)
FN:32,(anonymous_6)
FN:36,(anonymous_7)
FN:48,(anonymous_8)
FN:55,(anonymous_9)
FN:78,(anonymous_10)
FN:86,(anonymous_11)
FN:102,(anonymous_12)
FN:107,(anonymous_13)
FN:112,(anonymous_14)
FN:117,(anonymous_15)
FN:122,(anonymous_16)
FN:127,(anonymous_17)
FN:132,(anonymous_18)
FN:137,(anonymous_19)
FN:142,(anonymous_20)
FN:147,(anonymous_21)
FNF:22
FNH:0
FNDA:0,(anonymous_0)
FNDA:0,(anonymous_1)
FNDA:0,(anonymous_2)
FNDA:0,(anonymous_3)
FNDA:0,(anonymous_4)
FNDA:0,(anonymous_5)
FNDA:0,(anonymous_6)
FNDA:0,(anonymous_7)
FNDA:0,(anonymous_8)
FNDA:0,(anonymous_9)
FNDA:0,(anonymous_10)
FNDA:0,(anonymous_11)
FNDA:0,(anonymous_12)
FNDA:0,(anonymous_13)
FNDA:0,(anonymous_14)
FNDA:0,(anonymous_15)
FNDA:0,(anonymous_16)
FNDA:0,(anonymous_17)
FNDA:0,(anonymous_18)
FNDA:0,(anonymous_19)
FNDA:0,(anonymous_20)
FNDA:0,(anonymous_21)
DA:1,0
DA:2,0
DA:3,0
DA:5,0
DA:7,0
DA:9,0
DA:13,0
DA:14,0
DA:15,0
DA:16,0
DA:17,0
DA:18,0
DA:22,0
DA:23,0
DA:24,0
DA:30,0
DA:32,0
DA:36,0
DA:48,0
DA:55,0
DA:78,0
DA:86,0
DA:102,0
DA:107,0
DA:112,0
DA:117,0
DA:122,0
DA:127,0
DA:132,0
DA:137,0
DA:142,0
DA:147,0
LF:32
LH:0
BRDA:23,0,0,0
BRDA:23,0,1,0
BRDA:54,1,0,0
BRDA:54,1,1,0
BRDA:66,2,0,0
BRDA:66,2,1,0
BRDA:77,3,0,0
BRDA:77,3,1,0
BRDA:85,4,0,0
BRDA:85,4,1,0
BRF:10
BRH:0
end_of_record
TN:
SF:/Users/robertz/bootcamp/collab/skylab-bootcamp-201901/staff/groups/la-cia-del-anillo/ultra-vgsm/src/components/Card/index.js
FN:15,(anonymous_0)
FN:27,(anonymous_1)
FNF:2
FNH:0
FNDA:0,(anonymous_0)
FNDA:0,(anonymous_1)
DA:1,0
DA:2,0
DA:3,0
DA:5,0
DA:6,0
DA:15,0
DA:19,0
DA:21,0
DA:22,0
DA:24,0
DA:27,0
LF:11
LH:0
BRDA:30,0,0,0
BRDA:30,0,1,0
BRDA:36,1,0,0
BRDA:36,1,1,0
BRF:4
BRH:0
end_of_record
TN:
SF:/Users/robertz/bootcamp/collab/skylab-bootcamp-201901/staff/groups/la-cia-del-anillo/ultra-vgsm/src/components/DevelopersInfo/index.js
FN:4,(anonymous_0)
FN:15,(anonymous_1)
FN:18,(anonymous_2)
FN:7,(anonymous_3)
FN:11,(anonymous_4)
FN:27,(anonymous_5)
FNF:6
FNH:0
FNDA:0,(anonymous_0)
FNDA:0,(anonymous_1)
FNDA:0,(anonymous_2)
FNDA:0,(anonymous_3)
FNDA:0,(anonymous_4)
FNDA:0,(anonymous_5)
DA:1,0
DA:2,0
DA:4,0
DA:8,0
DA:12,0
DA:16,0
DA:17,0
DA:19,0
DA:20,0
DA:22,0
DA:23,0
DA:28,0
DA:29,0
DA:35,0
LF:14
LH:0
BRDA:20,0,0,0
BRDA:20,0,1,0
BRDA:20,1,0,0
BRDA:20,1,1,0
BRDA:8,2,0,0
BRDA:8,2,1,0
BRDA:28,3,0,0
BRDA:28,3,1,0
BRF:8
BRH:0
end_of_record
TN:
SF:/Users/robertz/bootcamp/collab/skylab-bootcamp-201901/staff/groups/la-cia-del-anillo/ultra-vgsm/src/components/Favorite/index.js
FN:5,(anonymous_0)
FN:10,(anonymous_1)
FN:20,(anonymous_2)
FN:24,(anonymous_3)
FN:31,(anonymous_4)
FNF:5
FNH:0
FNDA:0,(anonymous_0)
FNDA:0,(anonymous_1)
FNDA:0,(anonymous_2)
FNDA:0,(anonymous_3)
FNDA:0,(anonymous_4)
DA:1,0
DA:2,0
DA:3,0
DA:5,0
DA:11,0
DA:13,0
DA:14,0
DA:15,0
DA:17,0
DA:18,0
DA:21,0
DA:22,0
DA:24,0
DA:25,0
DA:27,0
DA:32,0
DA:35,0
DA:36,0
DA:37,0
DA:39,0
LF:20
LH:0
BRDA:21,0,0,0
BRDA:21,0,1,0
BRDA:37,1,0,0
BRDA:37,1,1,0
BRF:4
BRH:0
end_of_record
TN:
SF:/Users/robertz/bootcamp/collab/skylab-bootcamp-201901/staff/groups/la-cia-del-anillo/ultra-vgsm/src/components/Feedback/index.js
FN:5,(anonymous_0)
FN:8,(anonymous_1)
FN:22,(anonymous_2)
FN:15,(anonymous_3)
FN:26,(anonymous_4)
FN:36,(anonymous_5)
FNF:6
FNH:0
FNDA:0,(anonymous_0)
FNDA:0,(anonymous_1)
FNDA:0,(anonymous_2)
FNDA:0,(anonymous_3)
FNDA:0,(anonymous_4)
FNDA:0,(anonymous_5)
DA:1,0
DA:2,0
DA:5,0
DA:9,0
DA:10,0
DA:16,0
DA:17,0
DA:23,0
DA:30,0
DA:32,0
DA:36,0
LF:11
LH:0
BRDA:33,0,0,0
BRDA:33,0,1,0
BRF:2
BRH:0
end_of_record
TN:
SF:/Users/robertz/bootcamp/collab/skylab-bootcamp-201901/staff/groups/la-cia-del-anillo/ultra-vgsm/src/components/Footer/index.js
FN:4,(anonymous_0)
FNF:1
FNH:0
FNDA:0,(anonymous_0)
DA:1,0
DA:5,0
LF:2
LH:0
BRF:0
BRH:0
end_of_record
TN:
SF:/Users/robertz/bootcamp/collab/skylab-bootcamp-201901/staff/groups/la-cia-del-anillo/ultra-vgsm/src/components/GameInfo/index.js
FN:13,(anonymous_0)
FN:56,(anonymous_1)
FN:65,(anonymous_2)
FN:105,(anonymous_3)
FN:111,(anonymous_4)
FN:114,(anonymous_5)
FN:115,(anonymous_6)
FN:36,(anonymous_7)
FN:46,(anonymous_8)
FN:122,(anonymous_9)
FNF:10
FNH:0
FNDA:0,(anonymous_0)
FNDA:0,(anonymous_1)
FNDA:0,(anonymous_2)
FNDA:0,(anonymous_3)
FNDA:0,(anonymous_4)
FNDA:0,(anonymous_5)
FNDA:0,(anonymous_6)
FNDA:0,(anonymous_7)
FNDA:0,(anonymous_8)
FNDA:0,(anonymous_9)
DA:1,0
DA:2,0
DA:3,0
DA:5,0
DA:6,0
DA:7,0
DA:9,0
DA:10,0
DA:13,0
DA:41,0
DA:43,0
DA:51,0
DA:53,0
DA:58,0
DA:92,0
DA:105,0
DA:111,0
DA:115,0
DA:116,0
DA:122,0
DA:143,0
DA:145,0
DA:155,0
DA:156,0
DA:158,0
DA:159,0
DA:161,0
DA:163,0
DA:164,0
DA:166,0
LF:30
LH:0
BRDA:115,0,0,0
BRDA:115,0,1,0
BRDA:43,1,0,0
BRDA:43,1,1,0
BRDA:158,2,0,0
BRDA:158,2,1,0
BRDA:163,3,0,0
BRDA:163,3,1,0
BRDA:181,4,0,0
BRDA:181,4,1,0
BRDA:193,5,0,0
BRDA:193,5,1,0
BRF:12
BRH:0
end_of_record
TN:
SF:/Users/robertz/bootcamp/collab/skylab-bootcamp-201901/staff/groups/la-cia-del-anillo/ultra-vgsm/src/components/GameTitle/index.js
FN:11,(anonymous_0)
FN:22,(anonymous_1)
FN:25,(anonymous_2)
FN:26,(anonymous_3)
FN:27,(anonymous_4)
FN:14,(anonymous_5)
FN:18,(anonymous_6)
FN:38,(anonymous_7)
FNF:8
FNH:0
FNDA:0,(anonymous_0)
FNDA:0,(anonymous_1)
FNDA:0,(anonymous_2)
FNDA:0,(anonymous_3)
FNDA:0,(anonymous_4)
FNDA:0,(anonymous_5)
FNDA:0,(anonymous_6)
FNDA:0,(anonymous_7)
DA:1,0
DA:2,0
DA:3,0
DA:5,0
DA:6,0
DA:7,0
DA:8,0
DA:11,0
DA:15,0
DA:19,0
DA:23,0
DA:24,0
DA:26,0
DA:27,0
DA:28,0
DA:33,0
DA:34,0
DA:38,0
DA:42,0
DA:44,0
DA:45,0
DA:46,0
DA:47,0
DA:49,0
LF:24
LH:0
BRDA:29,0,0,0
BRDA:29,0,1,0
BRDA:29,1,0,0
BRDA:29,1,1,0
BRDA:30,2,0,0
BRDA:30,2,1,0
BRDA:30,3,0,0
BRDA:30,3,1,0
BRDA:15,4,0,0
BRDA:15,4,1,0
BRDA:51,5,0,0
BRDA:51,5,1,0
BRDA:51,5,2,0
BRDA:59,6,0,0
BRDA:59,6,1,0
BRDA:61,7,0,0
BRDA:61,7,1,0
BRDA:62,8,0,0
BRDA:62,8,1,0
BRDA:69,9,0,0
BRDA:69,9,1,0
BRDA:69,9,2,0
BRDA:77,10,0,0
BRDA:77,10,1,0
BRDA:79,11,0,0
BRDA:79,11,1,0
BRDA:80,12,0,0
BRDA:80,12,1,0
BRDA:88,13,0,0
BRDA:88,13,1,0
BRDA:88,13,2,0
BRDA:96,14,0,0
BRDA:96,14,1,0
BRDA:98,15,0,0
BRDA:98,15,1,0
BRDA:99,16,0,0
BRDA:99,16,1,0
BRDA:106,17,0,0
BRDA:106,17,1,0
BRDA:106,17,2,0
BRDA:114,18,0,0
BRDA:114,18,1,0
BRDA:116,19,0,0
BRDA:116,19,1,0
BRDA:117,20,0,0
BRDA:117,20,1,0
BRF:46
BRH:0
end_of_record
TN:
SF:/Users/robertz/bootcamp/collab/skylab-bootcamp-201901/staff/groups/la-cia-del-anillo/ultra-vgsm/src/components/Games/index.js
FN:5,(anonymous_0)
FN:26,(anonymous_1)
FN:29,(anonymous_2)
FN:30,(anonymous_3)
FN:8,(anonymous_4)
FN:17,(anonymous_5)
FN:34,(anonymous_6)
FN:40,(anonymous_7)
FNF:8
FNH:0
FNDA:0,(anonymous_0)
FNDA:0,(anonymous_1)
FNDA:0,(anonymous_2)
FNDA:0,(anonymous_3)
FNDA:0,(anonymous_4)
FNDA:0,(anonymous_5)
FNDA:0,(anonymous_6)
FNDA:0,(anonymous_7)
DA:1,0
DA:2,0
DA:3,0
DA:5,0
DA:13,0
DA:14,0
DA:22,0
DA:23,0
DA:27,0
DA:29,0
DA:30,0
DA:36,0
DA:41,0
LF:13
LH:0
BRDA:14,0,0,0
BRDA:14,0,1,0
BRDA:39,1,0,0
BRDA:39,1,1,0
BRF:4
BRH:0
end_of_record
TN:
SF:/Users/robertz/bootcamp/collab/skylab-bootcamp-201901/staff/groups/la-cia-del-anillo/ultra-vgsm/src/components/GenresInfo/index.js
FN:6,(anonymous_0)
FN:17,(anonymous_1)
FN:20,(anonymous_2)
FN:9,(anonymous_3)
FN:13,(anonymous_4)
FN:29,(anonymous_5)
FNF:6
FNH:0
FNDA:0,(anonymous_0)
FNDA:0,(anonymous_1)
FNDA:0,(anonymous_2)
FNDA:0,(anonymous_3)
FNDA:0,(anonymous_4)
FNDA:0,(anonymous_5)
DA:3,0
DA:4,0
DA:6,0
DA:10,0
DA:14,0
DA:18,0
DA:19,0
DA:21,0
DA:22,0
DA:24,0
DA:25,0
DA:30,0
DA:31,0
DA:37,0
LF:14
LH:0
BRDA:22,0,0,0
BRDA:22,0,1,0
BRDA:22,1,0,0
BRDA:22,1,1,0
BRDA:10,2,0,0
BRDA:10,2,1,0
BRDA:30,3,0,0
BRDA:30,3,1,0
BRF:8
BRH:0
end_of_record
TN:
SF:/Users/robertz/bootcamp/collab/skylab-bootcamp-201901/staff/groups/la-cia-del-anillo/ultra-vgsm/src/components/Header/index.js
FN:8,(anonymous_0)
FN:11,(anonymous_1)
FN:15,(anonymous_2)
FN:27,(anonymous_3)
FN:32,(anonymous_4)
FN:36,(anonymous_5)
FNF:6
FNH:0
FNDA:0,(anonymous_0)
FNDA:0,(anonymous_1)
FNDA:0,(anonymous_2)
FNDA:0,(anonymous_3)
FNDA:0,(anonymous_4)
FNDA:0,(anonymous_5)
DA:1,0
DA:2,0
DA:3,0
DA:5,0
DA:6,0
DA:8,0
DA:12,0
DA:16,0
DA:17,0
DA:21,0
DA:28,0
DA:29,0
DA:33,0
DA:39,0
DA:40,0
LF:15
LH:0
BRDA:16,0,0,0
BRDA:16,0,1,0
BRDA:42,1,0,0
BRDA:42,1,1,0
BRDA:43,2,0,0
BRDA:43,2,1,0
BRF:6
BRH:0
end_of_record
TN:
SF:/Users/robertz/bootcamp/collab/skylab-bootcamp-201901/staff/groups/la-cia-del-anillo/ultra-vgsm/src/components/Header/DescktopHeader/index.js
FN:5,DescktopHeader
FNF:1
FNH:0
FNDA:0,DescktopHeader
DA:1,0
DA:3,0
DA:6,0
LF:3
LH:0
BRF:0
BRH:0
end_of_record
TN:
SF:/Users/robertz/bootcamp/collab/skylab-bootcamp-201901/staff/groups/la-cia-del-anillo/ultra-vgsm/src/components/Header/MobileHeader/index.js
FN:6,(anonymous_0)
FN:7,(anonymous_1)
FN:15,(anonymous_2)
FN:24,(anonymous_3)
FN:33,(anonymous_4)
FN:39,(anonymous_5)
FNF:6
FNH:0
FNDA:0,(anonymous_0)
FNDA:0,(anonymous_1)
FNDA:0,(anonymous_2)
FNDA:0,(anonymous_3)
FNDA:0,(anonymous_4)
FNDA:0,(anonymous_5)
DA:1,0
DA:2,0
DA:4,0
DA:6,0
DA:8,0
DA:9,0
DA:10,0
DA:11,0
DA:12,0
DA:16,0
DA:17,0
DA:18,0
DA:19,0
DA:20,0
DA:21,0
DA:27,0
DA:29,0
DA:33,0
DA:39,0
LF:19
LH:0
BRF:0
BRH:0
end_of_record
TN:
SF:/Users/robertz/bootcamp/collab/skylab-bootcamp-201901/staff/groups/la-cia-del-anillo/ultra-vgsm/src/components/LandingPage/index.js
FN:6,(anonymous_0)
FNF:1
FNH:0
FNDA:0,(anonymous_0)
DA:1,0
DA:2,0
DA:7,0
LF:3
LH:0
BRF:0
BRH:0
end_of_record
TN:
SF:/Users/robertz/bootcamp/collab/skylab-bootcamp-201901/staff/groups/la-cia-del-anillo/ultra-vgsm/src/components/Loading/index.js
FN:3,Loading
FNF:1
FNH:0
FNDA:0,Loading
DA:1,0
DA:4,0
LF:2
LH:0
BRF:0
BRH:0
end_of_record
TN:
SF:/Users/robertz/bootcamp/collab/skylab-bootcamp-201901/staff/groups/la-cia-del-anillo/ultra-vgsm/src/components/Login/index.js
FN:8,(anonymous_0)
FN:11,(anonymous_1)
FN:15,(anonymous_2)
FN:33,(anonymous_3)
FN:26,(anonymous_4)
FN:39,(anonymous_5)
FNF:6
FNH:0
FNDA:0,(anonymous_0)
FNDA:0,(anonymous_1)
FNDA:0,(anonymous_2)
FNDA:0,(anonymous_3)
FNDA:0,(anonymous_4)
FNDA:0,(anonymous_5)
DA:1,0
DA:2,0
DA:4,0
DA:6,0
DA:8,0
DA:12,0
DA:15,0
DA:16,0
DA:21,0
DA:23,0
DA:27,0
DA:28,0
DA:34,0
DA:45,0
DA:47,0
LF:15
LH:0
BRDA:88,0,0,0
BRDA:88,0,1,0
BRF:2
BRH:0
end_of_record
TN:
SF:/Users/robertz/bootcamp/collab/skylab-bootcamp-201901/staff/groups/la-cia-del-anillo/ultra-vgsm/src/components/NoResults/index.js
FN:4,(anonymous_0)
FNF:1
FNH:0
FNDA:0,(anonymous_0)
DA:1,0
DA:5,0
LF:2
LH:0
BRF:0
BRH:0
end_of_record
TN:
SF:/Users/robertz/bootcamp/collab/skylab-bootcamp-201901/staff/groups/la-cia-del-anillo/ultra-vgsm/src/components/NotFound/index.js
FN:5,(anonymous_0)
FNF:1
FNH:0
FNDA:0,(anonymous_0)
DA:1,0
DA:7,0
LF:2
LH:0
BRF:0
BRH:0
end_of_record
TN:
SF:/Users/robertz/bootcamp/collab/skylab-bootcamp-201901/staff/groups/la-cia-del-anillo/ultra-vgsm/src/components/Platforms/index.js
FN:5,(anonymous_0)
FN:26,(anonymous_1)
FN:30,(anonymous_2)
FN:32,(anonymous_3)
FN:35,(anonymous_4)
FN:42,(anonymous_5)
FN:8,(anonymous_6)
FN:17,(anonymous_7)
FN:49,(anonymous_8)
FN:54,(anonymous_9)
FNF:10
FNH:0
FNDA:0,(anonymous_0)
FNDA:0,(anonymous_1)
FNDA:0,(anonymous_2)
FNDA:0,(anonymous_3)
FNDA:0,(anonymous_4)
FNDA:0,(anonymous_5)
FNDA:0,(anonymous_6)
FNDA:0,(anonymous_7)
FNDA:0,(anonymous_8)
FNDA:0,(anonymous_9)
DA:1,0
DA:2,0
DA:3,0
DA:5,0
DA:13,0
DA:14,0
DA:22,0
DA:23,0
DA:27,0
DA:28,0
DA:31,0
DA:33,0
DA:34,0
DA:35,0
DA:37,0
DA:38,0
DA:42,0
DA:43,0
DA:44,0
DA:50,0
DA:55,0
LF:21
LH:0
BRDA:14,0,0,0
BRDA:14,0,1,0
BRDA:53,1,0,0
BRDA:53,1,1,0
BRF:4
BRH:0
end_of_record
TN:
SF:/Users/robertz/bootcamp/collab/skylab-bootcamp-201901/staff/groups/la-cia-del-anillo/ultra-vgsm/src/components/PublishersInfo/index.js
FN:4,(anonymous_0)
FN:15,(anonymous_1)
FN:18,(anonymous_2)
FN:7,(anonymous_3)
FN:11,(anonymous_4)
FN:27,(anonymous_5)
FNF:6
FNH:0
FNDA:0,(anonymous_0)
FNDA:0,(anonymous_1)
FNDA:0,(anonymous_2)
FNDA:0,(anonymous_3)
FNDA:0,(anonymous_4)
FNDA:0,(anonymous_5)
DA:1,0
DA:2,0
DA:4,0
DA:8,0
DA:12,0
DA:16,0
DA:17,0
DA:19,0
DA:20,0
DA:22,0
DA:23,0
DA:28,0
DA:29,0
DA:32,0
LF:14
LH:0
BRDA:20,0,0,0
BRDA:20,0,1,0
BRDA:20,1,0,0
BRDA:20,1,1,0
BRDA:8,2,0,0
BRDA:8,2,1,0
BRDA:28,3,0,0
BRDA:28,3,1,0
BRF:8
BRH:0
end_of_record
TN:
SF:/Users/robertz/bootcamp/collab/skylab-bootcamp-201901/staff/groups/la-cia-del-anillo/ultra-vgsm/src/components/Register/index.js
FN:6,(anonymous_0)
FN:9,(anonymous_1)
FN:13,(anonymous_2)
FN:31,(anonymous_3)
FN:24,(anonymous_4)
FN:37,(anonymous_5)
FNF:6
FNH:0
FNDA:0,(anonymous_0)
FNDA:0,(anonymous_1)
FNDA:0,(anonymous_2)
FNDA:0,(anonymous_3)
FNDA:0,(anonymous_4)
FNDA:0,(anonymous_5)
DA:1,0
DA:2,0
DA:4,0
DA:6,0
DA:10,0
DA:13,0
DA:14,0
DA:19,0
DA:21,0
DA:25,0
DA:26,0
DA:32,0
DA:43,0
DA:45,0
LF:14
LH:0
BRDA:127,0,0,0
BRDA:127,0,1,0
BRF:2
BRH:0
end_of_record
TN:
SF:/Users/robertz/bootcamp/collab/skylab-bootcamp-201901/staff/groups/la-cia-del-anillo/ultra-vgsm/src/components/Results/index.js
FN:17,(anonymous_0)
FN:26,(anonymous_1)
FN:30,(anonymous_2)
FN:37,(anonymous_3)
FN:43,(anonymous_4)
FN:47,(anonymous_5)
FN:49,(anonymous_6)
FN:52,(anonymous_7)
FN:65,(anonymous_8)
FN:71,(anonymous_9)
FN:75,(anonymous_10)
FN:78,(anonymous_11)
FN:86,(anonymous_12)
FN:90,(anonymous_13)
FN:93,(anonymous_14)
FN:101,(anonymous_15)
FN:104,(anonymous_16)
FN:114,(anonymous_17)
FN:116,(anonymous_18)
FN:121,(anonymous_19)
FN:124,(anonymous_20)
FN:132,(anonymous_21)
FN:183,(anonymous_22)
FN:184,(anonymous_23)
FN:138,(anonymous_24)
FN:160,(anonymous_25)
FN:189,(anonymous_26)
FN:218,(anonymous_27)
FN:230,(anonymous_28)
FNF:29
FNH:0
FNDA:0,(anonymous_0)
FNDA:0,(anonymous_1)
FNDA:0,(anonymous_2)
FNDA:0,(anonymous_3)
FNDA:0,(anonymous_4)
FNDA:0,(anonymous_5)
FNDA:0,(anonymous_6)
FNDA:0,(anonymous_7)
FNDA:0,(anonymous_8)
FNDA:0,(anonymous_9)
FNDA:0,(anonymous_10)
FNDA:0,(anonymous_11)
FNDA:0,(anonymous_12)
FNDA:0,(anonymous_13)
FNDA:0,(anonymous_14)
FNDA:0,(anonymous_15)
FNDA:0,(anonymous_16)
FNDA:0,(anonymous_17)
FNDA:0,(anonymous_18)
FNDA:0,(anonymous_19)
FNDA:0,(anonymous_20)
FNDA:0,(anonymous_21)
FNDA:0,(anonymous_22)
FNDA:0,(anonymous_23)
FNDA:0,(anonymous_24)
FNDA:0,(anonymous_25)
FNDA:0,(anonymous_26)
FNDA:0,(anonymous_27)
FNDA:0,(anonymous_28)
DA:1,0
DA:2,0
DA:3,0
DA:4,0
DA:6,0
DA:7,0
DA:8,0
DA:9,0
DA:10,0
DA:12,0
DA:17,0
DA:27,0
DA:31,0
DA:33,0
DA:37,0
DA:38,0
DA:44,0
DA:45,0
DA:48,0
DA:50,0
DA:51,0
DA:52,0
DA:54,0
DA:57,0
DA:60,0
DA:65,0
DA:66,0
DA:67,0
DA:72,0
DA:73,0
DA:76,0
DA:79,0
DA:81,0
DA:82,0
DA:87,0
DA:88,0
DA:91,0
DA:94,0
DA:96,0
DA:97,0
DA:102,0
DA:103,0
DA:105,0
DA:109,0
DA:110,0
DA:115,0
DA:116,0
DA:117,0
DA:118,0
DA:122,0
DA:124,0
DA:125,0
DA:126,0
DA:133,0
DA:138,0
DA:146,0
DA:148,0
DA:154,0
DA:155,0
DA:157,0
DA:160,0
DA:168,0
DA:170,0
DA:177,0
DA:178,0
DA:180,0
DA:184,0
DA:185,0
DA:189,0
DA:193,0
DA:195,0
DA:197,0
DA:199,0
DA:202,0
DA:204,0
DA:207,0
DA:219,0
DA:230,0
LF:78
LH:0
BRDA:29,0,0,0
BRDA:29,0,1,0
BRDA:34,1,0,0
BRDA:34,1,1,0
BRDA:48,2,0,0
BRDA:48,2,1,0
BRDA:55,3,0,0
BRDA:55,3,1,0
BRDA:61,4,0,0
BRDA:61,4,1,0
BRDA:103,5,0,0
BRDA:103,5,1,0
BRDA:115,6,0,0
BRDA:115,6,1,0
BRDA:118,7,0,0
BRDA:118,7,1,0
BRDA:185,8,0,0
BRDA:185,8,1,0
BRDA:140,9,0,0
BRDA:140,9,1,0
BRDA:141,10,0,0
BRDA:141,10,1,0
BRDA:142,11,0,0
BRDA:142,11,1,0
BRDA:144,12,0,0
BRDA:144,12,1,0
BRDA:144,13,0,0
BRDA:144,13,1,0
BRDA:154,14,0,0
BRDA:154,14,1,0
BRDA:155,15,0,0
BRDA:155,15,1,0
BRDA:162,16,0,0
BRDA:162,16,1,0
BRDA:163,17,0,0
BRDA:163,17,1,0
BRDA:164,18,0,0
BRDA:164,18,1,0
BRDA:166,19,0,0
BRDA:166,19,1,0
BRDA:166,20,0,0
BRDA:166,20,1,0
BRDA:177,21,0,0
BRDA:177,21,1,0
BRDA:178,22,0,0
BRDA:178,22,1,0
BRDA:197,23,0,0
BRDA:197,23,1,0
BRDA:197,24,0,0
BRDA:197,24,1,0
BRDA:202,25,0,0
BRDA:202,25,1,0
BRDA:202,26,0,0
BRDA:202,26,1,0
BRDA:217,27,0,0
BRDA:217,27,1,0
BRDA:229,28,0,0
BRDA:229,28,1,0
BRDA:229,28,2,0
BRDA:235,29,0,0
BRDA:235,29,1,0
BRF:61
BRH:0
end_of_record
TN:
SF:/Users/robertz/bootcamp/collab/skylab-bootcamp-201901/staff/groups/la-cia-del-anillo/ultra-vgsm/src/components/Results/Favorites/index.js
FN:8,(anonymous_0)
FN:15,(anonymous_1)
FN:18,(anonymous_2)
FN:25,(anonymous_3)
FN:31,(anonymous_4)
FN:33,(anonymous_5)
FN:39,(anonymous_6)
FN:42,(anonymous_7)
FN:51,(anonymous_8)
FN:54,(anonymous_9)
FN:64,(anonymous_10)
FN:70,(anonymous_11)
FN:75,(anonymous_12)
FN:80,(anonymous_13)
FNF:14
FNH:0
FNDA:0,(anonymous_0)
FNDA:0,(anonymous_1)
FNDA:0,(anonymous_2)
FNDA:0,(anonymous_3)
FNDA:0,(anonymous_4)
FNDA:0,(anonymous_5)
FNDA:0,(anonymous_6)
FNDA:0,(anonymous_7)
FNDA:0,(anonymous_8)
FNDA:0,(anonymous_9)
FNDA:0,(anonymous_10)
FNDA:0,(anonymous_11)
FNDA:0,(anonymous_12)
FNDA:0,(anonymous_13)
DA:1,0
DA:2,0
DA:4,0
DA:5,0
DA:6,0
DA:8,0
DA:16,0
DA:19,0
DA:21,0
DA:25,0
DA:26,0
DA:32,0
DA:33,0
DA:35,0
DA:37,0
DA:40,0
DA:42,0
DA:43,0
DA:44,0
DA:45,0
DA:52,0
DA:53,0
DA:55,0
DA:59,0
DA:60,0
DA:65,0
DA:71,0
DA:72,0
DA:76,0
DA:77,0
DA:80,0
DA:83,0
DA:85,0
DA:86,0
DA:91,0
DA:92,0
DA:94,0
LF:37
LH:0
BRDA:22,0,0,0
BRDA:22,0,1,0
BRDA:32,1,0,0
BRDA:32,1,1,0
BRDA:53,2,0,0
BRDA:53,2,1,0
BRDA:85,3,0,0
BRDA:85,3,1,0
BRDA:91,4,0,0
BRDA:91,4,1,0
BRF:10
BRH:0
end_of_record
TN:
SF:/Users/robertz/bootcamp/collab/skylab-bootcamp-201901/staff/groups/la-cia-del-anillo/ultra-vgsm/src/components/Search/index.js
FN:4,(anonymous_0)
FN:7,(anonymous_1)
FN:11,(anonymous_2)
FN:24,(anonymous_3)
FNF:4
FNH:0
FNDA:0,(anonymous_0)
FNDA:0,(anonymous_1)
FNDA:0,(anonymous_2)
FNDA:0,(anonymous_3)
DA:1,0
DA:2,0
DA:4,0
DA:8,0
DA:11,0
DA:12,0
DA:17,0
DA:19,0
DA:21,0
DA:24,0
DA:27,0
DA:29,0
LF:12
LH:0
BRDA:16,0,0,0
BRDA:16,0,1,0
BRDA:19,1,0,0
BRDA:19,1,1,0
BRDA:41,2,0,0
BRDA:41,2,1,0
BRDA:47,3,0,0
BRDA:47,3,1,0
BRF:8
BRH:0
end_of_record
TN:
SF:/Users/robertz/bootcamp/collab/skylab-bootcamp-201901/staff/groups/la-cia-del-anillo/ultra-vgsm/src/components/SearchOverlay/index.js
FN:5,(anonymous_0)
FN:8,(anonymous_1)
FN:15,(anonymous_2)
FNF:3
FNH:0
FNDA:0,(anonymous_0)
FNDA:0,(anonymous_1)
FNDA:0,(anonymous_2)
DA:1,0
DA:3,0
DA:5,0
DA:9,0
DA:10,0
DA:11,0
DA:12,0
DA:19,0
DA:21,0
LF:9
LH:0
BRF:0
BRH:0
end_of_record
TN:
SF:/Users/robertz/bootcamp/collab/skylab-bootcamp-201901/staff/groups/la-cia-del-anillo/ultra-vgsm/src/logic/index.js
FN:74,(anonymous_0)
FN:92,(anonymous_1)
FN:101,(anonymous_2)
FN:122,(anonymous_3)
FN:134,(anonymous_4)
FNF:5
FNH:5
FNDA:6,(anonymous_0)
FNDA:5,(anonymous_1)
FNDA:7,(anonymous_2)
FNDA:3,(anonymous_3)
FNDA:3,(anonymous_4)
DA:7,1
DA:9,6
DA:13,12
DA:17,6
DA:21,11
DA:25,6
DA:29,12
DA:33,6
DA:37,11
DA:50,36
DA:52,31
DA:54,30
DA:56,25
DA:58,24
DA:60,19
DA:62,18
DA:64,13
DA:66,12
DA:67,5
DA:69,7
DA:70,1
DA:72,6
DA:74,6
DA:84,5
DA:86,5
DA:88,5
DA:90,5
DA:92,5
DA:93,5
DA:94,5
DA:99,7
DA:101,7
DA:111,3
DA:113,3
DA:115,3
DA:117,3
DA:119,3
DA:122,3
DA:124,3
DA:126,3
DA:127,2
DA:129,1
DA:132,3
DA:134,3
DA:139,0
DA:143,1
DA:144,1
DA:155,5
DA:157,4
DA:159,2
DA:161,2
DA:171,7
DA:173,3
DA:176,2
DA:185,12
DA:187,7
DA:195,6
DA:197,6
DA:199,6
DA:209,13
DA:211,8
DA:213,7
DA:215,6
DA:217,5
DA:218,4
DA:227,9
DA:229,4
DA:237,3
DA:245,3
DA:253,3
DA:263,12
DA:265,7
DA:267,6
DA:269,5
DA:271,4
DA:273,3
LF:76
LH:75
BRDA:50,0,0,5
BRDA:50,0,1,31
BRDA:52,1,0,1
BRDA:52,1,1,30
BRDA:54,2,0,5
BRDA:54,2,1,25
BRDA:56,3,0,1
BRDA:56,3,1,24
BRDA:58,4,0,5
BRDA:58,4,1,19
BRDA:60,5,0,1
BRDA:60,5,1,18
BRDA:62,6,0,5
BRDA:62,6,1,13
BRDA:64,7,0,1
BRDA:64,7,1,12
BRDA:66,8,0,5
BRDA:66,8,1,7
BRDA:69,9,0,1
BRDA:69,9,1,6
BRDA:72,10,0,0
BRDA:72,10,1,6
BRDA:84,11,0,0
BRDA:84,11,1,5
BRDA:86,12,0,0
BRDA:86,12,1,5
BRDA:88,13,0,0
BRDA:88,13,1,5
BRDA:90,14,0,0
BRDA:90,14,1,5
BRDA:111,15,0,0
BRDA:111,15,1,3
BRDA:113,16,0,0
BRDA:113,16,1,3
BRDA:115,17,0,0
BRDA:115,17,1,3
BRDA:117,18,0,0
BRDA:117,18,1,3
BRDA:119,19,0,0
BRDA:119,19,1,3
BRDA:126,20,0,2
BRDA:126,20,1,1
BRDA:153,21,0,4
BRDA:155,22,0,1
BRDA:155,22,1,4
BRDA:157,23,0,2
BRDA:157,23,1,2
BRDA:159,24,0,0
BRDA:159,24,1,2
BRDA:171,25,0,4
BRDA:171,25,1,3
BRDA:173,26,0,1
BRDA:173,26,1,2
BRDA:184,27,0,12
BRDA:184,28,0,12
BRDA:185,29,0,5
BRDA:185,29,1,7
BRDA:187,30,0,1
BRDA:187,30,1,6
BRDA:195,31,0,0
BRDA:195,31,1,6
BRDA:197,32,0,0
BRDA:197,32,1,6
BRDA:209,33,0,5
BRDA:209,33,1,8
BRDA:211,34,0,1
BRDA:211,34,1,7
BRDA:213,35,0,1
BRDA:213,35,1,6
BRDA:215,36,0,1
BRDA:215,36,1,5
BRDA:217,37,0,1
BRDA:217,37,1,4
BRDA:226,38,0,1
BRDA:227,39,0,5
BRDA:227,39,1,4
BRDA:262,40,0,12
BRDA:263,41,0,5
BRDA:263,41,1,7
BRDA:265,42,0,1
BRDA:265,42,1,6
BRDA:267,43,0,1
BRDA:267,43,1,5
BRDA:269,44,0,1
BRDA:269,44,1,4
BRDA:271,45,0,1
BRDA:271,45,1,3
BRF:87
BRH:74
end_of_record
TN:
SF:/Users/robertz/bootcamp/collab/skylab-bootcamp-201901/staff/groups/la-cia-del-anillo/ultra-vgsm/src/thegamesdb-api/index.js
FN:36,(anonymous_0)
FN:43,(anonymous_1)
FN:44,(anonymous_2)
FN:65,(anonymous_3)
FN:66,(anonymous_4)
FN:112,(anonymous_5)
FN:115,(anonymous_6)
FN:116,(anonymous_7)
FN:155,(anonymous_8)
FN:158,(anonymous_9)
FN:159,(anonymous_10)
FN:189,(anonymous_11)
FN:192,(anonymous_12)
FN:193,(anonymous_13)
FN:217,(anonymous_14)
FN:220,(anonymous_15)
FN:221,(anonymous_16)
FN:245,(anonymous_17)
FN:248,(anonymous_18)
FN:249,(anonymous_19)
FN:273,(anonymous_20)
FN:276,(anonymous_21)
FN:277,(anonymous_22)
FN:308,(anonymous_23)
FN:311,(anonymous_24)
FN:312,(anonymous_25)
FNF:26
FNH:26
FNDA:12,(anonymous_0)
FNDA:4,(anonymous_1)
FNDA:4,(anonymous_2)
FNDA:4,(anonymous_3)
FNDA:4,(anonymous_4)
FNDA:32,(anonymous_5)
FNDA:6,(anonymous_6)
FNDA:6,(anonymous_7)
FNDA:16,(anonymous_8)
FNDA:6,(anonymous_9)
FNDA:6,(anonymous_10)
FNDA:16,(anonymous_11)
FNDA:6,(anonymous_12)
FNDA:6,(anonymous_13)
FNDA:6,(anonymous_14)
FNDA:4,(anonymous_15)
FNDA:4,(anonymous_16)
FNDA:6,(anonymous_17)
FNDA:4,(anonymous_18)
FNDA:4,(anonymous_19)
FNDA:6,(anonymous_20)
FNDA:4,(anonymous_21)
FNDA:4,(anonymous_22)
FNDA:21,(anonymous_23)
FNDA:5,(anonymous_24)
FNDA:5,(anonymous_25)
DA:6,2
DA:23,7
DA:25,6
DA:27,4
DA:29,4
DA:31,4
DA:32,4
DA:33,4
DA:34,4
DA:36,12
DA:38,4
DA:43,4
DA:45,4
DA:47,4
DA:49,4
DA:51,4
DA:56,9
DA:58,5
DA:60,4
DA:65,4
DA:67,4
DA:69,4
DA:71,4
DA:73,4
DA:88,18
DA:90,13
DA:94,12
DA:95,2
DA:97,10
DA:98,2
DA:100,8
DA:102,8
DA:104,8
DA:106,8
DA:107,8
DA:108,8
DA:109,8
DA:110,8
DA:112,32
DA:114,8
DA:115,6
DA:117,6
DA:119,6
DA:120,6
DA:121,4
DA:123,2
DA:139,17
DA:141,12
DA:143,11
DA:145,10
DA:147,9
DA:149,8
DA:151,8
DA:152,8
DA:153,8
DA:155,16
DA:157,8
DA:158,6
DA:160,6
DA:162,6
DA:163,6
DA:164,4
DA:166,2
DA:181,13
DA:183,8
DA:185,8
DA:186,8
DA:187,8
DA:189,16
DA:191,8
DA:192,6
DA:194,6
DA:196,6
DA:197,6
DA:198,4
DA:212,6
DA:214,6
DA:215,6
DA:217,6
DA:219,6
DA:220,4
DA:222,4
DA:224,4
DA:225,4
DA:226,2
DA:240,6
DA:242,6
DA:243,6
DA:245,6
DA:247,6
DA:248,4
DA:250,4
DA:252,4
DA:253,4
DA:254,2
DA:268,6
DA:270,6
DA:271,6
DA:273,6
DA:275,6
DA:276,4
DA:278,4
DA:280,4
DA:281,4
DA:282,2
DA:287,15
DA:289,11
DA:291,10
DA:293,9
DA:295,9
DA:297,8
DA:299,7
DA:301,7
DA:303,7
DA:304,7
DA:305,7
DA:306,7
DA:308,21
DA:310,7
DA:311,5
DA:313,5
DA:314,5
DA:315,5
DA:316,3
DA:317,1
LF:125
LH:125
BRDA:22,0,0,4
BRDA:23,1,0,1
BRDA:23,1,1,6
BRDA:25,2,0,2
BRDA:25,2,1,4
BRDA:27,3,0,0
BRDA:27,3,1,4
BRDA:45,4,0,2
BRDA:47,5,0,0
BRDA:47,5,1,4
BRDA:49,6,0,0
BRDA:49,6,1,4
BRDA:56,7,0,4
BRDA:56,7,1,5
BRDA:58,8,0,1
BRDA:58,8,1,4
BRDA:69,9,0,0
BRDA:69,9,1,4
BRDA:71,10,0,0
BRDA:71,10,1,4
BRDA:87,11,0,12
BRDA:87,12,0,12
BRDA:88,13,0,5
BRDA:88,13,1,13
BRDA:90,14,0,1
BRDA:90,14,1,12
BRDA:94,15,0,2
BRDA:94,15,1,10
BRDA:94,16,0,12
BRDA:94,16,1,12
BRDA:97,17,0,2
BRDA:97,17,1,8
BRDA:97,18,0,10
BRDA:97,18,1,10
BRDA:100,19,0,0
BRDA:100,19,1,8
BRDA:102,20,0,0
BRDA:102,20,1,8
BRDA:117,21,0,2
BRDA:119,22,0,0
BRDA:119,22,1,6
BRDA:120,23,0,2
BRDA:120,23,1,4
BRDA:121,24,0,2
BRDA:121,24,1,2
BRDA:139,25,0,5
BRDA:139,25,1,12
BRDA:141,26,0,1
BRDA:141,26,1,11
BRDA:143,27,0,1
BRDA:143,27,1,10
BRDA:145,28,0,1
BRDA:145,28,1,9
BRDA:147,29,0,1
BRDA:147,29,1,8
BRDA:160,30,0,2
BRDA:162,31,0,0
BRDA:162,31,1,6
BRDA:163,32,0,2
BRDA:163,32,1,4
BRDA:164,33,0,2
BRDA:164,33,1,2
BRDA:180,34,0,1
BRDA:181,35,0,5
BRDA:181,35,1,8
BRDA:196,36,0,0
BRDA:196,36,1,6
BRDA:197,37,0,2
BRDA:197,37,1,4
BRDA:224,38,0,0
BRDA:224,38,1,4
BRDA:225,39,0,2
BRDA:225,39,1,2
BRDA:252,40,0,0
BRDA:252,40,1,4
BRDA:253,41,0,2
BRDA:253,41,1,2
BRDA:280,42,0,0
BRDA:280,42,1,4
BRDA:281,43,0,2
BRDA:281,43,1,2
BRDA:286,44,0,12
BRDA:287,45,0,4
BRDA:287,45,1,11
BRDA:289,46,0,1
BRDA:289,46,1,10
BRDA:291,47,0,1
BRDA:291,47,1,9
BRDA:293,48,0,0
BRDA:293,48,1,9
BRDA:295,49,0,1
BRDA:295,49,1,8
BRDA:297,50,0,1
BRDA:297,50,1,7
BRDA:299,51,0,0
BRDA:299,51,1,7
BRDA:313,52,0,2
BRDA:314,53,0,0
BRDA:314,53,1,5
BRDA:315,54,0,2
BRDA:315,54,1,3
BRDA:315,55,0,5
BRDA:315,55,1,3
BRDA:316,56,0,2
BRDA:316,56,1,1
BRF:105
BRH:89
end_of_record
TN:
SF:/Users/robertz/bootcamp/collab/skylab-bootcamp-201901/staff/groups/la-cia-del-anillo/ultra-vgsm/src/user-api/index.js
FN:25,(anonymous_0)
FN:26,(anonymous_1)
FN:51,(anonymous_2)
FN:52,(anonymous_3)
FN:74,(anonymous_4)
FN:75,(anonymous_5)
FN:102,(anonymous_6)
FN:103,(anonymous_7)
FN:134,(anonymous_8)
FN:135,(anonymous_9)
FNF:10
FNH:10
FNDA:13,(anonymous_0)
FNDA:13,(anonymous_1)
FNDA:12,(anonymous_2)
FNDA:12,(anonymous_3)
FNDA:12,(anonymous_4)
FNDA:12,(anonymous_5)
FNDA:4,(anonymous_6)
FNDA:4,(anonymous_7)
FNDA:3,(anonymous_8)
FNDA:3,(anonymous_9)
DA:1,2
DA:6,17
DA:7,17
DA:9,16
DA:10,16
DA:12,15
DA:13,15
DA:15,14
DA:16,14
DA:18,13
DA:25,13
DA:28,13
DA:30,13
DA:32,1
DA:37,12
DA:38,12
DA:40,12
DA:41,12
DA:44,12
DA:51,12
DA:54,12
DA:56,12
DA:58,2
DA:63,16
DA:64,15
DA:66,14
DA:67,13
DA:69,12
DA:74,12
DA:77,12
DA:79,12
DA:81,3
DA:86,9
DA:87,8
DA:89,7
DA:90,6
DA:92,5
DA:94,4
DA:102,4
DA:105,4
DA:107,4
DA:109,0
DA:114,7
DA:115,6
DA:117,5
DA:118,4
DA:120,3
DA:121,3
DA:123,3
DA:124,3
DA:126,3
DA:134,3
DA:137,3
DA:139,3
DA:141,2
LF:55
LH:54
BRDA:6,0,0,0
BRDA:6,0,1,17
BRDA:7,1,0,1
BRDA:7,1,1,16
BRDA:9,2,0,0
BRDA:9,2,1,16
BRDA:10,3,0,1
BRDA:10,3,1,15
BRDA:12,4,0,0
BRDA:12,4,1,15
BRDA:13,5,0,1
BRDA:13,5,1,14
BRDA:15,6,0,0
BRDA:15,6,1,14
BRDA:16,7,0,1
BRDA:16,7,1,13
BRDA:30,8,0,12
BRDA:30,8,1,1
BRDA:37,9,0,0
BRDA:37,9,1,12
BRDA:38,10,0,0
BRDA:38,10,1,12
BRDA:40,11,0,0
BRDA:40,11,1,12
BRDA:41,12,0,0
BRDA:41,12,1,12
BRDA:56,13,0,10
BRDA:56,13,1,2
BRDA:63,14,0,1
BRDA:63,14,1,15
BRDA:64,15,0,1
BRDA:64,15,1,14
BRDA:66,16,0,1
BRDA:66,16,1,13
BRDA:67,17,0,1
BRDA:67,17,1,12
BRDA:79,18,0,9
BRDA:79,18,1,3
BRDA:86,19,0,1
BRDA:86,19,1,8
BRDA:87,20,0,1
BRDA:87,20,1,7
BRDA:89,21,0,1
BRDA:89,21,1,6
BRDA:90,22,0,1
BRDA:90,22,1,5
BRDA:92,23,0,1
BRDA:92,23,1,4
BRDA:107,24,0,4
BRDA:107,24,1,0
BRDA:114,25,0,1
BRDA:114,25,1,6
BRDA:115,26,0,1
BRDA:115,26,1,5
BRDA:117,27,0,1
BRDA:117,27,1,4
BRDA:118,28,0,1
BRDA:118,28,1,3
BRDA:120,29,0,0
BRDA:120,29,1,3
BRDA:121,30,0,0
BRDA:121,30,1,3
BRDA:123,31,0,0
BRDA:123,31,1,3
BRDA:124,32,0,0
BRDA:124,32,1,3
BRDA:139,33,0,1
BRDA:139,33,1,2
BRF:68
BRH:55
end_of_record
